TN:
SF:src\middleware\authMiddleware.js
FN:17,(anonymous_0)
FN:59,(anonymous_1)
FN:60,(anonymous_2)
FN:107,(anonymous_3)
FNF:4
FNH:4
FNDA:7,(anonymous_0)
FNDA:8,(anonymous_1)
FNDA:8,(anonymous_2)
FNDA:5,(anonymous_3)
DA:1,3
DA:17,3
DA:18,7
DA:20,7
DA:21,7
DA:22,2
DA:26,5
DA:27,5
DA:28,1
DA:32,4
DA:33,3
DA:34,2
DA:38,1
DA:39,1
DA:41,1
DA:59,3
DA:60,8
DA:61,8
DA:63,8
DA:64,1
DA:68,7
DA:74,6
DA:75,1
DA:79,5
DA:80,2
DA:86,3
DA:88,3
DA:91,1
DA:107,3
DA:108,5
DA:109,5
DA:110,1
DA:113,4
DA:119,3
DA:120,1
DA:124,2
DA:126,2
DA:129,1
DA:133,3
LF:39
LH:39
BRDA:21,0,0,2
BRDA:21,0,1,5
BRDA:21,1,0,7
BRDA:21,1,1,6
BRDA:27,2,0,1
BRDA:27,2,1,4
BRDA:33,3,0,2
BRDA:33,3,1,1
BRDA:33,4,0,3
BRDA:33,4,1,1
BRDA:63,5,0,1
BRDA:63,5,1,7
BRDA:74,6,0,1
BRDA:74,6,1,5
BRDA:74,7,0,6
BRDA:74,7,1,5
BRDA:79,8,0,2
BRDA:79,8,1,3
BRDA:109,9,0,1
BRDA:109,9,1,4
BRDA:119,10,0,1
BRDA:119,10,1,2
BRDA:119,11,0,3
BRDA:119,11,1,2
BRF:24
BRH:24
end_of_record
TN:
SF:src\middleware\validateListing.js
FN:16,(anonymous_0)
FNF:1
FNH:1
FNDA:8,(anonymous_0)
DA:2,2
DA:16,2
DA:17,8
DA:18,8
DA:21,8
DA:29,8
DA:30,3
DA:35,5
DA:45,5
DA:48,0
DA:52,2
LF:11
LH:10
BRDA:29,0,0,3
BRDA:29,0,1,5
BRDA:38,1,0,5
BRDA:38,1,1,4
BRF:4
BRH:4
end_of_record
TN:
SF:src\routes\listing.js
FN:19,(anonymous_0)
FN:36,(anonymous_1)
FN:73,(anonymous_2)
FN:105,(anonymous_3)
FN:146,(anonymous_4)
FN:189,(anonymous_5)
FN:203,(anonymous_6)
FN:241,(anonymous_7)
FNF:8
FNH:8
FNDA:2,(anonymous_0)
FNDA:4,(anonymous_1)
FNDA:19,(anonymous_2)
FNDA:4,(anonymous_3)
FNDA:3,(anonymous_4)
FNDA:2,(anonymous_5)
FNDA:3,(anonymous_6)
FNDA:2,(anonymous_7)
DA:2,1
DA:3,1
DA:4,1
DA:10,1
DA:11,1
DA:12,1
DA:13,1
DA:19,1
DA:20,2
DA:22,2
DA:23,1
DA:28,1
DA:36,1
DA:37,4
DA:38,4
DA:40,4
DA:41,1
DA:44,3
DA:45,1
DA:49,2
DA:51,2
DA:52,1
DA:57,1
DA:58,1
DA:59,0
DA:65,1
DA:73,1
DA:74,19
DA:76,19
DA:77,4
DA:82,15
DA:84,15
DA:85,3
DA:90,12
DA:92,12
DA:93,1
DA:98,11
DA:105,1
DA:107,4
DA:108,4
DA:110,4
DA:111,1
DA:114,3
DA:122,3
DA:123,1
DA:126,2
DA:136,2
DA:137,1
DA:142,1
DA:146,1
DA:147,3
DA:149,3
DA:150,3
DA:172,3
DA:173,1
DA:174,1
DA:177,2
DA:178,1
DA:181,1
DA:183,0
DA:184,0
DA:189,1
DA:190,2
DA:192,2
DA:194,2
DA:195,1
DA:198,1
DA:203,1
DA:204,3
DA:207,3
DA:209,3
DA:217,3
DA:218,1
DA:221,2
DA:235,2
DA:237,1
DA:241,1
DA:242,2
DA:243,2
DA:245,2
DA:254,2
DA:255,1
DA:258,1
DA:261,1
LF:84
LH:81
BRDA:22,0,0,1
BRDA:22,0,1,1
BRDA:40,1,0,1
BRDA:40,1,1,3
BRDA:44,2,0,1
BRDA:44,2,1,2
BRDA:51,3,0,1
BRDA:51,3,1,1
BRDA:58,4,0,0
BRDA:58,4,1,1
BRDA:65,5,0,1
BRDA:65,5,1,0
BRDA:76,6,0,4
BRDA:76,6,1,15
BRDA:76,7,0,19
BRDA:76,7,1,16
BRDA:84,8,0,3
BRDA:84,8,1,12
BRDA:84,9,0,15
BRDA:84,9,1,14
BRDA:92,10,0,1
BRDA:92,10,1,11
BRDA:110,11,0,1
BRDA:110,11,1,3
BRDA:122,12,0,1
BRDA:122,12,1,2
BRDA:136,13,0,1
BRDA:136,13,1,1
BRDA:172,14,0,1
BRDA:172,14,1,2
BRDA:177,15,0,1
BRDA:177,15,1,1
BRDA:177,16,0,2
BRDA:177,16,1,2
BRDA:194,17,0,1
BRDA:194,17,1,1
BRDA:217,18,0,1
BRDA:217,18,1,2
BRDA:235,19,0,1
BRDA:235,19,1,1
BRDA:254,20,0,1
BRDA:254,20,1,1
BRF:42
BRH:40
end_of_record
TN:
SF:src\routes\listings.js
FN:13,(anonymous_0)
FN:30,(anonymous_1)
FN:69,(anonymous_2)
FNF:3
FNH:2
FNDA:2,(anonymous_0)
FNDA:0,(anonymous_1)
FNDA:2,(anonymous_2)
DA:2,1
DA:3,1
DA:4,1
DA:5,1
DA:6,1
DA:7,1
DA:8,1
DA:13,1
DA:14,2
DA:16,2
DA:17,1
DA:20,1
DA:30,1
DA:31,0
DA:33,0
DA:34,0
DA:37,0
DA:39,0
DA:40,0
DA:43,0
DA:45,0
DA:46,0
DA:49,0
DA:63,1
DA:70,2
DA:72,2
DA:73,1
DA:76,1
DA:80,1
LF:29
LH:19
BRDA:16,0,0,1
BRDA:16,0,1,1
BRDA:33,1,0,0
BRDA:33,1,1,0
BRDA:33,2,0,0
BRDA:33,2,1,0
BRDA:39,3,0,0
BRDA:39,3,1,0
BRDA:39,4,0,0
BRDA:39,4,1,0
BRDA:45,5,0,0
BRDA:45,5,1,0
BRDA:72,6,0,1
BRDA:72,6,1,1
BRF:14
BRH:4
end_of_record
TN:
SF:src\routes\messages.js
FN:11,(anonymous_0)
FN:31,(anonymous_1)
FN:49,(anonymous_2)
FNF:3
FNH:3
FNDA:3,(anonymous_0)
FNDA:2,(anonymous_1)
FNDA:2,(anonymous_2)
DA:1,1
DA:2,1
DA:3,1
DA:5,1
DA:11,1
DA:12,3
DA:14,3
DA:15,1
DA:18,2
DA:23,2
DA:24,1
DA:27,1
DA:31,1
DA:32,2
DA:34,2
DA:41,2
DA:42,1
DA:45,1
DA:49,1
DA:50,2
DA:52,2
DA:58,2
DA:59,1
DA:62,1
DA:65,1
LF:25
LH:25
BRDA:14,0,0,1
BRDA:14,0,1,2
BRDA:23,1,0,1
BRDA:23,1,1,1
BRDA:41,2,0,1
BRDA:41,2,1,1
BRDA:58,3,0,1
BRDA:58,3,1,1
BRF:8
BRH:8
end_of_record
TN:
SF:src\services\authServices.js
FN:6,(anonymous_0)
FN:23,(anonymous_1)
FNF:2
FNH:2
FNDA:7,(anonymous_0)
FNDA:5,(anonymous_1)
DA:3,2
DA:6,2
DA:8,7
DA:9,2
DA:12,5
DA:13,5
DA:14,1
DA:17,4
DA:19,4
DA:23,2
DA:24,5
DA:31,5
DA:33,2
LF:13
LH:13
BRDA:8,0,0,2
BRDA:8,0,1,5
BRDA:8,1,0,7
BRDA:8,1,1,5
BRDA:13,2,0,1
BRDA:13,2,1,4
BRDA:31,3,0,5
BRDA:31,3,1,2
BRF:8
BRH:8
end_of_record
TN:
SF:src\services\cpiService.js
FN:8,(anonymous_0)
FN:36,(anonymous_1)
FNF:2
FNH:2
FNDA:25,(anonymous_0)
FNDA:16,(anonymous_1)
DA:2,3
DA:8,3
DA:9,25
DA:10,1
DA:13,24
DA:15,24
DA:16,3
DA:19,21
DA:36,3
DA:37,16
DA:39,16
DA:40,2
DA:44,14
DA:45,14
DA:46,14
DA:48,14
DA:58,3
LF:17
LH:17
BRDA:9,0,0,1
BRDA:9,0,1,24
BRDA:9,1,0,25
BRDA:9,1,1,24
BRDA:15,2,0,3
BRDA:15,2,1,21
BRDA:39,3,0,2
BRDA:39,3,1,14
BRDA:39,4,0,16
BRDA:39,4,1,14
BRF:10
BRH:10
end_of_record
TN:
SF:src\services\listingService.js
FN:8,(anonymous_0)
FN:37,(anonymous_1)
FN:68,(anonymous_2)
FN:98,(anonymous_3)
FNF:4
FNH:2
FNDA:4,(anonymous_0)
FNDA:0,(anonymous_1)
FNDA:1,(anonymous_2)
FNDA:0,(anonymous_3)
DA:1,1
DA:8,1
DA:10,4
DA:30,4
DA:37,1
DA:38,0
DA:60,0
DA:68,1
DA:79,1
DA:94,1
DA:97,1
DA:98,0
DA:104,0
DA:107,0
DA:110,1
DA:113,1
LF:16
LH:11
BRDA:76,0,0,1
BRDA:94,1,0,0
BRDA:94,1,1,1
BRDA:97,2,0,0
BRDA:97,2,1,1
BRDA:107,3,0,0
BRDA:107,3,1,0
BRF:7
BRH:3
end_of_record
TN:
SF:src\services\listingValidator.js
FN:12,(anonymous_0)
FNF:1
FNH:1
FNDA:15,(anonymous_0)
DA:4,3
DA:5,3
DA:6,3
DA:12,3
DA:19,15
DA:21,15
DA:22,2
DA:25,15
DA:26,2
DA:29,15
DA:30,1
DA:33,15
DA:34,0
DA:35,15
DA:36,3
DA:39,15
DA:40,1
DA:45,15
DA:48,3
LF:19
LH:18
BRDA:21,0,0,2
BRDA:21,0,1,13
BRDA:21,1,0,15
BRDA:21,1,1,13
BRDA:21,1,2,13
BRDA:25,2,0,2
BRDA:25,2,1,13
BRDA:25,3,0,15
BRDA:25,3,1,15
BRDA:29,4,0,1
BRDA:29,4,1,14
BRDA:29,5,0,15
BRDA:29,5,1,15
BRDA:33,6,0,0
BRDA:33,6,1,15
BRDA:33,7,0,15
BRDA:33,7,1,15
BRDA:35,8,0,3
BRDA:35,8,1,12
BRDA:35,9,0,15
BRDA:35,9,1,15
BRDA:39,10,0,1
BRDA:39,10,1,14
BRDA:39,11,0,15
BRDA:39,11,1,15
BRF:25
BRH:24
end_of_record
