TN:
SF:src\routes\listing.js
FN:13,(anonymous_0)
FN:27,(anonymous_1)
FN:60,(anonymous_2)
FN:101,(anonymous_3)
FN:117,(anonymous_4)
FN:139,(anonymous_5)
FNF:6
FNH:0
FNDA:0,(anonymous_0)
FNDA:0,(anonymous_1)
FNDA:0,(anonymous_2)
FNDA:0,(anonymous_3)
FNDA:0,(anonymous_4)
FNDA:0,(anonymous_5)
DA:2,0
DA:3,0
DA:4,0
DA:6,0
DA:7,0
DA:13,0
DA:14,0
DA:16,0
DA:17,0
DA:20,0
DA:27,0
DA:28,0
DA:29,0
DA:31,0
DA:32,0
DA:35,0
DA:37,0
DA:38,0
DA:41,0
DA:51,0
DA:52,0
DA:55,0
DA:60,0
DA:61,0
DA:63,0
DA:64,0
DA:83,0
DA:84,0
DA:85,0
DA:88,0
DA:89,0
DA:92,0
DA:95,0
DA:96,0
DA:101,0
DA:102,0
DA:104,0
DA:109,0
DA:110,0
DA:113,0
DA:117,0
DA:118,0
DA:120,0
DA:122,0
DA:133,0
DA:135,0
DA:139,0
DA:140,0
DA:141,0
DA:143,0
DA:152,0
DA:153,0
DA:156,0
DA:159,0
LF:54
LH:0
BRDA:16,0,0,0
BRDA:16,0,1,0
BRDA:31,1,0,0
BRDA:31,1,1,0
BRDA:37,2,0,0
BRDA:37,2,1,0
BRDA:51,3,0,0
BRDA:51,3,1,0
BRDA:83,4,0,0
BRDA:83,4,1,0
BRDA:88,5,0,0
BRDA:88,5,1,0
BRDA:88,6,0,0
BRDA:88,6,1,0
BRDA:109,7,0,0
BRDA:109,7,1,0
BRDA:133,8,0,0
BRDA:133,8,1,0
BRDA:152,9,0,0
BRDA:152,9,1,0
BRF:20
BRH:0
end_of_record
TN:
SF:src\routes\usersRoute.js
FN:6,(anonymous_0)
FN:10,(anonymous_1)
FNF:2
FNH:0
FNDA:0,(anonymous_0)
FNDA:0,(anonymous_1)
DA:1,0
DA:3,0
DA:6,0
DA:7,0
DA:10,0
DA:11,0
DA:12,0
DA:16,0
LF:8
LH:0
BRF:0
BRH:0
end_of_record
TN:
SF:src\services\authServices.js
FN:6,(anonymous_0)
FN:23,(anonymous_1)
FNF:2
FNH:2
FNDA:7,(anonymous_0)
FNDA:5,(anonymous_1)
DA:3,2
DA:6,2
DA:8,7
DA:9,2
DA:12,5
DA:13,5
DA:14,1
DA:17,4
DA:19,4
DA:23,2
DA:24,5
DA:31,5
DA:33,2
LF:13
LH:13
BRDA:8,0,0,2
BRDA:8,0,1,5
BRDA:8,1,0,7
BRDA:8,1,1,5
BRDA:13,2,0,1
BRDA:13,2,1,4
BRDA:31,3,0,5
BRDA:31,3,1,2
BRF:8
BRH:8
end_of_record
TN:
SF:src\services\listingService.js
FN:8,(anonymous_0)
FN:36,(anonymous_1)
FN:66,(anonymous_2)
FNF:3
FNH:2
FNDA:3,(anonymous_0)
FNDA:1,(anonymous_1)
FNDA:0,(anonymous_2)
DA:1,1
DA:8,1
DA:9,3
DA:28,3
DA:36,1
DA:47,1
DA:62,1
DA:65,1
DA:66,0
DA:72,0
DA:75,0
DA:78,1
DA:81,1
LF:13
LH:10
BRDA:44,0,0,1
BRDA:62,1,0,0
BRDA:62,1,1,1
BRDA:65,2,0,0
BRDA:65,2,1,1
BRDA:75,3,0,0
BRDA:75,3,1,0
BRF:7
BRH:3
end_of_record
TN:
SF:src\services\listingValidator.js
FN:11,(anonymous_0)
FNF:1
FNH:1
FNDA:7,(anonymous_0)
DA:3,1
DA:4,1
DA:5,1
DA:11,1
DA:12,7
DA:14,7
DA:15,1
DA:18,7
DA:19,1
DA:22,7
DA:23,1
DA:26,7
DA:27,0
DA:28,7
DA:29,2
DA:32,7
DA:33,1
DA:36,7
DA:39,1
LF:19
LH:18
BRDA:14,0,0,1
BRDA:14,0,1,6
BRDA:14,1,0,7
BRDA:14,1,1,6
BRDA:14,1,2,6
BRDA:18,2,0,1
BRDA:18,2,1,6
BRDA:18,3,0,7
BRDA:18,3,1,7
BRDA:22,4,0,1
BRDA:22,4,1,6
BRDA:22,5,0,7
BRDA:22,5,1,7
BRDA:26,6,0,0
BRDA:26,6,1,7
BRDA:26,7,0,7
BRDA:26,7,1,7
BRDA:28,8,0,2
BRDA:28,8,1,5
BRDA:28,9,0,7
BRDA:28,9,1,7
BRDA:32,10,0,1
BRDA:32,10,1,6
BRDA:32,11,0,7
BRDA:32,11,1,7
BRF:25
BRH:24
end_of_record
