TN:
SF:src\App.jsx
FN:22,App
FN:30,AppShell
FN:35,(anonymous_2)
FN:36,(anonymous_3)
FN:44,(anonymous_4)
FN:49,(anonymous_5)
FN:52,(anonymous_6)
FN:60,(anonymous_7)
FN:61,(anonymous_8)
FNF:9
FNH:8
FNDA:1,App
FNDA:1,AppShell
FNDA:1,(anonymous_2)
FNDA:1,(anonymous_3)
FNDA:0,(anonymous_4)
FNDA:1,(anonymous_5)
FNDA:1,(anonymous_6)
FNDA:1,(anonymous_7)
FNDA:1,(anonymous_8)
DA:23,1
DA:31,1
DA:32,1
DA:33,1
DA:35,1
DA:36,1
DA:37,1
DA:38,1
DA:41,1
DA:43,1
DA:45,0
DA:49,1
DA:52,1
DA:53,1
DA:54,0
DA:56,1
DA:60,1
DA:61,1
DA:62,1
DA:63,1
DA:66,0
DA:68,0
DA:72,0
DA:73,0
DA:74,0
DA:77,0
DA:81,0
DA:85,1
DA:88,1
LF:29
LH:20
BRDA:53,0,0,0
BRDA:53,0,1,1
BRDA:62,1,0,1
BRDA:62,1,1,0
BRDA:68,2,0,0
BRDA:68,2,1,0
BRDA:68,2,2,0
BRDA:72,3,0,0
BRDA:72,3,1,0
BRDA:72,4,0,0
BRDA:72,4,1,0
BRDA:77,5,0,0
BRDA:77,5,1,0
BRDA:78,6,0,0
BRDA:78,6,1,0
BRF:15
BRH:2
end_of_record
TN:
SF:src\components\Chat.jsx
FN:3,Chat
FN:13,(anonymous_1)
FN:17,(anonymous_2)
FN:26,(anonymous_3)
FN:58,(anonymous_4)
FN:107,(anonymous_5)
FNF:6
FNH:0
FNDA:0,Chat
FNDA:0,(anonymous_1)
FNDA:0,(anonymous_2)
FNDA:0,(anonymous_3)
FNDA:0,(anonymous_4)
FNDA:0,(anonymous_5)
DA:10,0
DA:13,0
DA:14,0
DA:17,0
DA:18,0
DA:20,0
DA:26,0
DA:27,0
DA:28,0
DA:31,0
DA:59,0
DA:61,0
DA:107,0
LF:13
LH:0
BRDA:18,0,0,0
BRDA:18,0,1,0
BRDA:42,1,0,0
BRDA:42,1,1,0
BRDA:64,2,0,0
BRDA:64,2,1,0
BRDA:68,3,0,0
BRDA:68,3,1,0
BRDA:79,4,0,0
BRDA:79,4,1,0
BRDA:81,5,0,0
BRDA:81,5,1,0
BRF:12
BRH:0
end_of_record
TN:
SF:src\components\HeroSection.jsx
FN:2,HeroSection
FNF:1
FNH:1
FNDA:1,HeroSection
DA:3,1
LF:1
LH:1
BRF:0
BRH:0
end_of_record
TN:
SF:src\components\HomeCategory.jsx
FN:44,CategoryCard
FN:73,CuratedCategories
FN:90,(anonymous_2)
FNF:3
FNH:3
FNDA:4,CategoryCard
FNDA:1,CuratedCategories
FNDA:4,(anonymous_2)
DA:1,1
DA:45,4
DA:74,1
DA:91,4
LF:4
LH:4
BRDA:63,0,0,4
BRDA:63,0,1,2
BRDA:66,1,0,4
BRDA:66,1,1,2
BRF:4
BRH:4
end_of_record
TN:
SF:src\components\NavBar.jsx
FN:3,Navbar
FN:22,(anonymous_1)
FN:25,(anonymous_2)
FNF:3
FNH:1
FNDA:1,Navbar
FNDA:0,(anonymous_1)
FNDA:0,(anonymous_2)
DA:4,1
DA:6,1
DA:22,0
DA:25,0
LF:4
LH:2
BRF:0
BRH:0
end_of_record
TN:
SF:src\components\SignIn.jsx
FN:6,SignIn
FN:10,(anonymous_1)
FN:51,(anonymous_2)
FN:63,GoogleIcon
FNF:4
FNH:4
FNDA:6,SignIn
FNDA:2,(anonymous_1)
FNDA:1,(anonymous_2)
FNDA:6,GoogleIcon
DA:7,6
DA:8,6
DA:10,6
DA:11,2
DA:13,2
DA:20,2
DA:21,1
DA:22,1
DA:26,6
DA:51,1
DA:64,6
LF:11
LH:11
BRDA:20,0,0,1
BRDA:20,0,1,1
BRDA:44,1,0,2
BRDA:44,1,1,4
BRF:4
BRH:4
end_of_record
TN:
SF:src\components\SignUp.jsx
FN:6,SignUp
FN:10,(anonymous_1)
FN:64,(anonymous_2)
FN:94,(anonymous_3)
FN:110,(anonymous_4)
FN:132,GoogleIcon
FNF:6
FNH:6
FNDA:6,SignUp
FNDA:2,(anonymous_1)
FNDA:12,(anonymous_2)
FNDA:2,(anonymous_3)
FNDA:1,(anonymous_4)
FNDA:6,GoogleIcon
DA:7,6
DA:8,6
DA:10,6
DA:11,2
DA:12,2
DA:18,2
DA:19,1
DA:20,1
DA:24,6
DA:65,12
DA:94,2
DA:110,1
DA:133,6
LF:13
LH:13
BRDA:18,0,0,1
BRDA:18,0,1,1
BRDA:123,1,0,2
BRDA:123,1,1,4
BRF:4
BRH:4
end_of_record
TN:
SF:src\components\adminDashboard\AdminSidebar.jsx
FN:1,AdminSidebar
FN:14,(anonymous_1)
FN:20,(anonymous_2)
FNF:3
FNH:3
FNDA:3,AdminSidebar
FNDA:6,(anonymous_1)
FNDA:2,(anonymous_2)
DA:2,3
DA:15,6
DA:16,6
DA:20,2
LF:4
LH:4
BRDA:22,0,0,3
BRDA:22,0,1,3
BRDA:28,1,0,3
BRDA:28,1,1,3
BRF:4
BRH:4
end_of_record
TN:
SF:src\components\adminDashboard\AdminSummaryCards.jsx
FN:1,AdminSummaryCards
FN:7,(anonymous_1)
FNF:2
FNH:2
FNDA:3,AdminSummaryCards
FNDA:4,(anonymous_1)
DA:2,3
DA:8,4
LF:2
LH:2
BRF:0
BRH:0
end_of_record
TN:
SF:src\components\adminDashboard\AnalyticsPanel.jsx
FN:1,AnalyticsPanel
FN:28,(anonymous_1)
FN:34,(anonymous_2)
FN:41,(anonymous_3)
FN:73,(anonymous_4)
FN:79,(anonymous_5)
FN:86,(anonymous_6)
FN:120,(anonymous_7)
FN:126,(anonymous_8)
FN:166,(anonymous_9)
FN:172,(anonymous_10)
FNF:11
FNH:5
FNDA:3,AnalyticsPanel
FNDA:0,(anonymous_1)
FNDA:1,(anonymous_2)
FNDA:3,(anonymous_3)
FNDA:1,(anonymous_4)
FNDA:0,(anonymous_5)
FNDA:3,(anonymous_6)
FNDA:0,(anonymous_7)
FNDA:0,(anonymous_8)
FNDA:0,(anonymous_9)
FNDA:0,(anonymous_10)
DA:11,3
DA:13,3
DA:28,0
DA:34,1
DA:42,3
DA:73,1
DA:79,0
DA:87,3
DA:120,0
DA:126,0
DA:166,0
DA:172,0
LF:12
LH:6
BRF:0
BRH:0
end_of_record
TN:
SF:src\components\adminDashboard\FacilitySettingsPanel.jsx
FN:1,FacilitySettingsPanel
FN:39,(anonymous_1)
FN:47,(anonymous_2)
FN:57,(anonymous_3)
FN:67,(anonymous_4)
FN:85,(anonymous_5)
FN:97,(anonymous_6)
FN:110,(anonymous_7)
FN:119,(anonymous_8)
FNF:9
FNH:5
FNDA:3,FacilitySettingsPanel
FNDA:1,(anonymous_1)
FNDA:0,(anonymous_2)
FNDA:1,(anonymous_3)
FNDA:0,(anonymous_4)
FNDA:3,(anonymous_5)
FNDA:0,(anonymous_6)
FNDA:1,(anonymous_7)
FNDA:0,(anonymous_8)
DA:9,3
DA:39,1
DA:47,0
DA:58,1
DA:67,0
DA:86,3
DA:98,0
DA:111,1
DA:120,0
LF:9
LH:5
BRDA:78,0,0,3
BRDA:78,0,1,3
BRF:2
BRH:2
end_of_record
TN:
SF:src\components\adminDashboard\ModerationPanel.jsx
FN:1,(anonymous_0)
FN:2,(anonymous_1)
FN:14,(anonymous_2)
FN:22,ModerationPanel
FNF:4
FNH:4
FNDA:6,(anonymous_0)
FNDA:6,(anonymous_1)
FNDA:1,(anonymous_2)
FNDA:3,ModerationPanel
DA:1,3
DA:2,6
DA:3,6
DA:14,1
DA:28,3
LF:5
LH:5
BRDA:69,0,0,3
BRDA:69,0,1,0
BRDA:101,1,0,3
BRDA:101,1,1,0
BRF:4
BRH:2
end_of_record
TN:
SF:src\components\listingDetails\ListingActions.jsx
FN:4,ListingActions
FNF:1
FNH:1
FNDA:2,ListingActions
DA:13,2
LF:1
LH:1
BRDA:15,0,0,2
BRDA:15,0,1,1
BRDA:15,0,2,1
BRDA:24,1,0,2
BRDA:24,1,1,1
BRDA:24,1,2,1
BRDA:30,2,0,0
BRDA:30,2,1,1
BRDA:34,3,0,2
BRDA:34,3,1,1
BRF:10
BRH:9
end_of_record
TN:
SF:src\components\listingDetails\ListingEditForm.jsx
FN:9,ListingEditForm
FN:62,(anonymous_1)
FN:78,(anonymous_2)
FN:94,(anonymous_3)
FNF:4
FNH:4
FNDA:2,ListingEditForm
FNDA:8,(anonymous_1)
FNDA:10,(anonymous_2)
FNDA:6,(anonymous_3)
DA:17,2
DA:63,8
DA:79,10
DA:95,6
LF:4
LH:4
BRDA:102,0,0,2
BRDA:102,0,1,1
BRDA:110,1,0,1
BRDA:110,1,1,1
BRF:4
BRH:4
end_of_record
TN:
SF:src\components\listingDetails\ListingReadOnlyDetails.jsx
FN:2,(anonymous_0)
FN:7,(anonymous_1)
FN:11,ListingReadOnlyDetails
FNF:3
FNH:3
FNDA:4,(anonymous_0)
FNDA:3,(anonymous_1)
FNDA:2,ListingReadOnlyDetails
DA:2,2
DA:3,4
DA:5,2
DA:7,3
DA:12,2
LF:5
LH:5
BRDA:3,0,0,2
BRDA:3,0,1,2
BRDA:3,1,0,4
BRDA:3,1,1,2
BRF:4
BRH:4
end_of_record
TN:
SF:src\components\listingDetails\listingDetailsOptions.js
FNF:0
FNH:0
DA:3,2
DA:10,2
DA:11,2
LF:3
LH:3
BRF:0
BRH:0
end_of_record
TN:
SF:src\components\staff-dashboard\ActivityFeed.jsx
FN:1,ActivityFeed
FN:20,(anonymous_1)
FNF:2
FNH:2
FNDA:2,ActivityFeed
FNDA:2,(anonymous_1)
DA:2,2
DA:21,2
LF:2
LH:2
BRDA:18,0,0,2
BRDA:18,0,1,0
BRF:2
BRH:1
end_of_record
TN:
SF:src\components\staff-dashboard\BookingScheduleBoard.jsx
FN:7,BookingScheduleBoard
FN:52,(anonymous_1)
FNF:2
FNH:2
FNDA:2,BookingScheduleBoard
FNDA:2,(anonymous_1)
DA:1,2
DA:8,2
DA:53,2
LF:3
LH:3
BRDA:24,0,0,2
BRDA:24,0,1,0
BRDA:89,1,0,2
BRDA:89,1,1,0
BRF:4
BRH:2
end_of_record
TN:
SF:src\components\staff-dashboard\FacilityOverview.jsx
FN:1,(anonymous_0)
FN:4,FacilityOverview
FN:111,(anonymous_2)
FNF:3
FNH:3
FNDA:2,(anonymous_0)
FNDA:2,FacilityOverview
FNDA:2,(anonymous_2)
DA:1,2
DA:2,2
DA:12,2
DA:13,0
DA:33,2
DA:112,2
LF:6
LH:5
BRDA:2,0,0,2
BRDA:2,0,1,0
BRDA:12,1,0,0
BRDA:12,1,1,2
BRDA:109,2,0,2
BRDA:109,2,1,0
BRF:6
BRH:3
end_of_record
TN:
SF:src\components\staff-dashboard\HelpDesk.jsx
FN:3,HelpDesk
FNF:1
FNH:1
FNDA:2,HelpDesk
DA:4,2
LF:1
LH:1
BRF:0
BRH:0
end_of_record
TN:
SF:src\components\staff-dashboard\HeroBanner.jsx
FN:3,HeroBanner
FN:33,(anonymous_1)
FN:42,StatCard
FNF:3
FNH:3
FNDA:2,HeroBanner
FNDA:4,(anonymous_1)
FNDA:4,StatCard
DA:9,2
DA:34,4
DA:43,4
LF:3
LH:3
BRDA:4,0,0,0
BRDA:5,1,0,0
BRDA:6,2,0,0
BRDA:7,3,0,0
BRF:4
BRH:0
end_of_record
TN:
SF:src\components\staff-dashboard\Icon.jsx
FN:70,Icon
FNF:1
FNH:1
FNDA:27,Icon
DA:1,5
DA:71,27
LF:2
LH:2
BRDA:70,0,0,0
BRDA:70,1,0,0
BRDA:70,2,0,25
BRF:3
BRH:1
end_of_record
TN:
SF:src\components\staff-dashboard\ScheduleItem.jsx
FN:9,ScheduleItem
FN:57,(anonymous_1)
FN:57,(anonymous_2)
FN:77,PersonTag
FNF:4
FNH:4
FNDA:5,ScheduleItem
FNDA:1,(anonymous_1)
FNDA:1,(anonymous_2)
FNDA:10,PersonTag
DA:4,2
DA:18,5
DA:20,5
DA:57,1
DA:78,10
LF:5
LH:5
BRDA:60,0,0,1
BRDA:60,0,1,4
BRDA:69,1,0,1
BRDA:69,1,1,4
BRF:4
BRH:4
end_of_record
TN:
SF:src\components\staff-dashboard\Sidebar.jsx
FN:4,Sidebar
FN:7,(anonymous_1)
FN:29,(anonymous_2)
FN:35,(anonymous_3)
FNF:4
FNH:3
FNDA:2,Sidebar
FNDA:10,(anonymous_1)
FNDA:6,(anonymous_2)
FNDA:0,(anonymous_3)
DA:6,2
DA:8,10
DA:12,2
DA:30,6
DA:32,6
DA:35,0
LF:6
LH:5
BRDA:8,0,0,10
BRDA:8,0,1,8
BRDA:38,1,0,2
BRDA:38,1,1,4
BRDA:47,2,0,2
BRDA:47,2,1,4
BRF:6
BRH:6
end_of_record
TN:
SF:src\components\staff-dashboard\TodaysSchedule.jsx
FN:4,TodaysSchedule
FN:26,(anonymous_1)
FNF:2
FNH:2
FNDA:1,TodaysSchedule
FNDA:3,(anonymous_1)
DA:5,1
DA:27,3
LF:2
LH:2
BRF:0
BRH:0
end_of_record
TN:
SF:src\components\staff-dashboard\Topbar.jsx
FN:4,Topbar
FN:20,(anonymous_1)
FNF:2
FNH:1
FNDA:2,Topbar
FNDA:0,(anonymous_1)
DA:5,2
DA:7,2
DA:20,0
LF:3
LH:2
BRDA:31,0,0,2
BRDA:31,0,1,0
BRDA:34,1,0,2
BRDA:34,1,1,0
BRF:4
BRH:2
end_of_record
TN:
SF:src\components\staff-dashboard\TransactionFlowPanel.jsx
FN:17,TransactionFlowPanel
FN:40,(anonymous_1)
FN:108,(anonymous_2)
FN:128,(anonymous_3)
FNF:4
FNH:4
FNDA:2,TransactionFlowPanel
FNDA:2,(anonymous_1)
FNDA:10,(anonymous_2)
FNDA:1,(anonymous_3)
DA:1,2
DA:9,2
DA:22,2
DA:41,2
DA:109,10
DA:111,10
DA:128,1
LF:7
LH:7
BRDA:20,0,0,0
BRDA:38,1,0,2
BRDA:38,1,1,0
BRDA:114,2,0,2
BRDA:114,2,1,8
BRDA:125,3,0,2
BRDA:125,3,1,0
BRDA:132,4,0,0
BRDA:132,4,1,2
BRF:9
BRH:5
end_of_record
TN:
SF:src\components\staff-dashboard\VerificationItem.jsx
FN:12,VerificationItem
FN:66,(anonymous_1)
FN:83,(anonymous_2)
FN:103,VerifiedState
FNF:4
FNH:4
FNDA:8,VerificationItem
FNDA:1,(anonymous_1)
FNDA:1,(anonymous_2)
FNDA:2,VerifiedState
DA:1,1
DA:23,8
DA:66,1
DA:83,1
DA:104,2
LF:5
LH:5
BRDA:59,0,0,8
BRDA:59,0,1,2
BRDA:61,1,0,8
BRDA:61,1,1,3
BRF:4
BRH:4
end_of_record
TN:
SF:src\components\staff-dashboard\VerificationQueue.jsx
FN:6,VerificationQueue
FN:9,(anonymous_1)
FN:10,(anonymous_2)
FN:11,(anonymous_3)
FN:16,(anonymous_4)
FN:17,(anonymous_5)
FN:17,(anonymous_6)
FN:41,(anonymous_7)
FN:55,EmptyState
FNF:9
FNH:8
FNDA:3,VerificationQueue
FNDA:1,(anonymous_1)
FNDA:1,(anonymous_2)
FNDA:3,(anonymous_3)
FNDA:1,(anonymous_4)
FNDA:1,(anonymous_5)
FNDA:3,(anonymous_6)
FNDA:8,(anonymous_7)
FNDA:0,EmptyState
DA:7,3
DA:9,3
DA:10,1
DA:11,1
DA:12,3
DA:16,3
DA:17,3
DA:20,3
DA:42,8
DA:56,0
LF:10
LH:9
BRDA:12,0,0,1
BRDA:12,0,1,2
BRDA:38,1,0,0
BRDA:38,1,1,3
BRF:4
BRH:3
end_of_record
TN:
SF:src\components\staff-dashboard\dashboardData.js
FNF:0
FNH:0
DA:1,6
DA:9,6
DA:30,6
DA:41,6
DA:51,6
DA:104,6
DA:151,6
DA:178,6
DA:211,6
DA:241,6
LF:10
LH:10
BRF:0
BRH:0
end_of_record
TN:
SF:src\components\studentDashboard\CategoryFilter.jsx
FN:12,CategoryFilter
FN:16,(anonymous_1)
FN:21,(anonymous_2)
FNF:3
FNH:3
FNDA:1,CategoryFilter
FNDA:3,(anonymous_1)
FNDA:1,(anonymous_2)
DA:13,1
DA:17,3
DA:18,3
DA:21,1
LF:4
LH:4
BRDA:12,0,0,0
BRDA:24,1,0,1
BRDA:24,1,1,2
BRF:3
BRH:2
end_of_record
TN:
SF:src\components\studentDashboard\ListingCard.jsx
FN:18,(anonymous_0)
FN:23,(anonymous_1)
FN:27,ListingCard
FNF:3
FNH:3
FNDA:1,(anonymous_0)
FNDA:2,(anonymous_1)
FNDA:1,ListingCard
DA:18,3
DA:19,1
DA:21,1
DA:23,2
DA:28,1
DA:32,1
DA:34,1
LF:7
LH:7
BRDA:19,0,0,0
BRDA:19,0,1,1
BRDA:19,1,0,1
BRDA:19,1,1,1
BRDA:28,2,0,1
BRDA:28,2,1,0
BRDA:43,3,0,1
BRDA:43,3,1,0
BRF:8
BRH:5
end_of_record
TN:
SF:src\components\studentDashboard\ListingsFiltersPanel.jsx
FN:6,ListingsFiltersPanel
FN:22,(anonymous_1)
FN:28,(anonymous_2)
FN:31,(anonymous_3)
FN:45,(anonymous_4)
FN:57,(anonymous_5)
FN:67,(anonymous_6)
FN:70,(anonymous_7)
FNF:8
FNH:7
FNDA:1,ListingsFiltersPanel
FNDA:0,(anonymous_1)
FNDA:1,(anonymous_2)
FNDA:6,(anonymous_3)
FNDA:3,(anonymous_4)
FNDA:3,(anonymous_5)
FNDA:1,(anonymous_6)
FNDA:5,(anonymous_7)
DA:17,1
DA:22,0
DA:28,1
DA:32,6
DA:45,3
DA:57,3
DA:67,1
DA:71,5
LF:8
LH:7
BRF:0
BRH:0
end_of_record
TN:
SF:src\components\studentDashboard\ListingsGrid.jsx
FN:13,ListingsGrid
FN:17,(anonymous_1)
FN:35,(anonymous_2)
FNF:3
FNH:1
FNDA:4,ListingsGrid
FNDA:0,(anonymous_1)
FNDA:0,(anonymous_2)
DA:14,4
DA:15,0
DA:18,0
DA:24,4
DA:25,4
DA:32,0
DA:36,0
LF:7
LH:3
BRDA:13,0,0,0
BRDA:13,1,0,0
BRDA:14,2,0,0
BRDA:14,2,1,4
BRDA:24,3,0,4
BRDA:24,3,1,0
BRF:6
BRH:2
end_of_record
TN:
SF:src\components\studentDashboard\Navbar.jsx
FN:12,Navbar
FN:31,(anonymous_1)
FN:57,(anonymous_2)
FNF:3
FNH:2
FNDA:7,Navbar
FNDA:0,(anonymous_1)
FNDA:1,(anonymous_2)
DA:13,7
DA:14,7
DA:16,7
DA:31,0
DA:57,1
LF:5
LH:4
BRDA:12,0,0,0
BRDA:13,1,0,7
BRDA:13,1,1,1
BRDA:13,1,2,1
BRDA:89,2,0,7
BRDA:89,2,1,0
BRDA:101,3,0,1
BRDA:101,3,1,6
BRF:8
BRH:6
end_of_record
TN:
SF:src\components\studentDashboard\ProfileSettings.jsx
FN:4,(anonymous_0)
FN:11,(anonymous_1)
FN:18,ProfileSettings
FN:25,(anonymous_3)
FNF:4
FNH:4
FNDA:3,(anonymous_0)
FNDA:3,(anonymous_1)
FNDA:3,ProfileSettings
FNDA:1,(anonymous_3)
DA:4,3
DA:5,3
DA:6,2
DA:7,2
DA:8,2
DA:11,3
DA:12,3
DA:13,2
DA:14,2
DA:15,2
DA:19,3
DA:20,3
DA:22,3
DA:23,3
DA:25,3
DA:26,1
DA:27,1
DA:30,3
LF:18
LH:18
BRDA:5,0,0,1
BRDA:5,0,1,2
BRDA:7,1,0,0
BRDA:7,1,1,2
BRDA:12,2,0,1
BRDA:12,2,1,2
BRDA:14,3,0,0
BRDA:14,3,1,2
BRDA:19,4,0,3
BRDA:19,4,1,0
BRDA:19,4,2,0
BRDA:20,5,0,3
BRDA:20,5,1,0
BRDA:22,6,0,3
BRDA:22,6,1,1
BRDA:22,7,0,1
BRDA:22,7,1,0
BRDA:23,8,0,3
BRDA:23,8,1,1
BRDA:35,9,0,2
BRDA:35,9,1,1
BRF:21
BRH:15
end_of_record
TN:
SF:src\components\studentDashboard\Sidebar.jsx
FN:98,Sidebar
FN:110,(anonymous_1)
FN:115,(anonymous_2)
FNF:3
FNH:3
FNDA:5,Sidebar
FNDA:20,(anonymous_1)
FNDA:2,(anonymous_2)
DA:11,2
DA:99,5
DA:111,20
DA:112,20
DA:115,2
LF:5
LH:5
BRDA:98,0,0,0
BRDA:116,1,0,5
BRDA:116,1,1,15
BRDA:119,2,0,5
BRDA:119,2,1,15
BRF:5
BRH:4
end_of_record
TN:
SF:src\components\studentDashboard\listingFiltersConfig.js
FNF:0
FNH:0
DA:3,3
DA:11,3
DA:20,3
LF:3
LH:3
BRF:0
BRH:0
end_of_record
TN:
SF:src\config\apiBaseUrl.js
FN:4,(anonymous_0)
FN:6,(anonymous_1)
FNF:2
FNH:1
FNDA:0,(anonymous_0)
FNDA:8,(anonymous_1)
DA:1,8
DA:2,8
DA:4,8
DA:6,8
DA:7,8
DA:9,8
DA:10,0
DA:13,8
DA:14,8
DA:16,8
DA:17,8
DA:21,0
DA:24,8
LF:13
LH:11
BRDA:9,0,0,0
BRDA:9,0,1,8
BRDA:9,1,0,8
BRDA:9,1,1,0
BRDA:9,1,2,0
BRDA:13,2,0,8
BRDA:13,2,1,0
BRDA:16,3,0,8
BRDA:16,3,1,0
BRDA:16,4,0,8
BRDA:16,4,1,0
BRF:11
BRH:5
end_of_record
TN:
SF:src\config\supabaseClient.js
FNF:0
FNH:0
DA:3,0
DA:4,0
DA:6,0
LF:3
LH:0
BRF:0
BRH:0
end_of_record
TN:
SF:src\hooks\useAdminDashboard.js
FN:57,(anonymous_0)
FN:61,(anonymous_1)
FN:71,(anonymous_2)
FN:77,(anonymous_3)
FN:88,(anonymous_4)
FN:95,(anonymous_5)
FN:97,(anonymous_6)
FN:119,(anonymous_7)
FN:132,useAdminDashboard
FN:150,(anonymous_9)
FN:165,(anonymous_10)
FN:191,(anonymous_11)
FN:212,(anonymous_12)
FN:213,(anonymous_13)
FN:216,(anonymous_14)
FN:217,(anonymous_15)
FN:218,(anonymous_16)
FN:224,(anonymous_17)
FN:228,(anonymous_18)
FN:229,(anonymous_19)
FN:229,(anonymous_20)
FN:232,(anonymous_21)
FN:233,(anonymous_22)
FN:233,(anonymous_23)
FN:236,(anonymous_24)
FN:276,(anonymous_25)
FNF:26
FNH:0
FNDA:0,(anonymous_0)
FNDA:0,(anonymous_1)
FNDA:0,(anonymous_2)
FNDA:0,(anonymous_3)
FNDA:0,(anonymous_4)
FNDA:0,(anonymous_5)
FNDA:0,(anonymous_6)
FNDA:0,(anonymous_7)
FNDA:0,useAdminDashboard
FNDA:0,(anonymous_9)
FNDA:0,(anonymous_10)
FNDA:0,(anonymous_11)
FNDA:0,(anonymous_12)
FNDA:0,(anonymous_13)
FNDA:0,(anonymous_14)
FNDA:0,(anonymous_15)
FNDA:0,(anonymous_16)
FNDA:0,(anonymous_17)
FNDA:0,(anonymous_18)
FNDA:0,(anonymous_19)
FNDA:0,(anonymous_20)
FNDA:0,(anonymous_21)
FNDA:0,(anonymous_22)
FNDA:0,(anonymous_23)
FNDA:0,(anonymous_24)
FNDA:0,(anonymous_25)
DA:3,2
DA:13,2
DA:28,2
DA:43,2
DA:50,2
DA:57,2
DA:58,0
DA:60,0
DA:61,0
DA:62,0
DA:63,0
DA:64,0
DA:66,0
DA:69,0
DA:70,0
DA:71,0
DA:74,0
DA:77,2
DA:78,0
DA:79,0
DA:80,0
DA:81,0
DA:82,0
DA:83,0
DA:84,0
DA:85,0
DA:88,2
DA:89,0
DA:90,0
DA:91,0
DA:93,0
DA:96,0
DA:97,0
DA:102,0
DA:119,0
DA:127,0
DA:128,0
DA:129,0
DA:133,0
DA:134,0
DA:140,0
DA:141,0
DA:142,0
DA:145,0
DA:147,0
DA:149,0
DA:150,0
DA:161,0
DA:162,0
DA:164,0
DA:165,0
DA:190,0
DA:191,0
DA:212,0
DA:213,0
DA:216,0
DA:217,0
DA:218,0
DA:219,0
DA:224,0
DA:225,0
DA:228,0
DA:229,0
DA:232,0
DA:233,0
DA:236,0
DA:237,0
DA:267,0
DA:268,0
DA:270,0
DA:271,0
DA:273,0
DA:276,0
DA:277,0
DA:307,0
DA:308,0
DA:310,0
DA:313,0
LF:78
LH:8
BRDA:58,0,0,0
BRDA:58,0,1,0
BRDA:58,1,0,0
BRDA:58,1,1,0
BRDA:62,2,0,0
BRDA:62,2,1,0
BRDA:63,3,0,0
BRDA:63,3,1,0
BRDA:63,4,0,0
BRDA:63,4,1,0
BRDA:78,5,0,0
BRDA:78,5,1,0
BRDA:89,6,0,0
BRDA:89,6,1,0
BRDA:91,7,0,0
BRDA:91,7,1,0
BRDA:97,8,0,0
BRDA:97,8,1,0
BRDA:118,9,0,0
BRDA:118,9,1,0
BRDA:174,10,0,0
BRDA:174,10,1,0
BRDA:219,11,0,0
BRDA:219,11,1,0
BRDA:268,12,0,0
BRDA:268,12,1,0
BRDA:271,13,0,0
BRDA:271,13,1,0
BRDA:308,14,0,0
BRDA:308,14,1,0
BRDA:308,15,0,0
BRDA:308,15,1,0
BRF:32
BRH:0
end_of_record
TN:
SF:src\hooks\useDashboardListings.js
FN:5,getFirstName
FN:21,useDashboardListings
FN:26,(anonymous_2)
FN:27,(anonymous_3)
FN:56,(anonymous_4)
FN:105,(anonymous_5)
FN:106,(anonymous_6)
FNF:7
FNH:7
FNDA:2,getFirstName
FNDA:7,useDashboardListings
FNDA:2,(anonymous_2)
FNDA:2,(anonymous_3)
FNDA:4,(anonymous_4)
FNDA:4,(anonymous_5)
FNDA:4,(anonymous_6)
DA:6,2
DA:7,2
DA:9,2
DA:10,1
DA:13,1
DA:14,1
DA:15,1
DA:18,0
DA:22,7
DA:23,7
DA:24,7
DA:26,7
DA:27,2
DA:28,2
DA:30,2
DA:32,2
DA:34,2
DA:39,2
DA:53,2
DA:56,7
DA:57,4
DA:58,1
DA:59,1
DA:60,1
DA:64,3
DA:68,3
DA:70,3
DA:71,3
DA:73,3
DA:74,1
DA:75,1
DA:77,1
DA:78,1
DA:81,0
DA:88,2
DA:90,2
DA:91,0
DA:94,2
DA:95,2
DA:97,1
DA:98,1
DA:100,3
DA:105,7
DA:106,4
DA:107,4
DA:110,4
DA:113,7
LF:47
LH:44
BRDA:6,0,0,2
BRDA:6,0,1,0
BRDA:9,1,0,1
BRDA:9,1,1,1
BRDA:9,2,0,2
BRDA:9,2,1,1
BRDA:14,3,0,1
BRDA:14,3,1,0
BRDA:30,4,0,0
BRDA:30,4,1,2
BRDA:32,5,0,2
BRDA:32,5,1,0
BRDA:34,6,0,2
BRDA:34,6,1,1
BRDA:34,6,2,1
BRDA:34,6,3,0
BRDA:44,7,0,2
BRDA:44,7,1,0
BRDA:45,8,0,2
BRDA:45,8,1,2
BRDA:46,9,0,2
BRDA:46,9,1,1
BRDA:49,10,0,2
BRDA:49,10,1,1
BRDA:49,10,2,1
BRDA:57,11,0,1
BRDA:57,11,1,3
BRDA:57,12,0,4
BRDA:57,12,1,2
BRDA:64,13,0,1
BRDA:64,13,1,2
BRDA:73,14,0,1
BRDA:73,14,1,2
BRDA:77,15,0,1
BRDA:77,15,1,0
BRDA:90,16,0,0
BRDA:90,16,1,2
BRDA:95,17,0,2
BRDA:95,17,1,0
BRF:39
BRH:30
end_of_record
TN:
SF:src\hooks\useListingDetails.js
FN:5,(anonymous_0)
FN:14,useListingDetails
FN:24,(anonymous_2)
FN:25,(anonymous_3)
FN:33,(anonymous_4)
FN:53,(anonymous_5)
FN:54,(anonymous_6)
FN:61,(anonymous_7)
FN:65,(anonymous_8)
FN:69,(anonymous_9)
FN:72,(anonymous_10)
FN:81,(anonymous_11)
FN:103,(anonymous_12)
FN:105,(anonymous_13)
FN:108,(anonymous_14)
FN:113,(anonymous_15)
FN:119,(anonymous_16)
FN:148,(anonymous_17)
FNF:18
FNH:17
FNDA:91,(anonymous_0)
FNDA:82,useListingDetails
FNDA:9,(anonymous_2)
FNDA:9,(anonymous_3)
FNDA:10,(anonymous_4)
FNDA:9,(anonymous_5)
FNDA:9,(anonymous_6)
FNDA:18,(anonymous_7)
FNDA:8,(anonymous_8)
FNDA:9,(anonymous_9)
FNDA:18,(anonymous_10)
FNDA:2,(anonymous_11)
FNDA:44,(anonymous_12)
FNDA:44,(anonymous_13)
FNDA:4,(anonymous_14)
FNDA:1,(anonymous_15)
FNDA:3,(anonymous_16)
FNDA:0,(anonymous_17)
DA:5,91
DA:15,82
DA:16,82
DA:17,82
DA:18,82
DA:19,82
DA:20,82
DA:21,82
DA:22,82
DA:24,82
DA:25,9
DA:26,9
DA:27,9
DA:30,9
DA:33,82
DA:34,10
DA:35,10
DA:37,10
DA:38,1
DA:39,1
DA:40,1
DA:43,9
DA:44,9
DA:45,9
DA:47,1
DA:48,1
DA:53,82
DA:54,9
DA:55,9
DA:57,9
DA:61,82
DA:62,18
DA:65,9
DA:66,8
DA:69,9
DA:72,82
DA:73,18
DA:75,9
DA:78,82
DA:79,82
DA:81,82
DA:82,2
DA:85,2
DA:87,2
DA:88,2
DA:89,2
DA:93,2
DA:95,1
DA:97,1
DA:98,1
DA:99,1
DA:103,82
DA:104,44
DA:105,44
DA:108,82
DA:109,4
DA:110,4
DA:113,82
DA:114,1
DA:115,1
DA:116,1
DA:119,82
DA:120,3
DA:122,3
DA:124,3
DA:125,3
DA:126,1
DA:127,1
DA:130,2
DA:131,2
DA:133,2
DA:134,2
DA:147,2
DA:148,1
DA:149,1
DA:152,1
DA:153,1
DA:155,1
DA:156,1
DA:158,2
DA:162,82
LF:81
LH:81
BRDA:6,0,0,91
BRDA:6,0,1,82
BRDA:7,1,0,91
BRDA:7,1,1,82
BRDA:8,2,0,91
BRDA:8,2,1,82
BRDA:9,3,0,91
BRDA:9,3,1,82
BRDA:10,4,0,91
BRDA:10,4,1,82
BRDA:11,5,0,91
BRDA:11,5,1,82
BRDA:37,6,0,1
BRDA:37,6,1,9
BRDA:62,7,0,9
BRDA:62,7,1,9
BRDA:73,8,0,9
BRDA:73,8,1,9
BRDA:79,9,0,82
BRDA:79,9,1,73
BRDA:85,10,0,0
BRDA:85,10,1,2
BRDA:85,11,0,2
BRDA:85,11,1,2
BRDA:93,12,0,1
BRDA:93,12,1,1
BRDA:122,13,0,0
BRDA:122,13,1,3
BRDA:125,14,0,1
BRDA:125,14,1,2
BRDA:125,15,0,3
BRDA:125,15,1,3
BRDA:147,16,0,1
BRDA:147,16,1,1
BRDA:149,17,0,1
BRDA:149,17,1,0
BRDA:156,18,0,1
BRDA:156,18,1,0
BRF:38
BRH:34
end_of_record
TN:
SF:src\hooks\useListingFilters.js
FN:8,useListingFilters
FN:19,(anonymous_1)
FN:27,(anonymous_2)
FN:43,(anonymous_3)
FN:48,(anonymous_4)
FN:52,(anonymous_5)
FN:61,(anonymous_6)
FN:97,(anonymous_7)
FNF:8
FNH:8
FNDA:14,useListingFilters
FNDA:13,(anonymous_1)
FNDA:52,(anonymous_2)
FNDA:42,(anonymous_3)
FNDA:42,(anonymous_4)
FNDA:39,(anonymous_5)
FNDA:24,(anonymous_6)
FNDA:1,(anonymous_7)
DA:3,3
DA:4,3
DA:5,3
DA:9,14
DA:10,14
DA:11,14
DA:12,14
DA:13,14
DA:14,14
DA:19,14
DA:20,13
DA:21,13
DA:22,13
DA:23,13
DA:24,13
DA:26,13
DA:28,52
DA:30,20
DA:31,20
DA:32,20
DA:33,20
DA:35,20
DA:44,42
DA:49,42
DA:53,39
DA:54,39
DA:56,29
DA:57,29
DA:59,29
DA:62,24
DA:63,24
DA:64,24
DA:65,24
DA:66,24
DA:67,24
DA:69,24
DA:71,4
DA:73,2
DA:75,2
DA:77,4
DA:80,12
DA:94,14
DA:97,14
DA:98,1
DA:99,1
DA:100,1
DA:101,1
DA:102,1
DA:103,1
DA:106,14
LF:50
LH:50
BRDA:23,0,0,2
BRDA:23,0,1,11
BRDA:24,1,0,1
BRDA:24,1,1,12
BRDA:28,2,0,32
BRDA:28,2,1,20
BRDA:30,3,0,20
BRDA:30,3,1,0
BRDA:31,4,0,20
BRDA:31,4,1,0
BRDA:32,5,0,20
BRDA:32,5,1,0
BRDA:33,6,0,20
BRDA:33,6,1,0
BRDA:36,7,0,20
BRDA:36,7,1,15
BRDA:36,7,2,15
BRDA:36,7,3,10
BRDA:44,8,0,42
BRDA:44,8,1,8
BRDA:49,9,0,42
BRDA:49,9,1,6
BRDA:54,10,0,10
BRDA:54,10,1,29
BRDA:56,11,0,0
BRDA:56,11,1,29
BRDA:56,12,0,29
BRDA:56,12,1,2
BRDA:56,12,2,2
BRDA:57,13,0,0
BRDA:57,13,1,29
BRDA:57,14,0,29
BRDA:57,14,1,1
BRDA:57,14,2,1
BRDA:62,15,0,24
BRDA:62,15,1,0
BRDA:63,16,0,24
BRDA:63,16,1,0
BRDA:64,17,0,24
BRDA:64,17,1,0
BRDA:65,18,0,24
BRDA:65,18,1,0
BRDA:66,19,0,24
BRDA:66,19,1,0
BRDA:67,20,0,24
BRDA:67,20,1,0
BRDA:69,21,0,4
BRDA:69,21,1,2
BRDA:69,21,2,2
BRDA:69,21,3,4
BRDA:69,21,4,12
BRDA:69,21,5,12
BRDA:94,22,0,1
BRDA:94,22,1,13
BRF:54
BRH:42
end_of_record
TN:
SF:src\hooks\useStaffDashboard.js
FN:22,(anonymous_0)
FN:41,useStaffDashboard
FN:49,(anonymous_2)
FN:98,(anonymous_3)
FN:99,(anonymous_4)
FN:107,(anonymous_5)
FN:161,(anonymous_6)
FNF:7
FNH:7
FNDA:4,(anonymous_0)
FNDA:13,useStaffDashboard
FNDA:4,(anonymous_2)
FNDA:4,(anonymous_3)
FNDA:4,(anonymous_4)
FNDA:2,(anonymous_5)
FNDA:8,(anonymous_6)
DA:6,3
DA:22,3
DA:23,4
DA:24,0
DA:27,4
DA:29,4
DA:42,13
DA:43,13
DA:44,13
DA:45,13
DA:46,13
DA:47,13
DA:49,13
DA:50,4
DA:51,4
DA:53,4
DA:54,4
DA:55,4
DA:56,4
DA:58,4
DA:60,4
DA:61,1
DA:64,3
DA:70,3
DA:72,3
DA:73,0
DA:78,3
DA:88,1
DA:89,1
DA:90,1
DA:94,4
DA:98,13
DA:99,4
DA:100,4
DA:103,4
DA:106,13
DA:108,2
DA:109,2
DA:111,2
DA:112,2
DA:113,2
DA:115,2
DA:116,1
DA:119,1
DA:131,1
DA:133,1
DA:134,0
DA:139,1
DA:149,1
DA:150,1
DA:154,2
DA:160,13
DA:161,8
DA:177,13
DA:179,13
LF:55
LH:52
BRDA:23,0,0,0
BRDA:23,0,1,4
BRDA:27,1,0,4
BRDA:27,1,1,0
BRDA:32,2,0,4
BRDA:32,2,1,0
BRDA:32,2,2,0
BRDA:32,2,3,0
BRDA:36,3,0,4
BRDA:36,3,1,0
BRDA:37,4,0,4
BRDA:37,4,1,0
BRDA:60,5,0,1
BRDA:60,5,1,3
BRDA:72,6,0,0
BRDA:72,6,1,3
BRDA:74,7,0,0
BRDA:74,7,1,0
BRDA:79,8,0,3
BRDA:79,8,1,0
BRDA:80,9,0,3
BRDA:80,9,1,0
BRDA:81,10,0,3
BRDA:81,10,1,0
BRDA:82,11,0,3
BRDA:82,11,1,0
BRDA:83,12,0,3
BRDA:83,12,1,0
BRDA:84,13,0,3
BRDA:84,13,1,0
BRDA:85,14,0,3
BRDA:85,14,1,0
BRDA:91,15,0,1
BRDA:91,15,1,0
BRDA:115,16,0,1
BRDA:115,16,1,1
BRDA:133,17,0,0
BRDA:133,17,1,1
BRDA:135,18,0,0
BRDA:135,18,1,0
BRDA:135,18,2,0
BRDA:140,19,0,1
BRDA:140,19,1,0
BRDA:141,20,0,1
BRDA:141,20,1,0
BRDA:142,21,0,1
BRDA:142,21,1,0
BRDA:143,22,0,1
BRDA:143,22,1,0
BRDA:144,23,0,1
BRDA:144,23,1,0
BRDA:145,24,0,1
BRDA:145,24,1,0
BRDA:146,25,0,1
BRDA:146,25,1,0
BRDA:151,26,0,1
BRDA:151,26,1,0
BRDA:177,27,0,13
BRDA:177,27,1,0
BRF:59
BRH:28
end_of_record
TN:
SF:src\pages\AdminDashboard.jsx
FN:9,AdminDashboard
FN:31,(anonymous_1)
FNF:2
FNH:2
FNDA:2,AdminDashboard
FNDA:1,(anonymous_1)
DA:28,2
DA:30,2
DA:32,1
DA:33,1
DA:34,1
DA:35,1
DA:41,2
LF:7
LH:7
BRDA:34,0,0,1
BRDA:34,0,1,0
BRF:2
BRH:1
end_of_record
TN:
SF:src\pages\ChatPage.jsx
FN:36,ChatPage
FN:49,(anonymous_1)
FN:50,(anonymous_2)
FN:62,(anonymous_3)
FN:65,(anonymous_4)
FN:83,(anonymous_5)
FN:115,(anonymous_6)
FN:136,(anonymous_7)
FN:149,(anonymous_8)
FN:152,(anonymous_9)
FN:153,(anonymous_10)
FN:161,(anonymous_11)
FN:216,(anonymous_12)
FNF:13
FNH:0
FNDA:0,ChatPage
FNDA:0,(anonymous_1)
FNDA:0,(anonymous_2)
FNDA:0,(anonymous_3)
FNDA:0,(anonymous_4)
FNDA:0,(anonymous_5)
FNDA:0,(anonymous_6)
FNDA:0,(anonymous_7)
FNDA:0,(anonymous_8)
FNDA:0,(anonymous_9)
FNDA:0,(anonymous_10)
FNDA:0,(anonymous_11)
FNDA:0,(anonymous_12)
DA:7,1
DA:9,1
DA:37,0
DA:38,0
DA:39,0
DA:40,0
DA:42,0
DA:43,0
DA:44,0
DA:45,0
DA:49,0
DA:50,0
DA:51,0
DA:53,0
DA:54,0
DA:57,0
DA:62,0
DA:63,0
DA:65,0
DA:66,0
DA:67,0
DA:71,0
DA:72,0
DA:74,0
DA:78,0
DA:83,0
DA:84,0
DA:87,0
DA:88,0
DA:97,0
DA:98,0
DA:99,0
DA:102,0
DA:104,0
DA:106,0
DA:115,0
DA:116,0
DA:118,0
DA:119,0
DA:130,0
DA:136,0
DA:137,0
DA:139,0
DA:150,0
DA:152,0
DA:153,0
DA:154,0
DA:155,0
DA:161,0
DA:162,0
DA:166,0
DA:167,0
DA:171,0
DA:172,0
DA:193,0
DA:216,0
LF:56
LH:2
BRDA:53,0,0,0
BRDA:53,0,1,0
BRDA:63,1,0,0
BRDA:63,1,1,0
BRDA:63,2,0,0
BRDA:63,2,1,0
BRDA:63,2,2,0
BRDA:72,3,0,0
BRDA:72,3,1,0
BRDA:84,4,0,0
BRDA:84,4,1,0
BRDA:87,5,0,0
BRDA:87,5,1,0
BRDA:90,6,0,0
BRDA:90,6,1,0
BRDA:92,7,0,0
BRDA:92,7,1,0
BRDA:102,8,0,0
BRDA:102,8,1,0
BRDA:102,9,0,0
BRDA:102,9,1,0
BRDA:137,10,0,0
BRDA:137,10,1,0
BRDA:137,11,0,0
BRDA:137,11,1,0
BRDA:154,12,0,0
BRDA:154,12,1,0
BRDA:166,13,0,0
BRDA:166,13,1,0
BRDA:167,14,0,0
BRDA:167,14,1,0
BRDA:171,15,0,0
BRDA:171,15,1,0
BRDA:207,16,0,0
BRDA:207,16,1,0
BRF:35
BRH:0
end_of_record
TN:
SF:src\pages\CreateListing.jsx
FN:27,(anonymous_0)
FN:34,(anonymous_1)
FN:36,CreateListing
FN:57,(anonymous_3)
FN:61,(anonymous_4)
FN:72,(anonymous_5)
FN:85,(anonymous_6)
FN:86,(anonymous_7)
FN:121,(anonymous_8)
FN:127,(anonymous_9)
FN:170,(anonymous_10)
FN:176,(anonymous_11)
FN:386,(anonymous_12)
FN:496,(anonymous_13)
FN:518,(anonymous_14)
FNF:15
FNH:11
FNDA:2,(anonymous_0)
FNDA:0,(anonymous_1)
FNDA:5,CreateListing
FNDA:3,(anonymous_3)
FNDA:0,(anonymous_4)
FNDA:0,(anonymous_5)
FNDA:1,(anonymous_6)
FNDA:1,(anonymous_7)
FNDA:4,(anonymous_8)
FNDA:1,(anonymous_9)
FNDA:3,(anonymous_10)
FNDA:0,(anonymous_11)
FNDA:20,(anonymous_12)
FNDA:25,(anonymous_13)
FNDA:15,(anonymous_14)
DA:6,2
DA:7,2
DA:14,2
DA:20,2
DA:22,2
DA:24,2
DA:25,2
DA:27,2
DA:28,2
DA:34,2
DA:37,5
DA:38,5
DA:39,5
DA:40,5
DA:41,5
DA:42,5
DA:43,5
DA:44,5
DA:48,5
DA:57,5
DA:58,3
DA:61,5
DA:62,0
DA:64,0
DA:65,0
DA:68,0
DA:69,0
DA:72,5
DA:73,0
DA:74,0
DA:77,0
DA:78,0
DA:80,0
DA:81,0
DA:85,5
DA:86,1
DA:87,1
DA:88,0
DA:93,5
DA:94,5
DA:95,5
DA:96,5
DA:100,5
DA:102,5
DA:110,5
DA:119,5
DA:121,5
DA:122,4
DA:123,1
DA:126,3
DA:127,3
DA:128,1
DA:129,1
DA:130,1
DA:131,1
DA:133,1
DA:134,1
DA:139,1
DA:144,1
DA:146,1
DA:147,0
DA:152,1
DA:153,1
DA:154,1
DA:155,1
DA:157,0
DA:158,0
DA:161,0
DA:162,0
DA:163,0
DA:164,0
DA:170,3
DA:171,3
DA:172,3
DA:176,5
DA:177,0
DA:179,0
DA:180,0
DA:182,0
DA:183,0
DA:184,0
DA:187,0
DA:189,0
DA:199,0
DA:201,0
DA:202,0
DA:203,0
DA:204,0
DA:207,0
DA:210,0
DA:211,0
DA:212,0
DA:214,0
DA:218,0
DA:219,0
DA:220,0
DA:221,0
DA:225,0
DA:234,0
DA:236,0
DA:237,0
DA:241,5
DA:387,20
DA:497,25
DA:519,15
LF:105
LH:60
BRDA:62,0,0,0
BRDA:62,0,1,0
BRDA:64,1,0,0
BRDA:64,1,1,0
BRDA:69,2,0,0
BRDA:69,2,1,0
BRDA:73,3,0,0
BRDA:73,3,1,0
BRDA:80,4,0,0
BRDA:80,4,1,0
BRDA:87,5,0,0
BRDA:87,5,1,1
BRDA:95,6,0,5
BRDA:95,6,1,5
BRDA:96,7,0,4
BRDA:96,7,1,1
BRDA:102,8,0,1
BRDA:102,8,1,4
BRDA:104,9,0,0
BRDA:104,9,1,4
BRDA:106,10,0,1
BRDA:106,10,1,3
BRDA:110,11,0,1
BRDA:110,11,1,4
BRDA:112,12,0,0
BRDA:112,12,1,4
BRDA:114,13,0,1
BRDA:114,13,1,3
BRDA:119,14,0,1
BRDA:119,14,1,4
BRDA:122,15,0,1
BRDA:122,15,1,3
BRDA:146,16,0,0
BRDA:146,16,1,1
BRDA:148,17,0,0
BRDA:148,17,1,0
BRDA:157,18,0,0
BRDA:157,18,1,0
BRDA:165,19,0,0
BRDA:165,19,1,0
BRDA:182,20,0,0
BRDA:182,20,1,0
BRDA:201,21,0,0
BRDA:201,21,1,0
BRDA:210,22,0,0
BRDA:210,22,1,0
BRDA:218,23,0,0
BRDA:218,23,1,0
BRDA:284,24,0,0
BRDA:284,24,1,5
BRDA:286,25,0,0
BRDA:286,25,1,0
BRDA:310,26,0,0
BRDA:310,26,1,0
BRDA:431,27,0,3
BRDA:431,27,1,2
BRDA:436,28,0,1
BRDA:436,28,1,4
BRF:58
BRH:25
end_of_record
TN:
SF:src\pages\ListingDetails.jsx
FN:10,ListingDetails
FN:15,(anonymous_1)
FN:41,(anonymous_2)
FNF:3
FNH:2
FNDA:4,ListingDetails
FNDA:0,(anonymous_1)
FNDA:1,(anonymous_2)
DA:11,4
DA:12,4
DA:15,4
DA:16,0
DA:35,4
DA:41,4
DA:42,1
DA:45,4
DA:46,3
DA:48,2
LF:10
LH:9
BRDA:45,0,0,1
BRDA:45,0,1,3
BRDA:46,1,0,1
BRDA:46,1,1,2
BRDA:51,2,0,2
BRDA:51,2,1,1
BRDA:58,3,0,2
BRDA:58,3,1,0
BRDA:62,4,0,2
BRDA:62,4,1,0
BRDA:63,5,0,2
BRDA:63,5,1,0
BRDA:68,6,0,2
BRDA:68,6,1,1
BRDA:72,7,0,1
BRDA:72,7,1,1
BRF:16
BRH:13
end_of_record
TN:
SF:src\pages\MessagesPage.jsx
FN:5,MessagesPage
FN:14,(anonymous_1)
FN:15,(anonymous_2)
FN:32,(anonymous_3)
FN:51,(anonymous_4)
FN:84,(anonymous_5)
FN:87,(anonymous_6)
FN:99,(anonymous_7)
FN:105,(anonymous_8)
FN:114,(anonymous_9)
FN:119,(anonymous_10)
FN:197,(anonymous_11)
FN:201,(anonymous_12)
FNF:13
FNH:0
FNDA:0,MessagesPage
FNDA:0,(anonymous_1)
FNDA:0,(anonymous_2)
FNDA:0,(anonymous_3)
FNDA:0,(anonymous_4)
FNDA:0,(anonymous_5)
FNDA:0,(anonymous_6)
FNDA:0,(anonymous_7)
FNDA:0,(anonymous_8)
FNDA:0,(anonymous_9)
FNDA:0,(anonymous_10)
FNDA:0,(anonymous_11)
FNDA:0,(anonymous_12)
DA:6,0
DA:8,0
DA:9,0
DA:10,0
DA:14,0
DA:15,0
DA:16,0
DA:18,0
DA:19,0
DA:20,0
DA:21,0
DA:24,0
DA:27,0
DA:32,0
DA:33,0
DA:34,0
DA:47,0
DA:49,0
DA:51,0
DA:52,0
DA:54,0
DA:56,0
DA:60,0
DA:62,0
DA:63,0
DA:74,0
DA:76,0
DA:78,0
DA:84,0
DA:85,0
DA:87,0
DA:88,0
DA:90,0
DA:100,0
DA:105,0
DA:106,0
DA:110,0
DA:114,0
DA:115,0
DA:119,0
DA:120,0
DA:122,0
DA:131,0
DA:132,0
DA:151,0
DA:198,0
DA:201,0
LF:47
LH:0
BRDA:18,0,0,0
BRDA:18,0,1,0
BRDA:47,1,0,0
BRDA:47,1,1,0
BRDA:54,2,0,0
BRDA:54,2,1,0
BRDA:56,3,0,0
BRDA:56,3,1,0
BRDA:62,4,0,0
BRDA:62,4,1,0
BRDA:65,5,0,0
BRDA:65,5,1,0
BRDA:67,6,0,0
BRDA:67,6,1,0
BRDA:85,7,0,0
BRDA:85,7,1,0
BRDA:120,8,0,0
BRDA:120,8,1,0
BRDA:131,9,0,0
BRDA:131,9,1,0
BRDA:174,10,0,0
BRDA:174,10,1,0
BRDA:188,11,0,0
BRDA:188,11,1,0
BRDA:206,12,0,0
BRDA:206,12,1,0
BRF:26
BRH:0
end_of_record
TN:
SF:src\pages\NotificationsPage.jsx
FN:44,(anonymous_0)
FN:53,NotificationsPage
FN:55,(anonymous_2)
FN:59,(anonymous_3)
FN:112,(anonymous_4)
FN:157,(anonymous_5)
FNF:6
FNH:0
FNDA:0,(anonymous_0)
FNDA:0,NotificationsPage
FNDA:0,(anonymous_2)
FNDA:0,(anonymous_3)
FNDA:0,(anonymous_4)
FNDA:0,(anonymous_5)
DA:1,1
DA:44,1
DA:45,0
DA:46,0
DA:47,0
DA:48,0
DA:49,0
DA:50,0
DA:54,0
DA:55,0
DA:58,0
DA:59,0
DA:62,0
DA:113,0
DA:158,0
LF:15
LH:2
BRDA:45,0,0,0
BRDA:45,0,1,0
BRDA:46,1,0,0
BRDA:46,1,1,0
BRDA:47,2,0,0
BRDA:47,2,1,0
BRDA:48,3,0,0
BRDA:48,3,1,0
BRDA:49,4,0,0
BRDA:49,4,1,0
BRDA:86,5,0,0
BRDA:86,5,1,0
BRDA:103,6,0,0
BRDA:103,6,1,0
BRDA:148,7,0,0
BRDA:148,7,1,0
BRF:16
BRH:0
end_of_record
TN:
SF:src\pages\SellerProfilePage.jsx
FN:48,SellerProfilePage
FN:51,(anonymous_1)
FNF:2
FNH:0
FNDA:0,SellerProfilePage
FNDA:0,(anonymous_1)
DA:6,1
DA:11,1
DA:21,1
DA:49,0
DA:51,0
DA:56,0
LF:6
LH:3
BRDA:67,0,0,0
BRDA:67,0,1,0
BRF:2
BRH:0
end_of_record
TN:
SF:src\pages\SignInPage.jsx
FN:3,SignInPage
FNF:1
FNH:1
FNDA:1,SignInPage
DA:4,1
LF:1
LH:1
BRF:0
BRH:0
end_of_record
TN:
SF:src\pages\SignUpPage.jsx
FN:3,SignUpPage
FNF:1
FNH:1
FNDA:1,SignUpPage
DA:4,1
LF:1
LH:1
BRF:0
BRH:0
end_of_record
TN:
SF:src\pages\StaffDashboard.jsx
FN:11,StaffDashboard
FNF:1
FNH:1
FNDA:2,StaffDashboard
DA:31,2
DA:33,2
DA:34,2
DA:36,2
DA:38,2
LF:5
LH:5
BRDA:34,0,0,2
BRDA:34,0,1,0
BRDA:36,1,0,2
BRDA:36,1,1,0
BRDA:49,2,0,0
BRDA:49,2,1,2
BRDA:64,3,0,0
BRDA:64,3,1,2
BRDA:72,4,0,2
BRDA:72,4,1,0
BRDA:72,5,0,2
BRDA:72,5,1,2
BRDA:83,6,0,2
BRDA:83,6,1,0
BRDA:83,7,0,2
BRDA:83,7,1,2
BRDA:87,8,0,2
BRDA:87,8,1,0
BRDA:87,9,0,2
BRDA:87,9,1,2
BRF:20
BRH:13
end_of_record
TN:
SF:src\pages\StudentDashboard.jsx
FN:15,StudentDashboard
FN:43,(anonymous_1)
FN:86,(anonymous_2)
FN:96,(anonymous_3)
FN:96,(anonymous_4)
FNF:5
FNH:2
FNDA:5,StudentDashboard
FNDA:2,(anonymous_1)
FNDA:0,(anonymous_2)
FNDA:0,(anonymous_3)
FNDA:0,(anonymous_4)
DA:16,5
DA:18,5
DA:19,5
DA:23,5
DA:40,5
DA:43,5
DA:44,2
DA:46,2
DA:47,1
DA:51,5
DA:52,5
DA:60,5
DA:62,5
DA:86,0
DA:96,0
LF:15
LH:13
BRDA:46,0,0,1
BRDA:46,0,1,1
BRDA:51,1,0,5
BRDA:51,1,1,0
BRDA:51,1,2,0
BRDA:83,2,0,5
BRDA:83,2,1,4
BRDA:101,3,0,0
BRDA:101,3,1,4
BRDA:104,4,0,4
BRDA:104,4,1,0
BRDA:111,5,0,4
BRDA:111,5,1,0
BRDA:145,6,0,5
BRDA:145,6,1,1
BRF:15
BRH:10
end_of_record
TN:
SF:src\pages\WelcomePage.jsx
FN:5,WelcomePage
FNF:1
FNH:1
FNDA:1,WelcomePage
DA:6,1
LF:1
LH:1
BRF:0
BRH:0
end_of_record
TN:
SF:src\utils\navigation.js
FN:1,(anonymous_0)
FNF:1
FNH:0
FNDA:0,(anonymous_0)
DA:1,2
DA:2,0
DA:4,0
LF:3
LH:1
BRDA:2,0,0,0
BRDA:2,0,1,0
BRF:2
BRH:0
end_of_record
TN:
SF:src\utils\roleRedirect.js
FN:9,(anonymous_0)
FN:12,(anonymous_1)
FN:15,(anonymous_2)
FNF:3
FNH:3
FNDA:5,(anonymous_0)
FNDA:4,(anonymous_1)
FNDA:2,(anonymous_2)
DA:3,2
DA:9,2
DA:10,5
DA:12,2
DA:13,4
DA:15,2
DA:16,2
DA:17,0
DA:20,2
DA:26,2
DA:27,1
DA:28,1
DA:31,1
LF:13
LH:12
BRDA:10,0,0,5
BRDA:10,0,1,0
BRDA:16,1,0,0
BRDA:16,1,1,2
BRDA:26,2,0,1
BRDA:26,2,1,1
BRF:6
BRH:4
end_of_record
