TN:
SF:src\App.jsx
FN:31,App
FN:39,AppShell
FN:55,(anonymous_2)
FN:58,(anonymous_3)
FN:64,(anonymous_4)
FN:77,(anonymous_5)
FN:87,(anonymous_6)
FNF:7
FNH:7
FNDA:6,App
FNDA:14,AppShell
FNDA:6,(anonymous_2)
FNDA:6,(anonymous_3)
FNDA:6,(anonymous_4)
FNDA:12,(anonymous_5)
FNDA:2,(anonymous_6)
DA:32,6
DA:41,14
DA:42,14
DA:43,14
DA:48,14
DA:55,14
DA:58,6
DA:59,6
DA:61,6
DA:64,6
DA:77,14
DA:79,12
DA:82,6
DA:85,2
DA:87,2
DA:88,2
DA:90,2
DA:91,2
DA:93,2
DA:95,2
DA:96,2
DA:97,2
DA:101,2
DA:105,14
DA:108,6
DA:111,8
LF:26
LH:26
BRDA:79,0,0,6
BRDA:79,0,1,6
BRDA:82,1,0,4
BRDA:82,1,1,2
BRDA:85,2,0,0
BRDA:85,2,1,2
BRDA:93,3,0,2
BRDA:93,3,1,1
BRDA:95,4,0,2
BRDA:95,4,1,0
BRDA:95,5,0,2
BRDA:95,5,1,1
BRDA:95,5,2,2
BRDA:105,6,0,6
BRDA:105,6,1,8
BRF:15
BRH:13
end_of_record
TN:
SF:src\components\Chat.jsx
FN:3,Chat
FN:14,(anonymous_1)
FN:18,(anonymous_2)
FN:27,(anonymous_3)
FN:77,(anonymous_4)
FN:153,(anonymous_5)
FNF:6
FNH:6
FNDA:44,Chat
FNDA:44,(anonymous_1)
FNDA:79,(anonymous_2)
FNDA:3,(anonymous_3)
FNDA:79,(anonymous_4)
FNDA:37,(anonymous_5)
DA:12,44
DA:14,44
DA:15,44
DA:18,44
DA:19,79
DA:21,79
DA:27,44
DA:28,3
DA:29,3
DA:32,44
DA:78,79
DA:80,79
DA:153,37
LF:13
LH:13
BRDA:19,0,0,0
BRDA:19,0,1,79
BRDA:38,1,0,44
BRDA:38,1,1,3
BRDA:43,2,0,44
BRDA:43,2,1,3
BRDA:47,3,0,44
BRDA:47,3,1,3
BRDA:50,4,0,44
BRDA:50,4,1,41
BRDA:50,4,2,22
BRDA:61,5,0,4
BRDA:61,5,1,40
BRDA:83,6,0,21
BRDA:83,6,1,58
BRDA:85,7,0,79
BRDA:85,7,1,58
BRDA:87,8,0,58
BRDA:87,8,1,1
BRDA:93,9,0,21
BRDA:93,9,1,58
BRDA:104,10,0,79
BRDA:104,10,1,0
BRDA:106,11,0,21
BRDA:106,11,1,58
BRDA:112,12,0,79
BRDA:112,12,1,21
BRDA:115,13,0,19
BRDA:115,13,1,2
BRDA:120,14,0,19
BRDA:120,14,1,2
BRF:31
BRH:29
end_of_record
TN:
SF:src\components\HeroSection.jsx
FN:11,HeroSection
FNF:1
FNH:1
FNDA:2,HeroSection
DA:12,2
LF:1
LH:1
BRF:0
BRH:0
end_of_record
TN:
SF:src\components\HomeCategory.jsx
FN:53,CategoryCard
FN:71,CuratedCategories
FN:104,(anonymous_2)
FNF:3
FNH:3
FNDA:12,CategoryCard
FNDA:2,CuratedCategories
FNDA:12,(anonymous_2)
DA:8,3
DA:54,12
DA:72,2
DA:105,12
LF:4
LH:4
BRF:0
BRH:0
end_of_record
TN:
SF:src\components\NavBar.jsx
FN:13,Navbar
FN:32,(anonymous_1)
FNF:2
FNH:2
FNDA:7,Navbar
FNDA:14,(anonymous_1)
DA:3,5
DA:9,5
DA:11,5
DA:14,7
DA:16,7
DA:33,14
DA:35,14
LF:7
LH:7
BRDA:40,0,0,7
BRDA:40,0,1,7
BRDA:42,1,0,7
BRDA:42,1,1,7
BRF:4
BRH:4
end_of_record
TN:
SF:src\components\SignIn.jsx
FN:6,SignIn
FN:10,(anonymous_1)
FN:56,(anonymous_2)
FN:68,GoogleIcon
FNF:4
FNH:4
FNDA:6,SignIn
FNDA:2,(anonymous_1)
FNDA:1,(anonymous_2)
FNDA:6,GoogleIcon
DA:7,6
DA:8,6
DA:10,6
DA:11,2
DA:13,2
DA:20,2
DA:21,1
DA:22,1
DA:26,6
DA:56,1
DA:69,6
LF:11
LH:11
BRDA:20,0,0,1
BRDA:20,0,1,1
BRDA:47,1,0,2
BRDA:47,1,1,4
BRF:4
BRH:4
end_of_record
TN:
SF:src\components\SignUp.jsx
FN:6,SignUp
FN:10,(anonymous_1)
FN:69,(anonymous_2)
FN:99,(anonymous_3)
FN:115,(anonymous_4)
FN:137,ShieldIcon
FN:163,UsersIcon
FN:199,GoogleIcon
FNF:8
FNH:6
FNDA:6,SignUp
FNDA:2,(anonymous_1)
FNDA:12,(anonymous_2)
FNDA:2,(anonymous_3)
FNDA:1,(anonymous_4)
FNDA:0,ShieldIcon
FNDA:0,UsersIcon
FNDA:6,GoogleIcon
DA:7,6
DA:8,6
DA:10,6
DA:11,2
DA:13,2
DA:20,2
DA:21,1
DA:22,1
DA:26,6
DA:70,12
DA:99,2
DA:115,1
DA:138,0
DA:164,0
DA:200,6
LF:15
LH:13
BRDA:20,0,0,1
BRDA:20,0,1,1
BRDA:128,1,0,2
BRDA:128,1,1,4
BRF:4
BRH:4
end_of_record
TN:
SF:src\components\adminDashboard\AdminProfileSettings.jsx
FN:4,(anonymous_0)
FN:11,(anonymous_1)
FN:18,AdminProfileSettings
FN:23,(anonymous_3)
FNF:4
FNH:4
FNDA:3,(anonymous_0)
FNDA:3,(anonymous_1)
FNDA:3,AdminProfileSettings
FNDA:1,(anonymous_3)
DA:4,3
DA:5,3
DA:6,1
DA:7,1
DA:8,1
DA:11,3
DA:12,3
DA:13,1
DA:14,1
DA:15,1
DA:19,3
DA:20,3
DA:21,3
DA:23,3
DA:24,1
DA:25,1
DA:28,3
LF:17
LH:17
BRDA:5,0,0,2
BRDA:5,0,1,1
BRDA:7,1,0,0
BRDA:7,1,1,1
BRDA:12,2,0,2
BRDA:12,2,1,1
BRDA:14,3,0,0
BRDA:14,3,1,1
BRDA:19,4,0,3
BRDA:19,4,1,1
BRDA:19,4,2,1
BRDA:20,5,0,3
BRDA:20,5,1,2
BRDA:33,6,0,1
BRDA:33,6,1,2
BRF:15
BRH:13
end_of_record
TN:
SF:src\components\adminDashboard\AdminSidebar.jsx
FN:1,AdminSidebar
FN:14,(anonymous_1)
FN:20,(anonymous_2)
FNF:3
FNH:3
FNDA:5,AdminSidebar
FNDA:10,(anonymous_1)
FNDA:2,(anonymous_2)
DA:2,5
DA:15,10
DA:16,10
DA:20,2
LF:4
LH:4
BRDA:22,0,0,4
BRDA:22,0,1,6
BRDA:28,1,0,5
BRDA:28,1,1,5
BRF:4
BRH:4
end_of_record
TN:
SF:src\components\adminDashboard\AdminSummaryCards.jsx
FN:1,AdminSummaryCards
FN:7,(anonymous_1)
FNF:2
FNH:2
FNDA:3,AdminSummaryCards
FNDA:4,(anonymous_1)
DA:2,3
DA:8,4
LF:2
LH:2
BRF:0
BRH:0
end_of_record
TN:
SF:src\components\adminDashboard\AnalyticsPanel.jsx
FN:7,AnalyticsPanel
FN:34,(anonymous_1)
FN:54,(anonymous_2)
FN:62,(anonymous_3)
FN:70,(anonymous_4)
FN:103,(anonymous_5)
FN:111,(anonymous_6)
FN:119,(anonymous_7)
FN:154,(anonymous_8)
FN:162,(anonymous_9)
FN:199,(anonymous_10)
FN:207,(anonymous_11)
FNF:12
FNH:12
FNDA:4,AnalyticsPanel
FNDA:1,(anonymous_1)
FNDA:1,(anonymous_2)
FNDA:1,(anonymous_3)
FNDA:5,(anonymous_4)
FNDA:1,(anonymous_5)
FNDA:1,(anonymous_6)
FNDA:5,(anonymous_7)
FNDA:1,(anonymous_8)
FNDA:1,(anonymous_9)
FNDA:1,(anonymous_10)
FNDA:1,(anonymous_11)
DA:2,3
DA:5,3
DA:17,4
DA:19,4
DA:34,1
DA:54,1
DA:62,1
DA:71,5
DA:103,1
DA:111,1
DA:120,5
DA:154,1
DA:162,1
DA:199,1
DA:207,1
LF:15
LH:15
BRF:0
BRH:0
end_of_record
TN:
SF:src\components\adminDashboard\FacilitySettingsPanel.jsx
FN:1,FacilitySettingsPanel
FN:73,(anonymous_1)
FN:83,(anonymous_2)
FN:96,(anonymous_3)
FN:107,(anonymous_4)
FN:136,(anonymous_5)
FN:149,(anonymous_6)
FN:174,(anonymous_7)
FN:190,(anonymous_8)
FNF:9
FNH:9
FNDA:6,FacilitySettingsPanel
FNDA:1,(anonymous_1)
FNDA:1,(anonymous_2)
FNDA:1,(anonymous_3)
FNDA:1,(anonymous_4)
FNDA:6,(anonymous_5)
FNDA:1,(anonymous_6)
FNDA:1,(anonymous_7)
FNDA:1,(anonymous_8)
DA:11,6
DA:73,1
DA:83,1
DA:97,1
DA:107,1
DA:137,6
DA:150,1
DA:175,1
DA:191,1
LF:9
LH:9
BRDA:8,0,0,2
BRDA:9,1,0,2
BRDA:22,2,0,4
BRDA:22,2,1,2
BRDA:33,3,0,1
BRDA:33,3,1,5
BRDA:57,4,0,4
BRDA:57,4,1,1
BRDA:113,5,0,4
BRDA:113,5,1,2
BRDA:125,6,0,6
BRDA:125,6,1,4
BRF:12
BRH:12
end_of_record
TN:
SF:src\components\adminDashboard\ModerationPanel.jsx
FN:1,(anonymous_0)
FN:2,(anonymous_1)
FN:14,(anonymous_2)
FN:22,ModerationPanel
FNF:4
FNH:4
FNDA:8,(anonymous_0)
FNDA:8,(anonymous_1)
FNDA:2,(anonymous_2)
FNDA:5,ModerationPanel
DA:1,3
DA:2,8
DA:3,8
DA:14,2
DA:28,5
LF:5
LH:5
BRDA:69,0,0,4
BRDA:69,0,1,1
BRDA:101,1,0,4
BRDA:101,1,1,1
BRF:4
BRH:4
end_of_record
TN:
SF:src\components\adminDashboard\UserManagement.jsx
FN:17,RoleBadge
FN:29,StarRating
FN:41,UserManagement
FN:48,(anonymous_3)
FN:50,(anonymous_4)
FN:62,(anonymous_5)
FN:68,(anonymous_6)
FN:110,(anonymous_7)
FN:115,(anonymous_8)
FN:119,(anonymous_9)
FN:152,(anonymous_10)
FN:227,(anonymous_11)
FN:233,(anonymous_12)
FN:288,(anonymous_13)
FN:306,(anonymous_14)
FN:324,(anonymous_15)
FNF:16
FNH:12
FNDA:8,RoleBadge
FNDA:6,StarRating
FNDA:8,UserManagement
FNDA:6,(anonymous_3)
FNDA:8,(anonymous_4)
FNDA:1,(anonymous_5)
FNDA:1,(anonymous_6)
FNDA:3,(anonymous_7)
FNDA:0,(anonymous_8)
FNDA:24,(anonymous_9)
FNDA:8,(anonymous_10)
FNDA:1,(anonymous_11)
FNDA:24,(anonymous_12)
FNDA:0,(anonymous_13)
FNDA:0,(anonymous_14)
FNDA:0,(anonymous_15)
DA:3,3
DA:5,3
DA:11,3
DA:18,8
DA:30,6
DA:42,8
DA:43,8
DA:44,8
DA:45,8
DA:48,8
DA:49,6
DA:50,6
DA:51,8
DA:53,8
DA:58,8
DA:62,8
DA:63,1
DA:64,1
DA:65,1
DA:68,8
DA:69,1
DA:70,1
DA:71,0
DA:77,1
DA:80,1
DA:81,1
DA:84,8
DA:110,3
DA:115,0
DA:120,24
DA:153,8
DA:154,8
DA:228,1
DA:234,24
DA:289,0
DA:307,0
DA:324,0
LF:37
LH:32
BRDA:21,0,0,8
BRDA:21,0,1,0
BRDA:24,1,0,8
BRDA:24,1,1,0
BRDA:32,2,0,6
BRDA:32,2,1,0
BRDA:33,3,0,6
BRDA:33,3,1,0
BRDA:35,4,0,6
BRDA:35,4,1,0
BRDA:41,5,0,6
BRDA:51,6,0,8
BRDA:51,6,1,0
BRDA:53,7,0,8
BRDA:53,7,1,6
BRDA:53,7,2,2
BRDA:53,7,3,2
BRDA:53,7,4,2
BRDA:58,8,0,8
BRDA:58,8,1,8
BRDA:63,9,0,0
BRDA:63,9,1,1
BRDA:69,10,0,0
BRDA:69,10,1,1
BRDA:70,11,0,0
BRDA:70,11,1,1
BRDA:142,12,0,2
BRDA:142,12,1,6
BRDA:162,13,0,8
BRDA:162,13,1,0
BRDA:171,14,0,8
BRDA:171,14,1,0
BRDA:176,15,0,8
BRDA:176,15,1,0
BRDA:181,16,0,6
BRDA:181,16,1,2
BRDA:192,17,0,8
BRDA:192,17,1,0
BRDA:199,18,0,0
BRDA:199,18,1,8
BRDA:251,19,0,8
BRDA:251,19,1,1
BRDA:277,20,0,1
BRDA:277,20,1,0
BRDA:332,21,0,1
BRDA:332,21,1,0
BRF:46
BRH:30
end_of_record
TN:
SF:src\components\listingDetails\BuyButton.jsx
FN:6,BuyButton
FN:25,(anonymous_1)
FN:85,(anonymous_2)
FN:105,(anonymous_3)
FN:117,(anonymous_4)
FN:146,(anonymous_5)
FNF:6
FNH:6
FNDA:25,BuyButton
FNDA:7,(anonymous_1)
FNDA:2,(anonymous_2)
FNDA:2,(anonymous_3)
FNDA:1,(anonymous_4)
FNDA:6,(anonymous_5)
DA:7,25
DA:8,25
DA:9,25
DA:10,25
DA:13,25
DA:14,25
DA:16,25
DA:18,25
DA:19,25
DA:21,25
DA:25,25
DA:26,7
DA:27,7
DA:30,7
DA:31,3
DA:32,1
DA:33,1
DA:34,1
DA:36,2
DA:37,1
DA:38,1
DA:39,1
DA:43,5
DA:46,5
DA:47,5
DA:48,1
DA:49,1
DA:50,1
DA:53,4
DA:59,4
DA:60,1
DA:61,1
DA:62,1
DA:65,3
DA:75,3
DA:77,3
DA:78,1
DA:79,1
DA:80,1
DA:83,2
DA:84,2
DA:85,2
DA:86,2
DA:89,0
DA:90,0
DA:94,25
DA:106,2
DA:118,1
DA:119,1
DA:120,1
DA:146,6
LF:51
LH:49
BRDA:21,0,0,8
BRDA:21,0,1,17
BRDA:21,1,0,25
BRDA:21,1,1,11
BRDA:30,2,0,3
BRDA:30,2,1,4
BRDA:31,3,0,1
BRDA:31,3,1,2
BRDA:31,4,0,3
BRDA:31,4,1,2
BRDA:36,5,0,1
BRDA:36,5,1,1
BRDA:47,6,0,1
BRDA:47,6,1,4
BRDA:59,7,0,1
BRDA:59,7,1,3
BRDA:59,8,0,4
BRDA:59,8,1,3
BRDA:71,9,0,1
BRDA:71,9,1,2
BRDA:77,10,0,1
BRDA:77,10,1,2
BRDA:78,11,0,1
BRDA:78,11,1,0
BRDA:83,12,0,2
BRDA:83,12,1,1
BRDA:86,13,0,2
BRDA:86,13,1,0
BRDA:89,14,0,0
BRDA:89,14,1,0
BRDA:97,15,0,25
BRDA:97,15,1,2
BRDA:112,16,0,25
BRDA:112,16,1,24
BRDA:129,17,0,25
BRDA:129,17,1,11
BRDA:151,18,0,11
BRDA:151,18,1,8
BRDA:151,18,2,8
BRDA:151,18,3,8
BRDA:151,18,4,6
BRDA:167,19,0,25
BRDA:167,19,1,12
BRDA:177,20,0,25
BRDA:177,20,1,18
BRDA:180,21,0,7
BRDA:180,21,1,18
BRDA:182,22,0,1
BRDA:182,22,1,17
BRDA:184,23,0,4
BRDA:184,23,1,13
BRDA:184,24,0,17
BRDA:184,24,1,9
BRDA:184,24,2,6
BRF:54
BRH:50
end_of_record
TN:
SF:src\components\listingDetails\ListingActions.jsx
FN:3,ListingActions
FNF:1
FNH:1
FNDA:2,ListingActions
DA:14,2
DA:18,2
LF:2
LH:2
BRDA:14,0,0,2
BRDA:14,0,1,1
BRDA:14,0,2,1
BRDA:22,1,0,2
BRDA:22,1,1,1
BRDA:22,1,2,1
BRDA:31,2,0,2
BRDA:31,2,1,1
BRDA:31,2,2,1
BRDA:37,3,0,0
BRDA:37,3,1,1
BRDA:43,4,0,2
BRDA:43,4,1,1
BRDA:66,5,0,1
BRDA:66,5,1,0
BRF:15
BRH:13
end_of_record
TN:
SF:src\components\listingDetails\ListingEditForm.jsx
FN:9,ListingEditForm
FN:62,(anonymous_1)
FN:78,(anonymous_2)
FN:94,(anonymous_3)
FNF:4
FNH:4
FNDA:2,ListingEditForm
FNDA:8,(anonymous_1)
FNDA:10,(anonymous_2)
FNDA:6,(anonymous_3)
DA:17,2
DA:63,8
DA:79,10
DA:95,6
LF:4
LH:4
BRDA:102,0,0,2
BRDA:102,0,1,1
BRDA:110,1,0,1
BRDA:110,1,1,1
BRF:4
BRH:4
end_of_record
TN:
SF:src\components\listingDetails\ListingReadOnlyDetails.jsx
FN:3,ListingReadOnlyDetails
FN:7,(anonymous_1)
FN:13,(anonymous_2)
FNF:3
FNH:3
FNDA:2,ListingReadOnlyDetails
FNDA:2,(anonymous_1)
FNDA:1,(anonymous_2)
DA:4,2
DA:7,2
DA:10,2
DA:13,1
DA:16,2
LF:5
LH:5
BRDA:4,0,0,1
BRDA:4,0,1,1
BRDA:10,1,0,1
BRDA:10,1,1,1
BRDA:18,2,0,2
BRDA:18,2,1,2
BRDA:24,3,0,2
BRDA:24,3,1,2
BRDA:53,4,0,2
BRDA:53,4,1,0
BRF:10
BRH:9
end_of_record
TN:
SF:src\components\listingDetails\listingDetailsOptions.js
FNF:0
FNH:0
DA:3,3
DA:10,3
DA:11,3
LF:3
LH:3
BRF:0
BRH:0
end_of_record
TN:
SF:src\components\staff-dashboard\ActivityFeed.jsx
FN:1,ActivityFeed
FN:20,(anonymous_1)
FNF:2
FNH:2
FNDA:6,ActivityFeed
FNDA:6,(anonymous_1)
DA:2,6
DA:21,6
LF:2
LH:2
BRDA:18,0,0,6
BRDA:18,0,1,0
BRF:2
BRH:1
end_of_record
TN:
SF:src\components\staff-dashboard\BookingScheduleBoard.jsx
FN:7,(anonymous_0)
FN:25,(anonymous_1)
FN:28,BookingScheduleBoard
FN:59,(anonymous_3)
FN:99,(anonymous_4)
FN:166,(anonymous_5)
FNF:6
FNH:6
FNDA:6,(anonymous_0)
FNDA:6,(anonymous_1)
FNDA:6,BookingScheduleBoard
FNDA:1,(anonymous_3)
FNDA:6,(anonymous_4)
FNDA:6,(anonymous_5)
DA:1,3
DA:7,3
DA:8,6
DA:9,0
DA:12,6
DA:14,6
DA:15,0
DA:18,6
DA:25,3
DA:26,6
DA:33,6
DA:35,6
DA:59,1
DA:100,6
DA:167,6
LF:15
LH:13
BRDA:8,0,0,0
BRDA:8,0,1,6
BRDA:14,1,0,0
BRDA:14,1,1,6
BRDA:26,2,0,6
BRDA:26,2,1,0
BRDA:30,3,0,0
BRDA:63,4,0,6
BRDA:63,4,1,0
BRDA:71,5,0,6
BRDA:71,5,1,0
BRDA:164,6,0,6
BRDA:164,6,1,0
BRF:13
BRH:6
end_of_record
TN:
SF:src\components\staff-dashboard\FacilityOverview.jsx
FN:1,(anonymous_0)
FN:4,FacilityOverview
FN:111,(anonymous_2)
FNF:3
FNH:3
FNDA:7,(anonymous_0)
FNDA:9,FacilityOverview
FNDA:7,(anonymous_2)
DA:1,4
DA:2,7
DA:12,9
DA:13,1
DA:33,8
DA:112,7
LF:6
LH:6
BRDA:2,0,0,6
BRDA:2,0,1,1
BRDA:12,1,0,1
BRDA:12,1,1,8
BRDA:109,2,0,7
BRDA:109,2,1,1
BRF:6
BRH:6
end_of_record
TN:
SF:src\components\staff-dashboard\HeroBanner.jsx
FN:3,HeroBanner
FN:33,(anonymous_1)
FN:42,StatCard
FNF:3
FNH:3
FNDA:6,HeroBanner
FNDA:12,(anonymous_1)
FNDA:12,StatCard
DA:9,6
DA:34,12
DA:43,12
LF:3
LH:3
BRDA:4,0,0,0
BRDA:5,1,0,0
BRDA:6,2,0,0
BRDA:7,3,0,0
BRF:4
BRH:0
end_of_record
TN:
SF:src\components\staff-dashboard\Icon.jsx
FN:79,Icon
FNF:1
FNH:1
FNDA:123,Icon
DA:1,7
DA:80,123
LF:2
LH:2
BRDA:79,0,0,0
BRDA:79,1,0,42
BRDA:79,2,0,123
BRF:3
BRH:2
end_of_record
TN:
SF:src\components\staff-dashboard\ScheduleItem.jsx
FN:9,ScheduleItem
FN:57,(anonymous_1)
FN:57,(anonymous_2)
FN:77,PersonTag
FNF:4
FNH:4
FNDA:5,ScheduleItem
FNDA:1,(anonymous_1)
FNDA:1,(anonymous_2)
FNDA:10,PersonTag
DA:4,2
DA:18,5
DA:20,5
DA:57,1
DA:78,10
LF:5
LH:5
BRDA:60,0,0,1
BRDA:60,0,1,4
BRDA:69,1,0,1
BRDA:69,1,1,4
BRF:4
BRH:4
end_of_record
TN:
SF:src\components\staff-dashboard\Sidebar.jsx
FN:4,Sidebar
FN:12,(anonymous_1)
FN:50,(anonymous_2)
FN:56,(anonymous_3)
FNF:4
FNH:3
FNDA:6,Sidebar
FNDA:42,(anonymous_1)
FNDA:30,(anonymous_2)
FNDA:0,(anonymous_3)
DA:11,6
DA:12,42
DA:15,6
DA:51,30
DA:53,30
DA:56,0
LF:6
LH:5
BRDA:7,0,0,0
BRDA:9,1,0,0
BRDA:12,2,0,42
BRDA:12,2,1,36
BRDA:18,3,0,0
BRDA:18,3,1,6
BRDA:19,4,0,1
BRDA:19,4,1,5
BRDA:23,5,0,1
BRDA:23,5,1,5
BRDA:26,6,0,1
BRDA:26,6,1,5
BRDA:38,7,0,1
BRDA:38,7,1,5
BRDA:42,8,0,1
BRDA:42,8,1,5
BRDA:60,9,0,5
BRDA:60,9,1,25
BRDA:62,10,0,6
BRDA:62,10,1,24
BRDA:71,11,0,6
BRDA:71,11,1,24
BRDA:75,12,0,5
BRDA:75,12,1,25
BRF:24
BRH:21
end_of_record
TN:
SF:src\components\staff-dashboard\StaffProfileSettings.jsx
FN:4,(anonymous_0)
FN:11,(anonymous_1)
FN:18,StaffProfileSettings
FN:23,(anonymous_3)
FNF:4
FNH:4
FNDA:2,(anonymous_0)
FNDA:2,(anonymous_1)
FNDA:2,StaffProfileSettings
FNDA:1,(anonymous_3)
DA:4,4
DA:5,2
DA:6,1
DA:7,1
DA:8,1
DA:11,4
DA:12,2
DA:13,1
DA:14,1
DA:15,1
DA:19,2
DA:20,2
DA:21,2
DA:23,2
DA:24,1
DA:25,1
DA:28,2
LF:17
LH:17
BRDA:5,0,0,1
BRDA:5,0,1,1
BRDA:7,1,0,0
BRDA:7,1,1,1
BRDA:12,2,0,1
BRDA:12,2,1,1
BRDA:14,3,0,0
BRDA:14,3,1,1
BRDA:19,4,0,2
BRDA:19,4,1,1
BRDA:19,4,2,1
BRDA:20,5,0,2
BRDA:20,5,1,1
BRDA:21,6,0,2
BRDA:21,6,1,1
BRDA:33,7,0,1
BRDA:33,7,1,1
BRF:17
BRH:15
end_of_record
TN:
SF:src\components\staff-dashboard\TodaysSchedule.jsx
FN:4,TodaysSchedule
FN:26,(anonymous_1)
FNF:2
FNH:2
FNDA:1,TodaysSchedule
FNDA:3,(anonymous_1)
DA:5,1
DA:27,3
LF:2
LH:2
BRF:0
BRH:0
end_of_record
TN:
SF:src\components\staff-dashboard\Topbar.jsx
FN:4,Topbar
FN:39,(anonymous_1)
FN:52,(anonymous_2)
FNF:3
FNH:3
FNDA:18,Topbar
FNDA:1,(anonymous_1)
FNDA:10,(anonymous_2)
DA:10,18
DA:12,18
DA:39,1
DA:52,10
LF:4
LH:4
BRDA:8,0,0,11
BRDA:27,1,0,2
BRDA:27,1,1,16
BRDA:31,2,0,2
BRDA:31,2,1,16
BRDA:63,3,0,18
BRDA:63,3,1,1
BRDA:66,4,0,18
BRDA:66,4,1,1
BRF:9
BRH:9
end_of_record
TN:
SF:src\components\staff-dashboard\TransactionFlowPanel.jsx
FN:17,(anonymous_0)
FN:35,TransactionFlowPanel
FN:68,(anonymous_2)
FN:137,(anonymous_3)
FN:157,(anonymous_4)
FNF:5
FNH:5
FNDA:6,(anonymous_0)
FNDA:6,TransactionFlowPanel
FNDA:6,(anonymous_2)
FNDA:30,(anonymous_3)
FNDA:1,(anonymous_4)
DA:1,3
DA:9,3
DA:17,3
DA:18,6
DA:19,0
DA:22,6
DA:24,6
DA:25,0
DA:28,6
DA:45,6
DA:47,6
DA:69,6
DA:138,30
DA:140,30
DA:157,1
LF:15
LH:13
BRDA:18,0,0,0
BRDA:18,0,1,6
BRDA:24,1,0,0
BRDA:24,1,1,6
BRDA:37,2,0,0
BRDA:39,3,0,0
BRDA:40,4,0,0
BRDA:41,5,0,0
BRDA:42,6,0,0
BRDA:43,7,0,0
BRDA:59,8,0,6
BRDA:59,8,1,0
BRDA:66,9,0,6
BRDA:66,9,1,0
BRDA:143,10,0,6
BRDA:143,10,1,24
BRDA:154,11,0,6
BRDA:154,11,1,0
BRDA:161,12,0,0
BRDA:161,12,1,6
BRF:20
BRH:8
end_of_record
TN:
SF:src\components\staff-dashboard\VerificationItem.jsx
FN:12,VerificationItem
FN:67,(anonymous_1)
FN:86,(anonymous_2)
FN:107,VerifiedState
FNF:4
FNH:4
FNDA:8,VerificationItem
FNDA:1,(anonymous_1)
FNDA:1,(anonymous_2)
FNDA:2,VerifiedState
DA:1,1
DA:23,8
DA:67,1
DA:86,1
DA:108,2
LF:5
LH:5
BRDA:59,0,0,8
BRDA:59,0,1,2
BRDA:61,1,0,8
BRDA:61,1,1,3
BRF:4
BRH:4
end_of_record
TN:
SF:src\components\staff-dashboard\VerificationQueue.jsx
FN:6,VerificationQueue
FN:9,(anonymous_1)
FN:10,(anonymous_2)
FN:11,(anonymous_3)
FN:16,(anonymous_4)
FN:17,(anonymous_5)
FN:17,(anonymous_6)
FN:41,(anonymous_7)
FN:55,EmptyState
FNF:9
FNH:8
FNDA:3,VerificationQueue
FNDA:1,(anonymous_1)
FNDA:1,(anonymous_2)
FNDA:3,(anonymous_3)
FNDA:1,(anonymous_4)
FNDA:1,(anonymous_5)
FNDA:3,(anonymous_6)
FNDA:8,(anonymous_7)
FNDA:0,EmptyState
DA:7,3
DA:9,3
DA:10,1
DA:11,1
DA:12,3
DA:16,3
DA:17,3
DA:20,3
DA:42,8
DA:56,0
LF:10
LH:9
BRDA:12,0,0,1
BRDA:12,0,1,2
BRDA:38,1,0,0
BRDA:38,1,1,3
BRF:4
BRH:3
end_of_record
TN:
SF:src\components\staff-dashboard\dashboardData.js
FNF:0
FNH:0
DA:1,7
DA:11,7
DA:38,7
DA:49,7
DA:59,7
DA:112,7
DA:159,7
DA:186,7
DA:219,7
DA:249,7
LF:10
LH:10
BRF:0
BRH:0
end_of_record
TN:
SF:src\components\studentDashboard\CategoryFilter.jsx
FN:12,CategoryFilter
FN:16,(anonymous_1)
FN:21,(anonymous_2)
FNF:3
FNH:3
FNDA:2,CategoryFilter
FNDA:8,(anonymous_1)
FNDA:1,(anonymous_2)
DA:13,2
DA:17,8
DA:18,8
DA:21,1
LF:4
LH:4
BRDA:12,0,0,0
BRDA:24,1,0,2
BRDA:24,1,1,6
BRF:3
BRH:2
end_of_record
TN:
SF:src\components\studentDashboard\InAppNotifications.jsx
FN:17,InAppNotifications
FN:22,(anonymous_1)
FN:37,(anonymous_2)
FN:40,(anonymous_3)
FN:61,(anonymous_4)
FN:67,(anonymous_5)
FN:80,(anonymous_6)
FN:86,(anonymous_7)
FN:89,(anonymous_8)
FN:93,(anonymous_9)
FN:94,(anonymous_10)
FN:98,(anonymous_11)
FN:99,(anonymous_12)
FN:101,(anonymous_13)
FN:107,(anonymous_14)
FN:107,(anonymous_15)
FN:110,(anonymous_16)
FN:124,(anonymous_17)
FN:125,(anonymous_18)
FN:165,(anonymous_19)
FN:169,(anonymous_20)
FN:206,(anonymous_21)
FN:210,(anonymous_22)
FNF:23
FNH:20
FNDA:8,InAppNotifications
FNDA:0,(anonymous_1)
FNDA:3,(anonymous_2)
FNDA:3,(anonymous_3)
FNDA:3,(anonymous_4)
FNDA:3,(anonymous_5)
FNDA:0,(anonymous_6)
FNDA:2,(anonymous_7)
FNDA:1,(anonymous_8)
FNDA:1,(anonymous_9)
FNDA:1,(anonymous_10)
FNDA:1,(anonymous_11)
FNDA:2,(anonymous_12)
FNDA:1,(anonymous_13)
FNDA:1,(anonymous_14)
FNDA:2,(anonymous_15)
FNDA:1,(anonymous_16)
FNDA:6,(anonymous_17)
FNDA:6,(anonymous_18)
FNDA:2,(anonymous_19)
FNDA:1,(anonymous_20)
FNDA:4,(anonymous_21)
FNDA:0,(anonymous_22)
DA:8,1
DA:18,8
DA:19,8
DA:20,8
DA:22,8
DA:23,0
DA:24,0
DA:25,0
DA:28,0
DA:29,0
DA:31,0
DA:33,0
DA:37,8
DA:38,3
DA:40,3
DA:41,3
DA:42,1
DA:43,1
DA:46,2
DA:47,2
DA:50,2
DA:51,2
DA:53,0
DA:55,2
DA:59,3
DA:61,3
DA:62,3
DA:67,8
DA:68,3
DA:70,2
DA:81,0
DA:86,2
DA:89,8
DA:90,1
DA:93,1
DA:94,1
DA:98,8
DA:99,2
DA:100,1
DA:102,1
DA:107,2
DA:110,8
DA:111,1
DA:113,1
DA:114,1
DA:115,0
DA:116,1
DA:120,1
DA:124,8
DA:125,8
DA:127,8
DA:128,3
DA:132,5
DA:166,2
DA:169,1
DA:207,4
DA:210,0
LF:57
LH:46
BRDA:23,0,0,0
BRDA:23,0,1,0
BRDA:29,1,0,0
BRDA:29,1,1,0
BRDA:41,2,0,1
BRDA:41,2,1,2
BRDA:42,3,0,1
BRDA:42,3,1,0
BRDA:51,4,0,2
BRDA:51,4,1,0
BRDA:51,5,0,2
BRDA:51,5,1,0
BRDA:55,6,0,2
BRDA:55,6,1,0
BRDA:68,7,0,1
BRDA:68,7,1,2
BRDA:94,8,0,1
BRDA:94,8,1,0
BRDA:111,9,0,1
BRDA:111,9,1,0
BRDA:113,10,0,1
BRDA:113,10,1,0
BRDA:114,11,0,0
BRDA:114,11,1,1
BRDA:116,12,0,1
BRDA:116,12,1,0
BRDA:117,13,0,1
BRDA:117,13,1,0
BRDA:127,14,0,3
BRDA:127,14,1,5
BRDA:136,15,0,5
BRDA:136,15,1,2
BRDA:147,16,0,5
BRDA:147,16,1,1
BRDA:159,17,0,5
BRDA:159,17,1,2
BRDA:174,18,0,2
BRDA:174,18,1,0
BRDA:200,19,0,5
BRDA:200,19,1,3
BRDA:219,20,0,4
BRDA:219,20,1,0
BRF:42
BRH:26
end_of_record
TN:
SF:src\components\studentDashboard\ListingCard.jsx
FN:3,(anonymous_0)
FN:8,(anonymous_1)
FN:12,ListingCard
FNF:3
FNH:3
FNDA:7,(anonymous_0)
FNDA:2,(anonymous_1)
FNDA:7,ListingCard
DA:3,4
DA:4,7
DA:6,1
DA:8,2
DA:13,7
DA:17,7
DA:19,7
LF:7
LH:7
BRDA:4,0,0,6
BRDA:4,0,1,1
BRDA:4,1,0,7
BRDA:4,1,1,1
BRDA:13,2,0,1
BRDA:13,2,1,6
BRDA:27,3,0,1
BRDA:27,3,1,6
BRF:8
BRH:8
end_of_record
TN:
SF:src\components\studentDashboard\ListingsFiltersPanel.jsx
FN:3,ListingsFiltersPanel
FN:19,(anonymous_1)
FN:25,(anonymous_2)
FN:28,(anonymous_3)
FN:42,(anonymous_4)
FN:54,(anonymous_5)
FN:64,(anonymous_6)
FN:67,(anonymous_7)
FNF:8
FNH:7
FNDA:2,ListingsFiltersPanel
FNDA:0,(anonymous_1)
FNDA:1,(anonymous_2)
FNDA:12,(anonymous_3)
FNDA:3,(anonymous_4)
FNDA:3,(anonymous_5)
FNDA:1,(anonymous_6)
FNDA:10,(anonymous_7)
DA:14,2
DA:19,0
DA:25,1
DA:29,12
DA:42,3
DA:54,3
DA:64,1
DA:68,10
LF:8
LH:7
BRF:0
BRH:0
end_of_record
TN:
SF:src\components\studentDashboard\ListingsGrid.jsx
FN:13,ListingsGrid
FN:17,(anonymous_1)
FN:35,(anonymous_2)
FNF:3
FNH:3
FNDA:18,ListingsGrid
FNDA:8,(anonymous_1)
FNDA:8,(anonymous_2)
DA:14,18
DA:15,1
DA:18,8
DA:24,17
DA:25,12
DA:32,5
DA:36,8
LF:7
LH:7
BRDA:13,0,0,0
BRDA:13,1,0,0
BRDA:14,2,0,1
BRDA:14,2,1,17
BRDA:24,3,0,12
BRDA:24,3,1,5
BRF:6
BRH:4
end_of_record
TN:
SF:src\components\studentDashboard\MyPurchases.jsx
FN:21,MyPurchases
FN:45,(anonymous_1)
FN:65,(anonymous_2)
FN:68,(anonymous_3)
FN:78,(anonymous_4)
FN:83,(anonymous_5)
FN:92,(anonymous_6)
FN:156,(anonymous_7)
FN:178,(anonymous_8)
FN:186,(anonymous_9)
FN:221,(anonymous_10)
FN:254,(anonymous_11)
FN:275,(anonymous_12)
FN:277,(anonymous_13)
FN:280,(anonymous_14)
FN:383,(anonymous_15)
FN:402,(anonymous_16)
FN:434,(anonymous_17)
FN:456,(anonymous_18)
FN:466,(anonymous_19)
FN:530,(anonymous_20)
FN:541,(anonymous_21)
FN:561,(anonymous_22)
FNF:23
FNH:21
FNDA:57,MyPurchases
FNDA:11,(anonymous_1)
FNDA:10,(anonymous_2)
FNDA:10,(anonymous_3)
FNDA:10,(anonymous_4)
FNDA:3,(anonymous_5)
FNDA:3,(anonymous_6)
FNDA:2,(anonymous_7)
FNDA:3,(anonymous_8)
FNDA:3,(anonymous_9)
FNDA:2,(anonymous_10)
FNDA:10,(anonymous_11)
FNDA:44,(anonymous_12)
FNDA:43,(anonymous_13)
FNDA:43,(anonymous_14)
FNDA:3,(anonymous_15)
FNDA:3,(anonymous_16)
FNDA:1,(anonymous_17)
FNDA:17,(anonymous_18)
FNDA:0,(anonymous_19)
FNDA:7,(anonymous_20)
FNDA:2,(anonymous_21)
FNDA:0,(anonymous_22)
DA:8,3
DA:15,3
DA:22,57
DA:23,57
DA:24,57
DA:26,57
DA:27,57
DA:28,57
DA:30,57
DA:31,57
DA:33,57
DA:34,57
DA:36,57
DA:38,57
DA:39,57
DA:40,57
DA:41,57
DA:42,57
DA:43,57
DA:45,57
DA:46,11
DA:48,11
DA:49,11
DA:53,11
DA:55,11
DA:57,10
DA:59,1
DA:61,11
DA:65,57
DA:66,10
DA:68,10
DA:69,10
DA:70,10
DA:73,10
DA:76,10
DA:78,10
DA:83,57
DA:84,3
DA:85,3
DA:86,3
DA:87,3
DA:92,57
DA:93,3
DA:95,3
DA:96,3
DA:99,3
DA:101,3
DA:102,1
DA:103,1
DA:107,2
DA:114,2
DA:117,2
DA:118,1
DA:126,1
DA:128,1
DA:130,1
DA:138,1
DA:140,1
DA:145,2
DA:150,2
DA:152,2
DA:155,2
DA:156,2
DA:159,2
DA:167,2
DA:169,2
DA:171,0
DA:172,0
DA:174,3
DA:178,57
DA:179,3
DA:180,3
DA:181,3
DA:182,3
DA:183,3
DA:185,3
DA:186,3
DA:188,3
DA:189,3
DA:191,3
DA:192,0
DA:193,0
DA:194,0
DA:197,3
DA:201,3
DA:202,1
DA:203,1
DA:204,1
DA:207,2
DA:208,2
DA:209,2
DA:212,2
DA:213,2
DA:215,0
DA:217,2
DA:221,57
DA:222,2
DA:223,2
DA:224,2
DA:226,2
DA:227,2
DA:238,2
DA:240,2
DA:241,1
DA:243,1
DA:244,1
DA:247,0
DA:249,2
DA:253,57
DA:254,10
DA:256,57
DA:257,57
DA:258,10
DA:260,47
DA:262,46
DA:263,2
DA:269,44
DA:276,44
DA:277,43
DA:279,44
DA:280,43
DA:283,44
DA:284,44
DA:286,44
DA:287,44
DA:289,44
DA:383,3
DA:402,3
DA:434,1
DA:456,17
DA:466,0
DA:531,7
DA:541,2
DA:561,0
LF:134
LH:125
BRDA:46,0,0,0
BRDA:46,0,1,11
BRDA:55,1,0,1
BRDA:55,1,1,10
BRDA:57,2,0,10
BRDA:57,2,1,0
BRDA:66,3,0,0
BRDA:66,3,1,10
BRDA:93,4,0,0
BRDA:93,4,1,3
BRDA:99,5,0,3
BRDA:99,5,1,1
BRDA:101,6,0,1
BRDA:101,6,1,2
BRDA:114,7,0,0
BRDA:114,7,1,2
BRDA:117,8,0,1
BRDA:117,8,1,1
BRDA:126,9,0,0
BRDA:126,9,1,1
BRDA:138,10,0,0
BRDA:138,10,1,1
BRDA:150,11,0,0
BRDA:150,11,1,2
BRDA:152,12,0,2
BRDA:152,12,1,1
BRDA:155,13,0,1
BRDA:155,13,1,1
BRDA:167,14,0,0
BRDA:167,14,1,2
BRDA:172,15,0,0
BRDA:172,15,1,0
BRDA:191,16,0,0
BRDA:191,16,1,3
BRDA:191,17,0,3
BRDA:191,17,1,3
BRDA:201,18,0,1
BRDA:201,18,1,2
BRDA:213,19,0,2
BRDA:213,19,1,0
BRDA:222,20,0,0
BRDA:222,20,1,2
BRDA:222,21,0,2
BRDA:222,21,1,2
BRDA:240,22,0,1
BRDA:240,22,1,1
BRDA:241,23,0,1
BRDA:241,23,1,0
BRDA:257,24,0,10
BRDA:257,24,1,47
BRDA:260,25,0,1
BRDA:260,25,1,46
BRDA:262,26,0,2
BRDA:262,26,1,44
BRDA:287,27,0,44
BRDA:287,27,1,14
BRDA:296,28,0,44
BRDA:296,28,1,0
BRDA:301,29,0,44
BRDA:301,29,1,0
BRDA:315,30,0,44
BRDA:315,30,1,1
BRDA:330,31,0,0
BRDA:330,31,1,1
BRDA:337,32,0,44
BRDA:337,32,1,0
BRDA:344,33,0,13
BRDA:344,33,1,31
BRDA:356,34,0,30
BRDA:356,34,1,14
BRDA:368,35,0,30
BRDA:368,35,1,14
BRDA:372,36,0,14
BRDA:372,36,1,30
BRDA:374,37,0,13
BRDA:374,37,1,1
BRDA:398,38,0,44
BRDA:398,38,1,29
BRDA:416,39,0,44
BRDA:416,39,1,24
BRDA:478,40,0,2
BRDA:478,40,1,22
BRDA:485,41,0,44
BRDA:485,41,1,10
BRDA:500,42,0,10
BRDA:500,42,1,0
BRDA:509,43,0,10
BRDA:509,43,1,2
BRDA:515,44,0,2
BRDA:515,44,1,8
BRDA:525,45,0,8
BRDA:525,45,1,1
BRDA:534,46,0,5
BRDA:534,46,1,2
BRDA:569,47,0,10
BRDA:569,47,1,5
BRDA:572,48,0,2
BRDA:572,48,1,8
BRF:98
BRH:78
end_of_record
TN:
SF:src\components\studentDashboard\MySales.jsx
FN:13,MySales
FN:30,(anonymous_1)
FN:45,(anonymous_2)
FN:50,(anonymous_3)
FN:67,(anonymous_4)
FN:72,(anonymous_5)
FN:91,(anonymous_6)
FN:102,(anonymous_7)
FN:135,(anonymous_8)
FN:147,(anonymous_9)
FN:193,(anonymous_10)
FN:195,(anonymous_11)
FN:198,(anonymous_12)
FN:254,(anonymous_13)
FN:325,(anonymous_14)
FN:355,(anonymous_15)
FN:366,(anonymous_16)
FN:390,(anonymous_17)
FNF:18
FNH:16
FNDA:15,MySales
FNDA:1,(anonymous_1)
FNDA:4,(anonymous_2)
FNDA:4,(anonymous_3)
FNDA:4,(anonymous_4)
FNDA:2,(anonymous_5)
FNDA:2,(anonymous_6)
FNDA:1,(anonymous_7)
FNDA:0,(anonymous_8)
FNDA:1,(anonymous_9)
FNDA:9,(anonymous_10)
FNDA:4,(anonymous_11)
FNDA:4,(anonymous_12)
FNDA:2,(anonymous_13)
FNDA:3,(anonymous_14)
FNDA:3,(anonymous_15)
FNDA:1,(anonymous_16)
FNDA:0,(anonymous_17)
DA:6,3
DA:14,15
DA:15,15
DA:16,15
DA:19,15
DA:20,15
DA:21,15
DA:22,15
DA:23,15
DA:24,15
DA:25,15
DA:26,15
DA:27,15
DA:28,15
DA:30,15
DA:31,1
DA:32,1
DA:35,1
DA:36,1
DA:37,1
DA:39,0
DA:41,1
DA:45,15
DA:46,4
DA:48,4
DA:50,4
DA:51,4
DA:52,4
DA:55,4
DA:56,4
DA:57,3
DA:59,1
DA:61,4
DA:65,4
DA:67,4
DA:68,4
DA:72,15
DA:73,2
DA:74,2
DA:75,2
DA:76,2
DA:77,2
DA:78,2
DA:81,2
DA:82,2
DA:84,0
DA:86,2
DA:91,15
DA:92,2
DA:93,2
DA:94,2
DA:95,2
DA:96,2
DA:97,2
DA:98,2
DA:99,2
DA:101,2
DA:102,1
DA:104,2
DA:106,2
DA:107,1
DA:112,1
DA:113,1
DA:114,1
DA:115,1
DA:118,1
DA:119,1
DA:120,1
DA:121,1
DA:122,1
DA:124,1
DA:125,1
DA:126,1
DA:129,0
DA:131,1
DA:135,15
DA:136,0
DA:137,0
DA:138,0
DA:139,0
DA:140,0
DA:142,0
DA:143,0
DA:147,15
DA:148,1
DA:149,1
DA:150,1
DA:152,1
DA:153,1
DA:163,1
DA:165,1
DA:166,0
DA:168,1
DA:169,1
DA:172,0
DA:174,1
DA:178,15
DA:179,4
DA:180,11
DA:181,10
DA:182,1
DA:188,9
DA:194,9
DA:195,4
DA:197,9
DA:198,4
DA:200,9
DA:201,9
DA:203,9
DA:205,9
DA:254,2
DA:326,3
DA:356,3
DA:366,1
DA:390,0
LF:115
LH:102
BRDA:36,0,0,0
BRDA:36,0,1,1
BRDA:37,1,0,1
BRDA:37,1,1,0
BRDA:46,2,0,0
BRDA:46,2,1,4
BRDA:56,3,0,1
BRDA:56,3,1,3
BRDA:57,4,0,3
BRDA:57,4,1,0
BRDA:57,5,0,3
BRDA:57,5,1,0
BRDA:59,6,0,1
BRDA:59,6,1,0
BRDA:61,7,0,4
BRDA:61,7,1,0
BRDA:73,8,0,0
BRDA:73,8,1,2
BRDA:82,9,0,2
BRDA:82,9,1,0
BRDA:106,10,0,1
BRDA:106,10,1,1
BRDA:121,11,0,1
BRDA:121,11,1,0
BRDA:124,12,0,1
BRDA:124,12,1,0
BRDA:139,13,0,0
BRDA:139,13,1,0
BRDA:148,14,0,0
BRDA:148,14,1,1
BRDA:148,15,0,1
BRDA:148,15,1,1
BRDA:165,16,0,0
BRDA:165,16,1,1
BRDA:166,17,0,0
BRDA:166,17,1,0
BRDA:178,18,0,4
BRDA:178,18,1,11
BRDA:180,19,0,1
BRDA:180,19,1,10
BRDA:181,20,0,1
BRDA:181,20,1,9
BRDA:203,21,0,9
BRDA:203,21,1,8
BRDA:212,22,0,9
BRDA:212,22,1,0
BRDA:215,23,0,9
BRDA:215,23,1,0
BRDA:226,24,0,9
BRDA:226,24,1,0
BRDA:229,25,0,9
BRDA:229,25,1,5
BRDA:233,26,0,3
BRDA:233,26,1,6
BRDA:240,27,0,1
BRDA:240,27,1,8
BRDA:251,28,0,9
BRDA:251,28,1,8
BRDA:251,28,2,8
BRDA:261,29,0,9
BRDA:261,29,1,1
BRDA:273,30,0,9
BRDA:273,30,1,6
BRDA:292,31,0,2
BRDA:292,31,1,4
BRDA:296,32,0,1
BRDA:296,32,1,3
BRDA:302,33,0,1
BRDA:302,33,1,0
BRDA:304,34,0,1
BRDA:304,34,1,0
BRDA:334,35,0,6
BRDA:334,35,1,0
BRDA:340,36,0,1
BRDA:340,36,1,5
BRDA:344,37,0,4
BRDA:344,37,1,1
BRDA:344,38,0,5
BRDA:344,38,1,1
BRDA:350,39,0,4
BRDA:350,39,1,1
BRDA:359,40,0,2
BRDA:359,40,1,1
BRDA:398,41,0,6
BRDA:398,41,1,2
BRDA:401,42,0,1
BRDA:401,42,1,5
BRF:87
BRH:64
end_of_record
TN:
SF:src\components\studentDashboard\Navbar.jsx
FN:1,Navbar
FN:23,(anonymous_1)
FN:49,(anonymous_2)
FNF:3
FNH:3
FNDA:18,Navbar
FNDA:1,(anonymous_1)
FNDA:2,(anonymous_2)
DA:7,18
DA:9,18
DA:23,1
DA:49,2
LF:4
LH:4
BRDA:3,0,0,1
BRDA:5,1,0,2
BRDA:7,2,0,18
BRDA:7,2,1,2
BRDA:7,2,2,1
BRDA:78,3,0,2
BRDA:78,3,1,16
BRDA:90,4,0,1
BRDA:90,4,1,17
BRF:9
BRH:9
end_of_record
TN:
SF:src\components\studentDashboard\ProfileSettings.jsx
FN:4,(anonymous_0)
FN:11,(anonymous_1)
FN:18,ProfileSettings
FN:25,(anonymous_3)
FNF:4
FNH:4
FNDA:3,(anonymous_0)
FNDA:3,(anonymous_1)
FNDA:3,ProfileSettings
FNDA:1,(anonymous_3)
DA:4,3
DA:5,3
DA:6,2
DA:7,2
DA:8,2
DA:11,3
DA:12,3
DA:13,2
DA:14,2
DA:15,2
DA:19,3
DA:20,3
DA:22,3
DA:23,3
DA:25,3
DA:26,1
DA:27,1
DA:30,3
LF:18
LH:18
BRDA:5,0,0,1
BRDA:5,0,1,2
BRDA:7,1,0,0
BRDA:7,1,1,2
BRDA:12,2,0,1
BRDA:12,2,1,2
BRDA:14,3,0,0
BRDA:14,3,1,2
BRDA:19,4,0,3
BRDA:19,4,1,0
BRDA:19,4,2,0
BRDA:20,5,0,3
BRDA:20,5,1,0
BRDA:22,6,0,3
BRDA:22,6,1,1
BRDA:22,7,0,1
BRDA:22,7,1,0
BRDA:23,8,0,3
BRDA:23,8,1,1
BRDA:35,9,0,2
BRDA:35,9,1,1
BRF:21
BRH:15
end_of_record
TN:
SF:src\components\studentDashboard\Sidebar.jsx
FN:130,Sidebar
FN:140,(anonymous_1)
FN:146,(anonymous_2)
FNF:3
FNH:3
FNDA:15,Sidebar
FNDA:90,(anonymous_1)
FNDA:3,(anonymous_2)
DA:1,2
DA:131,15
DA:141,90
DA:143,90
DA:146,3
LF:5
LH:5
BRDA:130,0,0,0
BRDA:147,1,0,15
BRDA:147,1,1,75
BRDA:149,2,0,15
BRDA:149,2,1,75
BRF:5
BRH:4
end_of_record
TN:
SF:src\components\studentDashboard\listingFiltersConfig.js
FNF:0
FNH:0
DA:3,3
DA:11,3
DA:20,3
LF:3
LH:3
BRF:0
BRH:0
end_of_record
TN:
SF:src\config\apiBaseUrl.js
FN:4,(anonymous_0)
FN:6,(anonymous_1)
FNF:2
FNH:1
FNDA:0,(anonymous_0)
FNDA:21,(anonymous_1)
DA:1,21
DA:2,21
DA:4,21
DA:6,21
DA:7,21
DA:9,21
DA:10,0
DA:13,21
DA:14,21
DA:16,21
DA:17,21
DA:21,0
DA:24,21
LF:13
LH:11
BRDA:9,0,0,0
BRDA:9,0,1,21
BRDA:9,1,0,21
BRDA:9,1,1,0
BRDA:9,1,2,0
BRDA:13,2,0,21
BRDA:13,2,1,0
BRDA:16,3,0,21
BRDA:16,3,1,0
BRDA:16,4,0,21
BRDA:16,4,1,0
BRF:11
BRH:5
end_of_record
TN:
SF:src\config\supabaseClient.js
FNF:0
FNH:0
DA:3,0
DA:4,0
DA:6,0
LF:3
LH:0
BRF:0
BRH:0
end_of_record
TN:
SF:src\hooks\useAdminDashboard.js
FN:8,(anonymous_0)
FN:18,(anonymous_1)
FN:25,(anonymous_2)
FN:80,reducer
FN:120,(anonymous_4)
FN:128,(anonymous_5)
FN:143,(anonymous_6)
FN:188,(anonymous_7)
FN:203,(anonymous_8)
FN:217,normaliseFacilityHours
FN:222,(anonymous_10)
FN:234,(anonymous_11)
FN:236,(anonymous_12)
FN:252,(anonymous_13)
FN:255,(anonymous_14)
FN:263,(anonymous_15)
FN:263,(anonymous_16)
FN:267,(anonymous_17)
FN:278,(anonymous_18)
FN:286,(anonymous_19)
FN:290,(anonymous_20)
FN:292,(anonymous_21)
FN:302,(anonymous_22)
FN:305,(anonymous_23)
FN:309,(anonymous_24)
FN:322,(anonymous_25)
FN:334,(anonymous_26)
FN:337,(anonymous_27)
FN:341,(anonymous_28)
FN:349,(anonymous_29)
FN:367,(anonymous_30)
FN:377,(anonymous_31)
FN:380,(anonymous_32)
FN:396,(anonymous_33)
FN:399,(anonymous_34)
FN:601,useAdminDashboard
FN:605,(anonymous_36)
FN:607,(anonymous_37)
FN:613,(anonymous_38)
FN:627,(anonymous_39)
FN:641,(anonymous_40)
FN:655,(anonymous_41)
FN:669,(anonymous_42)
FN:687,(anonymous_43)
FN:721,(anonymous_44)
FN:742,(anonymous_45)
FN:755,(anonymous_46)
FN:790,(anonymous_47)
FN:803,(anonymous_48)
FN:807,(anonymous_49)
FN:811,(anonymous_50)
FN:815,(anonymous_51)
FN:842,(anonymous_52)
FN:843,(anonymous_53)
FN:850,(anonymous_54)
FN:869,(anonymous_55)
FN:884,(anonymous_56)
FN:900,(anonymous_57)
FN:928,(anonymous_58)
FNF:59
FNH:59
FNDA:23,(anonymous_0)
FNDA:23,(anonymous_1)
FNDA:1,(anonymous_2)
FNDA:69,reducer
FNDA:1,(anonymous_4)
FNDA:1,(anonymous_5)
FNDA:2,(anonymous_6)
FNDA:1,(anonymous_7)
FNDA:2,(anonymous_8)
FNDA:3,normaliseFacilityHours
FNDA:1,(anonymous_10)
FNDA:2,(anonymous_11)
FNDA:7,(anonymous_12)
FNDA:1,(anonymous_13)
FNDA:4,(anonymous_14)
FNDA:2,(anonymous_15)
FNDA:4,(anonymous_16)
FNDA:1,(anonymous_17)
FNDA:62,(anonymous_18)
FNDA:20,(anonymous_19)
FNDA:20,(anonymous_20)
FNDA:26,(anonymous_21)
FNDA:5,(anonymous_22)
FNDA:9,(anonymous_23)
FNDA:2,(anonymous_24)
FNDA:11,(anonymous_25)
FNDA:5,(anonymous_26)
FNDA:6,(anonymous_27)
FNDA:13,(anonymous_28)
FNDA:5,(anonymous_29)
FNDA:11,(anonymous_30)
FNDA:1,(anonymous_31)
FNDA:4,(anonymous_32)
FNDA:2,(anonymous_33)
FNDA:2,(anonymous_34)
FNDA:26,useAdminDashboard
FNDA:3,(anonymous_36)
FNDA:3,(anonymous_37)
FNDA:5,(anonymous_38)
FNDA:3,(anonymous_39)
FNDA:3,(anonymous_40)
FNDA:3,(anonymous_41)
FNDA:3,(anonymous_42)
FNDA:3,(anonymous_43)
FNDA:3,(anonymous_44)
FNDA:7,(anonymous_45)
FNDA:7,(anonymous_46)
FNDA:5,(anonymous_47)
FNDA:1,(anonymous_48)
FNDA:2,(anonymous_49)
FNDA:1,(anonymous_50)
FNDA:2,(anonymous_51)
FNDA:1,(anonymous_52)
FNDA:2,(anonymous_53)
FNDA:1,(anonymous_54)
FNDA:1,(anonymous_55)
FNDA:2,(anonymous_56)
FNDA:2,(anonymous_57)
FNDA:3,(anonymous_58)
DA:6,3
DA:8,3
DA:11,23
DA:12,23
DA:18,3
DA:19,23
DA:20,23
DA:24,23
DA:25,2
DA:26,2
DA:28,21
DA:32,3
DA:43,3
DA:81,69
DA:83,1
DA:86,17
DA:92,17
DA:97,2
DA:104,4
DA:107,3
DA:110,3
DA:117,1
DA:120,1
DA:125,1
DA:128,1
DA:133,2
DA:136,2
DA:139,2
DA:140,2
DA:144,2
DA:150,0
DA:153,3
DA:156,1
DA:159,3
DA:161,3
DA:162,3
DA:177,2
DA:186,1
DA:189,1
DA:196,2
DA:199,2
DA:204,2
DA:209,0
DA:212,0
DA:218,3
DA:220,3
DA:222,2
DA:230,1
DA:232,1
DA:233,1
DA:234,2
DA:236,1
DA:237,7
DA:238,7
DA:239,7
DA:248,0
DA:252,3
DA:253,1
DA:254,1
DA:255,1
DA:256,4
DA:257,4
DA:261,1
DA:263,4
DA:267,3
DA:268,1
DA:269,1
DA:270,1
DA:271,1
DA:272,1
DA:273,1
DA:274,1
DA:275,1
DA:278,3
DA:279,62
DA:286,3
DA:287,20
DA:290,20
DA:292,3
DA:293,26
DA:294,18
DA:296,8
DA:297,0
DA:299,8
DA:302,3
DA:304,5
DA:305,9
DA:309,2
DA:316,5
DA:318,5
DA:322,11
DA:334,3
DA:335,5
DA:337,6
DA:341,13
DA:349,3
DA:350,5
DA:351,0
DA:358,5
DA:360,5
DA:367,11
DA:377,3
DA:378,1
DA:380,4
DA:396,3
DA:397,2
DA:398,2
DA:399,2
DA:402,2
DA:403,2
DA:404,2
DA:405,2
DA:409,2
DA:413,2
DA:595,2
DA:596,2
DA:597,2
DA:602,26
DA:603,26
DA:605,26
DA:606,3
DA:607,3
DA:608,3
DA:613,26
DA:614,5
DA:615,5
DA:616,5
DA:617,4
DA:618,4
DA:620,1
DA:621,1
DA:623,5
DA:627,26
DA:628,3
DA:629,3
DA:630,3
DA:631,3
DA:632,3
DA:634,0
DA:635,0
DA:637,3
DA:641,26
DA:642,3
DA:643,3
DA:644,3
DA:645,3
DA:646,3
DA:648,0
DA:649,0
DA:651,3
DA:655,26
DA:656,3
DA:657,3
DA:658,3
DA:659,2
DA:660,2
DA:662,1
DA:663,1
DA:665,3
DA:669,26
DA:670,3
DA:671,3
DA:672,3
DA:673,3
DA:674,3
DA:676,3
DA:677,2
DA:680,0
DA:681,0
DA:683,3
DA:687,26
DA:688,3
DA:689,3
DA:690,3
DA:692,2
DA:693,2
DA:695,1
DA:700,1
DA:712,1
DA:713,1
DA:716,1
DA:721,26
DA:722,3
DA:723,3
DA:724,3
DA:725,3
DA:726,3
DA:727,3
DA:739,26
DA:741,26
DA:742,7
DA:755,26
DA:756,7
DA:757,7
DA:758,3
DA:765,4
DA:790,26
DA:791,5
DA:792,3
DA:799,2
DA:803,26
DA:804,1
DA:807,26
DA:808,2
DA:811,26
DA:812,1
DA:815,26
DA:816,2
DA:817,2
DA:818,2
DA:824,2
DA:825,2
DA:829,2
DA:834,2
DA:836,0
DA:837,0
DA:841,26
DA:843,2
DA:844,1
DA:849,26
DA:852,1
DA:853,1
DA:854,1
DA:858,1
DA:861,0
DA:862,0
DA:868,26
DA:870,1
DA:871,1
DA:872,1
DA:875,1
DA:877,0
DA:878,0
DA:884,26
DA:885,2
DA:886,2
DA:887,2
DA:891,2
DA:893,0
DA:894,0
DA:899,26
DA:901,2
DA:919,2
DA:920,2
DA:921,1
DA:922,1
DA:927,26
DA:929,3
DA:955,3
DA:969,3
DA:970,3
DA:971,2
DA:977,26
LF:253
LH:233
BRDA:14,0,0,23
BRDA:14,0,1,6
BRDA:18,1,0,17
BRDA:22,2,0,23
BRDA:22,2,1,23
BRDA:24,3,0,2
BRDA:24,3,1,21
BRDA:26,4,0,2
BRDA:26,4,1,1
BRDA:81,5,0,1
BRDA:81,5,1,17
BRDA:81,5,2,17
BRDA:81,5,3,2
BRDA:81,5,4,4
BRDA:81,5,5,3
BRDA:81,5,6,3
BRDA:81,5,7,1
BRDA:81,5,8,1
BRDA:81,5,9,2
BRDA:81,5,10,2
BRDA:81,5,11,2
BRDA:81,5,12,0
BRDA:81,5,13,3
BRDA:81,5,14,1
BRDA:81,5,15,3
BRDA:81,5,16,2
BRDA:81,5,17,1
BRDA:81,5,18,2
BRDA:81,5,19,2
BRDA:81,5,20,0
BRDA:81,5,21,0
BRDA:144,6,0,2
BRDA:144,6,1,0
BRDA:189,7,0,1
BRDA:189,7,1,0
BRDA:204,8,0,1
BRDA:204,8,1,1
BRDA:218,9,0,0
BRDA:218,9,1,3
BRDA:220,10,0,2
BRDA:220,10,1,1
BRDA:223,11,0,1
BRDA:223,11,1,0
BRDA:224,12,0,1
BRDA:224,12,1,0
BRDA:225,13,0,1
BRDA:225,13,1,1
BRDA:230,14,0,1
BRDA:230,14,1,0
BRDA:238,15,0,2
BRDA:238,15,1,5
BRDA:241,16,0,7
BRDA:241,16,1,5
BRDA:242,17,0,7
BRDA:242,17,1,5
BRDA:243,18,0,7
BRDA:243,18,1,5
BRDA:253,19,0,0
BRDA:253,19,1,1
BRDA:253,20,0,1
BRDA:253,20,1,1
BRDA:256,21,0,4
BRDA:256,21,1,0
BRDA:257,22,0,1
BRDA:257,22,1,3
BRDA:257,23,0,4
BRDA:257,23,1,3
BRDA:268,24,0,0
BRDA:268,24,1,1
BRDA:279,25,0,62
BRDA:279,25,1,0
BRDA:287,26,0,20
BRDA:287,26,1,0
BRDA:293,27,0,18
BRDA:293,27,1,8
BRDA:296,28,0,0
BRDA:296,28,1,8
BRDA:297,29,0,0
BRDA:297,29,1,0
BRDA:299,30,0,8
BRDA:299,30,1,0
BRDA:304,31,0,4
BRDA:304,31,1,1
BRDA:311,32,0,2
BRDA:311,32,1,0
BRDA:311,32,2,0
BRDA:311,32,3,0
BRDA:313,33,0,2
BRDA:313,33,1,0
BRDA:313,33,2,0
BRDA:313,33,3,0
BRDA:316,34,0,0
BRDA:316,34,1,5
BRDA:349,35,0,0
BRDA:350,36,0,0
BRDA:350,36,1,5
BRDA:381,37,0,3
BRDA:381,37,1,1
BRDA:385,38,0,4
BRDA:385,38,1,0
BRDA:397,39,0,2
BRDA:397,39,1,1
BRDA:402,40,0,0
BRDA:402,40,1,2
BRDA:402,41,0,2
BRDA:402,41,1,2
BRDA:404,42,0,0
BRDA:404,42,1,2
BRDA:409,43,0,1
BRDA:409,43,1,1
BRDA:582,44,0,2
BRDA:582,44,1,0
BRDA:617,45,0,0
BRDA:617,45,1,4
BRDA:620,46,0,0
BRDA:620,46,1,1
BRDA:623,47,0,5
BRDA:623,47,1,0
BRDA:631,48,0,0
BRDA:631,48,1,3
BRDA:634,49,0,0
BRDA:634,49,1,0
BRDA:637,50,0,3
BRDA:637,50,1,0
BRDA:645,51,0,0
BRDA:645,51,1,3
BRDA:648,52,0,0
BRDA:648,52,1,0
BRDA:651,53,0,3
BRDA:651,53,1,0
BRDA:659,54,0,0
BRDA:659,54,1,2
BRDA:662,55,0,0
BRDA:662,55,1,1
BRDA:665,56,0,3
BRDA:665,56,1,0
BRDA:673,57,0,0
BRDA:673,57,1,3
BRDA:676,58,0,2
BRDA:676,58,1,1
BRDA:680,59,0,0
BRDA:680,59,1,0
BRDA:683,60,0,3
BRDA:683,60,1,0
BRDA:690,61,0,1
BRDA:690,61,1,2
BRDA:693,62,0,2
BRDA:693,62,1,0
BRDA:695,63,0,1
BRDA:695,63,1,1
BRDA:695,63,2,0
BRDA:695,63,3,0
BRDA:701,64,0,1
BRDA:701,64,1,0
BRDA:706,65,0,1
BRDA:706,65,1,0
BRDA:709,66,0,1
BRDA:709,66,1,0
BRDA:709,66,2,0
BRDA:712,67,0,1
BRDA:712,67,1,0
BRDA:757,68,0,3
BRDA:757,68,1,4
BRDA:774,69,0,1
BRDA:774,69,1,3
BRDA:791,70,0,3
BRDA:791,70,1,2
BRDA:824,71,0,1
BRDA:824,71,1,1
BRDA:825,72,0,1
BRDA:825,72,1,1
BRDA:844,73,0,1
BRDA:844,73,1,0
BRDA:884,74,0,1
BRDA:920,75,0,1
BRDA:920,75,1,1
BRDA:922,76,0,1
BRDA:922,76,1,0
BRDA:970,77,0,2
BRDA:970,77,1,1
BRDA:970,78,0,3
BRDA:970,78,1,2
BRF:182
BRH:123
end_of_record
TN:
SF:src\hooks\useDashboardListings.js
FN:6,getFirstName
FN:17,useDashboardListings
FN:22,(anonymous_2)
FN:23,(anonymous_3)
FN:60,(anonymous_4)
FN:105,(anonymous_5)
FN:106,(anonymous_6)
FNF:7
FNH:7
FNDA:2,getFirstName
FNDA:7,useDashboardListings
FNDA:2,(anonymous_2)
FNDA:2,(anonymous_3)
FNDA:4,(anonymous_4)
FNDA:4,(anonymous_5)
FNDA:4,(anonymous_6)
DA:7,2
DA:8,2
DA:9,2
DA:10,1
DA:12,1
DA:13,1
DA:14,0
DA:18,7
DA:19,7
DA:20,7
DA:22,7
DA:23,2
DA:24,2
DA:25,2
DA:27,2
DA:28,2
DA:30,2
DA:36,2
DA:42,2
DA:57,2
DA:60,7
DA:62,4
DA:63,0
DA:64,0
DA:67,4
DA:68,1
DA:69,1
DA:70,1
DA:74,3
DA:78,3
DA:80,3
DA:81,3
DA:83,3
DA:84,1
DA:85,1
DA:86,1
DA:87,1
DA:88,0
DA:93,2
DA:94,2
DA:95,2
DA:96,2
DA:98,1
DA:99,1
DA:101,3
DA:105,7
DA:106,4
DA:107,4
DA:109,4
DA:112,7
LF:50
LH:46
BRDA:7,0,0,2
BRDA:7,0,1,0
BRDA:9,1,0,1
BRDA:9,1,1,1
BRDA:9,2,0,2
BRDA:9,2,1,1
BRDA:13,3,0,1
BRDA:13,3,1,0
BRDA:25,4,0,0
BRDA:25,4,1,2
BRDA:28,5,0,2
BRDA:28,5,1,0
BRDA:30,6,0,2
BRDA:30,6,1,1
BRDA:30,6,2,1
BRDA:30,6,3,0
BRDA:46,7,0,2
BRDA:46,7,1,2
BRDA:48,8,0,2
BRDA:48,8,1,0
BRDA:49,9,0,2
BRDA:49,9,1,2
BRDA:49,9,2,2
BRDA:50,10,0,2
BRDA:50,10,1,1
BRDA:53,11,0,2
BRDA:53,11,1,1
BRDA:53,11,2,1
BRDA:62,12,0,0
BRDA:62,12,1,4
BRDA:67,13,0,1
BRDA:67,13,1,3
BRDA:67,14,0,4
BRDA:67,14,1,2
BRDA:74,15,0,1
BRDA:74,15,1,2
BRDA:83,16,0,1
BRDA:83,16,1,2
BRDA:86,17,0,1
BRDA:86,17,1,0
BRDA:94,18,0,0
BRDA:94,18,1,2
BRDA:96,19,0,2
BRDA:96,19,1,0
BRF:44
BRH:34
end_of_record
TN:
SF:src\hooks\useListingDetails.js
FN:5,(anonymous_0)
FN:14,useListingDetails
FN:24,(anonymous_2)
FN:25,(anonymous_3)
FN:33,(anonymous_4)
FN:53,(anonymous_5)
FN:54,(anonymous_6)
FN:61,(anonymous_7)
FN:65,(anonymous_8)
FN:69,(anonymous_9)
FN:72,(anonymous_10)
FN:81,(anonymous_11)
FN:103,(anonymous_12)
FN:105,(anonymous_13)
FN:108,(anonymous_14)
FN:113,(anonymous_15)
FN:119,(anonymous_16)
FN:148,(anonymous_17)
FNF:18
FNH:17
FNDA:91,(anonymous_0)
FNDA:82,useListingDetails
FNDA:9,(anonymous_2)
FNDA:9,(anonymous_3)
FNDA:10,(anonymous_4)
FNDA:9,(anonymous_5)
FNDA:9,(anonymous_6)
FNDA:18,(anonymous_7)
FNDA:8,(anonymous_8)
FNDA:9,(anonymous_9)
FNDA:18,(anonymous_10)
FNDA:2,(anonymous_11)
FNDA:44,(anonymous_12)
FNDA:44,(anonymous_13)
FNDA:4,(anonymous_14)
FNDA:1,(anonymous_15)
FNDA:3,(anonymous_16)
FNDA:0,(anonymous_17)
DA:5,91
DA:15,82
DA:16,82
DA:17,82
DA:18,82
DA:19,82
DA:20,82
DA:21,82
DA:22,82
DA:24,82
DA:25,9
DA:26,9
DA:27,9
DA:30,9
DA:33,82
DA:34,10
DA:35,10
DA:37,10
DA:38,1
DA:39,1
DA:40,1
DA:43,9
DA:44,9
DA:45,9
DA:47,1
DA:48,1
DA:53,82
DA:54,9
DA:55,9
DA:57,9
DA:61,82
DA:62,18
DA:65,9
DA:66,8
DA:69,9
DA:72,82
DA:73,18
DA:75,9
DA:78,82
DA:79,82
DA:81,82
DA:82,2
DA:85,2
DA:87,2
DA:88,2
DA:89,2
DA:93,2
DA:95,1
DA:97,1
DA:98,1
DA:99,1
DA:103,82
DA:104,44
DA:105,44
DA:108,82
DA:109,4
DA:110,4
DA:113,82
DA:114,1
DA:115,1
DA:116,1
DA:119,82
DA:120,3
DA:122,3
DA:124,3
DA:125,3
DA:126,1
DA:127,1
DA:130,2
DA:131,2
DA:133,2
DA:134,2
DA:147,2
DA:148,1
DA:149,1
DA:152,1
DA:153,1
DA:155,1
DA:156,1
DA:158,2
DA:162,82
LF:81
LH:81
BRDA:6,0,0,91
BRDA:6,0,1,82
BRDA:7,1,0,91
BRDA:7,1,1,82
BRDA:8,2,0,91
BRDA:8,2,1,82
BRDA:9,3,0,91
BRDA:9,3,1,82
BRDA:10,4,0,91
BRDA:10,4,1,82
BRDA:11,5,0,91
BRDA:11,5,1,82
BRDA:37,6,0,1
BRDA:37,6,1,9
BRDA:62,7,0,9
BRDA:62,7,1,9
BRDA:73,8,0,9
BRDA:73,8,1,9
BRDA:79,9,0,82
BRDA:79,9,1,73
BRDA:85,10,0,0
BRDA:85,10,1,2
BRDA:85,11,0,2
BRDA:85,11,1,2
BRDA:93,12,0,1
BRDA:93,12,1,1
BRDA:122,13,0,0
BRDA:122,13,1,3
BRDA:125,14,0,1
BRDA:125,14,1,2
BRDA:125,15,0,3
BRDA:125,15,1,3
BRDA:147,16,0,1
BRDA:147,16,1,1
BRDA:149,17,0,1
BRDA:149,17,1,0
BRDA:156,18,0,1
BRDA:156,18,1,0
BRF:38
BRH:34
end_of_record
TN:
SF:src\hooks\useListingFilters.js
FN:8,useListingFilters
FN:19,(anonymous_1)
FN:27,(anonymous_2)
FN:43,(anonymous_3)
FN:48,(anonymous_4)
FN:52,(anonymous_5)
FN:61,(anonymous_6)
FN:97,(anonymous_7)
FNF:8
FNH:8
FNDA:14,useListingFilters
FNDA:13,(anonymous_1)
FNDA:52,(anonymous_2)
FNDA:42,(anonymous_3)
FNDA:42,(anonymous_4)
FNDA:39,(anonymous_5)
FNDA:24,(anonymous_6)
FNDA:1,(anonymous_7)
DA:3,3
DA:4,3
DA:5,3
DA:9,14
DA:10,14
DA:11,14
DA:12,14
DA:13,14
DA:14,14
DA:19,14
DA:20,13
DA:21,13
DA:22,13
DA:23,13
DA:24,13
DA:26,13
DA:28,52
DA:30,20
DA:31,20
DA:32,20
DA:33,20
DA:35,20
DA:44,42
DA:49,42
DA:53,39
DA:54,39
DA:56,29
DA:57,29
DA:59,29
DA:62,24
DA:63,24
DA:64,24
DA:65,24
DA:66,24
DA:67,24
DA:69,24
DA:71,4
DA:73,2
DA:75,2
DA:77,4
DA:80,12
DA:94,14
DA:97,14
DA:98,1
DA:99,1
DA:100,1
DA:101,1
DA:102,1
DA:103,1
DA:106,14
LF:50
LH:50
BRDA:23,0,0,2
BRDA:23,0,1,11
BRDA:24,1,0,1
BRDA:24,1,1,12
BRDA:28,2,0,32
BRDA:28,2,1,20
BRDA:30,3,0,20
BRDA:30,3,1,0
BRDA:31,4,0,20
BRDA:31,4,1,0
BRDA:32,5,0,20
BRDA:32,5,1,0
BRDA:33,6,0,20
BRDA:33,6,1,0
BRDA:36,7,0,20
BRDA:36,7,1,15
BRDA:36,7,2,15
BRDA:36,7,3,10
BRDA:44,8,0,42
BRDA:44,8,1,8
BRDA:49,9,0,42
BRDA:49,9,1,6
BRDA:54,10,0,10
BRDA:54,10,1,29
BRDA:56,11,0,0
BRDA:56,11,1,29
BRDA:56,12,0,29
BRDA:56,12,1,2
BRDA:56,12,2,2
BRDA:57,13,0,0
BRDA:57,13,1,29
BRDA:57,14,0,29
BRDA:57,14,1,1
BRDA:57,14,2,1
BRDA:62,15,0,24
BRDA:62,15,1,0
BRDA:63,16,0,24
BRDA:63,16,1,0
BRDA:64,17,0,24
BRDA:64,17,1,0
BRDA:65,18,0,24
BRDA:65,18,1,0
BRDA:66,19,0,24
BRDA:66,19,1,0
BRDA:67,20,0,24
BRDA:67,20,1,0
BRDA:69,21,0,4
BRDA:69,21,1,2
BRDA:69,21,2,2
BRDA:69,21,3,4
BRDA:69,21,4,12
BRDA:69,21,5,12
BRDA:94,22,0,1
BRDA:94,22,1,13
BRF:54
BRH:42
end_of_record
TN:
SF:src\hooks\useStaffDashboard.js
FN:22,(anonymous_0)
FN:41,useStaffDashboard
FN:49,(anonymous_2)
FN:107,(anonymous_3)
FN:108,(anonymous_4)
FN:116,(anonymous_5)
FN:173,(anonymous_6)
FN:180,(anonymous_7)
FN:196,(anonymous_8)
FN:198,(anonymous_9)
FN:204,(anonymous_10)
FN:206,(anonymous_11)
FNF:12
FNH:12
FNDA:6,(anonymous_0)
FNDA:18,useStaffDashboard
FNDA:6,(anonymous_2)
FNDA:5,(anonymous_3)
FNDA:5,(anonymous_4)
FNDA:2,(anonymous_5)
FNDA:1,(anonymous_6)
FNDA:10,(anonymous_7)
FNDA:10,(anonymous_8)
FNDA:9,(anonymous_9)
FNDA:10,(anonymous_10)
FNDA:9,(anonymous_11)
DA:6,4
DA:22,4
DA:23,6
DA:24,0
DA:27,6
DA:29,6
DA:42,18
DA:43,18
DA:44,18
DA:45,18
DA:46,18
DA:47,18
DA:49,18
DA:50,6
DA:51,6
DA:53,6
DA:54,6
DA:55,6
DA:56,6
DA:58,6
DA:60,6
DA:61,1
DA:64,5
DA:69,5
DA:70,1
DA:73,5
DA:79,5
DA:81,5
DA:82,0
DA:87,5
DA:97,1
DA:98,1
DA:99,1
DA:103,6
DA:107,18
DA:108,5
DA:109,5
DA:112,5
DA:115,18
DA:117,2
DA:118,2
DA:120,2
DA:121,2
DA:122,2
DA:124,2
DA:125,1
DA:128,1
DA:143,1
DA:145,1
DA:146,0
DA:151,1
DA:161,1
DA:162,1
DA:166,2
DA:172,18
DA:174,1
DA:179,18
DA:180,10
DA:195,18
DA:197,10
DA:198,9
DA:203,18
DA:205,10
DA:206,9
DA:212,18
DA:214,18
LF:66
LH:63
BRDA:23,0,0,0
BRDA:23,0,1,6
BRDA:27,1,0,6
BRDA:27,1,1,0
BRDA:32,2,0,6
BRDA:32,2,1,0
BRDA:32,2,2,0
BRDA:32,2,3,0
BRDA:36,3,0,6
BRDA:36,3,1,0
BRDA:37,4,0,6
BRDA:37,4,1,0
BRDA:49,5,0,5
BRDA:60,6,0,1
BRDA:60,6,1,5
BRDA:69,7,0,1
BRDA:69,7,1,4
BRDA:81,8,0,0
BRDA:81,8,1,5
BRDA:83,9,0,0
BRDA:83,9,1,0
BRDA:88,10,0,5
BRDA:88,10,1,0
BRDA:89,11,0,5
BRDA:89,11,1,0
BRDA:90,12,0,5
BRDA:90,12,1,0
BRDA:91,13,0,5
BRDA:91,13,1,0
BRDA:92,14,0,5
BRDA:92,14,1,0
BRDA:93,15,0,5
BRDA:93,15,1,0
BRDA:94,16,0,5
BRDA:94,16,1,0
BRDA:100,17,0,1
BRDA:100,17,1,0
BRDA:124,18,0,1
BRDA:124,18,1,1
BRDA:145,19,0,0
BRDA:145,19,1,1
BRDA:147,20,0,0
BRDA:147,20,1,0
BRDA:147,20,2,0
BRDA:152,21,0,1
BRDA:152,21,1,0
BRDA:153,22,0,1
BRDA:153,22,1,0
BRDA:154,23,0,1
BRDA:154,23,1,0
BRDA:155,24,0,1
BRDA:155,24,1,0
BRDA:156,25,0,1
BRDA:156,25,1,0
BRDA:157,26,0,1
BRDA:157,26,1,0
BRDA:158,27,0,1
BRDA:158,27,1,0
BRDA:163,28,0,1
BRDA:163,28,1,0
BRDA:212,29,0,18
BRDA:212,29,1,0
BRF:62
BRH:31
end_of_record
TN:
SF:src\pages\AboutPage.jsx
FN:100,AboutPage
FN:172,(anonymous_1)
FN:219,(anonymous_2)
FN:254,(anonymous_3)
FN:296,(anonymous_4)
FN:333,(anonymous_5)
FNF:6
FNH:6
FNDA:3,AboutPage
FNDA:9,(anonymous_1)
FNDA:12,(anonymous_2)
FNDA:9,(anonymous_3)
FNDA:12,(anonymous_4)
FNDA:12,(anonymous_5)
DA:8,3
DA:29,3
DA:52,3
DA:59,3
DA:82,3
DA:101,3
DA:173,9
DA:220,12
DA:255,9
DA:297,12
DA:334,12
LF:11
LH:11
BRF:0
BRH:0
end_of_record
TN:
SF:src\pages\AdminDashboard.jsx
FN:11,AdminDashboard
FN:43,(anonymous_1)
FN:128,(anonymous_2)
FN:132,(anonymous_3)
FN:133,(anonymous_4)
FN:141,(anonymous_5)
FN:164,(anonymous_6)
FN:167,(anonymous_7)
FNF:8
FNH:6
FNDA:4,AdminDashboard
FNDA:1,(anonymous_1)
FNDA:1,(anonymous_2)
FNDA:1,(anonymous_3)
FNDA:1,(anonymous_4)
FNDA:4,(anonymous_5)
FNDA:0,(anonymous_6)
FNDA:0,(anonymous_7)
DA:40,4
DA:42,4
DA:44,1
DA:45,1
DA:46,1
DA:47,1
DA:53,4
DA:55,4
DA:128,1
DA:132,1
DA:133,1
DA:142,4
DA:164,0
DA:168,0
LF:14
LH:12
BRDA:39,0,0,0
BRDA:46,1,0,1
BRDA:46,1,1,0
BRDA:53,2,0,4
BRDA:53,2,1,0
BRDA:53,2,2,0
BRDA:72,3,0,0
BRDA:72,3,1,4
BRDA:110,4,0,1
BRDA:110,4,1,3
BRDA:117,5,0,3
BRDA:117,5,1,1
BRDA:126,6,0,3
BRDA:126,6,1,1
BRDA:128,7,0,1
BRDA:128,7,1,2
BRDA:139,8,0,1
BRDA:139,8,1,2
BRDA:153,9,0,0
BRDA:153,9,1,3
BRDA:163,10,0,0
BRDA:163,10,1,0
BRDA:187,11,0,1
BRDA:187,11,1,2
BRDA:198,12,0,1
BRDA:198,12,1,2
BRDA:208,13,0,1
BRDA:208,13,1,2
BRF:28
BRH:20
end_of_record
TN:
SF:src\pages\CampusPreview.jsx
FN:20,CampusPreview
FNF:1
FNH:1
FNDA:1,CampusPreview
DA:21,1
LF:1
LH:1
BRF:0
BRH:0
end_of_record
TN:
SF:src\pages\ChatPage.jsx
FN:44,ChatPage
FN:61,(anonymous_1)
FN:62,(anonymous_2)
FN:72,(anonymous_3)
FN:75,(anonymous_4)
FN:121,(anonymous_5)
FN:145,(anonymous_6)
FN:148,(anonymous_7)
FN:166,(anonymous_8)
FN:200,(anonymous_9)
FN:221,(anonymous_10)
FN:222,(anonymous_11)
FN:227,(anonymous_12)
FN:232,(anonymous_13)
FN:259,(anonymous_14)
FN:277,(anonymous_15)
FN:278,(anonymous_16)
FN:288,(anonymous_17)
FN:310,(anonymous_18)
FN:313,(anonymous_19)
FN:314,(anonymous_20)
FN:326,(anonymous_21)
FN:334,(anonymous_22)
FN:343,(anonymous_23)
FN:379,(anonymous_24)
FNF:25
FNH:16
FNDA:44,ChatPage
FNDA:3,(anonymous_1)
FNDA:3,(anonymous_2)
FNDA:3,(anonymous_3)
FNDA:3,(anonymous_4)
FNDA:2,(anonymous_5)
FNDA:5,(anonymous_6)
FNDA:2,(anonymous_7)
FNDA:2,(anonymous_8)
FNDA:1,(anonymous_9)
FNDA:0,(anonymous_10)
FNDA:0,(anonymous_11)
FNDA:5,(anonymous_12)
FNDA:1,(anonymous_13)
FNDA:0,(anonymous_14)
FNDA:0,(anonymous_15)
FNDA:0,(anonymous_16)
FNDA:0,(anonymous_17)
FNDA:0,(anonymous_18)
FNDA:0,(anonymous_19)
FNDA:0,(anonymous_20)
FNDA:1,(anonymous_21)
FNDA:2,(anonymous_22)
FNDA:88,(anonymous_23)
FNDA:1,(anonymous_24)
DA:12,3
DA:14,3
DA:45,44
DA:46,44
DA:47,44
DA:48,44
DA:50,44
DA:52,44
DA:53,44
DA:54,44
DA:55,44
DA:56,44
DA:57,44
DA:59,44
DA:61,44
DA:62,3
DA:63,3
DA:65,3
DA:66,3
DA:69,3
DA:72,44
DA:73,3
DA:75,3
DA:76,3
DA:77,3
DA:78,3
DA:84,3
DA:85,1
DA:88,3
DA:91,3
DA:95,3
DA:96,1
DA:99,1
DA:101,1
DA:109,2
DA:111,2
DA:118,3
DA:121,44
DA:122,2
DA:124,2
DA:125,2
DA:133,2
DA:137,2
DA:139,2
DA:141,0
DA:145,44
DA:146,5
DA:148,2
DA:149,2
DA:150,2
DA:154,2
DA:156,2
DA:157,2
DA:159,0
DA:163,2
DA:166,44
DA:167,2
DA:169,2
DA:170,1
DA:180,1
DA:181,1
DA:183,1
DA:186,1
DA:188,1
DA:190,1
DA:200,1
DA:201,1
DA:203,1
DA:204,1
DA:219,0
DA:221,0
DA:222,0
DA:227,44
DA:228,5
DA:230,2
DA:232,2
DA:233,1
DA:234,1
DA:238,1
DA:240,1
DA:242,1
DA:244,0
DA:248,2
DA:260,0
DA:263,0
DA:275,0
DA:277,0
DA:278,0
DA:280,0
DA:284,0
DA:287,0
DA:288,0
DA:291,0
DA:293,0
DA:296,0
DA:297,0
DA:311,0
DA:313,0
DA:314,0
DA:315,0
DA:327,1
DA:329,1
DA:330,1
DA:334,2
DA:335,2
DA:336,2
DA:340,44
DA:341,44
DA:343,44
DA:344,88
DA:346,88
DA:352,44
DA:353,3
DA:372,41
DA:379,1
LF:115
LH:92
BRDA:59,0,0,44
BRDA:59,0,1,44
BRDA:65,1,0,3
BRDA:65,1,1,1
BRDA:73,2,0,0
BRDA:73,2,1,3
BRDA:77,3,0,3
BRDA:77,3,1,0
BRDA:84,4,0,1
BRDA:84,4,1,2
BRDA:88,5,0,3
BRDA:88,5,1,2
BRDA:95,6,0,1
BRDA:95,6,1,1
BRDA:102,7,0,1
BRDA:102,7,1,0
BRDA:104,8,0,1
BRDA:104,8,1,0
BRDA:104,8,2,0
BRDA:122,9,0,0
BRDA:122,9,1,2
BRDA:122,10,0,2
BRDA:122,10,1,2
BRDA:122,10,2,2
BRDA:139,11,0,2
BRDA:139,11,1,0
BRDA:146,12,0,3
BRDA:146,12,1,2
BRDA:146,13,0,5
BRDA:146,13,1,2
BRDA:146,13,2,2
BRDA:156,14,0,2
BRDA:156,14,1,0
BRDA:167,15,0,0
BRDA:167,15,1,2
BRDA:169,16,0,1
BRDA:169,16,1,1
BRDA:172,17,0,1
BRDA:172,17,1,0
BRDA:174,18,0,1
BRDA:174,18,1,0
BRDA:186,19,0,0
BRDA:186,19,1,1
BRDA:186,20,0,1
BRDA:186,20,1,1
BRDA:228,21,0,3
BRDA:228,21,1,2
BRDA:228,22,0,5
BRDA:228,22,1,2
BRDA:228,22,2,2
BRDA:240,23,0,0
BRDA:240,23,1,1
BRDA:242,24,0,1
BRDA:242,24,1,0
BRDA:263,25,0,0
BRDA:263,25,1,0
BRDA:263,25,2,0
BRDA:263,25,3,0
BRDA:263,25,4,0
BRDA:275,26,0,0
BRDA:275,26,1,0
BRDA:280,27,0,0
BRDA:280,27,1,0
BRDA:280,27,2,0
BRDA:291,28,0,0
BRDA:291,28,1,0
BRDA:296,29,0,0
BRDA:296,29,1,0
BRDA:315,30,0,0
BRDA:315,30,1,0
BRDA:329,31,0,1
BRDA:329,31,1,0
BRDA:340,32,0,23
BRDA:340,32,1,21
BRDA:341,33,0,44
BRDA:341,33,1,21
BRDA:348,34,0,25
BRDA:348,34,1,63
BRDA:348,35,0,21
BRDA:348,35,1,4
BRDA:352,36,0,3
BRDA:352,36,1,41
BRF:82
BRH:51
end_of_record
TN:
SF:src\pages\CreateListing.jsx
FN:74,(anonymous_0)
FN:81,(anonymous_1)
FN:83,CreateListing
FN:108,(anonymous_3)
FN:112,(anonymous_4)
FN:123,(anonymous_5)
FN:136,(anonymous_6)
FN:137,(anonymous_7)
FN:174,(anonymous_8)
FN:181,(anonymous_9)
FN:224,(anonymous_10)
FN:230,(anonymous_11)
FN:303,(anonymous_12)
FN:481,(anonymous_13)
FN:614,(anonymous_14)
FN:634,(anonymous_15)
FN:647,(anonymous_16)
FNF:17
FNH:15
FNDA:2,(anonymous_0)
FNDA:24,(anonymous_1)
FNDA:51,CreateListing
FNDA:40,(anonymous_3)
FNDA:3,(anonymous_4)
FNDA:1,(anonymous_5)
FNDA:10,(anonymous_6)
FNDA:10,(anonymous_7)
FNDA:19,(anonymous_8)
FNDA:4,(anonymous_9)
FNDA:13,(anonymous_10)
FNDA:3,(anonymous_11)
FNDA:0,(anonymous_12)
FNDA:408,(anonymous_13)
FNDA:255,(anonymous_14)
FNDA:153,(anonymous_15)
FNDA:0,(anonymous_16)
DA:6,3
DA:49,3
DA:57,3
DA:64,3
DA:67,3
DA:70,3
DA:72,3
DA:74,3
DA:75,2
DA:81,24
DA:84,51
DA:85,51
DA:87,51
DA:88,51
DA:89,51
DA:90,51
DA:91,51
DA:92,51
DA:96,51
DA:108,51
DA:109,40
DA:112,51
DA:113,3
DA:115,3
DA:116,0
DA:119,3
DA:120,3
DA:123,51
DA:124,1
DA:125,1
DA:128,1
DA:129,1
DA:131,1
DA:132,1
DA:136,51
DA:137,10
DA:138,10
DA:139,3
DA:144,51
DA:145,51
DA:146,51
DA:148,51
DA:153,51
DA:155,51
DA:163,51
DA:172,51
DA:174,51
DA:175,19
DA:176,6
DA:179,13
DA:181,13
DA:182,4
DA:183,4
DA:184,4
DA:185,4
DA:187,4
DA:188,4
DA:193,4
DA:198,4
DA:200,2
DA:201,0
DA:206,2
DA:207,2
DA:208,2
DA:209,2
DA:211,2
DA:212,0
DA:215,2
DA:216,2
DA:217,2
DA:218,2
DA:224,13
DA:225,13
DA:226,13
DA:230,51
DA:231,3
DA:233,3
DA:234,3
DA:236,3
DA:237,1
DA:238,1
DA:241,2
DA:242,2
DA:252,2
DA:254,2
DA:255,0
DA:256,0
DA:257,0
DA:260,2
DA:262,2
DA:263,2
DA:264,2
DA:266,2
DA:270,2
DA:271,1
DA:272,1
DA:273,1
DA:276,1
DA:285,1
DA:287,0
DA:288,0
DA:292,51
DA:303,0
DA:482,408
DA:615,255
DA:635,153
DA:647,0
LF:107
LH:97
BRDA:113,0,0,3
BRDA:113,0,1,0
BRDA:115,1,0,0
BRDA:115,1,1,3
BRDA:120,2,0,3
BRDA:120,2,1,0
BRDA:124,3,0,1
BRDA:124,3,1,0
BRDA:131,4,0,1
BRDA:131,4,1,0
BRDA:138,5,0,3
BRDA:138,5,1,7
BRDA:146,6,0,51
BRDA:146,6,1,51
BRDA:148,7,0,14
BRDA:148,7,1,37
BRDA:155,8,0,36
BRDA:155,8,1,15
BRDA:157,9,0,1
BRDA:157,9,1,14
BRDA:159,10,0,1
BRDA:159,10,1,13
BRDA:163,11,0,36
BRDA:163,11,1,15
BRDA:165,12,0,1
BRDA:165,12,1,14
BRDA:167,13,0,1
BRDA:167,13,1,13
BRDA:172,14,0,1
BRDA:172,14,1,50
BRDA:175,15,0,6
BRDA:175,15,1,13
BRDA:200,16,0,0
BRDA:200,16,1,2
BRDA:202,17,0,0
BRDA:202,17,1,0
BRDA:211,18,0,0
BRDA:211,18,1,2
BRDA:219,19,0,2
BRDA:219,19,1,0
BRDA:236,20,0,1
BRDA:236,20,1,2
BRDA:254,21,0,0
BRDA:254,21,1,2
BRDA:262,22,0,2
BRDA:262,22,1,0
BRDA:270,23,0,1
BRDA:270,23,1,1
BRDA:366,24,0,24
BRDA:366,24,1,27
BRDA:368,25,0,24
BRDA:368,25,1,0
BRDA:394,26,0,24
BRDA:394,26,1,0
BRDA:526,27,0,13
BRDA:526,27,1,38
BRDA:531,28,0,1
BRDA:531,28,1,50
BRF:58
BRH:44
end_of_record
TN:
SF:src\pages\ListingDetails.jsx
FN:8,ListingDetails
FN:12,(anonymous_1)
FN:37,(anonymous_2)
FN:64,(anonymous_3)
FNF:4
FNH:2
FNDA:4,ListingDetails
FNDA:0,(anonymous_1)
FNDA:1,(anonymous_2)
FNDA:0,(anonymous_3)
DA:9,4
DA:10,4
DA:12,4
DA:13,0
DA:32,4
DA:37,4
DA:38,1
DA:39,1
DA:44,1
DA:47,4
DA:48,1
DA:51,3
DA:52,1
DA:55,2
DA:64,0
LF:15
LH:13
BRDA:47,0,0,1
BRDA:47,0,1,3
BRDA:51,1,0,1
BRDA:51,1,1,2
BRDA:74,2,0,1
BRDA:74,2,1,1
BRDA:83,3,0,0
BRDA:83,3,1,2
BRDA:83,4,0,2
BRDA:83,4,1,1
BRDA:94,5,0,1
BRDA:94,5,1,1
BRDA:105,6,0,2
BRDA:105,6,1,0
BRDA:110,7,0,2
BRDA:110,7,1,0
BRDA:114,8,0,0
BRDA:114,8,1,0
BRDA:118,9,0,2
BRDA:118,9,1,0
BRDA:119,10,0,2
BRDA:119,10,1,0
BRDA:124,11,0,1
BRDA:124,11,1,1
BRDA:135,12,0,1
BRDA:135,12,1,1
BRF:26
BRH:19
end_of_record
TN:
SF:src\pages\MessagesPage.jsx
FN:5,MessagesPage
FN:11,(anonymous_1)
FN:12,(anonymous_2)
FN:27,(anonymous_3)
FN:46,(anonymous_4)
FN:74,(anonymous_5)
FN:77,(anonymous_6)
FN:84,(anonymous_7)
FN:96,(anonymous_8)
FN:113,(anonymous_9)
FN:125,(anonymous_10)
FN:130,(anonymous_11)
FN:140,(anonymous_12)
FN:176,(anonymous_13)
FN:211,(anonymous_14)
FN:218,(anonymous_15)
FNF:16
FNH:13
FNDA:3,MessagesPage
FNDA:1,(anonymous_1)
FNDA:1,(anonymous_2)
FNDA:1,(anonymous_3)
FNDA:1,(anonymous_4)
FNDA:2,(anonymous_5)
FNDA:1,(anonymous_6)
FNDA:2,(anonymous_7)
FNDA:0,(anonymous_8)
FNDA:0,(anonymous_9)
FNDA:1,(anonymous_10)
FNDA:1,(anonymous_11)
FNDA:1,(anonymous_12)
FNDA:0,(anonymous_13)
FNDA:1,(anonymous_14)
FNDA:1,(anonymous_15)
DA:6,3
DA:7,3
DA:8,3
DA:9,3
DA:11,3
DA:12,1
DA:13,1
DA:15,1
DA:16,0
DA:17,0
DA:18,0
DA:21,1
DA:24,1
DA:27,3
DA:28,1
DA:29,1
DA:42,1
DA:44,1
DA:46,1
DA:47,1
DA:48,1
DA:49,1
DA:52,1
DA:54,1
DA:55,1
DA:66,1
DA:68,0
DA:70,1
DA:74,3
DA:75,2
DA:77,1
DA:78,1
DA:81,1
DA:84,3
DA:85,2
DA:87,1
DA:97,0
DA:99,0
DA:101,0
DA:103,0
DA:114,0
DA:116,0
DA:118,0
DA:120,0
DA:125,1
DA:126,1
DA:130,3
DA:131,1
DA:132,1
DA:137,1
DA:140,3
DA:141,1
DA:143,1
DA:151,3
DA:152,2
DA:169,1
DA:176,0
DA:212,1
DA:218,1
LF:59
LH:46
BRDA:15,0,0,0
BRDA:15,0,1,1
BRDA:42,1,0,0
BRDA:42,1,1,1
BRDA:46,2,0,1
BRDA:46,2,1,0
BRDA:48,3,0,1
BRDA:48,3,1,0
BRDA:49,4,0,1
BRDA:49,4,1,0
BRDA:54,5,0,1
BRDA:54,5,1,0
BRDA:57,6,0,1
BRDA:57,6,1,0
BRDA:59,7,0,1
BRDA:59,7,1,0
BRDA:75,8,0,1
BRDA:75,8,1,1
BRDA:85,9,0,1
BRDA:85,9,1,1
BRDA:99,10,0,0
BRDA:99,10,1,0
BRDA:101,11,0,0
BRDA:101,11,1,0
BRDA:116,12,0,0
BRDA:116,12,1,0
BRDA:118,13,0,0
BRDA:118,13,1,0
BRDA:141,14,0,0
BRDA:141,14,1,1
BRDA:151,15,0,2
BRDA:151,15,1,1
BRDA:191,16,0,0
BRDA:191,16,1,1
BRDA:202,17,0,0
BRDA:202,17,1,0
BRDA:223,18,0,1
BRDA:223,18,1,0
BRDA:238,19,0,1
BRDA:238,19,1,0
BRF:40
BRH:18
end_of_record
TN:
SF:src\pages\NotificationsPage.jsx
FN:6,(anonymous_0)
FN:21,(anonymous_1)
FN:24,(anonymous_2)
FN:28,NotificationsPage
FN:36,(anonymous_4)
FN:45,(anonymous_5)
FN:53,(anonymous_6)
FN:58,(anonymous_7)
FN:59,(anonymous_8)
FN:66,(anonymous_9)
FN:67,(anonymous_10)
FN:82,(anonymous_11)
FN:116,(anonymous_12)
FN:149,(anonymous_13)
FN:160,(anonymous_14)
FN:186,(anonymous_15)
FN:211,(anonymous_16)
FN:235,(anonymous_17)
FN:250,(anonymous_18)
FN:253,(anonymous_19)
FN:260,(anonymous_20)
FN:272,(anonymous_21)
FN:294,(anonymous_22)
FN:306,(anonymous_23)
FN:334,(anonymous_24)
FN:339,(anonymous_25)
FN:349,(anonymous_26)
FN:352,(anonymous_27)
FN:357,(anonymous_28)
FN:366,(anonymous_29)
FN:367,(anonymous_30)
FN:376,(anonymous_31)
FN:406,(anonymous_32)
FN:407,(anonymous_33)
FN:422,(anonymous_34)
FN:423,(anonymous_35)
FN:433,(anonymous_36)
FN:434,(anonymous_37)
FN:465,(anonymous_38)
FN:490,(anonymous_39)
FN:493,(anonymous_40)
FN:521,(anonymous_41)
FN:524,(anonymous_42)
FNF:43
FNH:36
FNDA:27,(anonymous_0)
FNDA:9,(anonymous_1)
FNDA:2,(anonymous_2)
FNDA:28,NotificationsPage
FNDA:19,(anonymous_4)
FNDA:0,(anonymous_5)
FNDA:0,(anonymous_6)
FNDA:9,(anonymous_7)
FNDA:9,(anonymous_8)
FNDA:9,(anonymous_9)
FNDA:9,(anonymous_10)
FNDA:8,(anonymous_11)
FNDA:8,(anonymous_12)
FNDA:8,(anonymous_13)
FNDA:3,(anonymous_14)
FNDA:8,(anonymous_15)
FNDA:8,(anonymous_16)
FNDA:11,(anonymous_17)
FNDA:16,(anonymous_18)
FNDA:7,(anonymous_19)
FNDA:16,(anonymous_20)
FNDA:0,(anonymous_21)
FNDA:0,(anonymous_22)
FNDA:0,(anonymous_23)
FNDA:7,(anonymous_24)
FNDA:1,(anonymous_25)
FNDA:3,(anonymous_26)
FNDA:1,(anonymous_27)
FNDA:1,(anonymous_28)
FNDA:3,(anonymous_29)
FNDA:1,(anonymous_30)
FNDA:4,(anonymous_31)
FNDA:2,(anonymous_32)
FNDA:6,(anonymous_33)
FNDA:1,(anonymous_34)
FNDA:2,(anonymous_35)
FNDA:27,(anonymous_36)
FNDA:27,(anonymous_37)
FNDA:0,(anonymous_38)
FNDA:22,(anonymous_39)
FNDA:4,(anonymous_40)
FNDA:5,(anonymous_41)
FNDA:0,(anonymous_42)
DA:6,3
DA:7,27
DA:8,16
DA:9,16
DA:10,5
DA:11,5
DA:12,5
DA:13,2
DA:14,0
DA:15,0
DA:16,0
DA:18,0
DA:21,3
DA:22,9
DA:24,3
DA:25,2
DA:29,28
DA:30,28
DA:31,28
DA:32,28
DA:33,28
DA:34,28
DA:36,28
DA:37,19
DA:45,28
DA:46,0
DA:47,0
DA:49,0
DA:50,0
DA:53,0
DA:54,0
DA:58,28
DA:59,9
DA:60,9
DA:61,0
DA:66,28
DA:67,9
DA:68,9
DA:70,9
DA:71,2
DA:72,2
DA:75,7
DA:78,9
DA:81,28
DA:83,8
DA:84,8
DA:112,8
DA:114,8
DA:116,8
DA:117,8
DA:119,8
DA:121,8
DA:125,8
DA:141,0
DA:142,0
DA:148,28
DA:150,8
DA:151,8
DA:155,8
DA:157,8
DA:158,8
DA:160,8
DA:162,3
DA:164,3
DA:178,0
DA:179,0
DA:185,28
DA:187,8
DA:188,8
DA:209,8
DA:211,8
DA:226,8
DA:227,8
DA:228,8
DA:234,8
DA:236,11
DA:240,8
DA:242,0
DA:244,8
DA:250,28
DA:251,16
DA:253,7
DA:254,7
DA:257,7
DA:260,28
DA:261,16
DA:263,7
DA:273,0
DA:274,0
DA:276,0
DA:277,0
DA:279,0
DA:280,0
DA:295,0
DA:296,0
DA:307,0
DA:308,0
DA:309,0
DA:312,0
DA:315,0
DA:319,0
DA:321,0
DA:322,0
DA:330,7
DA:331,1
DA:334,7
DA:335,7
DA:339,28
DA:340,1
DA:341,1
DA:347,1
DA:350,3
DA:352,1
DA:355,1
DA:356,1
DA:358,1
DA:365,1
DA:366,3
DA:367,1
DA:369,1
DA:370,1
DA:372,0
DA:376,28
DA:377,4
DA:378,4
DA:379,1
DA:384,1
DA:387,1
DA:390,3
DA:391,2
DA:392,2
DA:398,2
DA:399,2
DA:400,1
DA:402,1
DA:406,2
DA:407,2
DA:408,6
DA:412,2
DA:415,1
DA:416,1
DA:418,1
DA:419,1
DA:422,1
DA:423,1
DA:424,2
DA:429,0
DA:433,28
DA:434,28
DA:436,28
DA:437,16
DA:448,12
DA:465,0
DA:491,22
DA:493,4
DA:522,5
DA:524,0
LF:157
LH:121
BRDA:7,0,0,11
BRDA:7,0,1,16
BRDA:8,1,0,0
BRDA:8,1,1,16
BRDA:9,2,0,11
BRDA:9,2,1,5
BRDA:10,3,0,0
BRDA:10,3,1,5
BRDA:11,4,0,0
BRDA:11,4,1,5
BRDA:12,5,0,3
BRDA:12,5,1,2
BRDA:13,6,0,2
BRDA:13,6,1,0
BRDA:14,7,0,0
BRDA:14,7,1,0
BRDA:15,8,0,0
BRDA:15,8,1,0
BRDA:16,9,0,0
BRDA:16,9,1,0
BRDA:22,10,0,9
BRDA:22,10,1,7
BRDA:46,11,0,0
BRDA:46,11,1,0
BRDA:49,12,0,0
BRDA:49,12,1,0
BRDA:60,13,0,0
BRDA:60,13,1,9
BRDA:70,14,0,2
BRDA:70,14,1,7
BRDA:112,15,0,0
BRDA:112,15,1,8
BRDA:116,16,0,8
BRDA:116,16,1,0
BRDA:119,17,0,8
BRDA:119,17,1,0
BRDA:121,18,0,8
BRDA:121,18,1,0
BRDA:130,19,0,8
BRDA:130,19,1,0
BRDA:133,20,0,8
BRDA:133,20,1,0
BRDA:133,21,0,8
BRDA:133,21,1,0
BRDA:133,22,0,8
BRDA:133,22,1,0
BRDA:134,23,0,8
BRDA:134,23,1,0
BRDA:155,24,0,0
BRDA:155,24,1,8
BRDA:158,25,0,8
BRDA:158,25,1,0
BRDA:162,26,0,0
BRDA:162,26,1,3
BRDA:166,27,0,3
BRDA:166,27,1,0
BRDA:168,28,0,3
BRDA:168,28,1,0
BRDA:169,29,0,3
BRDA:169,29,1,0
BRDA:172,30,0,3
BRDA:172,30,1,0
BRDA:209,31,0,0
BRDA:209,31,1,8
BRDA:211,32,0,8
BRDA:211,32,1,0
BRDA:214,33,0,8
BRDA:214,33,1,0
BRDA:215,34,0,8
BRDA:215,34,1,0
BRDA:222,35,0,8
BRDA:222,35,1,0
BRDA:236,36,0,11
BRDA:236,36,1,0
BRDA:237,37,0,11
BRDA:237,37,1,0
BRDA:251,38,0,9
BRDA:251,38,1,7
BRDA:261,39,0,9
BRDA:261,39,1,7
BRDA:273,40,0,0
BRDA:273,40,1,0
BRDA:274,41,0,0
BRDA:274,41,1,0
BRDA:279,42,0,0
BRDA:279,42,1,0
BRDA:296,43,0,0
BRDA:296,43,1,0
BRDA:307,44,0,0
BRDA:307,44,1,0
BRDA:308,45,0,0
BRDA:308,45,1,0
BRDA:315,46,0,0
BRDA:315,46,1,0
BRDA:321,47,0,0
BRDA:321,47,1,0
BRDA:330,48,0,1
BRDA:330,48,1,6
BRDA:350,49,0,3
BRDA:350,49,1,1
BRDA:355,50,0,1
BRDA:355,50,1,0
BRDA:378,51,0,1
BRDA:378,51,1,3
BRDA:390,52,0,2
BRDA:390,52,1,1
BRDA:391,53,0,2
BRDA:391,53,1,0
BRDA:391,54,0,2
BRDA:391,54,1,2
BRDA:398,55,0,2
BRDA:398,55,1,0
BRDA:399,56,0,1
BRDA:399,56,1,1
BRDA:408,57,0,2
BRDA:408,57,1,4
BRDA:415,58,0,1
BRDA:415,58,1,0
BRDA:418,59,0,1
BRDA:418,59,1,0
BRDA:424,60,0,1
BRDA:424,60,1,1
BRDA:436,61,0,16
BRDA:436,61,1,12
BRDA:450,62,0,0
BRDA:450,62,1,12
BRDA:476,63,0,11
BRDA:476,63,1,1
BRDA:486,64,0,11
BRDA:486,64,1,1
BRDA:517,65,0,5
BRDA:517,65,1,7
BRF:132
BRH:72
end_of_record
TN:
SF:src\pages\PaymentPage.jsx
FN:9,PaymentPage
FN:23,(anonymous_1)
FN:29,(anonymous_2)
FN:57,(anonymous_3)
FN:75,(anonymous_4)
FN:144,(anonymous_5)
FN:195,(anonymous_6)
FN:226,(anonymous_7)
FN:255,(anonymous_8)
FNF:9
FNH:8
FNDA:14,PaymentPage
FNDA:8,(anonymous_1)
FNDA:6,(anonymous_2)
FNDA:0,(anonymous_3)
FNDA:18,(anonymous_4)
FNDA:1,(anonymous_5)
FNDA:1,(anonymous_6)
FNDA:1,(anonymous_7)
FNDA:1,(anonymous_8)
DA:10,14
DA:11,14
DA:12,14
DA:13,14
DA:15,14
DA:21,14
DA:23,14
DA:24,8
DA:25,6
DA:27,6
DA:29,6
DA:31,6
DA:32,6
DA:33,6
DA:35,0
DA:39,6
DA:41,6
DA:45,6
DA:46,3
DA:57,3
DA:59,3
DA:60,1
DA:65,2
DA:66,2
DA:72,3
DA:73,3
DA:75,3
DA:76,18
DA:77,18
DA:81,18
DA:82,1
DA:85,17
DA:87,17
DA:91,1
DA:92,1
DA:95,16
DA:96,15
DA:97,15
DA:99,1
DA:102,1
DA:103,1
DA:104,1
DA:108,3
DA:110,1
DA:111,1
DA:112,1
DA:116,6
DA:119,14
DA:144,1
DA:195,1
DA:226,1
DA:255,1
LF:52
LH:51
BRDA:16,0,0,2
BRDA:16,0,1,12
BRDA:16,1,0,14
BRDA:16,1,1,12
BRDA:24,2,0,2
BRDA:24,2,1,6
BRDA:24,3,0,8
BRDA:24,3,1,6
BRDA:25,4,0,0
BRDA:25,4,1,6
BRDA:39,5,0,6
BRDA:39,5,1,3
BRDA:45,6,0,3
BRDA:45,6,1,3
BRDA:59,7,0,1
BRDA:59,7,1,2
BRDA:61,8,0,1
BRDA:61,8,1,0
BRDA:81,9,0,1
BRDA:81,9,1,17
BRDA:87,10,0,1
BRDA:87,10,1,16
BRDA:88,11,0,17
BRDA:88,11,1,17
BRDA:95,12,0,15
BRDA:95,12,1,1
BRDA:124,13,0,14
BRDA:124,13,1,2
BRDA:153,14,0,14
BRDA:153,14,1,6
BRDA:174,15,0,14
BRDA:174,15,1,1
BRDA:204,16,0,14
BRDA:204,16,1,3
BRDA:235,17,0,14
BRDA:235,17,1,2
BRDA:250,18,0,2
BRDA:250,18,1,0
BRF:38
BRH:35
end_of_record
TN:
SF:src\pages\SellerProfilePage.jsx
FN:8,getInitials
FN:15,(anonymous_1)
FN:21,SellerProfilePage
FN:29,(anonymous_3)
FN:30,(anonymous_4)
FN:55,(anonymous_5)
FN:56,(anonymous_6)
FN:71,(anonymous_7)
FN:93,(anonymous_8)
FNF:9
FNH:8
FNDA:3,getInitials
FNDA:2,(anonymous_1)
FNDA:4,SellerProfilePage
FNDA:2,(anonymous_3)
FNDA:2,(anonymous_4)
FNDA:2,(anonymous_5)
FNDA:2,(anonymous_6)
FNDA:0,(anonymous_7)
FNDA:3,(anonymous_8)
DA:9,3
DA:10,2
DA:13,1
DA:15,2
DA:22,4
DA:23,4
DA:24,4
DA:25,4
DA:26,4
DA:27,4
DA:29,4
DA:30,2
DA:31,2
DA:32,2
DA:34,2
DA:35,0
DA:36,0
DA:39,2
DA:52,2
DA:55,4
DA:56,2
DA:57,2
DA:58,0
DA:59,0
DA:60,0
DA:63,2
DA:65,2
DA:66,2
DA:70,2
DA:71,1
DA:72,1
DA:75,1
DA:76,1
DA:77,1
DA:78,1
DA:80,1
DA:81,1
DA:82,1
DA:83,1
DA:85,2
DA:89,2
DA:92,4
DA:93,3
DA:97,4
LF:44
LH:39
BRDA:9,0,0,2
BRDA:9,0,1,1
BRDA:34,1,0,0
BRDA:34,1,1,2
BRDA:41,2,0,2
BRDA:41,2,1,0
BRDA:41,2,2,0
BRDA:41,2,3,0
BRDA:46,3,0,2
BRDA:46,3,1,2
BRDA:46,3,2,2
BRDA:57,4,0,0
BRDA:57,4,1,2
BRDA:70,5,0,1
BRDA:70,5,1,1
BRDA:72,6,0,1
BRDA:72,6,1,0
BRDA:76,7,0,1
BRDA:76,7,1,0
BRDA:77,8,0,1
BRDA:77,8,1,0
BRDA:83,9,0,1
BRDA:83,9,1,0
BRDA:117,10,0,1
BRDA:117,10,1,3
BRDA:132,11,0,4
BRDA:132,11,1,3
BRDA:135,12,0,4
BRDA:135,12,1,3
BRDA:136,13,0,4
BRDA:136,13,1,3
BRDA:139,14,0,2
BRDA:139,14,1,2
BRDA:142,15,0,0
BRDA:142,15,1,2
BRF:35
BRH:25
end_of_record
TN:
SF:src\pages\SignInPage.jsx
FN:3,SignInPage
FNF:1
FNH:1
FNDA:1,SignInPage
DA:4,1
LF:1
LH:1
BRF:0
BRH:0
end_of_record
TN:
SF:src\pages\SignUpPage.jsx
FN:3,SignUpPage
FNF:1
FNH:1
FNDA:1,SignUpPage
DA:4,1
LF:1
LH:1
BRF:0
BRH:0
end_of_record
TN:
SF:src\pages\StaffDashboard.jsx
FN:13,StaffDashboard
FN:55,(anonymous_1)
FN:56,(anonymous_2)
FN:59,(anonymous_3)
FN:77,(anonymous_4)
FN:87,(anonymous_5)
FNF:6
FNH:3
FNDA:6,StaffDashboard
FNDA:2,(anonymous_1)
FNDA:2,(anonymous_2)
FNDA:0,(anonymous_3)
FNDA:0,(anonymous_4)
FNDA:0,(anonymous_5)
DA:14,6
DA:15,6
DA:38,6
DA:40,6
DA:41,6
DA:43,6
DA:46,6
DA:47,6
DA:48,6
DA:51,6
DA:55,6
DA:56,2
DA:59,6
DA:60,0
DA:61,0
DA:64,6
DA:77,0
DA:87,0
LF:18
LH:14
BRDA:41,0,0,6
BRDA:41,0,1,0
BRDA:43,1,0,6
BRDA:43,1,1,0
BRDA:43,1,2,0
BRDA:48,2,0,0
BRDA:48,2,1,6
BRDA:51,3,0,1
BRDA:51,3,1,5
BRDA:73,4,0,0
BRDA:73,4,1,6
BRDA:93,5,0,0
BRDA:93,5,1,6
BRDA:99,6,0,6
BRDA:99,6,1,0
BRDA:109,7,0,0
BRDA:109,7,1,6
BRDA:117,8,0,6
BRDA:117,8,1,0
BRDA:117,9,0,6
BRDA:117,9,1,6
BRDA:128,10,0,6
BRDA:128,10,1,0
BRDA:128,11,0,6
BRDA:128,11,1,6
BRDA:136,12,0,6
BRDA:136,12,1,0
BRDA:136,13,0,6
BRDA:136,13,1,6
BRDA:143,14,0,0
BRDA:143,14,1,6
BRDA:148,15,0,0
BRDA:148,15,1,6
BRDA:153,16,0,0
BRDA:153,16,1,6
BRDA:158,17,0,0
BRDA:158,17,1,6
BRF:37
BRH:22
end_of_record
TN:
SF:src\pages\StudentDashboard.jsx
FN:19,StudentDashboard
FN:31,(anonymous_1)
FN:41,(anonymous_2)
FN:54,(anonymous_3)
FN:85,(anonymous_4)
FN:94,(anonymous_5)
FN:95,(anonymous_6)
FN:99,(anonymous_7)
FN:102,(anonymous_8)
FN:155,(anonymous_9)
FN:171,(anonymous_10)
FN:181,(anonymous_11)
FN:203,(anonymous_12)
FN:214,(anonymous_13)
FN:217,(anonymous_14)
FN:222,(anonymous_15)
FN:227,(anonymous_16)
FN:258,(anonymous_17)
FN:258,(anonymous_18)
FN:268,(anonymous_19)
FN:293,(anonymous_20)
FN:303,(anonymous_21)
FN:303,(anonymous_22)
FNF:23
FNH:23
FNDA:15,StudentDashboard
FNDA:3,(anonymous_1)
FNDA:12,(anonymous_2)
FNDA:6,(anonymous_3)
FNDA:6,(anonymous_4)
FNDA:11,(anonymous_5)
FNDA:10,(anonymous_6)
FNDA:11,(anonymous_7)
FNDA:8,(anonymous_8)
FNDA:2,(anonymous_9)
FNDA:2,(anonymous_10)
FNDA:1,(anonymous_11)
FNDA:3,(anonymous_12)
FNDA:9,(anonymous_13)
FNDA:3,(anonymous_14)
FNDA:3,(anonymous_15)
FNDA:3,(anonymous_16)
FNDA:1,(anonymous_17)
FNDA:1,(anonymous_18)
FNDA:1,(anonymous_19)
FNDA:1,(anonymous_20)
FNDA:1,(anonymous_21)
FNDA:1,(anonymous_22)
DA:17,2
DA:20,15
DA:21,15
DA:22,15
DA:25,15
DA:26,15
DA:27,15
DA:29,15
DA:31,15
DA:32,3
DA:33,3
DA:37,0
DA:41,15
DA:42,12
DA:44,3
DA:45,3
DA:46,3
DA:48,3
DA:49,3
DA:52,3
DA:53,3
DA:54,6
DA:57,0
DA:60,3
DA:61,3
DA:68,3
DA:69,3
DA:71,0
DA:74,3
DA:75,3
DA:82,3
DA:83,3
DA:84,3
DA:85,6
DA:88,0
DA:91,3
DA:94,15
DA:95,11
DA:96,10
DA:99,11
DA:102,15
DA:103,8
DA:105,1
DA:156,2
DA:157,2
DA:158,1
DA:160,1
DA:172,2
DA:173,1
DA:174,0
DA:176,1
DA:181,1
DA:182,1
DA:201,15
DA:203,15
DA:204,3
DA:205,3
DA:206,3
DA:209,15
DA:210,15
DA:211,15
DA:212,15
DA:214,15
DA:215,15
DA:217,3
DA:220,15
DA:222,3
DA:225,15
DA:228,3
DA:232,15
DA:240,15
DA:258,1
DA:268,1
DA:293,1
DA:303,1
LF:75
LH:70
BRDA:23,0,0,15
BRDA:23,0,1,15
BRDA:34,1,0,3
BRDA:34,1,1,0
BRDA:42,2,0,9
BRDA:42,2,1,3
BRDA:42,3,0,12
BRDA:42,3,1,12
BRDA:53,4,0,3
BRDA:53,4,1,0
BRDA:68,5,0,0
BRDA:68,5,1,3
BRDA:69,6,0,3
BRDA:69,6,1,0
BRDA:82,7,0,0
BRDA:82,7,1,3
BRDA:84,8,0,3
BRDA:84,8,1,0
BRDA:103,9,0,7
BRDA:103,9,1,1
BRDA:103,10,0,8
BRDA:103,10,1,8
BRDA:156,11,0,0
BRDA:156,11,1,2
BRDA:157,12,0,1
BRDA:157,12,1,1
BRDA:172,13,0,1
BRDA:172,13,1,1
BRDA:173,14,0,0
BRDA:173,14,1,1
BRDA:206,15,0,1
BRDA:206,15,1,2
BRDA:209,16,0,15
BRDA:209,16,1,0
BRDA:209,16,2,0
BRDA:214,17,0,9
BRDA:214,17,1,0
BRDA:215,18,0,1
BRDA:215,18,1,14
BRDA:220,19,0,1
BRDA:220,19,1,14
BRDA:225,20,0,1
BRDA:225,20,1,14
BRDA:261,21,0,1
BRDA:261,21,1,14
BRDA:264,22,0,1
BRDA:264,22,1,14
BRDA:275,23,0,1
BRDA:275,23,1,14
BRDA:290,24,0,13
BRDA:290,24,1,2
BRDA:308,25,0,1
BRDA:308,25,1,12
BRDA:311,26,0,2
BRDA:311,26,1,11
BRDA:318,27,0,1
BRDA:318,27,1,12
BRDA:347,28,0,1
BRDA:347,28,1,12
BRDA:348,29,0,0
BRDA:348,29,1,1
BRDA:364,30,0,1
BRDA:364,30,1,0
BRDA:385,31,0,1
BRDA:385,31,1,0
BRDA:397,32,0,1
BRDA:397,32,1,0
BRDA:421,33,0,0
BRDA:421,33,1,15
BRDA:425,34,0,0
BRDA:425,34,1,15
BRDA:429,35,0,1
BRDA:429,35,1,14
BRF:73
BRH:56
end_of_record
TN:
SF:src\pages\WelcomePage.jsx
FN:5,WelcomePage
FNF:1
FNH:1
FNDA:2,WelcomePage
DA:6,2
LF:1
LH:1
BRF:0
BRH:0
end_of_record
TN:
SF:src\utils\navigation.js
FN:1,(anonymous_0)
FNF:1
FNH:1
FNDA:2,(anonymous_0)
DA:1,6
DA:2,2
DA:4,1
LF:3
LH:3
BRDA:2,0,0,1
BRDA:2,0,1,1
BRF:2
BRH:2
end_of_record
TN:
SF:src\utils\roleRedirect.js
FN:9,(anonymous_0)
FN:14,(anonymous_1)
FN:17,(anonymous_2)
FN:23,(anonymous_3)
FNF:4
FNH:4
FNDA:2,(anonymous_0)
FNDA:4,(anonymous_1)
FNDA:5,(anonymous_2)
FNDA:3,(anonymous_3)
DA:3,2
DA:9,2
DA:10,2
DA:14,2
DA:15,4
DA:17,2
DA:18,5
DA:23,2
DA:24,3
DA:25,0
DA:28,3
DA:34,3
DA:35,2
DA:36,2
DA:38,2
DA:39,1
DA:42,1
DA:45,1
DA:46,1
DA:49,0
LF:20
LH:18
BRDA:10,0,0,2
BRDA:10,0,1,0
BRDA:15,1,0,4
BRDA:15,1,1,0
BRDA:18,2,0,5
BRDA:18,2,1,4
BRDA:18,2,2,3
BRDA:18,2,3,2
BRDA:24,3,0,0
BRDA:24,3,1,3
BRDA:34,4,0,2
BRDA:34,4,1,1
BRDA:38,5,0,1
BRDA:38,5,1,1
BRDA:45,6,0,1
BRDA:45,6,1,0
BRF:16
BRH:12
end_of_record
