<?xml version="1.0" encoding="UTF-8"?>
<coverage generated="1778968782082" clover="3.2.0">
  <project timestamp="1778968782083" name="All files">
    <metrics statements="894" coveredstatements="624" conditionals="659" coveredconditionals="392" methods="152" coveredmethods="104" elements="1705" coveredelements="1120" complexity="0" loc="894" ncloc="894" packages="4" files="16" classes="16"/>
    <package name="config">
      <metrics statements="5" coveredstatements="0" conditionals="0" coveredconditionals="0" methods="0" coveredmethods="0"/>
      <file name="supabaseClient.js" path="C:\Users\Nkosinathi\Desktop\campus-marketplace\server\src\config\supabaseClient.js">
        <metrics statements="5" coveredstatements="0" conditionals="0" coveredconditionals="0" methods="0" coveredmethods="0"/>
        <line num="2" count="0" type="stmt"/>
        <line num="4" count="0" type="stmt"/>
        <line num="5" count="0" type="stmt"/>
        <line num="7" count="0" type="stmt"/>
        <line num="9" count="0" type="stmt"/>
      </file>
    </package>
    <package name="middleware">
      <metrics statements="50" coveredstatements="49" conditionals="28" coveredconditionals="28" methods="5" coveredmethods="5"/>
      <file name="authMiddleware.js" path="C:\Users\Nkosinathi\Desktop\campus-marketplace\server\src\middleware\authMiddleware.js">
        <metrics statements="39" coveredstatements="39" conditionals="24" coveredconditionals="24" methods="4" coveredmethods="4"/>
        <line num="1" count="3" type="stmt"/>
        <line num="17" count="3" type="stmt"/>
        <line num="18" count="7" type="stmt"/>
        <line num="20" count="7" type="stmt"/>
        <line num="21" count="7" type="cond" truecount="4" falsecount="0"/>
        <line num="22" count="2" type="stmt"/>
        <line num="26" count="5" type="stmt"/>
        <line num="27" count="5" type="cond" truecount="2" falsecount="0"/>
        <line num="28" count="1" type="stmt"/>
        <line num="32" count="4" type="stmt"/>
        <line num="33" count="3" type="cond" truecount="4" falsecount="0"/>
        <line num="34" count="2" type="stmt"/>
        <line num="38" count="1" type="stmt"/>
        <line num="39" count="1" type="stmt"/>
        <line num="41" count="1" type="stmt"/>
        <line num="59" count="3" type="stmt"/>
        <line num="60" count="8" type="stmt"/>
        <line num="61" count="8" type="stmt"/>
        <line num="63" count="8" type="cond" truecount="2" falsecount="0"/>
        <line num="64" count="1" type="stmt"/>
        <line num="68" count="7" type="stmt"/>
        <line num="74" count="6" type="cond" truecount="4" falsecount="0"/>
        <line num="75" count="1" type="stmt"/>
        <line num="79" count="5" type="cond" truecount="2" falsecount="0"/>
        <line num="80" count="2" type="stmt"/>
        <line num="86" count="3" type="stmt"/>
        <line num="88" count="3" type="stmt"/>
        <line num="91" count="1" type="stmt"/>
        <line num="107" count="3" type="stmt"/>
        <line num="108" count="5" type="stmt"/>
        <line num="109" count="5" type="cond" truecount="2" falsecount="0"/>
        <line num="110" count="1" type="stmt"/>
        <line num="113" count="4" type="stmt"/>
        <line num="119" count="3" type="cond" truecount="4" falsecount="0"/>
        <line num="120" count="1" type="stmt"/>
        <line num="124" count="2" type="stmt"/>
        <line num="126" count="2" type="stmt"/>
        <line num="129" count="1" type="stmt"/>
        <line num="133" count="3" type="stmt"/>
      </file>
      <file name="validateListing.js" path="C:\Users\Nkosinathi\Desktop\campus-marketplace\server\src\middleware\validateListing.js">
        <metrics statements="11" coveredstatements="10" conditionals="4" coveredconditionals="4" methods="1" coveredmethods="1"/>
        <line num="2" count="2" type="stmt"/>
        <line num="16" count="2" type="stmt"/>
        <line num="17" count="8" type="stmt"/>
        <line num="18" count="8" type="stmt"/>
        <line num="21" count="8" type="stmt"/>
        <line num="29" count="8" type="cond" truecount="2" falsecount="0"/>
        <line num="30" count="3" type="stmt"/>
        <line num="35" count="5" type="stmt"/>
        <line num="45" count="5" type="stmt"/>
        <line num="48" count="0" type="stmt"/>
        <line num="52" count="2" type="stmt"/>
      </file>
    </package>
    <package name="routes">
      <metrics statements="390" coveredstatements="237" conditionals="229" coveredconditionals="117" methods="44" coveredmethods="24"/>
      <file name="admin.js" path="C:\Users\Nkosinathi\Desktop\campus-marketplace\server\src\routes\admin.js">
        <metrics statements="59" coveredstatements="0" conditionals="22" coveredconditionals="0" methods="10" coveredmethods="0"/>
        <line num="1" count="0" type="stmt"/>
        <line num="2" count="0" type="stmt"/>
        <line num="7" count="0" type="stmt"/>
        <line num="18" count="0" type="stmt"/>
        <line num="21" count="0" type="stmt"/>
        <line num="24" count="0" type="stmt"/>
        <line num="25" count="0" type="stmt"/>
        <line num="26" count="0" type="cond" truecount="0" falsecount="2"/>
        <line num="27" count="0" type="stmt"/>
        <line num="31" count="0" type="stmt"/>
        <line num="35" count="0" type="stmt"/>
        <line num="36" count="0" type="stmt"/>
        <line num="37" count="0" type="cond" truecount="0" falsecount="2"/>
        <line num="38" count="0" type="stmt"/>
        <line num="42" count="0" type="stmt"/>
        <line num="46" count="0" type="stmt"/>
        <line num="47" count="0" type="stmt"/>
        <line num="48" count="0" type="cond" truecount="0" falsecount="2"/>
        <line num="49" count="0" type="stmt"/>
        <line num="56" count="0" type="stmt"/>
        <line num="59" count="0" type="stmt"/>
        <line num="63" count="0" type="stmt"/>
        <line num="64" count="0" type="cond" truecount="0" falsecount="2"/>
        <line num="65" count="0" type="stmt"/>
        <line num="72" count="0" type="stmt"/>
        <line num="76" count="0" type="stmt"/>
        <line num="80" count="0" type="stmt"/>
        <line num="81" count="0" type="cond" truecount="0" falsecount="2"/>
        <line num="82" count="0" type="stmt"/>
        <line num="89" count="0" type="stmt"/>
        <line num="94" count="0" type="stmt"/>
        <line num="95" count="0" type="stmt"/>
        <line num="96" count="0" type="cond" truecount="0" falsecount="2"/>
        <line num="97" count="0" type="stmt"/>
        <line num="101" count="0" type="stmt"/>
        <line num="104" count="0" type="stmt"/>
        <line num="105" count="0" type="stmt"/>
        <line num="106" count="0" type="cond" truecount="0" falsecount="2"/>
        <line num="107" count="0" type="stmt"/>
        <line num="110" count="0" type="stmt"/>
        <line num="111" count="0" type="cond" truecount="0" falsecount="2"/>
        <line num="112" count="0" type="stmt"/>
        <line num="116" count="0" type="stmt"/>
        <line num="120" count="0" type="stmt"/>
        <line num="121" count="0" type="stmt"/>
        <line num="122" count="0" type="cond" truecount="0" falsecount="2"/>
        <line num="123" count="0" type="stmt"/>
        <line num="127" count="0" type="stmt"/>
        <line num="130" count="0" type="stmt"/>
        <line num="131" count="0" type="stmt"/>
        <line num="132" count="0" type="cond" truecount="0" falsecount="2"/>
        <line num="133" count="0" type="stmt"/>
        <line num="137" count="0" type="stmt"/>
        <line num="140" count="0" type="stmt"/>
        <line num="141" count="0" type="stmt"/>
        <line num="145" count="0" type="cond" truecount="0" falsecount="2"/>
        <line num="146" count="0" type="stmt"/>
        <line num="150" count="0" type="stmt"/>
        <line num="153" count="0" type="stmt"/>
      </file>
      <file name="facilityDashboard.js" path="C:\Users\Nkosinathi\Desktop\campus-marketplace\server\src\routes\facilityDashboard.js">
        <metrics statements="25" coveredstatements="21" conditionals="23" coveredconditionals="10" methods="2" coveredmethods="2"/>
        <line num="1" count="1" type="stmt"/>
        <line num="2" count="1" type="stmt"/>
        <line num="6" count="1" type="stmt"/>
        <line num="11" count="1" type="stmt"/>
        <line num="13" count="1" type="stmt"/>
        <line num="19" count="2" type="stmt"/>
        <line num="21" count="2" type="cond" truecount="2" falsecount="0"/>
        <line num="22" count="2" type="stmt"/>
        <line num="28" count="2" type="cond" truecount="1" falsecount="1"/>
        <line num="29" count="0" type="cond" truecount="0" falsecount="2"/>
        <line num="35" count="2" type="stmt"/>
        <line num="39" count="1" type="stmt"/>
        <line num="45" count="2" type="stmt"/>
        <line num="46" count="2" type="stmt"/>
        <line num="48" count="2" type="stmt"/>
        <line num="55" count="2" type="cond" truecount="1" falsecount="1"/>
        <line num="56" count="0" type="stmt"/>
        <line num="59" count="2" type="cond" truecount="4" falsecount="0"/>
        <line num="60" count="1" type="stmt"/>
        <line num="65" count="1" type="stmt"/>
        <line num="74" count="1" type="cond" truecount="1" falsecount="1"/>
        <line num="75" count="0" type="cond" truecount="0" falsecount="2"/>
        <line num="82" count="0" type="stmt"/>
        <line num="88" count="1" type="stmt"/>
        <line num="92" count="1" type="stmt"/>
      </file>
      <file name="listing.js" path="C:\Users\Nkosinathi\Desktop\campus-marketplace\server\src\routes\listing.js">
        <metrics statements="84" coveredstatements="81" conditionals="42" coveredconditionals="40" methods="8" coveredmethods="8"/>
        <line num="2" count="1" type="stmt"/>
        <line num="3" count="1" type="stmt"/>
        <line num="4" count="1" type="stmt"/>
        <line num="10" count="1" type="stmt"/>
        <line num="11" count="1" type="stmt"/>
        <line num="12" count="1" type="stmt"/>
        <line num="13" count="1" type="stmt"/>
        <line num="19" count="1" type="stmt"/>
        <line num="20" count="2" type="stmt"/>
        <line num="22" count="2" type="cond" truecount="2" falsecount="0"/>
        <line num="23" count="1" type="stmt"/>
        <line num="28" count="1" type="stmt"/>
        <line num="36" count="1" type="stmt"/>
        <line num="37" count="4" type="stmt"/>
        <line num="38" count="4" type="stmt"/>
        <line num="40" count="4" type="cond" truecount="2" falsecount="0"/>
        <line num="41" count="1" type="stmt"/>
        <line num="44" count="3" type="cond" truecount="2" falsecount="0"/>
        <line num="45" count="1" type="stmt"/>
        <line num="49" count="2" type="stmt"/>
        <line num="51" count="2" type="cond" truecount="2" falsecount="0"/>
        <line num="52" count="1" type="stmt"/>
        <line num="57" count="1" type="stmt"/>
        <line num="58" count="1" type="cond" truecount="1" falsecount="1"/>
        <line num="59" count="0" type="stmt"/>
        <line num="65" count="1" type="cond" truecount="1" falsecount="1"/>
        <line num="73" count="1" type="stmt"/>
        <line num="74" count="19" type="stmt"/>
        <line num="76" count="19" type="cond" truecount="4" falsecount="0"/>
        <line num="77" count="4" type="stmt"/>
        <line num="82" count="15" type="stmt"/>
        <line num="84" count="15" type="cond" truecount="4" falsecount="0"/>
        <line num="85" count="3" type="stmt"/>
        <line num="90" count="12" type="stmt"/>
        <line num="92" count="12" type="cond" truecount="2" falsecount="0"/>
        <line num="93" count="1" type="stmt"/>
        <line num="98" count="11" type="stmt"/>
        <line num="105" count="1" type="stmt"/>
        <line num="107" count="4" type="stmt"/>
        <line num="108" count="4" type="stmt"/>
        <line num="110" count="4" type="cond" truecount="2" falsecount="0"/>
        <line num="111" count="1" type="stmt"/>
        <line num="114" count="3" type="stmt"/>
        <line num="122" count="3" type="cond" truecount="2" falsecount="0"/>
        <line num="123" count="1" type="stmt"/>
        <line num="126" count="2" type="stmt"/>
        <line num="136" count="2" type="cond" truecount="2" falsecount="0"/>
        <line num="137" count="1" type="stmt"/>
        <line num="142" count="1" type="stmt"/>
        <line num="146" count="1" type="stmt"/>
        <line num="147" count="3" type="stmt"/>
        <line num="149" count="3" type="stmt"/>
        <line num="150" count="3" type="stmt"/>
        <line num="173" count="3" type="cond" truecount="2" falsecount="0"/>
        <line num="174" count="1" type="stmt"/>
        <line num="175" count="1" type="stmt"/>
        <line num="178" count="2" type="cond" truecount="4" falsecount="0"/>
        <line num="179" count="1" type="stmt"/>
        <line num="182" count="1" type="stmt"/>
        <line num="184" count="0" type="stmt"/>
        <line num="185" count="0" type="stmt"/>
        <line num="190" count="1" type="stmt"/>
        <line num="191" count="2" type="stmt"/>
        <line num="193" count="2" type="stmt"/>
        <line num="195" count="2" type="cond" truecount="2" falsecount="0"/>
        <line num="196" count="1" type="stmt"/>
        <line num="199" count="1" type="stmt"/>
        <line num="204" count="1" type="stmt"/>
        <line num="205" count="3" type="stmt"/>
        <line num="208" count="3" type="stmt"/>
        <line num="210" count="3" type="stmt"/>
        <line num="218" count="3" type="cond" truecount="2" falsecount="0"/>
        <line num="219" count="1" type="stmt"/>
        <line num="222" count="2" type="stmt"/>
        <line num="236" count="2" type="cond" truecount="2" falsecount="0"/>
        <line num="238" count="1" type="stmt"/>
        <line num="242" count="1" type="stmt"/>
        <line num="243" count="2" type="stmt"/>
        <line num="244" count="2" type="stmt"/>
        <line num="246" count="2" type="stmt"/>
        <line num="255" count="2" type="cond" truecount="2" falsecount="0"/>
        <line num="256" count="1" type="stmt"/>
        <line num="259" count="1" type="stmt"/>
        <line num="262" count="1" type="stmt"/>
      </file>
      <file name="listings.js" path="C:\Users\Nkosinathi\Desktop\campus-marketplace\server\src\routes\listings.js">
        <metrics statements="29" coveredstatements="19" conditionals="14" coveredconditionals="4" methods="3" coveredmethods="2"/>
        <line num="2" count="1" type="stmt"/>
        <line num="3" count="1" type="stmt"/>
        <line num="4" count="1" type="stmt"/>
        <line num="5" count="1" type="stmt"/>
        <line num="6" count="1" type="stmt"/>
        <line num="7" count="1" type="stmt"/>
        <line num="8" count="1" type="stmt"/>
        <line num="13" count="1" type="stmt"/>
        <line num="14" count="2" type="stmt"/>
        <line num="16" count="2" type="cond" truecount="2" falsecount="0"/>
        <line num="17" count="1" type="stmt"/>
        <line num="20" count="1" type="stmt"/>
        <line num="30" count="1" type="stmt"/>
        <line num="31" count="0" type="stmt"/>
        <line num="33" count="0" type="cond" truecount="0" falsecount="4"/>
        <line num="34" count="0" type="stmt"/>
        <line num="37" count="0" type="stmt"/>
        <line num="39" count="0" type="cond" truecount="0" falsecount="4"/>
        <line num="40" count="0" type="stmt"/>
        <line num="43" count="0" type="stmt"/>
        <line num="45" count="0" type="cond" truecount="0" falsecount="2"/>
        <line num="46" count="0" type="stmt"/>
        <line num="49" count="0" type="stmt"/>
        <line num="63" count="1" type="stmt"/>
        <line num="70" count="2" type="stmt"/>
        <line num="72" count="2" type="cond" truecount="2" falsecount="0"/>
        <line num="73" count="1" type="stmt"/>
        <line num="76" count="1" type="stmt"/>
        <line num="80" count="1" type="stmt"/>
      </file>
      <file name="messages.js" path="C:\Users\Nkosinathi\Desktop\campus-marketplace\server\src\routes\messages.js">
        <metrics statements="25" coveredstatements="25" conditionals="8" coveredconditionals="8" methods="3" coveredmethods="3"/>
        <line num="1" count="1" type="stmt"/>
        <line num="2" count="1" type="stmt"/>
        <line num="3" count="1" type="stmt"/>
        <line num="5" count="1" type="stmt"/>
        <line num="11" count="1" type="stmt"/>
        <line num="12" count="3" type="stmt"/>
        <line num="14" count="3" type="cond" truecount="2" falsecount="0"/>
        <line num="15" count="1" type="stmt"/>
        <line num="18" count="2" type="stmt"/>
        <line num="23" count="2" type="cond" truecount="2" falsecount="0"/>
        <line num="24" count="1" type="stmt"/>
        <line num="27" count="1" type="stmt"/>
        <line num="31" count="1" type="stmt"/>
        <line num="32" count="2" type="stmt"/>
        <line num="34" count="2" type="stmt"/>
        <line num="41" count="2" type="cond" truecount="2" falsecount="0"/>
        <line num="42" count="1" type="stmt"/>
        <line num="45" count="1" type="stmt"/>
        <line num="49" count="1" type="stmt"/>
        <line num="50" count="2" type="stmt"/>
        <line num="52" count="2" type="stmt"/>
        <line num="58" count="2" type="cond" truecount="2" falsecount="0"/>
        <line num="59" count="1" type="stmt"/>
        <line num="62" count="1" type="stmt"/>
        <line num="65" count="1" type="stmt"/>
      </file>
      <file name="payments.js" path="C:\Users\Nkosinathi\Desktop\campus-marketplace\server\src\routes\payments.js">
        <metrics statements="168" coveredstatements="91" conditionals="120" coveredconditionals="55" methods="18" coveredmethods="9"/>
        <line num="2" count="1" type="stmt"/>
        <line num="3" count="1" type="stmt"/>
        <line num="7" count="1" type="stmt"/>
        <line num="9" count="1" type="stmt"/>
        <line num="11" count="1" type="stmt"/>
        <line num="16" count="1" type="stmt"/>
        <line num="22" count="1" type="stmt"/>
        <line num="23" count="1" type="stmt"/>
        <line num="25" count="1" type="cond" truecount="3" falsecount="1"/>
        <line num="26" count="0" type="stmt"/>
        <line num="31" count="1" type="stmt"/>
        <line num="32" count="1" type="stmt"/>
        <line num="38" count="1" type="cond" truecount="3" falsecount="1"/>
        <line num="39" count="0" type="stmt"/>
        <line num="41" count="1" type="cond" truecount="1" falsecount="1"/>
        <line num="42" count="0" type="stmt"/>
        <line num="46" count="1" type="cond" truecount="1" falsecount="1"/>
        <line num="47" count="0" type="stmt"/>
        <line num="52" count="1" type="stmt"/>
        <line num="58" count="1" type="cond" truecount="3" falsecount="1"/>
        <line num="59" count="0" type="stmt"/>
        <line num="63" count="1" type="stmt"/>
        <line num="64" count="1" type="cond" truecount="1" falsecount="1"/>
        <line num="67" count="1" type="stmt"/>
        <line num="69" count="1" type="cond" truecount="1" falsecount="1"/>
        <line num="70" count="0" type="stmt"/>
        <line num="76" count="1" type="stmt"/>
        <line num="90" count="1" type="cond" truecount="1" falsecount="1"/>
        <line num="92" count="1" type="stmt"/>
        <line num="99" count="1" type="cond" truecount="1" falsecount="1"/>
        <line num="101" count="1" type="stmt"/>
        <line num="102" count="1" type="cond" truecount="1" falsecount="1"/>
        <line num="104" count="1" type="stmt"/>
        <line num="113" count="1" type="stmt"/>
        <line num="119" count="0" type="stmt"/>
        <line num="120" count="0" type="stmt"/>
        <line num="128" count="1" type="stmt"/>
        <line num="132" count="0" type="stmt"/>
        <line num="134" count="0" type="stmt"/>
        <line num="136" count="0" type="stmt"/>
        <line num="137" count="0" type="cond" truecount="0" falsecount="2"/>
        <line num="138" count="0" type="stmt"/>
        <line num="139" count="0" type="stmt"/>
        <line num="142" count="0" type="stmt"/>
        <line num="144" count="0" type="stmt"/>
        <line num="154" count="1" type="stmt"/>
        <line num="155" count="0" type="cond" truecount="0" falsecount="2"/>
        <line num="156" count="0" type="stmt"/>
        <line num="159" count="0" type="stmt"/>
        <line num="160" count="0" type="cond" truecount="0" falsecount="2"/>
        <line num="161" count="0" type="stmt"/>
        <line num="164" count="0" type="stmt"/>
        <line num="165" count="0" type="stmt"/>
        <line num="166" count="0" type="stmt"/>
        <line num="168" count="0" type="stmt"/>
        <line num="169" count="0" type="stmt"/>
        <line num="179" count="0" type="stmt"/>
        <line num="192" count="0" type="cond" truecount="0" falsecount="4"/>
        <line num="195" count="0" type="stmt"/>
        <line num="205" count="0" type="stmt"/>
        <line num="211" count="0" type="stmt"/>
        <line num="217" count="0" type="stmt"/>
        <line num="224" count="0" type="cond" truecount="0" falsecount="2"/>
        <line num="228" count="0" type="cond" truecount="0" falsecount="2"/>
        <line num="231" count="0" type="stmt"/>
        <line num="246" count="1" type="stmt"/>
        <line num="247" count="0" type="stmt"/>
        <line num="253" count="0" type="cond" truecount="0" falsecount="4"/>
        <line num="254" count="0" type="stmt"/>
        <line num="256" count="0" type="stmt"/>
        <line num="263" count="1" type="stmt"/>
        <line num="264" count="0" type="stmt"/>
        <line num="270" count="0" type="cond" truecount="0" falsecount="2"/>
        <line num="271" count="0" type="stmt"/>
        <line num="279" count="1" type="stmt"/>
        <line num="280" count="1" type="cond" truecount="1" falsecount="0"/>
        <line num="283" count="1" type="stmt"/>
        <line num="284" count="1" type="stmt"/>
        <line num="285" count="1" type="stmt"/>
        <line num="287" count="1" type="cond" truecount="1" falsecount="1"/>
        <line num="291" count="1" type="stmt"/>
        <line num="300" count="1" type="cond" truecount="1" falsecount="1"/>
        <line num="302" count="1" type="cond" truecount="1" falsecount="1"/>
        <line num="303" count="1" type="cond" truecount="1" falsecount="1"/>
        <line num="305" count="2" type="stmt"/>
        <line num="306" count="1" type="stmt"/>
        <line num="311" count="1" type="cond" truecount="1" falsecount="1"/>
        <line num="312" count="0" type="stmt"/>
        <line num="314" count="1" type="stmt"/>
        <line num="315" count="2" type="stmt"/>
        <line num="316" count="2" type="stmt"/>
        <line num="319" count="1" type="cond" truecount="1" falsecount="1"/>
        <line num="320" count="1" type="cond" truecount="1" falsecount="1"/>
        <line num="323" count="1" type="stmt"/>
        <line num="324" count="2" type="stmt"/>
        <line num="328" count="2" type="stmt"/>
        <line num="330" count="1" type="stmt"/>
        <line num="336" count="1" type="stmt"/>
        <line num="337" count="1" type="stmt"/>
        <line num="339" count="1" type="cond" truecount="5" falsecount="1"/>
        <line num="340" count="0" type="stmt"/>
        <line num="343" count="1" type="stmt"/>
        <line num="344" count="1" type="stmt"/>
        <line num="350" count="1" type="cond" truecount="3" falsecount="1"/>
        <line num="351" count="0" type="stmt"/>
        <line num="356" count="1" type="cond" truecount="1" falsecount="1"/>
        <line num="357" count="0" type="stmt"/>
        <line num="362" count="1" type="cond" truecount="1" falsecount="1"/>
        <line num="363" count="0" type="stmt"/>
        <line num="368" count="1" type="stmt"/>
        <line num="375" count="1" type="cond" truecount="1" falsecount="1"/>
        <line num="376" count="0" type="stmt"/>
        <line num="383" count="1" type="stmt"/>
        <line num="389" count="1" type="stmt"/>
        <line num="394" count="1" type="cond" truecount="1" falsecount="1"/>
        <line num="395" count="1" type="cond" truecount="6" falsecount="2"/>
        <line num="396" count="0" type="stmt"/>
        <line num="399" count="1" type="stmt"/>
        <line num="411" count="1" type="cond" truecount="1" falsecount="1"/>
        <line num="414" count="1" type="stmt"/>
        <line num="416" count="0" type="stmt"/>
        <line num="417" count="0" type="stmt"/>
        <line num="425" count="1" type="stmt"/>
        <line num="426" count="0" type="stmt"/>
        <line num="443" count="0" type="cond" truecount="0" falsecount="2"/>
        <line num="444" count="0" type="stmt"/>
        <line num="451" count="1" type="stmt"/>
        <line num="452" count="0" type="stmt"/>
        <line num="470" count="0" type="cond" truecount="0" falsecount="2"/>
        <line num="471" count="0" type="stmt"/>
        <line num="478" count="1" type="stmt"/>
        <line num="479" count="1" type="stmt"/>
        <line num="481" count="1" type="cond" truecount="4" falsecount="1"/>
        <line num="482" count="0" type="stmt"/>
        <line num="487" count="1" type="stmt"/>
        <line num="489" count="1" type="stmt"/>
        <line num="495" count="1" type="cond" truecount="3" falsecount="1"/>
        <line num="496" count="0" type="stmt"/>
        <line num="503" count="1" type="cond" truecount="1" falsecount="1"/>
        <line num="504" count="0" type="stmt"/>
        <line num="512" count="1" type="stmt"/>
        <line num="519" count="1" type="cond" truecount="1" falsecount="1"/>
        <line num="520" count="0" type="stmt"/>
        <line num="527" count="1" type="stmt"/>
        <line num="534" count="1" type="stmt"/>
        <line num="535" count="1" type="cond" truecount="1" falsecount="1"/>
        <line num="536" count="0" type="stmt"/>
        <line num="541" count="1" type="stmt"/>
        <line num="547" count="1" type="cond" truecount="1" falsecount="1"/>
        <line num="548" count="1" type="stmt"/>
        <line num="555" count="0" type="stmt"/>
        <line num="567" count="0" type="cond" truecount="0" falsecount="2"/>
        <line num="572" count="0" type="stmt"/>
        <line num="584" count="0" type="cond" truecount="0" falsecount="2"/>
        <line num="585" count="0" type="stmt"/>
        <line num="591" count="0" type="stmt"/>
        <line num="601" count="0" type="stmt"/>
        <line num="603" count="0" type="stmt"/>
        <line num="604" count="0" type="stmt"/>
        <line num="612" count="1" type="stmt"/>
        <line num="613" count="0" type="stmt"/>
        <line num="622" count="0" type="cond" truecount="0" falsecount="2"/>
        <line num="623" count="0" type="stmt"/>
        <line num="630" count="1" type="stmt"/>
        <line num="631" count="0" type="stmt"/>
        <line num="636" count="0" type="cond" truecount="0" falsecount="2"/>
        <line num="637" count="0" type="stmt"/>
        <line num="640" count="1" type="stmt"/>
      </file>
    </package>
    <package name="services">
      <metrics statements="449" coveredstatements="338" conditionals="402" coveredconditionals="247" methods="103" coveredmethods="75"/>
      <file name="adminService.js" path="C:\Users\Nkosinathi\Desktop\campus-marketplace\server\src\services\adminService.js">
        <metrics statements="70" coveredstatements="0" conditionals="64" coveredconditionals="0" methods="21" coveredmethods="0"/>
        <line num="1" count="0" type="stmt"/>
        <line num="5" count="0" type="stmt"/>
        <line num="6" count="0" type="stmt"/>
        <line num="7" count="0" type="stmt"/>
        <line num="15" count="0" type="stmt"/>
        <line num="35" count="0" type="stmt"/>
        <line num="36" count="0" type="cond" truecount="0" falsecount="2"/>
        <line num="38" count="0" type="cond" truecount="0" falsecount="2"/>
        <line num="39" count="0" type="cond" truecount="0" falsecount="2"/>
        <line num="42" count="0" type="cond" truecount="0" falsecount="2"/>
        <line num="43" count="0" type="cond" truecount="0" falsecount="2"/>
        <line num="47" count="0" type="cond" truecount="0" falsecount="2"/>
        <line num="49" count="0" type="stmt"/>
        <line num="64" count="0" type="stmt"/>
        <line num="71" count="0" type="stmt"/>
        <line num="88" count="0" type="stmt"/>
        <line num="89" count="0" type="cond" truecount="0" falsecount="2"/>
        <line num="92" count="0" type="cond" truecount="0" falsecount="2"/>
        <line num="93" count="0" type="cond" truecount="0" falsecount="4"/>
        <line num="94" count="0" type="stmt"/>
        <line num="96" count="0" type="stmt"/>
        <line num="97" count="0" type="stmt"/>
        <line num="98" count="0" type="stmt"/>
        <line num="102" count="0" type="stmt"/>
        <line num="103" count="0" type="stmt"/>
        <line num="104" count="0" type="stmt"/>
        <line num="105" count="0" type="cond" truecount="0" falsecount="2"/>
        <line num="106" count="0" type="stmt"/>
        <line num="108" count="0" type="stmt"/>
        <line num="109" count="0" type="stmt"/>
        <line num="113" count="0" type="cond" truecount="0" falsecount="2"/>
        <line num="115" count="0" type="stmt"/>
        <line num="116" count="0" type="stmt"/>
        <line num="119" count="0" type="cond" truecount="0" falsecount="2"/>
        <line num="120" count="0" type="cond" truecount="0" falsecount="2"/>
        <line num="123" count="0" type="cond" truecount="0" falsecount="2"/>
        <line num="124" count="0" type="cond" truecount="0" falsecount="2"/>
        <line num="128" count="0" type="stmt"/>
        <line num="145" count="0" type="stmt"/>
        <line num="149" count="0" type="stmt"/>
        <line num="168" count="0" type="cond" truecount="0" falsecount="6"/>
        <line num="170" count="0" type="stmt"/>
        <line num="172" count="0" type="cond" truecount="0" falsecount="2"/>
        <line num="178" count="0" type="cond" truecount="0" falsecount="2"/>
        <line num="189" count="0" type="stmt"/>
        <line num="190" count="0" type="stmt"/>
        <line num="194" count="0" type="stmt"/>
        <line num="197" count="0" type="stmt"/>
        <line num="198" count="0" type="stmt"/>
        <line num="202" count="0" type="stmt"/>
        <line num="207" count="0" type="stmt"/>
        <line num="209" count="0" type="stmt"/>
        <line num="210" count="0" type="stmt"/>
        <line num="217" count="0" type="stmt"/>
        <line num="220" count="0" type="stmt"/>
        <line num="221" count="0" type="cond" truecount="0" falsecount="2"/>
        <line num="222" count="0" type="stmt"/>
        <line num="228" count="0" type="stmt"/>
        <line num="235" count="0" type="stmt"/>
        <line num="240" count="0" type="stmt"/>
        <line num="241" count="0" type="stmt"/>
        <line num="246" count="0" type="stmt"/>
        <line num="249" count="0" type="stmt"/>
        <line num="250" count="0" type="stmt"/>
        <line num="258" count="0" type="cond" truecount="0" falsecount="2"/>
        <line num="259" count="0" type="stmt"/>
        <line num="265" count="0" type="stmt"/>
        <line num="268" count="0" type="stmt"/>
        <line num="273" count="0" type="stmt"/>
        <line num="276" count="0" type="stmt"/>
      </file>
      <file name="authServices.js" path="C:\Users\Nkosinathi\Desktop\campus-marketplace\server\src\services\authServices.js">
        <metrics statements="13" coveredstatements="13" conditionals="11" coveredconditionals="11" methods="2" coveredmethods="2"/>
        <line num="3" count="2" type="stmt"/>
        <line num="6" count="2" type="stmt"/>
        <line num="8" count="7" type="cond" truecount="4" falsecount="0"/>
        <line num="9" count="2" type="stmt"/>
        <line num="12" count="5" type="stmt"/>
        <line num="13" count="5" type="cond" truecount="2" falsecount="0"/>
        <line num="14" count="1" type="stmt"/>
        <line num="17" count="4" type="stmt"/>
        <line num="19" count="4" type="stmt"/>
        <line num="23" count="2" type="cond" truecount="1" falsecount="0"/>
        <line num="24" count="5" type="stmt"/>
        <line num="31" count="5" type="cond" truecount="2" falsecount="0"/>
        <line num="33" count="2" type="stmt"/>
      </file>
      <file name="cpiService.js" path="C:\Users\Nkosinathi\Desktop\campus-marketplace\server\src\services\cpiService.js">
        <metrics statements="17" coveredstatements="17" conditionals="10" coveredconditionals="10" methods="2" coveredmethods="2"/>
        <line num="2" count="3" type="stmt"/>
        <line num="8" count="3" type="stmt"/>
        <line num="9" count="25" type="cond" truecount="4" falsecount="0"/>
        <line num="10" count="1" type="stmt"/>
        <line num="13" count="24" type="stmt"/>
        <line num="15" count="24" type="cond" truecount="2" falsecount="0"/>
        <line num="16" count="3" type="stmt"/>
        <line num="19" count="21" type="stmt"/>
        <line num="36" count="3" type="stmt"/>
        <line num="37" count="16" type="stmt"/>
        <line num="39" count="16" type="cond" truecount="4" falsecount="0"/>
        <line num="40" count="2" type="stmt"/>
        <line num="44" count="14" type="stmt"/>
        <line num="45" count="14" type="stmt"/>
        <line num="46" count="14" type="stmt"/>
        <line num="48" count="14" type="stmt"/>
        <line num="58" count="3" type="stmt"/>
      </file>
      <file name="facilityDashboardService.js" path="C:\Users\Nkosinathi\Desktop\campus-marketplace\server\src\services\facilityDashboardService.js">
        <metrics statements="290" coveredstatements="255" conditionals="268" coveredconditionals="183" methods="67" coveredmethods="62"/>
        <line num="1" count="1" type="stmt"/>
        <line num="3" count="1" type="stmt"/>
        <line num="4" count="1" type="stmt"/>
        <line num="12" count="1" type="stmt"/>
        <line num="45" count="1" type="cond" truecount="0" falsecount="1"/>
        <line num="46" count="5" type="stmt"/>
        <line num="47" count="5" type="stmt"/>
        <line num="48" count="5" type="stmt"/>
        <line num="51" count="1" type="stmt"/>
        <line num="52" count="7" type="stmt"/>
        <line num="58" count="1" type="stmt"/>
        <line num="59" count="7" type="stmt"/>
        <line num="63" count="1" type="stmt"/>
        <line num="64" count="23" type="cond" truecount="1" falsecount="1"/>
        <line num="66" count="1" type="stmt"/>
        <line num="67" count="99" type="cond" truecount="1" falsecount="1"/>
        <line num="69" count="99" type="cond" truecount="2" falsecount="0"/>
        <line num="70" count="51" type="stmt"/>
        <line num="73" count="48" type="stmt"/>
        <line num="76" count="1" type="stmt"/>
        <line num="77" count="51" type="cond" truecount="2" falsecount="0"/>
        <line num="79" count="51" type="cond" truecount="1" falsecount="1"/>
        <line num="80" count="0" type="stmt"/>
        <line num="83" count="51" type="cond" truecount="1" falsecount="1"/>
        <line num="84" count="0" type="stmt"/>
        <line num="87" count="51" type="cond" truecount="1" falsecount="1"/>
        <line num="88" count="0" type="stmt"/>
        <line num="91" count="51" type="stmt"/>
        <line num="94" count="1" type="stmt"/>
        <line num="95" count="14" type="cond" truecount="1" falsecount="1"/>
        <line num="97" count="14" type="cond" truecount="1" falsecount="1"/>
        <line num="106" count="0" type="stmt"/>
        <line num="109" count="14" type="cond" truecount="1" falsecount="1"/>
        <line num="110" count="0" type="stmt"/>
        <line num="113" count="14" type="stmt"/>
        <line num="116" count="1" type="stmt"/>
        <line num="117" count="11" type="cond" truecount="1" falsecount="1"/>
        <line num="118" count="0" type="stmt"/>
        <line num="121" count="11" type="stmt"/>
        <line num="129" count="1" type="stmt"/>
        <line num="130" count="6" type="cond" truecount="2" falsecount="0"/>
        <line num="131" count="5" type="stmt"/>
        <line num="139" count="1" type="cond" truecount="3" falsecount="1"/>
        <line num="140" count="1" type="stmt"/>
        <line num="148" count="0" type="stmt"/>
        <line num="151" count="1" type="stmt"/>
        <line num="152" count="11" type="cond" truecount="1" falsecount="1"/>
        <line num="153" count="11" type="cond" truecount="1" falsecount="1"/>
        <line num="154" count="11" type="stmt"/>
        <line num="157" count="1" type="stmt"/>
        <line num="158" count="6" type="stmt"/>
        <line num="159" count="9" type="cond" truecount="2" falsecount="0"/>
        <line num="160" count="9" type="stmt"/>
        <line num="163" count="1" type="stmt"/>
        <line num="164" count="28" type="cond" truecount="2" falsecount="0"/>
        <line num="165" count="38" type="stmt"/>
        <line num="168" count="1" type="stmt"/>
        <line num="169" count="7" type="stmt"/>
        <line num="170" count="7" type="stmt"/>
        <line num="171" count="7" type="cond" truecount="1" falsecount="1"/>
        <line num="172" count="7" type="stmt"/>
        <line num="173" count="7" type="stmt"/>
        <line num="174" count="7" type="stmt"/>
        <line num="176" count="7" type="cond" truecount="2" falsecount="0"/>
        <line num="178" count="7" type="cond" truecount="2" falsecount="0"/>
        <line num="180" count="7" type="cond" truecount="4" falsecount="0"/>
        <line num="181" count="2" type="stmt"/>
        <line num="184" count="5" type="cond" truecount="2" falsecount="0"/>
        <line num="188" count="1" type="stmt"/>
        <line num="191" count="4" type="cond" truecount="4" falsecount="0"/>
        <line num="192" count="1" type="stmt"/>
        <line num="195" count="3" type="cond" truecount="2" falsecount="0"/>
        <line num="203" count="2" type="stmt"/>
        <line num="206" count="1" type="stmt"/>
        <line num="209" count="1" type="stmt"/>
        <line num="210" count="0" type="stmt"/>
        <line num="211" count="0" type="stmt"/>
        <line num="212" count="0" type="stmt"/>
        <line num="215" count="1" type="stmt"/>
        <line num="216" count="0" type="stmt"/>
        <line num="217" count="0" type="stmt"/>
        <line num="218" count="0" type="stmt"/>
        <line num="221" count="1" type="stmt"/>
        <line num="222" count="17" type="stmt"/>
        <line num="223" count="11" type="stmt"/>
        <line num="224" count="9" type="stmt"/>
        <line num="226" count="11" type="stmt"/>
        <line num="227" count="9" type="stmt"/>
        <line num="229" count="11" type="stmt"/>
        <line num="230" count="11" type="cond" truecount="1" falsecount="1"/>
        <line num="231" count="11" type="stmt"/>
        <line num="233" count="9" type="stmt"/>
        <line num="235" count="9" type="cond" truecount="1" falsecount="1"/>
        <line num="236" count="0" type="stmt"/>
        <line num="239" count="9" type="stmt"/>
        <line num="247" count="11" type="stmt"/>
        <line num="265" count="1" type="stmt"/>
        <line num="267" count="7" type="cond" truecount="4" falsecount="0"/>
        <line num="269" count="7" type="cond" truecount="2" falsecount="0"/>
        <line num="270" count="6" type="stmt"/>
        <line num="273" count="1" type="cond" truecount="3" falsecount="1"/>
        <line num="274" count="1" type="stmt"/>
        <line num="277" count="0" type="stmt"/>
        <line num="280" count="1" type="stmt"/>
        <line num="281" count="7" type="stmt"/>
        <line num="282" count="7" type="stmt"/>
        <line num="283" count="7" type="stmt"/>
        <line num="284" count="7" type="stmt"/>
        <line num="285" count="7" type="stmt"/>
        <line num="287" count="7" type="stmt"/>
        <line num="318" count="1" type="stmt"/>
        <line num="325" count="6" type="stmt"/>
        <line num="326" count="7" type="stmt"/>
        <line num="327" count="6" type="stmt"/>
        <line num="329" count="6" type="stmt"/>
        <line num="330" count="12" type="cond" truecount="2" falsecount="0"/>
        <line num="331" count="3" type="stmt"/>
        <line num="334" count="9" type="stmt"/>
        <line num="335" count="9" type="stmt"/>
        <line num="337" count="9" type="cond" truecount="2" falsecount="0"/>
        <line num="341" count="9" type="cond" truecount="2" falsecount="0"/>
        <line num="343" count="9" type="stmt"/>
        <line num="357" count="6" type="stmt"/>
        <line num="358" count="11" type="cond" truecount="2" falsecount="0"/>
        <line num="359" count="11" type="cond" truecount="1" falsecount="1"/>
        <line num="361" count="11" type="cond" truecount="2" falsecount="2"/>
        <line num="362" count="0" type="stmt"/>
        <line num="363" count="0" type="stmt"/>
        <line num="374" count="6" type="stmt"/>
        <line num="375" count="7" type="cond" truecount="2" falsecount="0"/>
        <line num="376" count="2" type="stmt"/>
        <line num="387" count="6" type="stmt"/>
        <line num="388" count="8" type="stmt"/>
        <line num="390" count="11" type="stmt"/>
        <line num="393" count="1" type="stmt"/>
        <line num="394" count="6" type="cond" truecount="1" falsecount="1"/>
        <line num="395" count="0" type="stmt"/>
        <line num="398" count="6" type="stmt"/>
        <line num="429" count="1" type="stmt"/>
        <line num="430" count="8" type="stmt"/>
        <line num="435" count="8" type="cond" truecount="2" falsecount="0"/>
        <line num="436" count="7" type="stmt"/>
        <line num="441" count="1" type="stmt"/>
        <line num="447" count="1" type="stmt"/>
        <line num="448" count="2" type="stmt"/>
        <line num="455" count="1" type="stmt"/>
        <line num="456" count="5" type="stmt"/>
        <line num="465" count="1" type="stmt"/>
        <line num="466" count="6" type="cond" truecount="1" falsecount="1"/>
        <line num="473" count="1" type="stmt"/>
        <line num="478" count="9" type="cond" truecount="4" falsecount="0"/>
        <line num="479" count="1" type="stmt"/>
        <line num="488" count="8" type="stmt"/>
        <line num="492" count="8" type="cond" truecount="1" falsecount="1"/>
        <line num="493" count="0" type="stmt"/>
        <line num="496" count="8" type="cond" truecount="3" falsecount="1"/>
        <line num="497" count="0" type="stmt"/>
        <line num="506" count="8" type="cond" truecount="2" falsecount="0"/>
        <line num="507" count="1" type="cond" truecount="1" falsecount="1"/>
        <line num="509" count="1" type="stmt"/>
        <line num="529" count="7" type="stmt"/>
        <line num="530" count="7" type="stmt"/>
        <line num="531" count="7" type="cond" truecount="2" falsecount="0"/>
        <line num="532" count="7" type="stmt"/>
        <line num="533" count="7" type="stmt"/>
        <line num="535" count="7" type="cond" truecount="2" falsecount="0"/>
        <line num="536" count="2" type="stmt"/>
        <line num="541" count="2" type="cond" truecount="2" falsecount="0"/>
        <line num="542" count="1" type="stmt"/>
        <line num="545" count="1" type="cond" truecount="1" falsecount="1"/>
        <line num="548" count="2" type="stmt"/>
        <line num="550" count="1" type="cond" truecount="1" falsecount="1"/>
        <line num="551" count="0" type="stmt"/>
        <line num="554" count="1" type="cond" truecount="1" falsecount="1"/>
        <line num="556" count="5" type="stmt"/>
        <line num="561" count="5" type="cond" truecount="1" falsecount="1"/>
        <line num="562" count="0" type="stmt"/>
        <line num="565" count="5" type="cond" truecount="1" falsecount="1"/>
        <line num="567" count="10" type="stmt"/>
        <line num="569" count="5" type="cond" truecount="1" falsecount="1"/>
        <line num="570" count="0" type="stmt"/>
        <line num="573" count="5" type="cond" truecount="1" falsecount="1"/>
        <line num="574" count="5" type="stmt"/>
        <line num="575" count="9" type="stmt"/>
        <line num="578" count="6" type="cond" truecount="1" falsecount="2"/>
        <line num="582" count="5" type="cond" truecount="1" falsecount="1"/>
        <line num="583" count="10" type="stmt"/>
        <line num="585" count="9" type="stmt"/>
        <line num="586" count="5" type="stmt"/>
        <line num="587" count="9" type="stmt"/>
        <line num="591" count="12" type="cond" truecount="1" falsecount="1"/>
        <line num="593" count="6" type="stmt"/>
        <line num="595" count="6" type="cond" truecount="1" falsecount="1"/>
        <line num="596" count="0" type="stmt"/>
        <line num="599" count="6" type="cond" truecount="1" falsecount="1"/>
        <line num="600" count="12" type="stmt"/>
        <line num="601" count="12" type="stmt"/>
        <line num="602" count="12" type="stmt"/>
        <line num="605" count="6" type="stmt"/>
        <line num="606" count="7" type="cond" truecount="1" falsecount="1"/>
        <line num="609" count="6" type="stmt"/>
        <line num="617" count="6" type="stmt"/>
        <line num="618" count="6" type="cond" truecount="1" falsecount="1"/>
        <line num="619" count="7" type="cond" truecount="1" falsecount="1"/>
        <line num="620" count="12" type="stmt"/>
        <line num="626" count="17" type="cond" truecount="2" falsecount="2"/>
        <line num="630" count="7" type="stmt"/>
        <line num="632" count="6" type="stmt"/>
        <line num="634" count="7" type="stmt"/>
        <line num="635" count="5" type="stmt"/>
        <line num="637" count="6" type="cond" truecount="1" falsecount="1"/>
        <line num="638" count="12" type="stmt"/>
        <line num="640" count="6" type="cond" truecount="1" falsecount="1"/>
        <line num="641" count="11" type="stmt"/>
        <line num="644" count="6" type="stmt"/>
        <line num="645" count="11" type="cond" truecount="1" falsecount="1"/>
        <line num="648" count="6" type="stmt"/>
        <line num="649" count="11" type="cond" truecount="2" falsecount="0"/>
        <line num="652" count="11" type="stmt"/>
        <line num="653" count="6" type="stmt"/>
        <line num="654" count="7" type="stmt"/>
        <line num="656" count="6" type="stmt"/>
        <line num="657" count="7" type="stmt"/>
        <line num="660" count="6" type="stmt"/>
        <line num="686" count="1" type="stmt"/>
        <line num="687" count="10" type="stmt"/>
        <line num="733" count="1" type="stmt"/>
        <line num="734" count="3" type="stmt"/>
        <line num="743" count="1" type="stmt"/>
        <line num="744" count="4" type="stmt"/>
        <line num="749" count="1" type="stmt"/>
        <line num="758" count="10" type="stmt"/>
        <line num="760" count="10" type="cond" truecount="2" falsecount="0"/>
        <line num="761" count="1" type="stmt"/>
        <line num="764" count="9" type="cond" truecount="1" falsecount="1"/>
        <line num="765" count="9" type="stmt"/>
        <line num="768" count="16" type="stmt"/>
        <line num="772" count="9" type="stmt"/>
        <line num="773" count="9" type="stmt"/>
        <line num="774" count="9" type="stmt"/>
        <line num="776" count="9" type="stmt"/>
        <line num="777" count="16" type="stmt"/>
        <line num="780" count="9" type="cond" truecount="2" falsecount="0"/>
        <line num="783" count="9" type="cond" truecount="2" falsecount="0"/>
        <line num="786" count="9" type="cond" truecount="2" falsecount="0"/>
        <line num="789" count="9" type="cond" truecount="3" falsecount="1"/>
        <line num="790" count="0" type="stmt"/>
        <line num="799" count="9" type="cond" truecount="2" falsecount="0"/>
        <line num="804" count="1" type="stmt"/>
        <line num="813" count="8" type="cond" truecount="2" falsecount="0"/>
        <line num="814" count="2" type="cond" truecount="2" falsecount="0"/>
        <line num="815" count="1" type="stmt"/>
        <line num="821" count="1" type="stmt"/>
        <line num="827" count="1" type="cond" truecount="1" falsecount="1"/>
        <line num="828" count="0" type="stmt"/>
        <line num="831" count="1" type="stmt"/>
        <line num="836" count="1" type="cond" truecount="1" falsecount="1"/>
        <line num="837" count="0" type="stmt"/>
        <line num="841" count="7" type="cond" truecount="2" falsecount="0"/>
        <line num="842" count="2" type="cond" truecount="1" falsecount="1"/>
        <line num="843" count="0" type="stmt"/>
        <line num="849" count="2" type="cond" truecount="2" falsecount="0"/>
        <line num="850" count="1" type="stmt"/>
        <line num="859" count="1" type="stmt"/>
        <line num="865" count="1" type="cond" truecount="1" falsecount="1"/>
        <line num="866" count="0" type="stmt"/>
        <line num="869" count="1" type="stmt"/>
        <line num="874" count="1" type="cond" truecount="1" falsecount="1"/>
        <line num="875" count="0" type="stmt"/>
        <line num="879" count="6" type="cond" truecount="2" falsecount="0"/>
        <line num="880" count="2" type="cond" truecount="2" falsecount="0"/>
        <line num="881" count="1" type="stmt"/>
        <line num="890" count="1" type="stmt"/>
        <line num="898" count="1" type="cond" truecount="1" falsecount="1"/>
        <line num="899" count="0" type="stmt"/>
        <line num="903" count="5" type="cond" truecount="2" falsecount="0"/>
        <line num="904" count="2" type="cond" truecount="1" falsecount="1"/>
        <line num="905" count="0" type="stmt"/>
        <line num="911" count="2" type="cond" truecount="1" falsecount="1"/>
        <line num="912" count="0" type="stmt"/>
        <line num="921" count="2" type="cond" truecount="2" falsecount="0"/>
        <line num="922" count="1" type="stmt"/>
        <line num="931" count="1" type="stmt"/>
        <line num="937" count="1" type="cond" truecount="1" falsecount="1"/>
        <line num="938" count="0" type="stmt"/>
        <line num="941" count="1" type="stmt"/>
        <line num="949" count="1" type="cond" truecount="1" falsecount="1"/>
        <line num="950" count="0" type="stmt"/>
        <line num="954" count="4" type="stmt"/>
        <line num="961" count="1" type="stmt"/>
      </file>
      <file name="listingService.js" path="C:\Users\Nkosinathi\Desktop\campus-marketplace\server\src\services\listingService.js">
        <metrics statements="16" coveredstatements="11" conditionals="7" coveredconditionals="3" methods="4" coveredmethods="2"/>
        <line num="1" count="1" type="stmt"/>
        <line num="8" count="1" type="stmt"/>
        <line num="10" count="4" type="stmt"/>
        <line num="30" count="4" type="stmt"/>
        <line num="37" count="1" type="stmt"/>
        <line num="38" count="0" type="stmt"/>
        <line num="60" count="0" type="stmt"/>
        <line num="68" count="1" type="stmt"/>
        <line num="79" count="1" type="stmt"/>
        <line num="94" count="1" type="cond" truecount="1" falsecount="1"/>
        <line num="97" count="1" type="cond" truecount="1" falsecount="1"/>
        <line num="98" count="0" type="stmt"/>
        <line num="104" count="0" type="stmt"/>
        <line num="107" count="0" type="cond" truecount="0" falsecount="2"/>
        <line num="110" count="1" type="stmt"/>
        <line num="113" count="1" type="stmt"/>
      </file>
      <file name="listingValidator.js" path="C:\Users\Nkosinathi\Desktop\campus-marketplace\server\src\services\listingValidator.js">
        <metrics statements="19" coveredstatements="18" conditionals="25" coveredconditionals="24" methods="1" coveredmethods="1"/>
        <line num="4" count="3" type="stmt"/>
        <line num="5" count="3" type="stmt"/>
        <line num="6" count="3" type="stmt"/>
        <line num="12" count="3" type="stmt"/>
        <line num="19" count="15" type="stmt"/>
        <line num="21" count="15" type="cond" truecount="5" falsecount="0"/>
        <line num="22" count="2" type="stmt"/>
        <line num="25" count="15" type="cond" truecount="4" falsecount="0"/>
        <line num="26" count="2" type="stmt"/>
        <line num="29" count="15" type="cond" truecount="4" falsecount="0"/>
        <line num="30" count="1" type="stmt"/>
        <line num="33" count="15" type="cond" truecount="3" falsecount="1"/>
        <line num="34" count="0" type="stmt"/>
        <line num="35" count="15" type="cond" truecount="4" falsecount="0"/>
        <line num="36" count="3" type="stmt"/>
        <line num="39" count="15" type="cond" truecount="4" falsecount="0"/>
        <line num="40" count="1" type="stmt"/>
        <line num="45" count="15" type="stmt"/>
        <line num="48" count="3" type="stmt"/>
      </file>
      <file name="payfastService.js" path="C:\Users\Nkosinathi\Desktop\campus-marketplace\server\src\services\payfastService.js">
        <metrics statements="24" coveredstatements="24" conditionals="17" coveredconditionals="16" methods="6" coveredmethods="6"/>
        <line num="2" count="3" type="stmt"/>
        <line num="4" count="3" type="stmt"/>
        <line num="5" count="3" type="stmt"/>
        <line num="9" count="3" type="stmt"/>
        <line num="16" count="38" type="stmt"/>
        <line num="24" count="5" type="stmt"/>
        <line num="25" count="33" type="cond" truecount="3" falsecount="0"/>
        <line num="26" count="33" type="stmt"/>
        <line num="29" count="5" type="cond" truecount="1" falsecount="1"/>
        <line num="33" count="5" type="stmt"/>
        <line num="48" count="2" type="stmt"/>
        <line num="49" count="2" type="stmt"/>
        <line num="50" count="2" type="stmt"/>
        <line num="51" count="2" type="cond" truecount="2" falsecount="0"/>
        <line num="52" count="2" type="cond" truecount="2" falsecount="0"/>
        <line num="55" count="2" type="stmt"/>
        <line num="70" count="2" type="cond" truecount="2" falsecount="0"/>
        <line num="72" count="2" type="stmt"/>
        <line num="74" count="2" type="stmt"/>
        <line num="84" count="3" type="stmt"/>
        <line num="85" count="3" type="stmt"/>
        <line num="86" count="3" type="stmt"/>
        <line num="87" count="3" type="cond" truecount="2" falsecount="0"/>
        <line num="90" count="3" type="stmt"/>
      </file>
    </package>
  </project>
</coverage>
