<?xml version="1.0" encoding="UTF-8"?>
<coverage generated="1778947872283" clover="3.2.0">
  <project timestamp="1778947872283" name="All files">
    <metrics statements="730" coveredstatements="590" conditionals="571" coveredconditionals="384" methods="108" coveredmethods="91" elements="1409" coveredelements="1065" complexity="0" loc="730" ncloc="730" packages="3" files="12" classes="12"/>
    <package name="middleware">
      <metrics statements="50" coveredstatements="49" conditionals="28" coveredconditionals="28" methods="5" coveredmethods="5"/>
      <file name="authMiddleware.js" path="C:\Users\Nkosinathi\Desktop\campus-marketplace\server\src\middleware\authMiddleware.js">
        <metrics statements="39" coveredstatements="39" conditionals="24" coveredconditionals="24" methods="4" coveredmethods="4"/>
        <line num="1" count="3" type="stmt"/>
        <line num="17" count="3" type="stmt"/>
        <line num="18" count="7" type="stmt"/>
        <line num="20" count="7" type="stmt"/>
        <line num="21" count="7" type="cond" truecount="4" falsecount="0"/>
        <line num="22" count="2" type="stmt"/>
        <line num="26" count="5" type="stmt"/>
        <line num="27" count="5" type="cond" truecount="2" falsecount="0"/>
        <line num="28" count="1" type="stmt"/>
        <line num="32" count="4" type="stmt"/>
        <line num="33" count="3" type="cond" truecount="4" falsecount="0"/>
        <line num="34" count="2" type="stmt"/>
        <line num="38" count="1" type="stmt"/>
        <line num="39" count="1" type="stmt"/>
        <line num="41" count="1" type="stmt"/>
        <line num="59" count="3" type="stmt"/>
        <line num="60" count="8" type="stmt"/>
        <line num="61" count="8" type="stmt"/>
        <line num="63" count="8" type="cond" truecount="2" falsecount="0"/>
        <line num="64" count="1" type="stmt"/>
        <line num="68" count="7" type="stmt"/>
        <line num="74" count="6" type="cond" truecount="4" falsecount="0"/>
        <line num="75" count="1" type="stmt"/>
        <line num="79" count="5" type="cond" truecount="2" falsecount="0"/>
        <line num="80" count="2" type="stmt"/>
        <line num="86" count="3" type="stmt"/>
        <line num="88" count="3" type="stmt"/>
        <line num="91" count="1" type="stmt"/>
        <line num="107" count="3" type="stmt"/>
        <line num="108" count="5" type="stmt"/>
        <line num="109" count="5" type="cond" truecount="2" falsecount="0"/>
        <line num="110" count="1" type="stmt"/>
        <line num="113" count="4" type="stmt"/>
        <line num="119" count="3" type="cond" truecount="4" falsecount="0"/>
        <line num="120" count="1" type="stmt"/>
        <line num="124" count="2" type="stmt"/>
        <line num="126" count="2" type="stmt"/>
        <line num="129" count="1" type="stmt"/>
        <line num="133" count="3" type="stmt"/>
      </file>
      <file name="validateListing.js" path="C:\Users\Nkosinathi\Desktop\campus-marketplace\server\src\middleware\validateListing.js">
        <metrics statements="11" coveredstatements="10" conditionals="4" coveredconditionals="4" methods="1" coveredmethods="1"/>
        <line num="2" count="2" type="stmt"/>
        <line num="16" count="2" type="stmt"/>
        <line num="17" count="8" type="stmt"/>
        <line num="18" count="8" type="stmt"/>
        <line num="21" count="8" type="stmt"/>
        <line num="29" count="8" type="cond" truecount="2" falsecount="0"/>
        <line num="30" count="3" type="stmt"/>
        <line num="35" count="5" type="stmt"/>
        <line num="45" count="5" type="stmt"/>
        <line num="48" count="0" type="stmt"/>
        <line num="52" count="2" type="stmt"/>
      </file>
    </package>
    <package name="routes">
      <metrics statements="338" coveredstatements="237" conditionals="217" coveredconditionals="122" methods="33" coveredmethods="23"/>
      <file name="facilityDashboard.js" path="C:\Users\Nkosinathi\Desktop\campus-marketplace\server\src\routes\facilityDashboard.js">
        <metrics statements="25" coveredstatements="21" conditionals="23" coveredconditionals="10" methods="2" coveredmethods="2"/>
        <line num="1" count="1" type="stmt"/>
        <line num="2" count="1" type="stmt"/>
        <line num="6" count="1" type="stmt"/>
        <line num="11" count="1" type="stmt"/>
        <line num="13" count="1" type="stmt"/>
        <line num="19" count="2" type="stmt"/>
        <line num="21" count="2" type="cond" truecount="2" falsecount="0"/>
        <line num="22" count="2" type="stmt"/>
        <line num="28" count="2" type="cond" truecount="1" falsecount="1"/>
        <line num="29" count="0" type="cond" truecount="0" falsecount="2"/>
        <line num="35" count="2" type="stmt"/>
        <line num="39" count="1" type="stmt"/>
        <line num="45" count="2" type="stmt"/>
        <line num="46" count="2" type="stmt"/>
        <line num="48" count="2" type="stmt"/>
        <line num="55" count="2" type="cond" truecount="1" falsecount="1"/>
        <line num="56" count="0" type="stmt"/>
        <line num="59" count="2" type="cond" truecount="4" falsecount="0"/>
        <line num="60" count="1" type="stmt"/>
        <line num="65" count="1" type="stmt"/>
        <line num="73" count="1" type="cond" truecount="1" falsecount="1"/>
        <line num="74" count="0" type="cond" truecount="0" falsecount="2"/>
        <line num="81" count="0" type="stmt"/>
        <line num="87" count="1" type="stmt"/>
        <line num="91" count="1" type="stmt"/>
      </file>
      <file name="listing.js" path="C:\Users\Nkosinathi\Desktop\campus-marketplace\server\src\routes\listing.js">
        <metrics statements="84" coveredstatements="81" conditionals="42" coveredconditionals="40" methods="8" coveredmethods="8"/>
        <line num="2" count="1" type="stmt"/>
        <line num="3" count="1" type="stmt"/>
        <line num="4" count="1" type="stmt"/>
        <line num="10" count="1" type="stmt"/>
        <line num="11" count="1" type="stmt"/>
        <line num="12" count="1" type="stmt"/>
        <line num="13" count="1" type="stmt"/>
        <line num="19" count="1" type="stmt"/>
        <line num="20" count="2" type="stmt"/>
        <line num="22" count="2" type="cond" truecount="2" falsecount="0"/>
        <line num="23" count="1" type="stmt"/>
        <line num="28" count="1" type="stmt"/>
        <line num="36" count="1" type="stmt"/>
        <line num="37" count="4" type="stmt"/>
        <line num="38" count="4" type="stmt"/>
        <line num="40" count="4" type="cond" truecount="2" falsecount="0"/>
        <line num="41" count="1" type="stmt"/>
        <line num="44" count="3" type="cond" truecount="2" falsecount="0"/>
        <line num="45" count="1" type="stmt"/>
        <line num="49" count="2" type="stmt"/>
        <line num="51" count="2" type="cond" truecount="2" falsecount="0"/>
        <line num="52" count="1" type="stmt"/>
        <line num="57" count="1" type="stmt"/>
        <line num="58" count="1" type="cond" truecount="1" falsecount="1"/>
        <line num="59" count="0" type="stmt"/>
        <line num="65" count="1" type="cond" truecount="1" falsecount="1"/>
        <line num="73" count="1" type="stmt"/>
        <line num="74" count="19" type="stmt"/>
        <line num="76" count="19" type="cond" truecount="4" falsecount="0"/>
        <line num="77" count="4" type="stmt"/>
        <line num="82" count="15" type="stmt"/>
        <line num="84" count="15" type="cond" truecount="4" falsecount="0"/>
        <line num="85" count="3" type="stmt"/>
        <line num="90" count="12" type="stmt"/>
        <line num="92" count="12" type="cond" truecount="2" falsecount="0"/>
        <line num="93" count="1" type="stmt"/>
        <line num="98" count="11" type="stmt"/>
        <line num="105" count="1" type="stmt"/>
        <line num="107" count="4" type="stmt"/>
        <line num="108" count="4" type="stmt"/>
        <line num="110" count="4" type="cond" truecount="2" falsecount="0"/>
        <line num="111" count="1" type="stmt"/>
        <line num="114" count="3" type="stmt"/>
        <line num="122" count="3" type="cond" truecount="2" falsecount="0"/>
        <line num="123" count="1" type="stmt"/>
        <line num="126" count="2" type="stmt"/>
        <line num="136" count="2" type="cond" truecount="2" falsecount="0"/>
        <line num="137" count="1" type="stmt"/>
        <line num="142" count="1" type="stmt"/>
        <line num="146" count="1" type="stmt"/>
        <line num="147" count="3" type="stmt"/>
        <line num="149" count="3" type="stmt"/>
        <line num="150" count="3" type="stmt"/>
        <line num="173" count="3" type="cond" truecount="2" falsecount="0"/>
        <line num="174" count="1" type="stmt"/>
        <line num="175" count="1" type="stmt"/>
        <line num="178" count="2" type="cond" truecount="4" falsecount="0"/>
        <line num="179" count="1" type="stmt"/>
        <line num="182" count="1" type="stmt"/>
        <line num="184" count="0" type="stmt"/>
        <line num="185" count="0" type="stmt"/>
        <line num="190" count="1" type="stmt"/>
        <line num="191" count="2" type="stmt"/>
        <line num="193" count="2" type="stmt"/>
        <line num="195" count="2" type="cond" truecount="2" falsecount="0"/>
        <line num="196" count="1" type="stmt"/>
        <line num="199" count="1" type="stmt"/>
        <line num="204" count="1" type="stmt"/>
        <line num="205" count="3" type="stmt"/>
        <line num="208" count="3" type="stmt"/>
        <line num="210" count="3" type="stmt"/>
        <line num="218" count="3" type="cond" truecount="2" falsecount="0"/>
        <line num="219" count="1" type="stmt"/>
        <line num="222" count="2" type="stmt"/>
        <line num="236" count="2" type="cond" truecount="2" falsecount="0"/>
        <line num="238" count="1" type="stmt"/>
        <line num="242" count="1" type="stmt"/>
        <line num="243" count="2" type="stmt"/>
        <line num="244" count="2" type="stmt"/>
        <line num="246" count="2" type="stmt"/>
        <line num="255" count="2" type="cond" truecount="2" falsecount="0"/>
        <line num="256" count="1" type="stmt"/>
        <line num="259" count="1" type="stmt"/>
        <line num="262" count="1" type="stmt"/>
      </file>
      <file name="listings.js" path="C:\Users\Nkosinathi\Desktop\campus-marketplace\server\src\routes\listings.js">
        <metrics statements="29" coveredstatements="19" conditionals="14" coveredconditionals="4" methods="3" coveredmethods="2"/>
        <line num="2" count="1" type="stmt"/>
        <line num="3" count="1" type="stmt"/>
        <line num="4" count="1" type="stmt"/>
        <line num="5" count="1" type="stmt"/>
        <line num="6" count="1" type="stmt"/>
        <line num="7" count="1" type="stmt"/>
        <line num="8" count="1" type="stmt"/>
        <line num="13" count="1" type="stmt"/>
        <line num="14" count="2" type="stmt"/>
        <line num="16" count="2" type="cond" truecount="2" falsecount="0"/>
        <line num="17" count="1" type="stmt"/>
        <line num="20" count="1" type="stmt"/>
        <line num="30" count="1" type="stmt"/>
        <line num="31" count="0" type="stmt"/>
        <line num="33" count="0" type="cond" truecount="0" falsecount="4"/>
        <line num="34" count="0" type="stmt"/>
        <line num="37" count="0" type="stmt"/>
        <line num="39" count="0" type="cond" truecount="0" falsecount="4"/>
        <line num="40" count="0" type="stmt"/>
        <line num="43" count="0" type="stmt"/>
        <line num="45" count="0" type="cond" truecount="0" falsecount="2"/>
        <line num="46" count="0" type="stmt"/>
        <line num="49" count="0" type="stmt"/>
        <line num="63" count="1" type="stmt"/>
        <line num="70" count="2" type="stmt"/>
        <line num="72" count="2" type="cond" truecount="2" falsecount="0"/>
        <line num="73" count="1" type="stmt"/>
        <line num="76" count="1" type="stmt"/>
        <line num="80" count="1" type="stmt"/>
      </file>
      <file name="messages.js" path="C:\Users\Nkosinathi\Desktop\campus-marketplace\server\src\routes\messages.js">
        <metrics statements="25" coveredstatements="25" conditionals="8" coveredconditionals="8" methods="3" coveredmethods="3"/>
        <line num="1" count="1" type="stmt"/>
        <line num="2" count="1" type="stmt"/>
        <line num="3" count="1" type="stmt"/>
        <line num="5" count="1" type="stmt"/>
        <line num="11" count="1" type="stmt"/>
        <line num="12" count="3" type="stmt"/>
        <line num="14" count="3" type="cond" truecount="2" falsecount="0"/>
        <line num="15" count="1" type="stmt"/>
        <line num="18" count="2" type="stmt"/>
        <line num="23" count="2" type="cond" truecount="2" falsecount="0"/>
        <line num="24" count="1" type="stmt"/>
        <line num="27" count="1" type="stmt"/>
        <line num="31" count="1" type="stmt"/>
        <line num="32" count="2" type="stmt"/>
        <line num="34" count="2" type="stmt"/>
        <line num="41" count="2" type="cond" truecount="2" falsecount="0"/>
        <line num="42" count="1" type="stmt"/>
        <line num="45" count="1" type="stmt"/>
        <line num="49" count="1" type="stmt"/>
        <line num="50" count="2" type="stmt"/>
        <line num="52" count="2" type="stmt"/>
        <line num="58" count="2" type="cond" truecount="2" falsecount="0"/>
        <line num="59" count="1" type="stmt"/>
        <line num="62" count="1" type="stmt"/>
        <line num="65" count="1" type="stmt"/>
      </file>
      <file name="payments.js" path="C:\Users\Nkosinathi\Desktop\campus-marketplace\server\src\routes\payments.js">
        <metrics statements="175" coveredstatements="91" conditionals="130" coveredconditionals="60" methods="17" coveredmethods="8"/>
        <line num="2" count="1" type="stmt"/>
        <line num="3" count="1" type="stmt"/>
        <line num="7" count="1" type="stmt"/>
        <line num="9" count="1" type="stmt"/>
        <line num="11" count="1" type="stmt"/>
        <line num="16" count="1" type="stmt"/>
        <line num="22" count="1" type="stmt"/>
        <line num="23" count="1" type="stmt"/>
        <line num="25" count="1" type="cond" truecount="3" falsecount="1"/>
        <line num="26" count="0" type="stmt"/>
        <line num="31" count="1" type="stmt"/>
        <line num="32" count="1" type="stmt"/>
        <line num="38" count="1" type="cond" truecount="3" falsecount="1"/>
        <line num="39" count="0" type="stmt"/>
        <line num="41" count="1" type="cond" truecount="1" falsecount="1"/>
        <line num="42" count="0" type="stmt"/>
        <line num="46" count="1" type="cond" truecount="1" falsecount="1"/>
        <line num="47" count="0" type="stmt"/>
        <line num="52" count="1" type="stmt"/>
        <line num="58" count="1" type="cond" truecount="3" falsecount="1"/>
        <line num="59" count="0" type="stmt"/>
        <line num="63" count="1" type="stmt"/>
        <line num="64" count="1" type="cond" truecount="1" falsecount="1"/>
        <line num="67" count="1" type="stmt"/>
        <line num="69" count="1" type="cond" truecount="1" falsecount="1"/>
        <line num="70" count="0" type="stmt"/>
        <line num="76" count="1" type="stmt"/>
        <line num="90" count="1" type="cond" truecount="1" falsecount="1"/>
        <line num="92" count="1" type="stmt"/>
        <line num="99" count="1" type="cond" truecount="1" falsecount="1"/>
        <line num="101" count="1" type="stmt"/>
        <line num="102" count="1" type="cond" truecount="1" falsecount="1"/>
        <line num="104" count="1" type="stmt"/>
        <line num="113" count="1" type="stmt"/>
        <line num="119" count="0" type="stmt"/>
        <line num="120" count="0" type="stmt"/>
        <line num="128" count="1" type="stmt"/>
        <line num="132" count="0" type="stmt"/>
        <line num="134" count="0" type="stmt"/>
        <line num="136" count="0" type="stmt"/>
        <line num="137" count="0" type="cond" truecount="0" falsecount="2"/>
        <line num="138" count="0" type="stmt"/>
        <line num="139" count="0" type="stmt"/>
        <line num="142" count="0" type="stmt"/>
        <line num="144" count="0" type="stmt"/>
        <line num="154" count="1" type="stmt"/>
        <line num="155" count="0" type="cond" truecount="0" falsecount="2"/>
        <line num="156" count="0" type="stmt"/>
        <line num="159" count="0" type="stmt"/>
        <line num="160" count="0" type="cond" truecount="0" falsecount="2"/>
        <line num="161" count="0" type="stmt"/>
        <line num="164" count="0" type="stmt"/>
        <line num="165" count="0" type="stmt"/>
        <line num="166" count="0" type="stmt"/>
        <line num="168" count="0" type="stmt"/>
        <line num="169" count="0" type="stmt"/>
        <line num="179" count="0" type="stmt"/>
        <line num="192" count="0" type="cond" truecount="0" falsecount="4"/>
        <line num="195" count="0" type="stmt"/>
        <line num="205" count="0" type="stmt"/>
        <line num="211" count="0" type="stmt"/>
        <line num="217" count="0" type="stmt"/>
        <line num="224" count="0" type="cond" truecount="0" falsecount="2"/>
        <line num="228" count="0" type="cond" truecount="0" falsecount="2"/>
        <line num="231" count="0" type="stmt"/>
        <line num="246" count="1" type="stmt"/>
        <line num="247" count="0" type="stmt"/>
        <line num="253" count="0" type="cond" truecount="0" falsecount="4"/>
        <line num="254" count="0" type="stmt"/>
        <line num="256" count="0" type="stmt"/>
        <line num="263" count="1" type="stmt"/>
        <line num="264" count="0" type="stmt"/>
        <line num="270" count="0" type="cond" truecount="0" falsecount="2"/>
        <line num="271" count="0" type="stmt"/>
        <line num="279" count="1" type="stmt"/>
        <line num="280" count="1" type="cond" truecount="1" falsecount="0"/>
        <line num="283" count="1" type="stmt"/>
        <line num="284" count="1" type="stmt"/>
        <line num="285" count="1" type="stmt"/>
        <line num="287" count="1" type="cond" truecount="1" falsecount="1"/>
        <line num="291" count="1" type="stmt"/>
        <line num="300" count="1" type="cond" truecount="1" falsecount="1"/>
        <line num="303" count="1" type="cond" truecount="1" falsecount="1"/>
        <line num="304" count="2" type="stmt"/>
        <line num="306" count="1" type="cond" truecount="1" falsecount="1"/>
        <line num="307" count="0" type="stmt"/>
        <line num="310" count="1" type="stmt"/>
        <line num="315" count="1" type="cond" truecount="1" falsecount="1"/>
        <line num="316" count="0" type="stmt"/>
        <line num="319" count="1" type="cond" truecount="1" falsecount="1"/>
        <line num="320" count="1" type="cond" truecount="2" falsecount="0"/>
        <line num="321" count="1" type="stmt"/>
        <line num="324" count="1" type="stmt"/>
        <line num="325" count="2" type="stmt"/>
        <line num="329" count="2" type="stmt"/>
        <line num="331" count="1" type="stmt"/>
        <line num="337" count="1" type="stmt"/>
        <line num="338" count="1" type="stmt"/>
        <line num="340" count="1" type="cond" truecount="5" falsecount="1"/>
        <line num="341" count="0" type="stmt"/>
        <line num="344" count="1" type="cond" truecount="1" falsecount="1"/>
        <line num="345" count="0" type="stmt"/>
        <line num="348" count="1" type="stmt"/>
        <line num="349" count="1" type="stmt"/>
        <line num="355" count="1" type="cond" truecount="3" falsecount="1"/>
        <line num="356" count="0" type="stmt"/>
        <line num="361" count="1" type="cond" truecount="1" falsecount="1"/>
        <line num="362" count="0" type="stmt"/>
        <line num="367" count="1" type="stmt"/>
        <line num="374" count="1" type="cond" truecount="1" falsecount="1"/>
        <line num="375" count="0" type="stmt"/>
        <line num="382" count="1" type="stmt"/>
        <line num="388" count="1" type="cond" truecount="3" falsecount="1"/>
        <line num="389" count="0" type="stmt"/>
        <line num="392" count="1" type="stmt"/>
        <line num="397" count="1" type="cond" truecount="1" falsecount="1"/>
        <line num="399" count="1" type="cond" truecount="3" falsecount="1"/>
        <line num="400" count="0" type="stmt"/>
        <line num="403" count="1" type="stmt"/>
        <line num="415" count="1" type="cond" truecount="1" falsecount="1"/>
        <line num="418" count="1" type="stmt"/>
        <line num="420" count="0" type="stmt"/>
        <line num="421" count="0" type="stmt"/>
        <line num="429" count="1" type="stmt"/>
        <line num="430" count="0" type="stmt"/>
        <line num="447" count="0" type="cond" truecount="0" falsecount="2"/>
        <line num="448" count="0" type="stmt"/>
        <line num="455" count="1" type="stmt"/>
        <line num="456" count="0" type="stmt"/>
        <line num="474" count="0" type="cond" truecount="0" falsecount="2"/>
        <line num="475" count="0" type="stmt"/>
        <line num="482" count="1" type="stmt"/>
        <line num="483" count="1" type="stmt"/>
        <line num="485" count="1" type="cond" truecount="4" falsecount="1"/>
        <line num="486" count="0" type="stmt"/>
        <line num="491" count="1" type="stmt"/>
        <line num="493" count="1" type="stmt"/>
        <line num="499" count="1" type="cond" truecount="3" falsecount="1"/>
        <line num="500" count="0" type="stmt"/>
        <line num="507" count="1" type="cond" truecount="1" falsecount="1"/>
        <line num="508" count="0" type="stmt"/>
        <line num="516" count="1" type="stmt"/>
        <line num="523" count="1" type="cond" truecount="1" falsecount="1"/>
        <line num="524" count="0" type="stmt"/>
        <line num="531" count="1" type="stmt"/>
        <line num="537" count="1" type="cond" truecount="3" falsecount="1"/>
        <line num="538" count="0" type="stmt"/>
        <line num="541" count="1" type="stmt"/>
        <line num="548" count="1" type="stmt"/>
        <line num="550" count="1" type="cond" truecount="1" falsecount="1"/>
        <line num="551" count="0" type="stmt"/>
        <line num="556" count="1" type="cond" truecount="1" falsecount="1"/>
        <line num="557" count="1" type="stmt"/>
        <line num="565" count="0" type="stmt"/>
        <line num="570" count="0" type="cond" truecount="0" falsecount="2"/>
        <line num="572" count="0" type="cond" truecount="0" falsecount="4"/>
        <line num="573" count="0" type="stmt"/>
        <line num="577" count="0" type="stmt"/>
        <line num="589" count="0" type="cond" truecount="0" falsecount="2"/>
        <line num="594" count="0" type="stmt"/>
        <line num="606" count="0" type="cond" truecount="0" falsecount="2"/>
        <line num="607" count="0" type="stmt"/>
        <line num="613" count="0" type="stmt"/>
        <line num="623" count="0" type="stmt"/>
        <line num="625" count="0" type="stmt"/>
        <line num="626" count="0" type="stmt"/>
        <line num="634" count="1" type="stmt"/>
        <line num="635" count="0" type="stmt"/>
        <line num="644" count="0" type="cond" truecount="0" falsecount="2"/>
        <line num="645" count="0" type="stmt"/>
        <line num="652" count="1" type="stmt"/>
        <line num="653" count="0" type="stmt"/>
        <line num="658" count="0" type="cond" truecount="0" falsecount="2"/>
        <line num="659" count="0" type="stmt"/>
        <line num="662" count="1" type="stmt"/>
      </file>
    </package>
    <package name="services">
      <metrics statements="342" coveredstatements="304" conditionals="326" coveredconditionals="234" methods="70" coveredmethods="63"/>
      <file name="authServices.js" path="C:\Users\Nkosinathi\Desktop\campus-marketplace\server\src\services\authServices.js">
        <metrics statements="13" coveredstatements="13" conditionals="11" coveredconditionals="11" methods="2" coveredmethods="2"/>
        <line num="3" count="2" type="stmt"/>
        <line num="6" count="2" type="stmt"/>
        <line num="8" count="7" type="cond" truecount="4" falsecount="0"/>
        <line num="9" count="2" type="stmt"/>
        <line num="12" count="5" type="stmt"/>
        <line num="13" count="5" type="cond" truecount="2" falsecount="0"/>
        <line num="14" count="1" type="stmt"/>
        <line num="17" count="4" type="stmt"/>
        <line num="19" count="4" type="stmt"/>
        <line num="23" count="2" type="cond" truecount="1" falsecount="0"/>
        <line num="24" count="5" type="stmt"/>
        <line num="31" count="5" type="cond" truecount="2" falsecount="0"/>
        <line num="33" count="2" type="stmt"/>
      </file>
      <file name="cpiService.js" path="C:\Users\Nkosinathi\Desktop\campus-marketplace\server\src\services\cpiService.js">
        <metrics statements="17" coveredstatements="17" conditionals="10" coveredconditionals="10" methods="2" coveredmethods="2"/>
        <line num="2" count="3" type="stmt"/>
        <line num="8" count="3" type="stmt"/>
        <line num="9" count="25" type="cond" truecount="4" falsecount="0"/>
        <line num="10" count="1" type="stmt"/>
        <line num="13" count="24" type="stmt"/>
        <line num="15" count="24" type="cond" truecount="2" falsecount="0"/>
        <line num="16" count="3" type="stmt"/>
        <line num="19" count="21" type="stmt"/>
        <line num="36" count="3" type="stmt"/>
        <line num="37" count="16" type="stmt"/>
        <line num="39" count="16" type="cond" truecount="4" falsecount="0"/>
        <line num="40" count="2" type="stmt"/>
        <line num="44" count="14" type="stmt"/>
        <line num="45" count="14" type="stmt"/>
        <line num="46" count="14" type="stmt"/>
        <line num="48" count="14" type="stmt"/>
        <line num="58" count="3" type="stmt"/>
      </file>
      <file name="facilityDashboardService.js" path="C:\Users\Nkosinathi\Desktop\campus-marketplace\server\src\services\facilityDashboardService.js">
        <metrics statements="277" coveredstatements="245" conditionals="273" coveredconditionals="186" methods="61" coveredmethods="56"/>
        <line num="1" count="1" type="stmt"/>
        <line num="3" count="1" type="stmt"/>
        <line num="4" count="1" type="stmt"/>
        <line num="12" count="1" type="stmt"/>
        <line num="45" count="1" type="cond" truecount="0" falsecount="1"/>
        <line num="46" count="5" type="stmt"/>
        <line num="47" count="5" type="stmt"/>
        <line num="48" count="5" type="stmt"/>
        <line num="51" count="1" type="stmt"/>
        <line num="52" count="7" type="stmt"/>
        <line num="58" count="1" type="stmt"/>
        <line num="59" count="7" type="stmt"/>
        <line num="63" count="1" type="stmt"/>
        <line num="64" count="25" type="cond" truecount="1" falsecount="1"/>
        <line num="66" count="1" type="stmt"/>
        <line num="67" count="96" type="cond" truecount="1" falsecount="1"/>
        <line num="69" count="96" type="cond" truecount="2" falsecount="0"/>
        <line num="70" count="49" type="stmt"/>
        <line num="73" count="47" type="stmt"/>
        <line num="76" count="1" type="stmt"/>
        <line num="77" count="51" type="cond" truecount="2" falsecount="0"/>
        <line num="79" count="51" type="cond" truecount="1" falsecount="1"/>
        <line num="80" count="0" type="stmt"/>
        <line num="83" count="51" type="cond" truecount="1" falsecount="1"/>
        <line num="84" count="0" type="stmt"/>
        <line num="87" count="51" type="cond" truecount="1" falsecount="1"/>
        <line num="88" count="0" type="stmt"/>
        <line num="91" count="51" type="stmt"/>
        <line num="94" count="1" type="stmt"/>
        <line num="95" count="14" type="cond" truecount="1" falsecount="1"/>
        <line num="97" count="14" type="cond" truecount="1" falsecount="1"/>
        <line num="106" count="0" type="stmt"/>
        <line num="109" count="14" type="cond" truecount="1" falsecount="1"/>
        <line num="110" count="0" type="stmt"/>
        <line num="113" count="14" type="stmt"/>
        <line num="116" count="1" type="stmt"/>
        <line num="117" count="11" type="cond" truecount="1" falsecount="1"/>
        <line num="118" count="0" type="stmt"/>
        <line num="121" count="11" type="stmt"/>
        <line num="129" count="1" type="stmt"/>
        <line num="130" count="6" type="cond" truecount="2" falsecount="0"/>
        <line num="131" count="5" type="stmt"/>
        <line num="139" count="1" type="cond" truecount="3" falsecount="1"/>
        <line num="140" count="1" type="stmt"/>
        <line num="148" count="0" type="stmt"/>
        <line num="151" count="1" type="stmt"/>
        <line num="152" count="11" type="cond" truecount="2" falsecount="0"/>
        <line num="153" count="10" type="cond" truecount="1" falsecount="1"/>
        <line num="154" count="10" type="stmt"/>
        <line num="157" count="1" type="stmt"/>
        <line num="158" count="28" type="cond" truecount="2" falsecount="0"/>
        <line num="159" count="38" type="stmt"/>
        <line num="162" count="1" type="stmt"/>
        <line num="163" count="7" type="stmt"/>
        <line num="164" count="7" type="stmt"/>
        <line num="165" count="7" type="cond" truecount="1" falsecount="1"/>
        <line num="166" count="7" type="stmt"/>
        <line num="167" count="7" type="stmt"/>
        <line num="168" count="7" type="stmt"/>
        <line num="170" count="7" type="cond" truecount="2" falsecount="0"/>
        <line num="172" count="7" type="cond" truecount="2" falsecount="0"/>
        <line num="174" count="7" type="cond" truecount="4" falsecount="0"/>
        <line num="175" count="2" type="stmt"/>
        <line num="178" count="5" type="cond" truecount="2" falsecount="0"/>
        <line num="182" count="1" type="stmt"/>
        <line num="185" count="4" type="cond" truecount="4" falsecount="0"/>
        <line num="186" count="1" type="stmt"/>
        <line num="189" count="3" type="cond" truecount="2" falsecount="0"/>
        <line num="197" count="2" type="stmt"/>
        <line num="200" count="1" type="stmt"/>
        <line num="203" count="1" type="stmt"/>
        <line num="204" count="0" type="stmt"/>
        <line num="205" count="0" type="stmt"/>
        <line num="206" count="0" type="stmt"/>
        <line num="209" count="1" type="stmt"/>
        <line num="210" count="0" type="stmt"/>
        <line num="211" count="0" type="stmt"/>
        <line num="212" count="0" type="stmt"/>
        <line num="215" count="1" type="stmt"/>
        <line num="216" count="23" type="stmt"/>
        <line num="217" count="11" type="stmt"/>
        <line num="218" count="12" type="stmt"/>
        <line num="220" count="11" type="stmt"/>
        <line num="221" count="12" type="stmt"/>
        <line num="223" count="11" type="cond" truecount="1" falsecount="2"/>
        <line num="224" count="11" type="cond" truecount="1" falsecount="1"/>
        <line num="225" count="11" type="cond" truecount="1" falsecount="1"/>
        <line num="226" count="11" type="cond" truecount="1" falsecount="1"/>
        <line num="230" count="11" type="stmt"/>
        <line num="249" count="1" type="stmt"/>
        <line num="251" count="7" type="cond" truecount="4" falsecount="0"/>
        <line num="253" count="7" type="cond" truecount="2" falsecount="0"/>
        <line num="254" count="6" type="stmt"/>
        <line num="257" count="1" type="cond" truecount="3" falsecount="1"/>
        <line num="258" count="1" type="stmt"/>
        <line num="261" count="0" type="stmt"/>
        <line num="264" count="1" type="stmt"/>
        <line num="265" count="7" type="stmt"/>
        <line num="266" count="7" type="stmt"/>
        <line num="267" count="7" type="stmt"/>
        <line num="268" count="7" type="stmt"/>
        <line num="269" count="7" type="stmt"/>
        <line num="271" count="7" type="stmt"/>
        <line num="302" count="1" type="stmt"/>
        <line num="303" count="6" type="stmt"/>
        <line num="304" count="7" type="stmt"/>
        <line num="306" count="6" type="stmt"/>
        <line num="307" count="12" type="cond" truecount="2" falsecount="0"/>
        <line num="308" count="3" type="stmt"/>
        <line num="311" count="9" type="stmt"/>
        <line num="312" count="9" type="stmt"/>
        <line num="314" count="9" type="cond" truecount="2" falsecount="0"/>
        <line num="318" count="9" type="cond" truecount="2" falsecount="0"/>
        <line num="320" count="9" type="stmt"/>
        <line num="334" count="6" type="stmt"/>
        <line num="335" count="11" type="cond" truecount="1" falsecount="1"/>
        <line num="336" count="11" type="cond" truecount="1" falsecount="1"/>
        <line num="338" count="11" type="cond" truecount="4" falsecount="0"/>
        <line num="339" count="1" type="stmt"/>
        <line num="340" count="1" type="stmt"/>
        <line num="351" count="6" type="stmt"/>
        <line num="352" count="7" type="cond" truecount="2" falsecount="0"/>
        <line num="353" count="2" type="stmt"/>
        <line num="364" count="6" type="stmt"/>
        <line num="365" count="10" type="stmt"/>
        <line num="367" count="12" type="stmt"/>
        <line num="370" count="1" type="stmt"/>
        <line num="371" count="6" type="cond" truecount="1" falsecount="1"/>
        <line num="372" count="0" type="stmt"/>
        <line num="375" count="6" type="stmt"/>
        <line num="406" count="1" type="stmt"/>
        <line num="407" count="8" type="stmt"/>
        <line num="412" count="8" type="cond" truecount="2" falsecount="0"/>
        <line num="413" count="7" type="stmt"/>
        <line num="418" count="1" type="stmt"/>
        <line num="424" count="1" type="stmt"/>
        <line num="425" count="2" type="stmt"/>
        <line num="432" count="1" type="stmt"/>
        <line num="433" count="5" type="stmt"/>
        <line num="442" count="1" type="stmt"/>
        <line num="443" count="6" type="cond" truecount="1" falsecount="1"/>
        <line num="450" count="1" type="stmt"/>
        <line num="455" count="9" type="cond" truecount="4" falsecount="0"/>
        <line num="456" count="1" type="stmt"/>
        <line num="465" count="8" type="stmt"/>
        <line num="469" count="8" type="cond" truecount="1" falsecount="1"/>
        <line num="470" count="0" type="stmt"/>
        <line num="473" count="8" type="cond" truecount="3" falsecount="1"/>
        <line num="474" count="0" type="stmt"/>
        <line num="483" count="8" type="cond" truecount="2" falsecount="0"/>
        <line num="484" count="1" type="cond" truecount="1" falsecount="1"/>
        <line num="486" count="1" type="stmt"/>
        <line num="506" count="7" type="stmt"/>
        <line num="507" count="7" type="stmt"/>
        <line num="508" count="7" type="cond" truecount="2" falsecount="0"/>
        <line num="509" count="7" type="stmt"/>
        <line num="510" count="7" type="stmt"/>
        <line num="512" count="7" type="cond" truecount="2" falsecount="0"/>
        <line num="513" count="2" type="stmt"/>
        <line num="518" count="2" type="cond" truecount="2" falsecount="0"/>
        <line num="519" count="1" type="stmt"/>
        <line num="522" count="1" type="cond" truecount="1" falsecount="1"/>
        <line num="525" count="2" type="stmt"/>
        <line num="527" count="1" type="cond" truecount="1" falsecount="1"/>
        <line num="528" count="0" type="stmt"/>
        <line num="531" count="1" type="cond" truecount="1" falsecount="1"/>
        <line num="533" count="5" type="stmt"/>
        <line num="538" count="5" type="cond" truecount="1" falsecount="1"/>
        <line num="539" count="0" type="stmt"/>
        <line num="542" count="5" type="cond" truecount="1" falsecount="1"/>
        <line num="544" count="10" type="stmt"/>
        <line num="546" count="5" type="cond" truecount="1" falsecount="1"/>
        <line num="547" count="0" type="stmt"/>
        <line num="550" count="5" type="cond" truecount="1" falsecount="1"/>
        <line num="551" count="5" type="stmt"/>
        <line num="552" count="9" type="stmt"/>
        <line num="555" count="6" type="cond" truecount="1" falsecount="2"/>
        <line num="559" count="5" type="cond" truecount="1" falsecount="1"/>
        <line num="560" count="10" type="stmt"/>
        <line num="562" count="9" type="stmt"/>
        <line num="563" count="5" type="stmt"/>
        <line num="564" count="9" type="stmt"/>
        <line num="568" count="12" type="cond" truecount="1" falsecount="1"/>
        <line num="570" count="6" type="stmt"/>
        <line num="572" count="6" type="cond" truecount="1" falsecount="1"/>
        <line num="573" count="0" type="stmt"/>
        <line num="576" count="6" type="cond" truecount="1" falsecount="1"/>
        <line num="577" count="12" type="stmt"/>
        <line num="578" count="12" type="stmt"/>
        <line num="579" count="12" type="stmt"/>
        <line num="582" count="6" type="stmt"/>
        <line num="583" count="7" type="cond" truecount="1" falsecount="1"/>
        <line num="586" count="6" type="stmt"/>
        <line num="594" count="6" type="stmt"/>
        <line num="595" count="6" type="cond" truecount="1" falsecount="1"/>
        <line num="596" count="11" type="cond" truecount="1" falsecount="1"/>
        <line num="598" count="6" type="cond" truecount="1" falsecount="1"/>
        <line num="599" count="7" type="cond" truecount="1" falsecount="1"/>
        <line num="600" count="12" type="stmt"/>
        <line num="606" count="17" type="cond" truecount="2" falsecount="2"/>
        <line num="610" count="7" type="stmt"/>
        <line num="613" count="6" type="stmt"/>
        <line num="614" count="11" type="cond" truecount="1" falsecount="1"/>
        <line num="617" count="6" type="stmt"/>
        <line num="618" count="11" type="cond" truecount="1" falsecount="1"/>
        <line num="621" count="11" type="stmt"/>
        <line num="622" count="6" type="stmt"/>
        <line num="623" count="7" type="stmt"/>
        <line num="625" count="6" type="stmt"/>
        <line num="626" count="7" type="stmt"/>
        <line num="629" count="6" type="stmt"/>
        <line num="654" count="1" type="stmt"/>
        <line num="655" count="10" type="stmt"/>
        <line num="701" count="1" type="stmt"/>
        <line num="702" count="3" type="stmt"/>
        <line num="711" count="1" type="stmt"/>
        <line num="712" count="4" type="stmt"/>
        <line num="717" count="1" type="stmt"/>
        <line num="725" count="10" type="stmt"/>
        <line num="727" count="10" type="cond" truecount="2" falsecount="0"/>
        <line num="728" count="1" type="stmt"/>
        <line num="731" count="9" type="cond" truecount="1" falsecount="1"/>
        <line num="732" count="9" type="stmt"/>
        <line num="735" count="16" type="stmt"/>
        <line num="739" count="9" type="stmt"/>
        <line num="740" count="9" type="stmt"/>
        <line num="741" count="9" type="stmt"/>
        <line num="743" count="9" type="stmt"/>
        <line num="744" count="16" type="stmt"/>
        <line num="747" count="9" type="cond" truecount="2" falsecount="0"/>
        <line num="750" count="9" type="cond" truecount="2" falsecount="0"/>
        <line num="753" count="9" type="cond" truecount="2" falsecount="0"/>
        <line num="756" count="9" type="cond" truecount="3" falsecount="1"/>
        <line num="757" count="0" type="stmt"/>
        <line num="766" count="9" type="cond" truecount="2" falsecount="0"/>
        <line num="771" count="1" type="stmt"/>
        <line num="780" count="8" type="cond" truecount="2" falsecount="0"/>
        <line num="781" count="2" type="cond" truecount="2" falsecount="0"/>
        <line num="782" count="1" type="stmt"/>
        <line num="788" count="1" type="stmt"/>
        <line num="794" count="1" type="cond" truecount="1" falsecount="1"/>
        <line num="795" count="0" type="stmt"/>
        <line num="798" count="1" type="stmt"/>
        <line num="803" count="1" type="cond" truecount="1" falsecount="1"/>
        <line num="804" count="0" type="stmt"/>
        <line num="808" count="7" type="cond" truecount="2" falsecount="0"/>
        <line num="809" count="2" type="cond" truecount="1" falsecount="1"/>
        <line num="810" count="0" type="stmt"/>
        <line num="816" count="2" type="cond" truecount="2" falsecount="0"/>
        <line num="817" count="1" type="stmt"/>
        <line num="826" count="1" type="stmt"/>
        <line num="832" count="1" type="cond" truecount="1" falsecount="1"/>
        <line num="833" count="0" type="stmt"/>
        <line num="836" count="1" type="stmt"/>
        <line num="841" count="1" type="cond" truecount="1" falsecount="1"/>
        <line num="842" count="0" type="stmt"/>
        <line num="846" count="6" type="cond" truecount="2" falsecount="0"/>
        <line num="847" count="2" type="cond" truecount="2" falsecount="0"/>
        <line num="848" count="1" type="stmt"/>
        <line num="857" count="1" type="stmt"/>
        <line num="865" count="1" type="cond" truecount="1" falsecount="1"/>
        <line num="866" count="0" type="stmt"/>
        <line num="870" count="5" type="cond" truecount="2" falsecount="0"/>
        <line num="871" count="2" type="cond" truecount="1" falsecount="1"/>
        <line num="872" count="0" type="stmt"/>
        <line num="878" count="2" type="cond" truecount="1" falsecount="1"/>
        <line num="879" count="0" type="stmt"/>
        <line num="888" count="2" type="cond" truecount="2" falsecount="0"/>
        <line num="889" count="1" type="stmt"/>
        <line num="898" count="1" type="stmt"/>
        <line num="904" count="1" type="cond" truecount="1" falsecount="1"/>
        <line num="905" count="0" type="stmt"/>
        <line num="908" count="1" type="stmt"/>
        <line num="916" count="1" type="cond" truecount="1" falsecount="1"/>
        <line num="917" count="0" type="stmt"/>
        <line num="921" count="4" type="cond" truecount="1" falsecount="1"/>
        <line num="924" count="1" type="stmt"/>
      </file>
      <file name="listingService.js" path="C:\Users\Nkosinathi\Desktop\campus-marketplace\server\src\services\listingService.js">
        <metrics statements="16" coveredstatements="11" conditionals="7" coveredconditionals="3" methods="4" coveredmethods="2"/>
        <line num="1" count="1" type="stmt"/>
        <line num="8" count="1" type="stmt"/>
        <line num="10" count="4" type="stmt"/>
        <line num="30" count="4" type="stmt"/>
        <line num="37" count="1" type="stmt"/>
        <line num="38" count="0" type="stmt"/>
        <line num="60" count="0" type="stmt"/>
        <line num="68" count="1" type="stmt"/>
        <line num="79" count="1" type="stmt"/>
        <line num="94" count="1" type="cond" truecount="1" falsecount="1"/>
        <line num="97" count="1" type="cond" truecount="1" falsecount="1"/>
        <line num="98" count="0" type="stmt"/>
        <line num="104" count="0" type="stmt"/>
        <line num="107" count="0" type="cond" truecount="0" falsecount="2"/>
        <line num="110" count="1" type="stmt"/>
        <line num="113" count="1" type="stmt"/>
      </file>
      <file name="listingValidator.js" path="C:\Users\Nkosinathi\Desktop\campus-marketplace\server\src\services\listingValidator.js">
        <metrics statements="19" coveredstatements="18" conditionals="25" coveredconditionals="24" methods="1" coveredmethods="1"/>
        <line num="4" count="3" type="stmt"/>
        <line num="5" count="3" type="stmt"/>
        <line num="6" count="3" type="stmt"/>
        <line num="12" count="3" type="stmt"/>
        <line num="19" count="15" type="stmt"/>
        <line num="21" count="15" type="cond" truecount="5" falsecount="0"/>
        <line num="22" count="2" type="stmt"/>
        <line num="25" count="15" type="cond" truecount="4" falsecount="0"/>
        <line num="26" count="2" type="stmt"/>
        <line num="29" count="15" type="cond" truecount="4" falsecount="0"/>
        <line num="30" count="1" type="stmt"/>
        <line num="33" count="15" type="cond" truecount="3" falsecount="1"/>
        <line num="34" count="0" type="stmt"/>
        <line num="35" count="15" type="cond" truecount="4" falsecount="0"/>
        <line num="36" count="3" type="stmt"/>
        <line num="39" count="15" type="cond" truecount="4" falsecount="0"/>
        <line num="40" count="1" type="stmt"/>
        <line num="45" count="15" type="stmt"/>
        <line num="48" count="3" type="stmt"/>
      </file>
    </package>
  </project>
</coverage>
