{"C:\\Users\\kamog\\Documents\\COMS-3\\COMS300-SD\\Project\\campus-marketplace\\server\\src\\middleware\\authMiddleware.js": {"path":"C:\\Users\\kamog\\Documents\\COMS-3\\COMS300-SD\\Project\\campus-marketplace\\server\\src\\middleware\\authMiddleware.js","statementMap":{"0":{"start":{"line":1,"column":21},"end":{"line":1,"column":56}},"1":{"start":{"line":17,"column":22},"end":{"line":43,"column":1}},"2":{"start":{"line":18,"column":2},"end":{"line":42,"column":3}},"3":{"start":{"line":20,"column":23},"end":{"line":20,"column":48}},"4":{"start":{"line":21,"column":4},"end":{"line":23,"column":5}},"5":{"start":{"line":22,"column":6},"end":{"line":22,"column":82}},"6":{"start":{"line":26,"column":18},"end":{"line":26,"column":42}},"7":{"start":{"line":27,"column":4},"end":{"line":29,"column":5}},"8":{"start":{"line":28,"column":6},"end":{"line":28,"column":80}},"9":{"start":{"line":32,"column":28},"end":{"line":32,"column":62}},"10":{"start":{"line":33,"column":4},"end":{"line":35,"column":5}},"11":{"start":{"line":34,"column":6},"end":{"line":34,"column":89}},"12":{"start":{"line":38,"column":4},"end":{"line":38,"column":25}},"13":{"start":{"line":39,"column":4},"end":{"line":39,"column":18}},"14":{"start":{"line":41,"column":4},"end":{"line":41,"column":92}},"15":{"start":{"line":59,"column":20},"end":{"line":94,"column":1}},"16":{"start":{"line":60,"column":2},"end":{"line":93,"column":4}},"17":{"start":{"line":61,"column":4},"end":{"line":92,"column":5}},"18":{"start":{"line":63,"column":6},"end":{"line":65,"column":7}},"19":{"start":{"line":64,"column":8},"end":{"line":64,"column":85}},"20":{"start":{"line":68,"column":30},"end":{"line":72,"column":17}},"21":{"start":{"line":74,"column":6},"end":{"line":76,"column":7}},"22":{"start":{"line":75,"column":8},"end":{"line":75,"column":84}},"23":{"start":{"line":79,"column":6},"end":{"line":83,"column":7}},"24":{"start":{"line":80,"column":8},"end":{"line":82,"column":11}},"25":{"start":{"line":86,"column":6},"end":{"line":86,"column":31}},"26":{"start":{"line":88,"column":6},"end":{"line":88,"column":20}},"27":{"start":{"line":91,"column":6},"end":{"line":91,"column":93}},"28":{"start":{"line":107,"column":22},"end":{"line":131,"column":1}},"29":{"start":{"line":108,"column":2},"end":{"line":130,"column":3}},"30":{"start":{"line":109,"column":4},"end":{"line":111,"column":5}},"31":{"start":{"line":110,"column":6},"end":{"line":110,"column":83}},"32":{"start":{"line":113,"column":28},"end":{"line":117,"column":15}},"33":{"start":{"line":119,"column":4},"end":{"line":121,"column":5}},"34":{"start":{"line":120,"column":6},"end":{"line":120,"column":96}},"35":{"start":{"line":124,"column":4},"end":{"line":124,"column":23}},"36":{"start":{"line":126,"column":4},"end":{"line":126,"column":18}},"37":{"start":{"line":129,"column":4},"end":{"line":129,"column":93}},"38":{"start":{"line":133,"column":0},"end":{"line":133,"column":62}}},"fnMap":{"0":{"name":"(anonymous_0)","decl":{"start":{"line":17,"column":22},"end":{"line":17,"column":23}},"loc":{"start":{"line":17,"column":48},"end":{"line":43,"column":1}},"line":17},"1":{"name":"(anonymous_1)","decl":{"start":{"line":59,"column":20},"end":{"line":59,"column":21}},"loc":{"start":{"line":59,"column":41},"end":{"line":94,"column":1}},"line":59},"2":{"name":"(anonymous_2)","decl":{"start":{"line":60,"column":9},"end":{"line":60,"column":10}},"loc":{"start":{"line":60,"column":35},"end":{"line":93,"column":3}},"line":60},"3":{"name":"(anonymous_3)","decl":{"start":{"line":107,"column":22},"end":{"line":107,"column":23}},"loc":{"start":{"line":107,"column":48},"end":{"line":131,"column":1}},"line":107}},"branchMap":{"0":{"loc":{"start":{"line":21,"column":4},"end":{"line":23,"column":5}},"type":"if","locations":[{"start":{"line":21,"column":4},"end":{"line":23,"column":5}},{"start":{},"end":{}}],"line":21},"1":{"loc":{"start":{"line":21,"column":8},"end":{"line":21,"column":56}},"type":"binary-expr","locations":[{"start":{"line":21,"column":8},"end":{"line":21,"column":19}},{"start":{"line":21,"column":23},"end":{"line":21,"column":56}}],"line":21},"2":{"loc":{"start":{"line":27,"column":4},"end":{"line":29,"column":5}},"type":"if","locations":[{"start":{"line":27,"column":4},"end":{"line":29,"column":5}},{"start":{},"end":{}}],"line":27},"3":{"loc":{"start":{"line":33,"column":4},"end":{"line":35,"column":5}},"type":"if","locations":[{"start":{"line":33,"column":4},"end":{"line":35,"column":5}},{"start":{},"end":{}}],"line":33},"4":{"loc":{"start":{"line":33,"column":8},"end":{"line":33,"column":28}},"type":"binary-expr","locations":[{"start":{"line":33,"column":8},"end":{"line":33,"column":13}},{"start":{"line":33,"column":17},"end":{"line":33,"column":28}}],"line":33},"5":{"loc":{"start":{"line":63,"column":6},"end":{"line":65,"column":7}},"type":"if","locations":[{"start":{"line":63,"column":6},"end":{"line":65,"column":7}},{"start":{},"end":{}}],"line":63},"6":{"loc":{"start":{"line":74,"column":6},"end":{"line":76,"column":7}},"type":"if","locations":[{"start":{"line":74,"column":6},"end":{"line":76,"column":7}},{"start":{},"end":{}}],"line":74},"7":{"loc":{"start":{"line":74,"column":10},"end":{"line":74,"column":24}},"type":"binary-expr","locations":[{"start":{"line":74,"column":10},"end":{"line":74,"column":15}},{"start":{"line":74,"column":19},"end":{"line":74,"column":24}}],"line":74},"8":{"loc":{"start":{"line":79,"column":6},"end":{"line":83,"column":7}},"type":"if","locations":[{"start":{"line":79,"column":6},"end":{"line":83,"column":7}},{"start":{},"end":{}}],"line":79},"9":{"loc":{"start":{"line":109,"column":4},"end":{"line":111,"column":5}},"type":"if","locations":[{"start":{"line":109,"column":4},"end":{"line":111,"column":5}},{"start":{},"end":{}}],"line":109},"10":{"loc":{"start":{"line":119,"column":4},"end":{"line":121,"column":5}},"type":"if","locations":[{"start":{"line":119,"column":4},"end":{"line":121,"column":5}},{"start":{},"end":{}}],"line":119},"11":{"loc":{"start":{"line":119,"column":8},"end":{"line":119,"column":22}},"type":"binary-expr","locations":[{"start":{"line":119,"column":8},"end":{"line":119,"column":13}},{"start":{"line":119,"column":17},"end":{"line":119,"column":22}}],"line":119}},"s":{"0":3,"1":3,"2":7,"3":7,"4":7,"5":2,"6":5,"7":5,"8":1,"9":4,"10":3,"11":2,"12":1,"13":1,"14":1,"15":3,"16":8,"17":8,"18":8,"19":1,"20":7,"21":6,"22":1,"23":5,"24":2,"25":3,"26":3,"27":1,"28":3,"29":5,"30":5,"31":1,"32":4,"33":3,"34":1,"35":2,"36":2,"37":1,"38":3},"f":{"0":7,"1":8,"2":8,"3":5},"b":{"0":[2,5],"1":[7,6],"2":[1,4],"3":[2,1],"4":[3,1],"5":[1,7],"6":[1,5],"7":[6,5],"8":[2,3],"9":[1,4],"10":[1,2],"11":[3,2]},"_coverageSchema":"1a1c01bbd47fc00a2c39e90264f33305004495a9","hash":"34c954b379d0dcf41d5fc336ab480e2bf4c9f28a"}
,"C:\\Users\\kamog\\Documents\\COMS-3\\COMS300-SD\\Project\\campus-marketplace\\server\\src\\middleware\\validateListing.js": {"path":"C:\\Users\\kamog\\Documents\\COMS-3\\COMS300-SD\\Project\\campus-marketplace\\server\\src\\middleware\\validateListing.js","statementMap":{"0":{"start":{"line":2,"column":33},"end":{"line":2,"column":72}},"1":{"start":{"line":16,"column":24},"end":{"line":50,"column":1}},"2":{"start":{"line":17,"column":2},"end":{"line":49,"column":3}},"3":{"start":{"line":18,"column":82},"end":{"line":18,"column":90}},"4":{"start":{"line":21,"column":30},"end":{"line":27,"column":6}},"5":{"start":{"line":29,"column":4},"end":{"line":31,"column":5}},"6":{"start":{"line":30,"column":6},"end":{"line":30,"column":76}},"7":{"start":{"line":35,"column":4},"end":{"line":43,"column":6}},"8":{"start":{"line":45,"column":4},"end":{"line":45,"column":11}},"9":{"start":{"line":48,"column":4},"end":{"line":48,"column":96}},"10":{"start":{"line":52,"column":0},"end":{"line":52,"column":37}}},"fnMap":{"0":{"name":"(anonymous_0)","decl":{"start":{"line":16,"column":24},"end":{"line":16,"column":25}},"loc":{"start":{"line":16,"column":44},"end":{"line":50,"column":1}},"line":16}},"branchMap":{"0":{"loc":{"start":{"line":29,"column":4},"end":{"line":31,"column":5}},"type":"if","locations":[{"start":{"line":29,"column":4},"end":{"line":31,"column":5}},{"start":{},"end":{}}],"line":29},"1":{"loc":{"start":{"line":38,"column":19},"end":{"line":38,"column":46}},"type":"binary-expr","locations":[{"start":{"line":38,"column":19},"end":{"line":38,"column":38}},{"start":{"line":38,"column":42},"end":{"line":38,"column":46}}],"line":38}},"s":{"0":2,"1":2,"2":8,"3":8,"4":8,"5":8,"6":3,"7":5,"8":5,"9":0,"10":2},"f":{"0":8},"b":{"0":[3,5],"1":[5,4]},"_coverageSchema":"1a1c01bbd47fc00a2c39e90264f33305004495a9","hash":"952828b15235b92607dd1e299140afed85e2311d"}
,"C:\\Users\\kamog\\Documents\\COMS-3\\COMS300-SD\\Project\\campus-marketplace\\server\\src\\routes\\facilityDashboard.js": {"path":"C:\\Users\\kamog\\Documents\\COMS-3\\COMS300-SD\\Project\\campus-marketplace\\server\\src\\routes\\facilityDashboard.js","statementMap":{"0":{"start":{"line":1,"column":16},"end":{"line":1,"column":34}},"1":{"start":{"line":2,"column":15},"end":{"line":2,"column":31}},"2":{"start":{"line":6,"column":4},"end":{"line":6,"column":51}},"3":{"start":{"line":11,"column":4},"end":{"line":11,"column":43}},"4":{"start":{"line":13,"column":0},"end":{"line":37,"column":2}},"5":{"start":{"line":19,"column":25},"end":{"line":19,"column":39}},"6":{"start":{"line":21,"column":6},"end":{"line":21,"column":79}},"7":{"start":{"line":22,"column":28},"end":{"line":26,"column":5}},"8":{"start":{"line":28,"column":4},"end":{"line":33,"column":5}},"9":{"start":{"line":29,"column":6},"end":{"line":32,"column":9}},"10":{"start":{"line":35,"column":4},"end":{"line":35,"column":38}},"11":{"start":{"line":39,"column":0},"end":{"line":89,"column":2}},"12":{"start":{"line":45,"column":30},"end":{"line":45,"column":40}},"13":{"start":{"line":46,"column":23},"end":{"line":46,"column":31}},"14":{"start":{"line":48,"column":25},"end":{"line":53,"column":5}},"15":{"start":{"line":55,"column":4},"end":{"line":57,"column":5}},"16":{"start":{"line":56,"column":6},"end":{"line":56,"column":76}},"17":{"start":{"line":59,"column":4},"end":{"line":63,"column":5}},"18":{"start":{"line":60,"column":6},"end":{"line":62,"column":9}},"19":{"start":{"line":65,"column":28},"end":{"line":71,"column":6}},"20":{"start":{"line":73,"column":4},"end":{"line":85,"column":5}},"21":{"start":{"line":74,"column":25},"end":{"line":79,"column":16}},"22":{"start":{"line":81,"column":6},"end":{"line":84,"column":9}},"23":{"start":{"line":87,"column":4},"end":{"line":87,"column":38}},"24":{"start":{"line":91,"column":0},"end":{"line":91,"column":24}}},"fnMap":{"0":{"name":"(anonymous_0)","decl":{"start":{"line":18,"column":2},"end":{"line":18,"column":3}},"loc":{"start":{"line":18,"column":22},"end":{"line":36,"column":3}},"line":18},"1":{"name":"(anonymous_1)","decl":{"start":{"line":44,"column":2},"end":{"line":44,"column":3}},"loc":{"start":{"line":44,"column":22},"end":{"line":88,"column":3}},"line":44}},"branchMap":{"0":{"loc":{"start":{"line":21,"column":6},"end":{"line":21,"column":79}},"type":"cond-expr","locations":[{"start":{"line":21,"column":33},"end":{"line":21,"column":53}},{"start":{"line":21,"column":56},"end":{"line":21,"column":79}}],"line":21},"1":{"loc":{"start":{"line":28,"column":4},"end":{"line":33,"column":5}},"type":"if","locations":[{"start":{"line":28,"column":4},"end":{"line":33,"column":5}},{"start":{},"end":{}}],"line":28},"2":{"loc":{"start":{"line":29,"column":24},"end":{"line":29,"column":47}},"type":"binary-expr","locations":[{"start":{"line":29,"column":24},"end":{"line":29,"column":40}},{"start":{"line":29,"column":44},"end":{"line":29,"column":47}}],"line":29},"3":{"loc":{"start":{"line":55,"column":4},"end":{"line":57,"column":5}},"type":"if","locations":[{"start":{"line":55,"column":4},"end":{"line":57,"column":5}},{"start":{},"end":{}}],"line":55},"4":{"loc":{"start":{"line":59,"column":4},"end":{"line":63,"column":5}},"type":"if","locations":[{"start":{"line":59,"column":4},"end":{"line":63,"column":5}},{"start":{},"end":{}}],"line":59},"5":{"loc":{"start":{"line":59,"column":8},"end":{"line":59,"column":49}},"type":"binary-expr","locations":[{"start":{"line":59,"column":8},"end":{"line":59,"column":15}},{"start":{"line":59,"column":19},"end":{"line":59,"column":49}}],"line":59},"6":{"loc":{"start":{"line":68,"column":23},"end":{"line":68,"column":62}},"type":"binary-expr","locations":[{"start":{"line":68,"column":23},"end":{"line":68,"column":44}},{"start":{"line":68,"column":48},"end":{"line":68,"column":62}}],"line":68},"7":{"loc":{"start":{"line":73,"column":4},"end":{"line":85,"column":5}},"type":"if","locations":[{"start":{"line":73,"column":4},"end":{"line":85,"column":5}},{"start":{},"end":{}}],"line":73},"8":{"loc":{"start":{"line":74,"column":25},"end":{"line":79,"column":16}},"type":"binary-expr","locations":[{"start":{"line":74,"column":25},"end":{"line":74,"column":41}},{"start":{"line":75,"column":9},"end":{"line":79,"column":15}}],"line":74},"9":{"loc":{"start":{"line":75,"column":9},"end":{"line":79,"column":15}},"type":"cond-expr","locations":[{"start":{"line":78,"column":12},"end":{"line":78,"column":15}},{"start":{"line":79,"column":12},"end":{"line":79,"column":15}}],"line":75},"10":{"loc":{"start":{"line":75,"column":9},"end":{"line":77,"column":58}},"type":"binary-expr","locations":[{"start":{"line":75,"column":9},"end":{"line":75,"column":22}},{"start":{"line":76,"column":9},"end":{"line":76,"column":54}},{"start":{"line":77,"column":10},"end":{"line":77,"column":57}}],"line":75}},"s":{"0":1,"1":1,"2":1,"3":1,"4":1,"5":2,"6":2,"7":2,"8":2,"9":0,"10":2,"11":1,"12":2,"13":2,"14":2,"15":2,"16":0,"17":2,"18":1,"19":1,"20":1,"21":0,"22":0,"23":1,"24":1},"f":{"0":2,"1":2},"b":{"0":[1,1],"1":[0,2],"2":[0,0],"3":[0,2],"4":[1,1],"5":[2,2],"6":[1,0],"7":[0,1],"8":[0,0],"9":[0,0],"10":[0,0,0]},"_coverageSchema":"1a1c01bbd47fc00a2c39e90264f33305004495a9","hash":"53a9fd07f7d8a47813087b97c11e840a51b41819"}
,"C:\\Users\\kamog\\Documents\\COMS-3\\COMS300-SD\\Project\\campus-marketplace\\server\\src\\routes\\listing.js": {"path":"C:\\Users\\kamog\\Documents\\COMS-3\\COMS300-SD\\Project\\campus-marketplace\\server\\src\\routes\\listing.js","statementMap":{"0":{"start":{"line":2,"column":16},"end":{"line":2,"column":34}},"1":{"start":{"line":3,"column":15},"end":{"line":3,"column":31}},"2":{"start":{"line":4,"column":21},"end":{"line":4,"column":56}},"3":{"start":{"line":10,"column":4},"end":{"line":10,"column":41}},"4":{"start":{"line":11,"column":35},"end":{"line":11,"column":68}},"5":{"start":{"line":12,"column":33},"end":{"line":12,"column":72}},"6":{"start":{"line":13,"column":26},"end":{"line":13,"column":65}},"7":{"start":{"line":19,"column":0},"end":{"line":29,"column":3}},"8":{"start":{"line":20,"column":26},"end":{"line":20,"column":51}},"9":{"start":{"line":22,"column":2},"end":{"line":26,"column":3}},"10":{"start":{"line":23,"column":4},"end":{"line":25,"column":75}},"11":{"start":{"line":28,"column":2},"end":{"line":28,"column":50}},"12":{"start":{"line":36,"column":0},"end":{"line":66,"column":3}},"13":{"start":{"line":37,"column":23},"end":{"line":37,"column":33}},"14":{"start":{"line":38,"column":34},"end":{"line":38,"column":46}},"15":{"start":{"line":40,"column":2},"end":{"line":42,"column":3}},"16":{"start":{"line":41,"column":4},"end":{"line":41,"column":69}},"17":{"start":{"line":44,"column":2},"end":{"line":46,"column":3}},"18":{"start":{"line":45,"column":4},"end":{"line":45,"column":72}},"19":{"start":{"line":49,"column":4},"end":{"line":49,"column":56}},"20":{"start":{"line":51,"column":2},"end":{"line":55,"column":3}},"21":{"start":{"line":52,"column":4},"end":{"line":54,"column":7}},"22":{"start":{"line":57,"column":26},"end":{"line":57,"column":78}},"23":{"start":{"line":58,"column":2},"end":{"line":63,"column":3}},"24":{"start":{"line":59,"column":4},"end":{"line":62,"column":7}},"25":{"start":{"line":65,"column":2},"end":{"line":65,"column":56}},"26":{"start":{"line":73,"column":0},"end":{"line":99,"column":3}},"27":{"start":{"line":74,"column":36},"end":{"line":74,"column":45}},"28":{"start":{"line":76,"column":2},"end":{"line":80,"column":3}},"29":{"start":{"line":77,"column":4},"end":{"line":79,"column":66}},"30":{"start":{"line":82,"column":16},"end":{"line":82,"column":39}},"31":{"start":{"line":84,"column":2},"end":{"line":88,"column":3}},"32":{"start":{"line":85,"column":4},"end":{"line":87,"column":66}},"33":{"start":{"line":90,"column":21},"end":{"line":90,"column":60}},"34":{"start":{"line":92,"column":2},"end":{"line":96,"column":3}},"35":{"start":{"line":93,"column":4},"end":{"line":95,"column":76}},"36":{"start":{"line":98,"column":2},"end":{"line":98,"column":46}},"37":{"start":{"line":105,"column":0},"end":{"line":143,"column":3}},"38":{"start":{"line":107,"column":4},"end":{"line":107,"column":12}},"39":{"start":{"line":108,"column":19},"end":{"line":108,"column":36}},"40":{"start":{"line":110,"column":2},"end":{"line":112,"column":3}},"41":{"start":{"line":111,"column":4},"end":{"line":111,"column":69}},"42":{"start":{"line":114,"column":28},"end":{"line":120,"column":4}},"43":{"start":{"line":122,"column":2},"end":{"line":124,"column":3}},"44":{"start":{"line":123,"column":4},"end":{"line":123,"column":74}},"45":{"start":{"line":126,"column":26},"end":{"line":134,"column":4}},"46":{"start":{"line":136,"column":2},"end":{"line":140,"column":3}},"47":{"start":{"line":137,"column":4},"end":{"line":139,"column":75}},"48":{"start":{"line":142,"column":2},"end":{"line":142,"column":49}},"49":{"start":{"line":146,"column":0},"end":{"line":187,"column":3}},"50":{"start":{"line":147,"column":17},"end":{"line":147,"column":27}},"51":{"start":{"line":149,"column":2},"end":{"line":186,"column":3}},"52":{"start":{"line":150,"column":28},"end":{"line":171,"column":19}},"53":{"start":{"line":173,"column":4},"end":{"line":176,"column":5}},"54":{"start":{"line":174,"column":6},"end":{"line":174,"column":46}},"55":{"start":{"line":175,"column":6},"end":{"line":175,"column":60}},"56":{"start":{"line":178,"column":4},"end":{"line":180,"column":5}},"57":{"start":{"line":179,"column":6},"end":{"line":179,"column":68}},"58":{"start":{"line":182,"column":4},"end":{"line":182,"column":35}},"59":{"start":{"line":184,"column":4},"end":{"line":184,"column":40}},"60":{"start":{"line":185,"column":4},"end":{"line":185,"column":52}},"61":{"start":{"line":190,"column":0},"end":{"line":200,"column":3}},"62":{"start":{"line":191,"column":17},"end":{"line":191,"column":27}},"63":{"start":{"line":193,"column":20},"end":{"line":193,"column":73}},"64":{"start":{"line":195,"column":2},"end":{"line":197,"column":3}},"65":{"start":{"line":196,"column":4},"end":{"line":196,"column":58}},"66":{"start":{"line":199,"column":2},"end":{"line":199,"column":30}},"67":{"start":{"line":204,"column":0},"end":{"line":239,"column":3}},"68":{"start":{"line":205,"column":17},"end":{"line":205,"column":27}},"69":{"start":{"line":208,"column":4},"end":{"line":208,"column":12}},"70":{"start":{"line":210,"column":28},"end":{"line":216,"column":4}},"71":{"start":{"line":218,"column":2},"end":{"line":220,"column":3}},"72":{"start":{"line":219,"column":4},"end":{"line":219,"column":74}},"73":{"start":{"line":222,"column":26},"end":{"line":234,"column":13}},"74":{"start":{"line":236,"column":2},"end":{"line":236,"column":67}},"75":{"start":{"line":236,"column":13},"end":{"line":236,"column":67}},"76":{"start":{"line":238,"column":2},"end":{"line":238,"column":30}},"77":{"start":{"line":242,"column":0},"end":{"line":260,"column":3}},"78":{"start":{"line":243,"column":17},"end":{"line":243,"column":27}},"79":{"start":{"line":244,"column":27},"end":{"line":244,"column":35}},"80":{"start":{"line":246,"column":26},"end":{"line":253,"column":13}},"81":{"start":{"line":255,"column":2},"end":{"line":257,"column":3}},"82":{"start":{"line":256,"column":4},"end":{"line":256,"column":58}},"83":{"start":{"line":259,"column":2},"end":{"line":259,"column":28}},"84":{"start":{"line":262,"column":0},"end":{"line":262,"column":24}}},"fnMap":{"0":{"name":"(anonymous_0)","decl":{"start":{"line":19,"column":16},"end":{"line":19,"column":17}},"loc":{"start":{"line":19,"column":36},"end":{"line":29,"column":1}},"line":19},"1":{"name":"(anonymous_1)","decl":{"start":{"line":36,"column":43},"end":{"line":36,"column":44}},"loc":{"start":{"line":36,"column":63},"end":{"line":66,"column":1}},"line":36},"2":{"name":"(anonymous_2)","decl":{"start":{"line":73,"column":31},"end":{"line":73,"column":32}},"loc":{"start":{"line":73,"column":45},"end":{"line":99,"column":1}},"line":73},"3":{"name":"(anonymous_3)","decl":{"start":{"line":105,"column":17},"end":{"line":105,"column":18}},"loc":{"start":{"line":105,"column":37},"end":{"line":143,"column":1}},"line":105},"4":{"name":"(anonymous_4)","decl":{"start":{"line":146,"column":19},"end":{"line":146,"column":20}},"loc":{"start":{"line":146,"column":39},"end":{"line":187,"column":1}},"line":146},"5":{"name":"(anonymous_5)","decl":{"start":{"line":190,"column":22},"end":{"line":190,"column":23}},"loc":{"start":{"line":190,"column":42},"end":{"line":200,"column":1}},"line":190},"6":{"name":"(anonymous_6)","decl":{"start":{"line":204,"column":19},"end":{"line":204,"column":20}},"loc":{"start":{"line":204,"column":39},"end":{"line":239,"column":1}},"line":204},"7":{"name":"(anonymous_7)","decl":{"start":{"line":242,"column":27},"end":{"line":242,"column":28}},"loc":{"start":{"line":242,"column":47},"end":{"line":260,"column":1}},"line":242}},"branchMap":{"0":{"loc":{"start":{"line":22,"column":2},"end":{"line":26,"column":3}},"type":"if","locations":[{"start":{"line":22,"column":2},"end":{"line":26,"column":3}},{"start":{},"end":{}}],"line":22},"1":{"loc":{"start":{"line":40,"column":2},"end":{"line":42,"column":3}},"type":"if","locations":[{"start":{"line":40,"column":2},"end":{"line":42,"column":3}},{"start":{},"end":{}}],"line":40},"2":{"loc":{"start":{"line":44,"column":2},"end":{"line":46,"column":3}},"type":"if","locations":[{"start":{"line":44,"column":2},"end":{"line":46,"column":3}},{"start":{},"end":{}}],"line":44},"3":{"loc":{"start":{"line":51,"column":2},"end":{"line":55,"column":3}},"type":"if","locations":[{"start":{"line":51,"column":2},"end":{"line":55,"column":3}},{"start":{},"end":{}}],"line":51},"4":{"loc":{"start":{"line":58,"column":2},"end":{"line":63,"column":3}},"type":"if","locations":[{"start":{"line":58,"column":2},"end":{"line":63,"column":3}},{"start":{},"end":{}}],"line":58},"5":{"loc":{"start":{"line":65,"column":42},"end":{"line":65,"column":52}},"type":"binary-expr","locations":[{"start":{"line":65,"column":42},"end":{"line":65,"column":46}},{"start":{"line":65,"column":50},"end":{"line":65,"column":52}}],"line":65},"6":{"loc":{"start":{"line":76,"column":2},"end":{"line":80,"column":3}},"type":"if","locations":[{"start":{"line":76,"column":2},"end":{"line":80,"column":3}},{"start":{},"end":{}}],"line":76},"7":{"loc":{"start":{"line":76,"column":6},"end":{"line":76,"column":31}},"type":"binary-expr","locations":[{"start":{"line":76,"column":6},"end":{"line":76,"column":15}},{"start":{"line":76,"column":19},"end":{"line":76,"column":31}}],"line":76},"8":{"loc":{"start":{"line":84,"column":2},"end":{"line":88,"column":3}},"type":"if","locations":[{"start":{"line":84,"column":2},"end":{"line":88,"column":3}},{"start":{},"end":{}}],"line":84},"9":{"loc":{"start":{"line":84,"column":6},"end":{"line":84,"column":39}},"type":"binary-expr","locations":[{"start":{"line":84,"column":6},"end":{"line":84,"column":25}},{"start":{"line":84,"column":29},"end":{"line":84,"column":39}}],"line":84},"10":{"loc":{"start":{"line":92,"column":2},"end":{"line":96,"column":3}},"type":"if","locations":[{"start":{"line":92,"column":2},"end":{"line":96,"column":3}},{"start":{},"end":{}}],"line":92},"11":{"loc":{"start":{"line":110,"column":2},"end":{"line":112,"column":3}},"type":"if","locations":[{"start":{"line":110,"column":2},"end":{"line":112,"column":3}},{"start":{},"end":{}}],"line":110},"12":{"loc":{"start":{"line":122,"column":2},"end":{"line":124,"column":3}},"type":"if","locations":[{"start":{"line":122,"column":2},"end":{"line":124,"column":3}},{"start":{},"end":{}}],"line":122},"13":{"loc":{"start":{"line":136,"column":2},"end":{"line":140,"column":3}},"type":"if","locations":[{"start":{"line":136,"column":2},"end":{"line":140,"column":3}},{"start":{},"end":{}}],"line":136},"14":{"loc":{"start":{"line":173,"column":4},"end":{"line":176,"column":5}},"type":"if","locations":[{"start":{"line":173,"column":4},"end":{"line":176,"column":5}},{"start":{},"end":{}}],"line":173},"15":{"loc":{"start":{"line":178,"column":4},"end":{"line":180,"column":5}},"type":"if","locations":[{"start":{"line":178,"column":4},"end":{"line":180,"column":5}},{"start":{},"end":{}}],"line":178},"16":{"loc":{"start":{"line":178,"column":8},"end":{"line":178,"column":34}},"type":"binary-expr","locations":[{"start":{"line":178,"column":8},"end":{"line":178,"column":13}},{"start":{"line":178,"column":17},"end":{"line":178,"column":34}}],"line":178},"17":{"loc":{"start":{"line":195,"column":2},"end":{"line":197,"column":3}},"type":"if","locations":[{"start":{"line":195,"column":2},"end":{"line":197,"column":3}},{"start":{},"end":{}}],"line":195},"18":{"loc":{"start":{"line":218,"column":2},"end":{"line":220,"column":3}},"type":"if","locations":[{"start":{"line":218,"column":2},"end":{"line":220,"column":3}},{"start":{},"end":{}}],"line":218},"19":{"loc":{"start":{"line":236,"column":2},"end":{"line":236,"column":67}},"type":"if","locations":[{"start":{"line":236,"column":2},"end":{"line":236,"column":67}},{"start":{},"end":{}}],"line":236},"20":{"loc":{"start":{"line":255,"column":2},"end":{"line":257,"column":3}},"type":"if","locations":[{"start":{"line":255,"column":2},"end":{"line":257,"column":3}},{"start":{},"end":{}}],"line":255}},"s":{"0":1,"1":1,"2":1,"3":1,"4":1,"5":1,"6":1,"7":1,"8":2,"9":2,"10":1,"11":1,"12":1,"13":4,"14":4,"15":4,"16":1,"17":3,"18":1,"19":2,"20":2,"21":1,"22":1,"23":1,"24":0,"25":1,"26":1,"27":19,"28":19,"29":4,"30":15,"31":15,"32":3,"33":12,"34":12,"35":1,"36":11,"37":1,"38":4,"39":4,"40":4,"41":1,"42":3,"43":3,"44":1,"45":2,"46":2,"47":1,"48":1,"49":1,"50":3,"51":3,"52":3,"53":3,"54":1,"55":1,"56":2,"57":1,"58":1,"59":0,"60":0,"61":1,"62":2,"63":2,"64":2,"65":1,"66":1,"67":1,"68":3,"69":3,"70":3,"71":3,"72":1,"73":2,"74":2,"75":1,"76":1,"77":1,"78":2,"79":2,"80":2,"81":2,"82":1,"83":1,"84":1},"f":{"0":2,"1":4,"2":19,"3":4,"4":3,"5":2,"6":3,"7":2},"b":{"0":[1,1],"1":[1,3],"2":[1,2],"3":[1,1],"4":[0,1],"5":[1,0],"6":[4,15],"7":[19,16],"8":[3,12],"9":[15,14],"10":[1,11],"11":[1,3],"12":[1,2],"13":[1,1],"14":[1,2],"15":[1,1],"16":[2,2],"17":[1,1],"18":[1,2],"19":[1,1],"20":[1,1]},"_coverageSchema":"1a1c01bbd47fc00a2c39e90264f33305004495a9","hash":"ef26b284b376cc48f4f64e24f7b57ef15db07f9d"}
,"C:\\Users\\kamog\\Documents\\COMS-3\\COMS300-SD\\Project\\campus-marketplace\\server\\src\\routes\\listings.js": {"path":"C:\\Users\\kamog\\Documents\\COMS-3\\COMS300-SD\\Project\\campus-marketplace\\server\\src\\routes\\listings.js","statementMap":{"0":{"start":{"line":2,"column":16},"end":{"line":2,"column":34}},"1":{"start":{"line":3,"column":15},"end":{"line":3,"column":31}},"2":{"start":{"line":4,"column":45},"end":{"line":4,"column":82}},"3":{"start":{"line":5,"column":35},"end":{"line":5,"column":68}},"4":{"start":{"line":6,"column":33},"end":{"line":6,"column":72}},"5":{"start":{"line":7,"column":52},"end":{"line":7,"column":91}},"6":{"start":{"line":8,"column":26},"end":{"line":8,"column":66}},"7":{"start":{"line":13,"column":0},"end":{"line":21,"column":3}},"8":{"start":{"line":14,"column":26},"end":{"line":14,"column":51}},"9":{"start":{"line":16,"column":2},"end":{"line":18,"column":3}},"10":{"start":{"line":17,"column":4},"end":{"line":17,"column":95}},"11":{"start":{"line":20,"column":2},"end":{"line":20,"column":50}},"12":{"start":{"line":30,"column":0},"end":{"line":50,"column":3}},"13":{"start":{"line":31,"column":36},"end":{"line":31,"column":45}},"14":{"start":{"line":33,"column":2},"end":{"line":35,"column":3}},"15":{"start":{"line":34,"column":4},"end":{"line":34,"column":86}},"16":{"start":{"line":37,"column":16},"end":{"line":37,"column":39}},"17":{"start":{"line":39,"column":2},"end":{"line":41,"column":3}},"18":{"start":{"line":40,"column":4},"end":{"line":40,"column":86}},"19":{"start":{"line":43,"column":21},"end":{"line":43,"column":60}},"20":{"start":{"line":45,"column":2},"end":{"line":47,"column":3}},"21":{"start":{"line":46,"column":4},"end":{"line":46,"column":96}},"22":{"start":{"line":49,"column":2},"end":{"line":49,"column":46}},"23":{"start":{"line":63,"column":0},"end":{"line":78,"column":2}},"24":{"start":{"line":70,"column":28},"end":{"line":70,"column":69}},"25":{"start":{"line":72,"column":4},"end":{"line":74,"column":5}},"26":{"start":{"line":73,"column":6},"end":{"line":73,"column":97}},"27":{"start":{"line":76,"column":4},"end":{"line":76,"column":51}},"28":{"start":{"line":80,"column":0},"end":{"line":80,"column":24}}},"fnMap":{"0":{"name":"(anonymous_0)","decl":{"start":{"line":13,"column":44},"end":{"line":13,"column":45}},"loc":{"start":{"line":13,"column":64},"end":{"line":21,"column":1}},"line":13},"1":{"name":"(anonymous_1)","decl":{"start":{"line":30,"column":60},"end":{"line":30,"column":61}},"loc":{"start":{"line":30,"column":74},"end":{"line":50,"column":1}},"line":30},"2":{"name":"(anonymous_2)","decl":{"start":{"line":69,"column":2},"end":{"line":69,"column":3}},"loc":{"start":{"line":69,"column":22},"end":{"line":77,"column":3}},"line":69}},"branchMap":{"0":{"loc":{"start":{"line":16,"column":2},"end":{"line":18,"column":3}},"type":"if","locations":[{"start":{"line":16,"column":2},"end":{"line":18,"column":3}},{"start":{},"end":{}}],"line":16},"1":{"loc":{"start":{"line":33,"column":2},"end":{"line":35,"column":3}},"type":"if","locations":[{"start":{"line":33,"column":2},"end":{"line":35,"column":3}},{"start":{},"end":{}}],"line":33},"2":{"loc":{"start":{"line":33,"column":6},"end":{"line":33,"column":31}},"type":"binary-expr","locations":[{"start":{"line":33,"column":6},"end":{"line":33,"column":15}},{"start":{"line":33,"column":19},"end":{"line":33,"column":31}}],"line":33},"3":{"loc":{"start":{"line":39,"column":2},"end":{"line":41,"column":3}},"type":"if","locations":[{"start":{"line":39,"column":2},"end":{"line":41,"column":3}},{"start":{},"end":{}}],"line":39},"4":{"loc":{"start":{"line":39,"column":6},"end":{"line":39,"column":32}},"type":"binary-expr","locations":[{"start":{"line":39,"column":6},"end":{"line":39,"column":18}},{"start":{"line":39,"column":22},"end":{"line":39,"column":32}}],"line":39},"5":{"loc":{"start":{"line":45,"column":2},"end":{"line":47,"column":3}},"type":"if","locations":[{"start":{"line":45,"column":2},"end":{"line":47,"column":3}},{"start":{},"end":{}}],"line":45},"6":{"loc":{"start":{"line":72,"column":4},"end":{"line":74,"column":5}},"type":"if","locations":[{"start":{"line":72,"column":4},"end":{"line":74,"column":5}},{"start":{},"end":{}}],"line":72}},"s":{"0":1,"1":1,"2":1,"3":1,"4":1,"5":1,"6":1,"7":1,"8":2,"9":2,"10":1,"11":1,"12":1,"13":0,"14":0,"15":0,"16":0,"17":0,"18":0,"19":0,"20":0,"21":0,"22":0,"23":1,"24":2,"25":2,"26":1,"27":1,"28":1},"f":{"0":2,"1":0,"2":2},"b":{"0":[1,1],"1":[0,0],"2":[0,0],"3":[0,0],"4":[0,0],"5":[0,0],"6":[1,1]},"_coverageSchema":"1a1c01bbd47fc00a2c39e90264f33305004495a9","hash":"4a56a92e0210a4ee1baf87afde6b6f8b5a0e7e5f"}
,"C:\\Users\\kamog\\Documents\\COMS-3\\COMS300-SD\\Project\\campus-marketplace\\server\\src\\routes\\messages.js": {"path":"C:\\Users\\kamog\\Documents\\COMS-3\\COMS300-SD\\Project\\campus-marketplace\\server\\src\\routes\\messages.js","statementMap":{"0":{"start":{"line":1,"column":16},"end":{"line":1,"column":34}},"1":{"start":{"line":2,"column":15},"end":{"line":2,"column":31}},"2":{"start":{"line":3,"column":25},"end":{"line":3,"column":57}},"3":{"start":{"line":5,"column":17},"end":{"line":8,"column":1}},"4":{"start":{"line":11,"column":0},"end":{"line":28,"column":3}},"5":{"start":{"line":12,"column":58},"end":{"line":12,"column":66}},"6":{"start":{"line":14,"column":2},"end":{"line":16,"column":3}},"7":{"start":{"line":15,"column":4},"end":{"line":15,"column":71}},"8":{"start":{"line":18,"column":26},"end":{"line":21,"column":13}},"9":{"start":{"line":23,"column":2},"end":{"line":25,"column":3}},"10":{"start":{"line":24,"column":4},"end":{"line":24,"column":58}},"11":{"start":{"line":27,"column":2},"end":{"line":27,"column":33}},"12":{"start":{"line":31,"column":0},"end":{"line":46,"column":3}},"13":{"start":{"line":32,"column":38},"end":{"line":32,"column":48}},"14":{"start":{"line":34,"column":26},"end":{"line":39,"column":42}},"15":{"start":{"line":41,"column":2},"end":{"line":43,"column":3}},"16":{"start":{"line":42,"column":4},"end":{"line":42,"column":58}},"17":{"start":{"line":45,"column":2},"end":{"line":45,"column":31}},"18":{"start":{"line":49,"column":0},"end":{"line":63,"column":3}},"19":{"start":{"line":50,"column":21},"end":{"line":50,"column":31}},"20":{"start":{"line":52,"column":26},"end":{"line":56,"column":43}},"21":{"start":{"line":58,"column":2},"end":{"line":60,"column":3}},"22":{"start":{"line":59,"column":4},"end":{"line":59,"column":58}},"23":{"start":{"line":62,"column":2},"end":{"line":62,"column":31}},"24":{"start":{"line":65,"column":0},"end":{"line":65,"column":24}}},"fnMap":{"0":{"name":"(anonymous_0)","decl":{"start":{"line":11,"column":17},"end":{"line":11,"column":18}},"loc":{"start":{"line":11,"column":37},"end":{"line":28,"column":1}},"line":11},"1":{"name":"(anonymous_1)","decl":{"start":{"line":31,"column":40},"end":{"line":31,"column":41}},"loc":{"start":{"line":31,"column":60},"end":{"line":46,"column":1}},"line":31},"2":{"name":"(anonymous_2)","decl":{"start":{"line":49,"column":28},"end":{"line":49,"column":29}},"loc":{"start":{"line":49,"column":48},"end":{"line":63,"column":1}},"line":49}},"branchMap":{"0":{"loc":{"start":{"line":14,"column":2},"end":{"line":16,"column":3}},"type":"if","locations":[{"start":{"line":14,"column":2},"end":{"line":16,"column":3}},{"start":{},"end":{}}],"line":14},"1":{"loc":{"start":{"line":23,"column":2},"end":{"line":25,"column":3}},"type":"if","locations":[{"start":{"line":23,"column":2},"end":{"line":25,"column":3}},{"start":{},"end":{}}],"line":23},"2":{"loc":{"start":{"line":41,"column":2},"end":{"line":43,"column":3}},"type":"if","locations":[{"start":{"line":41,"column":2},"end":{"line":43,"column":3}},{"start":{},"end":{}}],"line":41},"3":{"loc":{"start":{"line":58,"column":2},"end":{"line":60,"column":3}},"type":"if","locations":[{"start":{"line":58,"column":2},"end":{"line":60,"column":3}},{"start":{},"end":{}}],"line":58}},"s":{"0":1,"1":1,"2":1,"3":1,"4":1,"5":3,"6":3,"7":1,"8":2,"9":2,"10":1,"11":1,"12":1,"13":2,"14":2,"15":2,"16":1,"17":1,"18":1,"19":2,"20":2,"21":2,"22":1,"23":1,"24":1},"f":{"0":3,"1":2,"2":2},"b":{"0":[1,2],"1":[1,1],"2":[1,1],"3":[1,1]},"_coverageSchema":"1a1c01bbd47fc00a2c39e90264f33305004495a9","hash":"1e6fb036e270854a975770411280d979023019e4"}
,"C:\\Users\\kamog\\Documents\\COMS-3\\COMS300-SD\\Project\\campus-marketplace\\server\\src\\services\\authServices.js": {"path":"C:\\Users\\kamog\\Documents\\COMS-3\\COMS300-SD\\Project\\campus-marketplace\\server\\src\\services\\authServices.js","statementMap":{"0":{"start":{"line":3,"column":20},"end":{"line":3,"column":41}},"1":{"start":{"line":6,"column":32},"end":{"line":20,"column":1}},"2":{"start":{"line":8,"column":4},"end":{"line":10,"column":5}},"3":{"start":{"line":9,"column":8},"end":{"line":9,"column":21}},"4":{"start":{"line":12,"column":23},"end":{"line":12,"column":51}},"5":{"start":{"line":13,"column":4},"end":{"line":15,"column":5}},"6":{"start":{"line":14,"column":8},"end":{"line":14,"column":21}},"7":{"start":{"line":17,"column":19},"end":{"line":17,"column":58}},"8":{"start":{"line":19,"column":4},"end":{"line":19,"column":40}},"9":{"start":{"line":23,"column":24},"end":{"line":32,"column":1}},"10":{"start":{"line":24,"column":23},"end":{"line":28,"column":5}},"11":{"start":{"line":31,"column":4},"end":{"line":31,"column":37}},"12":{"start":{"line":33,"column":0},"end":{"line":33,"column":60}}},"fnMap":{"0":{"name":"(anonymous_0)","decl":{"start":{"line":6,"column":32},"end":{"line":6,"column":33}},"loc":{"start":{"line":6,"column":42},"end":{"line":20,"column":1}},"line":6},"1":{"name":"(anonymous_1)","decl":{"start":{"line":23,"column":24},"end":{"line":23,"column":25}},"loc":{"start":{"line":23,"column":52},"end":{"line":32,"column":1}},"line":23}},"branchMap":{"0":{"loc":{"start":{"line":8,"column":4},"end":{"line":10,"column":5}},"type":"if","locations":[{"start":{"line":8,"column":4},"end":{"line":10,"column":5}},{"start":{},"end":{}}],"line":8},"1":{"loc":{"start":{"line":8,"column":8},"end":{"line":8,"column":43}},"type":"binary-expr","locations":[{"start":{"line":8,"column":8},"end":{"line":8,"column":14}},{"start":{"line":8,"column":18},"end":{"line":8,"column":43}}],"line":8},"2":{"loc":{"start":{"line":13,"column":4},"end":{"line":15,"column":5}},"type":"if","locations":[{"start":{"line":13,"column":4},"end":{"line":15,"column":5}},{"start":{},"end":{}}],"line":13},"3":{"loc":{"start":{"line":23,"column":31},"end":{"line":23,"column":48}},"type":"default-arg","locations":[{"start":{"line":23,"column":44},"end":{"line":23,"column":48}}],"line":23},"4":{"loc":{"start":{"line":26,"column":24},"end":{"line":26,"column":96}},"type":"cond-expr","locations":[{"start":{"line":26,"column":37},"end":{"line":26,"column":72}},{"start":{"line":26,"column":75},"end":{"line":26,"column":96}}],"line":26},"5":{"loc":{"start":{"line":31,"column":11},"end":{"line":31,"column":36}},"type":"binary-expr","locations":[{"start":{"line":31,"column":11},"end":{"line":31,"column":28}},{"start":{"line":31,"column":32},"end":{"line":31,"column":36}}],"line":31}},"s":{"0":2,"1":2,"2":7,"3":2,"4":5,"5":5,"6":1,"7":4,"8":4,"9":2,"10":5,"11":5,"12":2},"f":{"0":7,"1":5},"b":{"0":[2,5],"1":[7,5],"2":[1,4],"3":[4],"4":[1,4],"5":[5,2]},"_coverageSchema":"1a1c01bbd47fc00a2c39e90264f33305004495a9","hash":"4b39704c756e6f8d15add614aabafb33a40e1723"}
,"C:\\Users\\kamog\\Documents\\COMS-3\\COMS300-SD\\Project\\campus-marketplace\\server\\src\\services\\cpiService.js": {"path":"C:\\Users\\kamog\\Documents\\COMS-3\\COMS300-SD\\Project\\campus-marketplace\\server\\src\\services\\cpiService.js","statementMap":{"0":{"start":{"line":2,"column":16},"end":{"line":2,"column":48}},"1":{"start":{"line":8,"column":25},"end":{"line":30,"column":1}},"2":{"start":{"line":9,"column":2},"end":{"line":11,"column":3}},"3":{"start":{"line":10,"column":4},"end":{"line":10,"column":57}},"4":{"start":{"line":13,"column":23},"end":{"line":13,"column":51}},"5":{"start":{"line":15,"column":2},"end":{"line":17,"column":3}},"6":{"start":{"line":16,"column":4},"end":{"line":16,"column":80}},"7":{"start":{"line":19,"column":2},"end":{"line":29,"column":4}},"8":{"start":{"line":36,"column":31},"end":{"line":56,"column":1}},"9":{"start":{"line":37,"column":26},"end":{"line":37,"column":52}},"10":{"start":{"line":39,"column":2},"end":{"line":41,"column":3}},"11":{"start":{"line":40,"column":4},"end":{"line":40,"column":16}},"12":{"start":{"line":44,"column":27},"end":{"line":44,"column":57}},"13":{"start":{"line":45,"column":14},"end":{"line":45,"column":85}},"14":{"start":{"line":46,"column":15},"end":{"line":46,"column":86}},"15":{"start":{"line":48,"column":2},"end":{"line":55,"column":4}},"16":{"start":{"line":58,"column":0},"end":{"line":58,"column":62}}},"fnMap":{"0":{"name":"(anonymous_0)","decl":{"start":{"line":8,"column":25},"end":{"line":8,"column":26}},"loc":{"start":{"line":8,"column":39},"end":{"line":30,"column":1}},"line":8},"1":{"name":"(anonymous_1)","decl":{"start":{"line":36,"column":31},"end":{"line":36,"column":32}},"loc":{"start":{"line":36,"column":58},"end":{"line":56,"column":1}},"line":36}},"branchMap":{"0":{"loc":{"start":{"line":9,"column":2},"end":{"line":11,"column":3}},"type":"if","locations":[{"start":{"line":9,"column":2},"end":{"line":11,"column":3}},{"start":{},"end":{}}],"line":9},"1":{"loc":{"start":{"line":9,"column":6},"end":{"line":9,"column":47}},"type":"binary-expr","locations":[{"start":{"line":9,"column":6},"end":{"line":9,"column":15}},{"start":{"line":9,"column":19},"end":{"line":9,"column":47}}],"line":9},"2":{"loc":{"start":{"line":15,"column":2},"end":{"line":17,"column":3}},"type":"if","locations":[{"start":{"line":15,"column":2},"end":{"line":17,"column":3}},{"start":{},"end":{}}],"line":15},"3":{"loc":{"start":{"line":39,"column":2},"end":{"line":41,"column":3}},"type":"if","locations":[{"start":{"line":39,"column":2},"end":{"line":41,"column":3}},{"start":{},"end":{}}],"line":39},"4":{"loc":{"start":{"line":39,"column":6},"end":{"line":39,"column":20}},"type":"binary-expr","locations":[{"start":{"line":39,"column":6},"end":{"line":39,"column":11}},{"start":{"line":39,"column":15},"end":{"line":39,"column":20}}],"line":39}},"s":{"0":3,"1":3,"2":25,"3":1,"4":24,"5":24,"6":3,"7":21,"8":3,"9":16,"10":16,"11":2,"12":14,"13":14,"14":14,"15":14,"16":3},"f":{"0":25,"1":16},"b":{"0":[1,24],"1":[25,24],"2":[3,21],"3":[2,14],"4":[16,14]},"_coverageSchema":"1a1c01bbd47fc00a2c39e90264f33305004495a9","hash":"500155154f2c4110617933625db699ce5cb1a8c3"}
,"C:\\Users\\kamog\\Documents\\COMS-3\\COMS300-SD\\Project\\campus-marketplace\\server\\src\\services\\facilityDashboardService.js": {"path":"C:\\Users\\kamog\\Documents\\COMS-3\\COMS300-SD\\Project\\campus-marketplace\\server\\src\\services\\facilityDashboardService.js","statementMap":{"0":{"start":{"line":1,"column":21},"end":{"line":1,"column":56}},"1":{"start":{"line":3,"column":27},"end":{"line":3,"column":48}},"2":{"start":{"line":4,"column":32},"end":{"line":10,"column":1}},"3":{"start":{"line":12,"column":31},"end":{"line":43,"column":1}},"4":{"start":{"line":45,"column":27},"end":{"line":49,"column":1}},"5":{"start":{"line":46,"column":16},"end":{"line":46,"column":34}},"6":{"start":{"line":47,"column":2},"end":{"line":47,"column":32}},"7":{"start":{"line":48,"column":2},"end":{"line":48,"column":15}},"8":{"start":{"line":51,"column":23},"end":{"line":56,"column":31}},"9":{"start":{"line":52,"column":2},"end":{"line":56,"column":31}},"10":{"start":{"line":58,"column":31},"end":{"line":61,"column":23}},"11":{"start":{"line":59,"column":2},"end":{"line":61,"column":23}},"12":{"start":{"line":63,"column":23},"end":{"line":64,"column":58}},"13":{"start":{"line":64,"column":2},"end":{"line":64,"column":58}},"14":{"start":{"line":66,"column":27},"end":{"line":77,"column":1}},"15":{"start":{"line":67,"column":2},"end":{"line":69,"column":3}},"16":{"start":{"line":68,"column":4},"end":{"line":68,"column":14}},"17":{"start":{"line":71,"column":2},"end":{"line":76,"column":29}},"18":{"start":{"line":79,"column":32},"end":{"line":99,"column":1}},"19":{"start":{"line":80,"column":2},"end":{"line":87,"column":3}},"20":{"start":{"line":81,"column":4},"end":{"line":86,"column":8}},"21":{"start":{"line":81,"column":42},"end":{"line":86,"column":5}},"22":{"start":{"line":89,"column":2},"end":{"line":96,"column":3}},"23":{"start":{"line":90,"column":4},"end":{"line":95,"column":8}},"24":{"start":{"line":90,"column":65},"end":{"line":95,"column":5}},"25":{"start":{"line":98,"column":2},"end":{"line":98,"column":12}},"26":{"start":{"line":101,"column":25},"end":{"line":105,"column":1}},"27":{"start":{"line":102,"column":2},"end":{"line":102,"column":40}},"28":{"start":{"line":102,"column":26},"end":{"line":102,"column":40}},"29":{"start":{"line":103,"column":2},"end":{"line":103,"column":46}},"30":{"start":{"line":103,"column":32},"end":{"line":103,"column":46}},"31":{"start":{"line":104,"column":2},"end":{"line":104,"column":16}},"32":{"start":{"line":107,"column":25},"end":{"line":108,"column":73}},"33":{"start":{"line":108,"column":2},"end":{"line":108,"column":73}},"34":{"start":{"line":108,"column":29},"end":{"line":108,"column":64}},"35":{"start":{"line":110,"column":31},"end":{"line":148,"column":1}},"36":{"start":{"line":111,"column":25},"end":{"line":111,"column":62}},"37":{"start":{"line":112,"column":28},"end":{"line":112,"column":68}},"38":{"start":{"line":113,"column":28},"end":{"line":113,"column":74}},"39":{"start":{"line":114,"column":27},"end":{"line":114,"column":80}},"40":{"start":{"line":115,"column":24},"end":{"line":115,"column":74}},"41":{"start":{"line":117,"column":2},"end":{"line":122,"column":3}},"42":{"start":{"line":121,"column":4},"end":{"line":121,"column":22}},"43":{"start":{"line":124,"column":2},"end":{"line":129,"column":3}},"44":{"start":{"line":128,"column":4},"end":{"line":128,"column":28}},"45":{"start":{"line":131,"column":2},"end":{"line":136,"column":3}},"46":{"start":{"line":135,"column":4},"end":{"line":135,"column":27}},"47":{"start":{"line":138,"column":2},"end":{"line":145,"column":3}},"48":{"start":{"line":144,"column":4},"end":{"line":144,"column":31}},"49":{"start":{"line":147,"column":2},"end":{"line":147,"column":26}},"50":{"start":{"line":150,"column":24},"end":{"line":154,"column":15}},"51":{"start":{"line":151,"column":2},"end":{"line":154,"column":15}},"52":{"start":{"line":152,"column":4},"end":{"line":152,"column":33}},"53":{"start":{"line":153,"column":4},"end":{"line":153,"column":15}},"54":{"start":{"line":156,"column":21},"end":{"line":160,"column":15}},"55":{"start":{"line":157,"column":2},"end":{"line":160,"column":15}},"56":{"start":{"line":158,"column":4},"end":{"line":158,"column":27}},"57":{"start":{"line":159,"column":4},"end":{"line":159,"column":15}},"58":{"start":{"line":162,"column":22},"end":{"line":194,"column":1}},"59":{"start":{"line":163,"column":23},"end":{"line":163,"column":80}},"60":{"start":{"line":163,"column":52},"end":{"line":163,"column":79}},"61":{"start":{"line":164,"column":23},"end":{"line":166,"column":10}},"62":{"start":{"line":165,"column":17},"end":{"line":165,"column":51}},"63":{"start":{"line":167,"column":26},"end":{"line":169,"column":10}},"64":{"start":{"line":168,"column":17},"end":{"line":168,"column":54}},"65":{"start":{"line":170,"column":17},"end":{"line":170,"column":70}},"66":{"start":{"line":171,"column":19},"end":{"line":171,"column":45}},"67":{"start":{"line":172,"column":22},"end":{"line":172,"column":45}},"68":{"start":{"line":173,"column":26},"end":{"line":175,"column":10}},"69":{"start":{"line":177,"column":2},"end":{"line":193,"column":4}},"70":{"start":{"line":196,"column":26},"end":{"line":209,"column":1}},"71":{"start":{"line":198,"column":4},"end":{"line":198,"column":84}},"72":{"start":{"line":200,"column":2},"end":{"line":202,"column":3}},"73":{"start":{"line":201,"column":4},"end":{"line":201,"column":38}},"74":{"start":{"line":204,"column":2},"end":{"line":206,"column":3}},"75":{"start":{"line":205,"column":4},"end":{"line":205,"column":48}},"76":{"start":{"line":208,"column":2},"end":{"line":208,"column":26}},"77":{"start":{"line":211,"column":29},"end":{"line":247,"column":1}},"78":{"start":{"line":212,"column":16},"end":{"line":212,"column":61}},"79":{"start":{"line":213,"column":20},"end":{"line":213,"column":49}},"80":{"start":{"line":214,"column":25},"end":{"line":214,"column":62}},"81":{"start":{"line":215,"column":28},"end":{"line":215,"column":68}},"82":{"start":{"line":216,"column":24},"end":{"line":216,"column":66}},"83":{"start":{"line":218,"column":2},"end":{"line":246,"column":4}},"84":{"start":{"line":249,"column":26},"end":{"line":308,"column":1}},"85":{"start":{"line":250,"column":26},"end":{"line":250,"column":28}},"86":{"start":{"line":251,"column":25},"end":{"line":251,"column":98}},"87":{"start":{"line":251,"column":67},"end":{"line":251,"column":96}},"88":{"start":{"line":253,"column":2},"end":{"line":272,"column":3}},"89":{"start":{"line":254,"column":4},"end":{"line":256,"column":5}},"90":{"start":{"line":255,"column":6},"end":{"line":255,"column":15}},"91":{"start":{"line":258,"column":24},"end":{"line":258,"column":66}},"92":{"start":{"line":260,"column":6},"end":{"line":260,"column":68}},"93":{"start":{"line":262,"column":4},"end":{"line":271,"column":7}},"94":{"start":{"line":274,"column":2},"end":{"line":289,"column":3}},"95":{"start":{"line":275,"column":19},"end":{"line":275,"column":49}},"96":{"start":{"line":276,"column":21},"end":{"line":276,"column":47}},"97":{"start":{"line":278,"column":4},"end":{"line":288,"column":5}},"98":{"start":{"line":279,"column":27},"end":{"line":279,"column":64}},"99":{"start":{"line":280,"column":6},"end":{"line":287,"column":9}},"100":{"start":{"line":291,"column":2},"end":{"line":302,"column":3}},"101":{"start":{"line":292,"column":4},"end":{"line":301,"column":5}},"102":{"start":{"line":293,"column":6},"end":{"line":300,"column":9}},"103":{"start":{"line":304,"column":2},"end":{"line":307,"column":45}},"104":{"start":{"line":305,"column":27},"end":{"line":305,"column":59}},"105":{"start":{"line":307,"column":38},"end":{"line":307,"column":43}},"106":{"start":{"line":310,"column":35},"end":{"line":344,"column":1}},"107":{"start":{"line":311,"column":2},"end":{"line":313,"column":3}},"108":{"start":{"line":312,"column":4},"end":{"line":312,"column":37}},"109":{"start":{"line":315,"column":2},"end":{"line":343,"column":30}},"110":{"start":{"line":346,"column":28},"end":{"line":362,"column":1}},"111":{"start":{"line":347,"column":24},"end":{"line":350,"column":26}},"112":{"start":{"line":352,"column":2},"end":{"line":356,"column":3}},"113":{"start":{"line":353,"column":4},"end":{"line":355,"column":21}},"114":{"start":{"line":358,"column":2},"end":{"line":361,"column":19}},"115":{"start":{"line":364,"column":29},"end":{"line":525,"column":1}},"116":{"start":{"line":369,"column":2},"end":{"line":377,"column":3}},"117":{"start":{"line":370,"column":4},"end":{"line":376,"column":6}},"118":{"start":{"line":379,"column":51},"end":{"line":381,"column":3}},"119":{"start":{"line":383,"column":2},"end":{"line":385,"column":3}},"120":{"start":{"line":384,"column":4},"end":{"line":384,"column":48}},"121":{"start":{"line":387,"column":2},"end":{"line":395,"column":3}},"122":{"start":{"line":388,"column":4},"end":{"line":394,"column":6}},"123":{"start":{"line":397,"column":2},"end":{"line":416,"column":3}},"124":{"start":{"line":398,"column":4},"end":{"line":415,"column":6}},"125":{"start":{"line":418,"column":45},"end":{"line":423,"column":44}},"126":{"start":{"line":425,"column":2},"end":{"line":427,"column":3}},"127":{"start":{"line":426,"column":4},"end":{"line":426,"column":45}},"128":{"start":{"line":429,"column":18},"end":{"line":429,"column":54}},"129":{"start":{"line":429,"column":46},"end":{"line":429,"column":53}},"130":{"start":{"line":430,"column":51},"end":{"line":435,"column":31}},"131":{"start":{"line":437,"column":2},"end":{"line":439,"column":3}},"132":{"start":{"line":438,"column":4},"end":{"line":438,"column":48}},"133":{"start":{"line":441,"column":25},"end":{"line":441,"column":96}},"134":{"start":{"line":441,"column":71},"end":{"line":441,"column":93}},"135":{"start":{"line":443,"column":4},"end":{"line":443,"column":52}},"136":{"start":{"line":445,"column":2},"end":{"line":447,"column":3}},"137":{"start":{"line":446,"column":4},"end":{"line":446,"column":52}},"138":{"start":{"line":449,"column":34},"end":{"line":453,"column":8}},"139":{"start":{"line":450,"column":4},"end":{"line":450,"column":39}},"140":{"start":{"line":451,"column":4},"end":{"line":451,"column":46}},"141":{"start":{"line":452,"column":4},"end":{"line":452,"column":15}},"142":{"start":{"line":455,"column":25},"end":{"line":457,"column":3}},"143":{"start":{"line":456,"column":46},"end":{"line":456,"column":75}},"144":{"start":{"line":459,"column":29},"end":{"line":465,"column":3}},"145":{"start":{"line":467,"column":25},"end":{"line":467,"column":74}},"146":{"start":{"line":468,"column":26},"end":{"line":470,"column":3}},"147":{"start":{"line":469,"column":4},"end":{"line":469,"column":75}},"148":{"start":{"line":471,"column":33},"end":{"line":484,"column":4}},"149":{"start":{"line":472,"column":32},"end":{"line":481,"column":5}},"150":{"start":{"line":473,"column":20},"end":{"line":480,"column":7}},"151":{"start":{"line":479,"column":43},"end":{"line":479,"column":70}},"152":{"start":{"line":483,"column":4},"end":{"line":483,"column":86}},"153":{"start":{"line":486,"column":24},"end":{"line":489,"column":3}},"154":{"start":{"line":487,"column":19},"end":{"line":487,"column":51}},"155":{"start":{"line":490,"column":27},"end":{"line":493,"column":3}},"156":{"start":{"line":491,"column":19},"end":{"line":491,"column":49}},"157":{"start":{"line":494,"column":20},"end":{"line":494,"column":83}},"158":{"start":{"line":494,"column":53},"end":{"line":494,"column":75}},"159":{"start":{"line":495,"column":30},"end":{"line":497,"column":10}},"160":{"start":{"line":496,"column":21},"end":{"line":496,"column":53}},"161":{"start":{"line":498,"column":32},"end":{"line":500,"column":10}},"162":{"start":{"line":499,"column":21},"end":{"line":499,"column":53}},"163":{"start":{"line":502,"column":2},"end":{"line":524,"column":4}},"164":{"start":{"line":527,"column":35},"end":{"line":572,"column":13}},"165":{"start":{"line":528,"column":2},"end":{"line":572,"column":13}},"166":{"start":{"line":574,"column":34},"end":{"line":582,"column":24}},"167":{"start":{"line":575,"column":2},"end":{"line":582,"column":24}},"168":{"start":{"line":584,"column":35},"end":{"line":739,"column":1}},"169":{"start":{"line":592,"column":4},"end":{"line":592,"column":51}},"170":{"start":{"line":594,"column":2},"end":{"line":596,"column":3}},"171":{"start":{"line":595,"column":4},"end":{"line":595,"column":51}},"172":{"start":{"line":598,"column":19},"end":{"line":598,"column":45}},"173":{"start":{"line":599,"column":29},"end":{"line":605,"column":3}},"174":{"start":{"line":602,"column":26},"end":{"line":602,"column":51}},"175":{"start":{"line":606,"column":32},"end":{"line":606,"column":53}},"176":{"start":{"line":607,"column":25},"end":{"line":609,"column":3}},"177":{"start":{"line":608,"column":17},"end":{"line":608,"column":51}},"178":{"start":{"line":610,"column":28},"end":{"line":612,"column":3}},"179":{"start":{"line":611,"column":17},"end":{"line":611,"column":54}},"180":{"start":{"line":614,"column":2},"end":{"line":622,"column":3}},"181":{"start":{"line":615,"column":4},"end":{"line":621,"column":6}},"182":{"start":{"line":624,"column":2},"end":{"line":636,"column":3}},"183":{"start":{"line":629,"column":4},"end":{"line":635,"column":6}},"184":{"start":{"line":638,"column":2},"end":{"line":664,"column":3}},"185":{"start":{"line":639,"column":4},"end":{"line":644,"column":5}},"186":{"start":{"line":640,"column":6},"end":{"line":643,"column":8}},"187":{"start":{"line":646,"column":36},"end":{"line":650,"column":5}},"188":{"start":{"line":652,"column":4},"end":{"line":654,"column":5}},"189":{"start":{"line":653,"column":6},"end":{"line":653,"column":49}},"190":{"start":{"line":656,"column":46},"end":{"line":659,"column":30}},"191":{"start":{"line":661,"column":4},"end":{"line":663,"column":5}},"192":{"start":{"line":662,"column":6},"end":{"line":662,"column":59}},"193":{"start":{"line":666,"column":2},"end":{"line":692,"column":3}},"194":{"start":{"line":667,"column":4},"end":{"line":672,"column":5}},"195":{"start":{"line":668,"column":6},"end":{"line":671,"column":8}},"196":{"start":{"line":674,"column":36},"end":{"line":678,"column":5}},"197":{"start":{"line":680,"column":4},"end":{"line":682,"column":5}},"198":{"start":{"line":681,"column":6},"end":{"line":681,"column":49}},"199":{"start":{"line":684,"column":46},"end":{"line":687,"column":30}},"200":{"start":{"line":689,"column":4},"end":{"line":691,"column":5}},"201":{"start":{"line":690,"column":6},"end":{"line":690,"column":59}},"202":{"start":{"line":694,"column":2},"end":{"line":706,"column":3}},"203":{"start":{"line":695,"column":46},"end":{"line":701,"column":30}},"204":{"start":{"line":703,"column":4},"end":{"line":705,"column":5}},"205":{"start":{"line":704,"column":6},"end":{"line":704,"column":59}},"206":{"start":{"line":708,"column":2},"end":{"line":736,"column":3}},"207":{"start":{"line":709,"column":4},"end":{"line":714,"column":5}},"208":{"start":{"line":710,"column":6},"end":{"line":713,"column":8}},"209":{"start":{"line":716,"column":36},"end":{"line":720,"column":5}},"210":{"start":{"line":722,"column":4},"end":{"line":724,"column":5}},"211":{"start":{"line":723,"column":6},"end":{"line":723,"column":49}},"212":{"start":{"line":726,"column":46},"end":{"line":731,"column":30}},"213":{"start":{"line":733,"column":4},"end":{"line":735,"column":5}},"214":{"start":{"line":734,"column":6},"end":{"line":734,"column":59}},"215":{"start":{"line":738,"column":2},"end":{"line":738,"column":88}},"216":{"start":{"line":741,"column":0},"end":{"line":744,"column":2}}},"fnMap":{"0":{"name":"(anonymous_0)","decl":{"start":{"line":45,"column":27},"end":{"line":45,"column":28}},"loc":{"start":{"line":45,"column":58},"end":{"line":49,"column":1}},"line":45},"1":{"name":"(anonymous_1)","decl":{"start":{"line":51,"column":23},"end":{"line":51,"column":24}},"loc":{"start":{"line":52,"column":2},"end":{"line":56,"column":31}},"line":52},"2":{"name":"(anonymous_2)","decl":{"start":{"line":58,"column":31},"end":{"line":58,"column":32}},"loc":{"start":{"line":59,"column":2},"end":{"line":61,"column":23}},"line":59},"3":{"name":"(anonymous_3)","decl":{"start":{"line":63,"column":23},"end":{"line":63,"column":24}},"loc":{"start":{"line":64,"column":2},"end":{"line":64,"column":58}},"line":64},"4":{"name":"(anonymous_4)","decl":{"start":{"line":66,"column":27},"end":{"line":66,"column":28}},"loc":{"start":{"line":66,"column":38},"end":{"line":77,"column":1}},"line":66},"5":{"name":"(anonymous_5)","decl":{"start":{"line":79,"column":32},"end":{"line":79,"column":33}},"loc":{"start":{"line":79,"column":52},"end":{"line":99,"column":1}},"line":79},"6":{"name":"(anonymous_6)","decl":{"start":{"line":81,"column":30},"end":{"line":81,"column":31}},"loc":{"start":{"line":81,"column":42},"end":{"line":86,"column":5}},"line":81},"7":{"name":"(anonymous_7)","decl":{"start":{"line":90,"column":46},"end":{"line":90,"column":47}},"loc":{"start":{"line":90,"column":65},"end":{"line":95,"column":5}},"line":90},"8":{"name":"(anonymous_8)","decl":{"start":{"line":101,"column":25},"end":{"line":101,"column":26}},"loc":{"start":{"line":101,"column":47},"end":{"line":105,"column":1}},"line":101},"9":{"name":"(anonymous_9)","decl":{"start":{"line":107,"column":25},"end":{"line":107,"column":26}},"loc":{"start":{"line":108,"column":2},"end":{"line":108,"column":73}},"line":108},"10":{"name":"(anonymous_10)","decl":{"start":{"line":108,"column":16},"end":{"line":108,"column":17}},"loc":{"start":{"line":108,"column":29},"end":{"line":108,"column":64}},"line":108},"11":{"name":"(anonymous_11)","decl":{"start":{"line":110,"column":31},"end":{"line":110,"column":32}},"loc":{"start":{"line":110,"column":58},"end":{"line":148,"column":1}},"line":110},"12":{"name":"(anonymous_12)","decl":{"start":{"line":150,"column":24},"end":{"line":150,"column":25}},"loc":{"start":{"line":151,"column":2},"end":{"line":154,"column":15}},"line":151},"13":{"name":"(anonymous_13)","decl":{"start":{"line":151,"column":18},"end":{"line":151,"column":19}},"loc":{"start":{"line":151,"column":36},"end":{"line":154,"column":3}},"line":151},"14":{"name":"(anonymous_14)","decl":{"start":{"line":156,"column":21},"end":{"line":156,"column":22}},"loc":{"start":{"line":157,"column":2},"end":{"line":160,"column":15}},"line":157},"15":{"name":"(anonymous_15)","decl":{"start":{"line":157,"column":15},"end":{"line":157,"column":16}},"loc":{"start":{"line":157,"column":30},"end":{"line":160,"column":3}},"line":157},"16":{"name":"(anonymous_16)","decl":{"start":{"line":162,"column":22},"end":{"line":162,"column":23}},"loc":{"start":{"line":162,"column":68},"end":{"line":194,"column":1}},"line":162},"17":{"name":"(anonymous_17)","decl":{"start":{"line":163,"column":39},"end":{"line":163,"column":40}},"loc":{"start":{"line":163,"column":52},"end":{"line":163,"column":79}},"line":163},"18":{"name":"(anonymous_18)","decl":{"start":{"line":165,"column":4},"end":{"line":165,"column":5}},"loc":{"start":{"line":165,"column":17},"end":{"line":165,"column":51}},"line":165},"19":{"name":"(anonymous_19)","decl":{"start":{"line":168,"column":4},"end":{"line":168,"column":5}},"loc":{"start":{"line":168,"column":17},"end":{"line":168,"column":54}},"line":168},"20":{"name":"(anonymous_20)","decl":{"start":{"line":196,"column":26},"end":{"line":196,"column":27}},"loc":{"start":{"line":196,"column":52},"end":{"line":209,"column":1}},"line":196},"21":{"name":"(anonymous_21)","decl":{"start":{"line":211,"column":29},"end":{"line":211,"column":30}},"loc":{"start":{"line":211,"column":66},"end":{"line":247,"column":1}},"line":211},"22":{"name":"(anonymous_22)","decl":{"start":{"line":249,"column":26},"end":{"line":249,"column":27}},"loc":{"start":{"line":249,"column":75},"end":{"line":308,"column":1}},"line":249},"23":{"name":"(anonymous_23)","decl":{"start":{"line":251,"column":50},"end":{"line":251,"column":51}},"loc":{"start":{"line":251,"column":67},"end":{"line":251,"column":96}},"line":251},"24":{"name":"(anonymous_24)","decl":{"start":{"line":305,"column":10},"end":{"line":305,"column":11}},"loc":{"start":{"line":305,"column":27},"end":{"line":305,"column":59}},"line":305},"25":{"name":"(anonymous_25)","decl":{"start":{"line":307,"column":9},"end":{"line":307,"column":10}},"loc":{"start":{"line":307,"column":38},"end":{"line":307,"column":43}},"line":307},"26":{"name":"(anonymous_26)","decl":{"start":{"line":310,"column":35},"end":{"line":310,"column":36}},"loc":{"start":{"line":310,"column":61},"end":{"line":344,"column":1}},"line":310},"27":{"name":"(anonymous_27)","decl":{"start":{"line":346,"column":28},"end":{"line":346,"column":29}},"loc":{"start":{"line":346,"column":50},"end":{"line":362,"column":1}},"line":346},"28":{"name":"(anonymous_28)","decl":{"start":{"line":364,"column":29},"end":{"line":364,"column":30}},"loc":{"start":{"line":368,"column":5},"end":{"line":525,"column":1}},"line":368},"29":{"name":"(anonymous_29)","decl":{"start":{"line":429,"column":36},"end":{"line":429,"column":37}},"loc":{"start":{"line":429,"column":46},"end":{"line":429,"column":53}},"line":429},"30":{"name":"(anonymous_30)","decl":{"start":{"line":441,"column":58},"end":{"line":441,"column":59}},"loc":{"start":{"line":441,"column":71},"end":{"line":441,"column":93}},"line":441},"31":{"name":"(anonymous_31)","decl":{"start":{"line":449,"column":58},"end":{"line":449,"column":59}},"loc":{"start":{"line":449,"column":76},"end":{"line":453,"column":3}},"line":449},"32":{"name":"(anonymous_32)","decl":{"start":{"line":456,"column":29},"end":{"line":456,"column":30}},"loc":{"start":{"line":456,"column":46},"end":{"line":456,"column":75}},"line":456},"33":{"name":"(anonymous_33)","decl":{"start":{"line":468,"column":44},"end":{"line":468,"column":45}},"loc":{"start":{"line":469,"column":4},"end":{"line":469,"column":75}},"line":469},"34":{"name":"(anonymous_34)","decl":{"start":{"line":471,"column":58},"end":{"line":471,"column":59}},"loc":{"start":{"line":471,"column":75},"end":{"line":484,"column":3}},"line":471},"35":{"name":"(anonymous_35)","decl":{"start":{"line":473,"column":6},"end":{"line":473,"column":7}},"loc":{"start":{"line":473,"column":20},"end":{"line":480,"column":7}},"line":473},"36":{"name":"(anonymous_36)","decl":{"start":{"line":479,"column":33},"end":{"line":479,"column":34}},"loc":{"start":{"line":479,"column":43},"end":{"line":479,"column":70}},"line":479},"37":{"name":"(anonymous_37)","decl":{"start":{"line":487,"column":4},"end":{"line":487,"column":5}},"loc":{"start":{"line":487,"column":19},"end":{"line":487,"column":51}},"line":487},"38":{"name":"(anonymous_38)","decl":{"start":{"line":491,"column":4},"end":{"line":491,"column":5}},"loc":{"start":{"line":491,"column":19},"end":{"line":491,"column":49}},"line":491},"39":{"name":"(anonymous_39)","decl":{"start":{"line":494,"column":43},"end":{"line":494,"column":44}},"loc":{"start":{"line":494,"column":53},"end":{"line":494,"column":75}},"line":494},"40":{"name":"(anonymous_40)","decl":{"start":{"line":496,"column":4},"end":{"line":496,"column":5}},"loc":{"start":{"line":496,"column":21},"end":{"line":496,"column":53}},"line":496},"41":{"name":"(anonymous_41)","decl":{"start":{"line":499,"column":4},"end":{"line":499,"column":5}},"loc":{"start":{"line":499,"column":21},"end":{"line":499,"column":53}},"line":499},"42":{"name":"(anonymous_42)","decl":{"start":{"line":527,"column":35},"end":{"line":527,"column":36}},"loc":{"start":{"line":528,"column":2},"end":{"line":572,"column":13}},"line":528},"43":{"name":"(anonymous_43)","decl":{"start":{"line":574,"column":34},"end":{"line":574,"column":35}},"loc":{"start":{"line":575,"column":2},"end":{"line":582,"column":24}},"line":575},"44":{"name":"(anonymous_44)","decl":{"start":{"line":584,"column":35},"end":{"line":584,"column":36}},"loc":{"start":{"line":590,"column":6},"end":{"line":739,"column":1}},"line":590},"45":{"name":"(anonymous_45)","decl":{"start":{"line":602,"column":13},"end":{"line":602,"column":14}},"loc":{"start":{"line":602,"column":26},"end":{"line":602,"column":51}},"line":602},"46":{"name":"(anonymous_46)","decl":{"start":{"line":608,"column":4},"end":{"line":608,"column":5}},"loc":{"start":{"line":608,"column":17},"end":{"line":608,"column":51}},"line":608},"47":{"name":"(anonymous_47)","decl":{"start":{"line":611,"column":4},"end":{"line":611,"column":5}},"loc":{"start":{"line":611,"column":17},"end":{"line":611,"column":54}},"line":611}},"branchMap":{"0":{"loc":{"start":{"line":45,"column":37},"end":{"line":45,"column":53}},"type":"default-arg","locations":[{"start":{"line":45,"column":50},"end":{"line":45,"column":53}}],"line":45},"1":{"loc":{"start":{"line":56,"column":19},"end":{"line":56,"column":29}},"type":"binary-expr","locations":[{"start":{"line":56,"column":19},"end":{"line":56,"column":24}},{"start":{"line":56,"column":28},"end":{"line":56,"column":29}}],"line":56},"2":{"loc":{"start":{"line":64,"column":2},"end":{"line":64,"column":58}},"type":"cond-expr","locations":[{"start":{"line":64,"column":33},"end":{"line":64,"column":53}},{"start":{"line":64,"column":56},"end":{"line":64,"column":58}}],"line":64},"3":{"loc":{"start":{"line":67,"column":2},"end":{"line":69,"column":3}},"type":"if","locations":[{"start":{"line":67,"column":2},"end":{"line":69,"column":3}},{"start":{},"end":{}}],"line":67},"4":{"loc":{"start":{"line":80,"column":2},"end":{"line":87,"column":3}},"type":"if","locations":[{"start":{"line":80,"column":2},"end":{"line":87,"column":3}},{"start":{},"end":{}}],"line":80},"5":{"loc":{"start":{"line":82,"column":11},"end":{"line":82,"column":33}},"type":"binary-expr","locations":[{"start":{"line":82,"column":11},"end":{"line":82,"column":20}},{"start":{"line":82,"column":24},"end":{"line":82,"column":33}}],"line":82},"6":{"loc":{"start":{"line":83,"column":12},"end":{"line":83,"column":28}},"type":"binary-expr","locations":[{"start":{"line":83,"column":12},"end":{"line":83,"column":22}},{"start":{"line":83,"column":26},"end":{"line":83,"column":28}}],"line":83},"7":{"loc":{"start":{"line":84,"column":13},"end":{"line":84,"column":30}},"type":"binary-expr","locations":[{"start":{"line":84,"column":13},"end":{"line":84,"column":24}},{"start":{"line":84,"column":28},"end":{"line":84,"column":30}}],"line":84},"8":{"loc":{"start":{"line":89,"column":2},"end":{"line":96,"column":3}},"type":"if","locations":[{"start":{"line":89,"column":2},"end":{"line":96,"column":3}},{"start":{},"end":{}}],"line":89},"9":{"loc":{"start":{"line":89,"column":6},"end":{"line":89,"column":58}},"type":"binary-expr","locations":[{"start":{"line":89,"column":6},"end":{"line":89,"column":20}},{"start":{"line":89,"column":24},"end":{"line":89,"column":58}}],"line":89},"10":{"loc":{"start":{"line":92,"column":12},"end":{"line":92,"column":29}},"type":"binary-expr","locations":[{"start":{"line":92,"column":12},"end":{"line":92,"column":23}},{"start":{"line":92,"column":27},"end":{"line":92,"column":29}}],"line":92},"11":{"loc":{"start":{"line":93,"column":13},"end":{"line":93,"column":31}},"type":"binary-expr","locations":[{"start":{"line":93,"column":13},"end":{"line":93,"column":25}},{"start":{"line":93,"column":29},"end":{"line":93,"column":31}}],"line":93},"12":{"loc":{"start":{"line":102,"column":2},"end":{"line":102,"column":40}},"type":"if","locations":[{"start":{"line":102,"column":2},"end":{"line":102,"column":40}},{"start":{},"end":{}}],"line":102},"13":{"loc":{"start":{"line":103,"column":2},"end":{"line":103,"column":46}},"type":"if","locations":[{"start":{"line":103,"column":2},"end":{"line":103,"column":46}},{"start":{},"end":{}}],"line":103},"14":{"loc":{"start":{"line":108,"column":2},"end":{"line":108,"column":73}},"type":"binary-expr","locations":[{"start":{"line":108,"column":2},"end":{"line":108,"column":65}},{"start":{"line":108,"column":69},"end":{"line":108,"column":73}}],"line":108},"15":{"loc":{"start":{"line":113,"column":35},"end":{"line":113,"column":59}},"type":"binary-expr","locations":[{"start":{"line":113,"column":35},"end":{"line":113,"column":53}},{"start":{"line":113,"column":57},"end":{"line":113,"column":59}}],"line":113},"16":{"loc":{"start":{"line":114,"column":34},"end":{"line":114,"column":65}},"type":"binary-expr","locations":[{"start":{"line":114,"column":34},"end":{"line":114,"column":59}},{"start":{"line":114,"column":63},"end":{"line":114,"column":65}}],"line":114},"17":{"loc":{"start":{"line":115,"column":31},"end":{"line":115,"column":59}},"type":"binary-expr","locations":[{"start":{"line":115,"column":31},"end":{"line":115,"column":53}},{"start":{"line":115,"column":57},"end":{"line":115,"column":59}}],"line":115},"18":{"loc":{"start":{"line":117,"column":2},"end":{"line":122,"column":3}},"type":"if","locations":[{"start":{"line":117,"column":2},"end":{"line":122,"column":3}},{"start":{},"end":{}}],"line":117},"19":{"loc":{"start":{"line":118,"column":4},"end":{"line":119,"column":35}},"type":"binary-expr","locations":[{"start":{"line":118,"column":4},"end":{"line":118,"column":37}},{"start":{"line":119,"column":4},"end":{"line":119,"column":35}}],"line":118},"20":{"loc":{"start":{"line":124,"column":2},"end":{"line":129,"column":3}},"type":"if","locations":[{"start":{"line":124,"column":2},"end":{"line":129,"column":3}},{"start":{},"end":{}}],"line":124},"21":{"loc":{"start":{"line":125,"column":4},"end":{"line":126,"column":42}},"type":"binary-expr","locations":[{"start":{"line":125,"column":4},"end":{"line":125,"column":28}},{"start":{"line":126,"column":4},"end":{"line":126,"column":42}}],"line":125},"22":{"loc":{"start":{"line":131,"column":2},"end":{"line":136,"column":3}},"type":"if","locations":[{"start":{"line":131,"column":2},"end":{"line":136,"column":3}},{"start":{},"end":{}}],"line":131},"23":{"loc":{"start":{"line":132,"column":4},"end":{"line":133,"column":40}},"type":"binary-expr","locations":[{"start":{"line":132,"column":4},"end":{"line":132,"column":41}},{"start":{"line":133,"column":4},"end":{"line":133,"column":40}}],"line":132},"24":{"loc":{"start":{"line":138,"column":2},"end":{"line":145,"column":3}},"type":"if","locations":[{"start":{"line":138,"column":2},"end":{"line":145,"column":3}},{"start":{},"end":{}}],"line":138},"25":{"loc":{"start":{"line":139,"column":4},"end":{"line":142,"column":32}},"type":"binary-expr","locations":[{"start":{"line":139,"column":4},"end":{"line":141,"column":5}},{"start":{"line":142,"column":4},"end":{"line":142,"column":32}}],"line":139},"26":{"loc":{"start":{"line":170,"column":24},"end":{"line":170,"column":69}},"type":"binary-expr","locations":[{"start":{"line":170,"column":24},"end":{"line":170,"column":41}},{"start":{"line":170,"column":45},"end":{"line":170,"column":64}},{"start":{"line":170,"column":68},"end":{"line":170,"column":69}}],"line":170},"27":{"loc":{"start":{"line":171,"column":26},"end":{"line":171,"column":44}},"type":"binary-expr","locations":[{"start":{"line":171,"column":26},"end":{"line":171,"column":39}},{"start":{"line":171,"column":43},"end":{"line":171,"column":44}}],"line":171},"28":{"loc":{"start":{"line":172,"column":22},"end":{"line":172,"column":45}},"type":"binary-expr","locations":[{"start":{"line":172,"column":22},"end":{"line":172,"column":37}},{"start":{"line":172,"column":41},"end":{"line":172,"column":45}}],"line":172},"29":{"loc":{"start":{"line":173,"column":26},"end":{"line":175,"column":10}},"type":"cond-expr","locations":[{"start":{"line":174,"column":6},"end":{"line":174,"column":52}},{"start":{"line":175,"column":6},"end":{"line":175,"column":10}}],"line":173},"30":{"loc":{"start":{"line":184,"column":6},"end":{"line":184,"column":63}},"type":"cond-expr","locations":[{"start":{"line":184,"column":27},"end":{"line":184,"column":33}},{"start":{"line":184,"column":36},"end":{"line":184,"column":63}}],"line":184},"31":{"loc":{"start":{"line":189,"column":23},"end":{"line":189,"column":50}},"type":"binary-expr","locations":[{"start":{"line":189,"column":23},"end":{"line":189,"column":42}},{"start":{"line":189,"column":46},"end":{"line":189,"column":50}}],"line":189},"32":{"loc":{"start":{"line":190,"column":19},"end":{"line":190,"column":77}},"type":"binary-expr","locations":[{"start":{"line":190,"column":19},"end":{"line":190,"column":50}},{"start":{"line":190,"column":54},"end":{"line":190,"column":77}}],"line":190},"33":{"loc":{"start":{"line":198,"column":11},"end":{"line":198,"column":41}},"type":"binary-expr","locations":[{"start":{"line":198,"column":11},"end":{"line":198,"column":36}},{"start":{"line":198,"column":40},"end":{"line":198,"column":41}}],"line":198},"34":{"loc":{"start":{"line":198,"column":52},"end":{"line":198,"column":83}},"type":"binary-expr","locations":[{"start":{"line":198,"column":52},"end":{"line":198,"column":78}},{"start":{"line":198,"column":82},"end":{"line":198,"column":83}}],"line":198},"35":{"loc":{"start":{"line":200,"column":2},"end":{"line":202,"column":3}},"type":"if","locations":[{"start":{"line":200,"column":2},"end":{"line":202,"column":3}},{"start":{},"end":{}}],"line":200},"36":{"loc":{"start":{"line":204,"column":2},"end":{"line":206,"column":3}},"type":"if","locations":[{"start":{"line":204,"column":2},"end":{"line":206,"column":3}},{"start":{},"end":{}}],"line":204},"37":{"loc":{"start":{"line":204,"column":6},"end":{"line":204,"column":75}},"type":"binary-expr","locations":[{"start":{"line":204,"column":6},"end":{"line":204,"column":36}},{"start":{"line":204,"column":40},"end":{"line":204,"column":75}}],"line":204},"38":{"loc":{"start":{"line":220,"column":10},"end":{"line":220,"column":61}},"type":"binary-expr","locations":[{"start":{"line":220,"column":10},"end":{"line":220,"column":36}},{"start":{"line":220,"column":40},"end":{"line":220,"column":61}}],"line":220},"39":{"loc":{"start":{"line":221,"column":12},"end":{"line":221,"column":61}},"type":"binary-expr","locations":[{"start":{"line":221,"column":12},"end":{"line":221,"column":41}},{"start":{"line":221,"column":45},"end":{"line":221,"column":61}}],"line":221},"40":{"loc":{"start":{"line":222,"column":11},"end":{"line":222,"column":58}},"type":"binary-expr","locations":[{"start":{"line":222,"column":11},"end":{"line":222,"column":39}},{"start":{"line":222,"column":43},"end":{"line":222,"column":58}}],"line":222},"41":{"loc":{"start":{"line":224,"column":14},"end":{"line":224,"column":54}},"type":"binary-expr","locations":[{"start":{"line":224,"column":14},"end":{"line":224,"column":43}},{"start":{"line":224,"column":47},"end":{"line":224,"column":54}}],"line":224},"42":{"loc":{"start":{"line":225,"column":17},"end":{"line":229,"column":20}},"type":"cond-expr","locations":[{"start":{"line":226,"column":8},"end":{"line":228,"column":11}},{"start":{"line":229,"column":8},"end":{"line":229,"column":20}}],"line":225},"43":{"loc":{"start":{"line":230,"column":20},"end":{"line":234,"column":20}},"type":"cond-expr","locations":[{"start":{"line":231,"column":8},"end":{"line":233,"column":11}},{"start":{"line":234,"column":8},"end":{"line":234,"column":20}}],"line":230},"44":{"loc":{"start":{"line":254,"column":4},"end":{"line":256,"column":5}},"type":"if","locations":[{"start":{"line":254,"column":4},"end":{"line":256,"column":5}},{"start":{},"end":{}}],"line":254},"45":{"loc":{"start":{"line":260,"column":6},"end":{"line":260,"column":68}},"type":"cond-expr","locations":[{"start":{"line":260,"column":43},"end":{"line":260,"column":53}},{"start":{"line":260,"column":56},"end":{"line":260,"column":68}}],"line":260},"46":{"loc":{"start":{"line":263,"column":27},"end":{"line":263,"column":56}},"type":"binary-expr","locations":[{"start":{"line":263,"column":27},"end":{"line":263,"column":41}},{"start":{"line":263,"column":45},"end":{"line":263,"column":56}}],"line":263},"47":{"loc":{"start":{"line":266,"column":50},"end":{"line":266,"column":82}},"type":"binary-expr","locations":[{"start":{"line":266,"column":50},"end":{"line":266,"column":65}},{"start":{"line":266,"column":69},"end":{"line":266,"column":82}}],"line":266},"48":{"loc":{"start":{"line":267,"column":14},"end":{"line":269,"column":63}},"type":"cond-expr","locations":[{"start":{"line":268,"column":10},"end":{"line":268,"column":93}},{"start":{"line":269,"column":10},"end":{"line":269,"column":63}}],"line":267},"49":{"loc":{"start":{"line":268,"column":13},"end":{"line":268,"column":49}},"type":"binary-expr","locations":[{"start":{"line":268,"column":13},"end":{"line":268,"column":39}},{"start":{"line":268,"column":43},"end":{"line":268,"column":49}}],"line":268},"50":{"loc":{"start":{"line":275,"column":26},"end":{"line":275,"column":48}},"type":"binary-expr","locations":[{"start":{"line":275,"column":26},"end":{"line":275,"column":43}},{"start":{"line":275,"column":47},"end":{"line":275,"column":48}}],"line":275},"51":{"loc":{"start":{"line":276,"column":28},"end":{"line":276,"column":46}},"type":"binary-expr","locations":[{"start":{"line":276,"column":28},"end":{"line":276,"column":41}},{"start":{"line":276,"column":45},"end":{"line":276,"column":46}}],"line":276},"52":{"loc":{"start":{"line":278,"column":4},"end":{"line":288,"column":5}},"type":"if","locations":[{"start":{"line":278,"column":4},"end":{"line":288,"column":5}},{"start":{},"end":{}}],"line":278},"53":{"loc":{"start":{"line":278,"column":8},"end":{"line":278,"column":42}},"type":"binary-expr","locations":[{"start":{"line":278,"column":8},"end":{"line":278,"column":26}},{"start":{"line":278,"column":30},"end":{"line":278,"column":42}}],"line":278},"54":{"loc":{"start":{"line":292,"column":4},"end":{"line":301,"column":5}},"type":"if","locations":[{"start":{"line":292,"column":4},"end":{"line":301,"column":5}},{"start":{},"end":{}}],"line":292},"55":{"loc":{"start":{"line":292,"column":15},"end":{"line":292,"column":39}},"type":"binary-expr","locations":[{"start":{"line":292,"column":15},"end":{"line":292,"column":33}},{"start":{"line":292,"column":37},"end":{"line":292,"column":39}}],"line":292},"56":{"loc":{"start":{"line":298,"column":19},"end":{"line":298,"column":55}},"type":"binary-expr","locations":[{"start":{"line":298,"column":19},"end":{"line":298,"column":45}},{"start":{"line":298,"column":49},"end":{"line":298,"column":55}}],"line":298},"57":{"loc":{"start":{"line":311,"column":2},"end":{"line":313,"column":3}},"type":"if","locations":[{"start":{"line":311,"column":2},"end":{"line":313,"column":3}},{"start":{},"end":{}}],"line":311},"58":{"loc":{"start":{"line":352,"column":2},"end":{"line":356,"column":3}},"type":"if","locations":[{"start":{"line":352,"column":2},"end":{"line":356,"column":3}},{"start":{},"end":{}}],"line":35
[...]
441,"column":52}},"type":"binary-expr","locations":[{"start":{"line":441,"column":38},"end":{"line":441,"column":46}},{"start":{"line":441,"column":50},"end":{"line":441,"column":52}}],"line":441},"72":{"loc":{"start":{"line":445,"column":2},"end":{"line":447,"column":3}},"type":"if","locations":[{"start":{"line":445,"column":2},"end":{"line":447,"column":3}},{"start":{},"end":{}}],"line":445},"73":{"loc":{"start":{"line":449,"column":35},"end":{"line":449,"column":49}},"type":"binary-expr","locations":[{"start":{"line":449,"column":35},"end":{"line":449,"column":43}},{"start":{"line":449,"column":47},"end":{"line":449,"column":49}}],"line":449},"74":{"loc":{"start":{"line":456,"column":5},"end":{"line":456,"column":23}},"type":"binary-expr","locations":[{"start":{"line":456,"column":5},"end":{"line":456,"column":17}},{"start":{"line":456,"column":21},"end":{"line":456,"column":23}}],"line":456},"75":{"loc":{"start":{"line":468,"column":27},"end":{"line":468,"column":38}},"type":"binary-expr","locations":[{"start":{"line":468,"column":27},"end":{"line":468,"column":32}},{"start":{"line":468,"column":36},"end":{"line":468,"column":38}}],"line":468},"76":{"loc":{"start":{"line":469,"column":44},"end":{"line":469,"column":58}},"type":"binary-expr","locations":[{"start":{"line":469,"column":44},"end":{"line":469,"column":52}},{"start":{"line":469,"column":56},"end":{"line":469,"column":58}}],"line":469},"77":{"loc":{"start":{"line":471,"column":34},"end":{"line":471,"column":52}},"type":"binary-expr","locations":[{"start":{"line":471,"column":34},"end":{"line":471,"column":46}},{"start":{"line":471,"column":50},"end":{"line":471,"column":52}}],"line":471},"78":{"loc":{"start":{"line":472,"column":33},"end":{"line":472,"column":78}},"type":"binary-expr","locations":[{"start":{"line":472,"column":33},"end":{"line":472,"column":72}},{"start":{"line":472,"column":76},"end":{"line":472,"column":78}}],"line":472},"79":{"loc":{"start":{"line":479,"column":14},"end":{"line":479,"column":79}},"type":"binary-expr","locations":[{"start":{"line":479,"column":14},"end":{"line":479,"column":71}},{"start":{"line":479,"column":75},"end":{"line":479,"column":79}}],"line":479},"80":{"loc":{"start":{"line":479,"column":15},"end":{"line":479,"column":26}},"type":"binary-expr","locations":[{"start":{"line":479,"column":15},"end":{"line":479,"column":20}},{"start":{"line":479,"column":24},"end":{"line":479,"column":26}}],"line":479},"81":{"loc":{"start":{"line":487,"column":32},"end":{"line":487,"column":50}},"type":"binary-expr","locations":[{"start":{"line":487,"column":32},"end":{"line":487,"column":45}},{"start":{"line":487,"column":49},"end":{"line":487,"column":50}}],"line":487},"82":{"loc":{"start":{"line":491,"column":32},"end":{"line":491,"column":48}},"type":"binary-expr","locations":[{"start":{"line":491,"column":32},"end":{"line":491,"column":43}},{"start":{"line":491,"column":47},"end":{"line":491,"column":48}}],"line":491},"83":{"loc":{"start":{"line":509,"column":15},"end":{"line":509,"column":26}},"type":"binary-expr","locations":[{"start":{"line":509,"column":15},"end":{"line":509,"column":20}},{"start":{"line":509,"column":24},"end":{"line":509,"column":26}}],"line":509},"84":{"loc":{"start":{"line":510,"column":18},"end":{"line":510,"column":32}},"type":"binary-expr","locations":[{"start":{"line":510,"column":18},"end":{"line":510,"column":26}},{"start":{"line":510,"column":30},"end":{"line":510,"column":32}}],"line":510},"85":{"loc":{"start":{"line":511,"column":22},"end":{"line":511,"column":40}},"type":"binary-expr","locations":[{"start":{"line":511,"column":22},"end":{"line":511,"column":34}},{"start":{"line":511,"column":38},"end":{"line":511,"column":40}}],"line":511},"86":{"loc":{"start":{"line":589,"column":2},"end":{"line":589,"column":29}},"type":"default-arg","locations":[{"start":{"line":589,"column":13},"end":{"line":589,"column":29}}],"line":589},"87":{"loc":{"start":{"line":594,"column":2},"end":{"line":596,"column":3}},"type":"if","locations":[{"start":{"line":594,"column":2},"end":{"line":596,"column":3}},{"start":{},"end":{}}],"line":594},"88":{"loc":{"start":{"line":598,"column":19},"end":{"line":598,"column":45}},"type":"binary-expr","locations":[{"start":{"line":598,"column":19},"end":{"line":598,"column":39}},{"start":{"line":598,"column":43},"end":{"line":598,"column":45}}],"line":598},"89":{"loc":{"start":{"line":614,"column":2},"end":{"line":622,"column":3}},"type":"if","locations":[{"start":{"line":614,"column":2},"end":{"line":622,"column":3}},{"start":{},"end":{}}],"line":614},"90":{"loc":{"start":{"line":614,"column":6},"end":{"line":614,"column":50}},"type":"binary-expr","locations":[{"start":{"line":614,"column":6},"end":{"line":614,"column":35}},{"start":{"line":614,"column":39},"end":{"line":614,"column":50}}],"line":614},"91":{"loc":{"start":{"line":624,"column":2},"end":{"line":636,"column":3}},"type":"if","locations":[{"start":{"line":624,"column":2},"end":{"line":636,"column":3}},{"start":{},"end":{}}],"line":624},"92":{"loc":{"start":{"line":625,"column":4},"end":{"line":627,"column":40}},"type":"binary-expr","locations":[{"start":{"line":625,"column":4},"end":{"line":625,"column":33}},{"start":{"line":626,"column":4},"end":{"line":626,"column":25}},{"start":{"line":627,"column":4},"end":{"line":627,"column":40}}],"line":625},"93":{"loc":{"start":{"line":638,"column":2},"end":{"line":664,"column":3}},"type":"if","locations":[{"start":{"line":638,"column":2},"end":{"line":664,"column":3}},{"start":{},"end":{}}],"line":638},"94":{"loc":{"start":{"line":639,"column":4},"end":{"line":644,"column":5}},"type":"if","locations":[{"start":{"line":639,"column":4},"end":{"line":644,"column":5}},{"start":{},"end":{}}],"line":639},"95":{"loc":{"start":{"line":652,"column":4},"end":{"line":654,"column":5}},"type":"if","locations":[{"start":{"line":652,"column":4},"end":{"line":654,"column":5}},{"start":{},"end":{}}],"line":652},"96":{"loc":{"start":{"line":661,"column":4},"end":{"line":663,"column":5}},"type":"if","locations":[{"start":{"line":661,"column":4},"end":{"line":663,"column":5}},{"start":{},"end":{}}],"line":661},"97":{"loc":{"start":{"line":666,"column":2},"end":{"line":692,"column":3}},"type":"if","locations":[{"start":{"line":666,"column":2},"end":{"line":692,"column":3}},{"start":{},"end":{}}],"line":666},"98":{"loc":{"start":{"line":667,"column":4},"end":{"line":672,"column":5}},"type":"if","locations":[{"start":{"line":667,"column":4},"end":{"line":672,"column":5}},{"start":{},"end":{}}],"line":667},"99":{"loc":{"start":{"line":680,"column":4},"end":{"line":682,"column":5}},"type":"if","locations":[{"start":{"line":680,"column":4},"end":{"line":682,"column":5}},{"start":{},"end":{}}],"line":680},"100":{"loc":{"start":{"line":689,"column":4},"end":{"line":691,"column":5}},"type":"if","locations":[{"start":{"line":689,"column":4},"end":{"line":691,"column":5}},{"start":{},"end":{}}],"line":689},"101":{"loc":{"start":{"line":694,"column":2},"end":{"line":706,"column":3}},"type":"if","locations":[{"start":{"line":694,"column":2},"end":{"line":706,"column":3}},{"start":{},"end":{}}],"line":694},"102":{"loc":{"start":{"line":703,"column":4},"end":{"line":705,"column":5}},"type":"if","locations":[{"start":{"line":703,"column":4},"end":{"line":705,"column":5}},{"start":{},"end":{}}],"line":703},"103":{"loc":{"start":{"line":708,"column":2},"end":{"line":736,"column":3}},"type":"if","locations":[{"start":{"line":708,"column":2},"end":{"line":736,"column":3}},{"start":{},"end":{}}],"line":708},"104":{"loc":{"start":{"line":709,"column":4},"end":{"line":714,"column":5}},"type":"if","locations":[{"start":{"line":709,"column":4},"end":{"line":714,"column":5}},{"start":{},"end":{}}],"line":709},"105":{"loc":{"start":{"line":722,"column":4},"end":{"line":724,"column":5}},"type":"if","locations":[{"start":{"line":722,"column":4},"end":{"line":724,"column":5}},{"start":{},"end":{}}],"line":722},"106":{"loc":{"start":{"line":733,"column":4},"end":{"line":735,"column":5}},"type":"if","locations":[{"start":{"line":733,"column":4},"end":{"line":735,"column":5}},{"start":{},"end":{}}],"line":733},"107":{"loc":{"start":{"line":738,"column":41},"end":{"line":738,"column":76}},"type":"binary-expr","locations":[{"start":{"line":738,"column":41},"end":{"line":738,"column":51}},{"start":{"line":738,"column":55},"end":{"line":738,"column":76}}],"line":738}},"s":{"0":1,"1":1,"2":1,"3":1,"4":1,"5":2,"6":2,"7":2,"8":1,"9":2,"10":1,"11":1,"12":1,"13":7,"14":1,"15":3,"16":0,"17":3,"18":1,"19":2,"20":1,"21":0,"22":1,"23":1,"24":1,"25":0,"26":1,"27":2,"28":1,"29":1,"30":0,"31":1,"32":1,"33":8,"34":10,"35":1,"36":2,"37":2,"38":2,"39":2,"40":2,"41":2,"42":1,"43":1,"44":0,"45":1,"46":0,"47":1,"48":1,"49":0,"50":1,"51":0,"52":0,"53":0,"54":1,"55":0,"56":0,"57":0,"58":1,"59":2,"60":6,"61":2,"62":3,"63":2,"64":3,"65":2,"66":2,"67":2,"68":2,"69":2,"70":1,"71":2,"72":2,"73":1,"74":1,"75":1,"76":0,"77":1,"78":2,"79":2,"80":2,"81":2,"82":2,"83":2,"84":1,"85":2,"86":2,"87":2,"88":2,"89":3,"90":1,"91":2,"92":2,"93":2,"94":2,"95":2,"96":2,"97":2,"98":1,"99":1,"100":2,"101":2,"102":1,"103":2,"104":5,"105":4,"106":1,"107":2,"108":1,"109":1,"110":1,"111":4,"112":4,"113":3,"114":1,"115":1,"116":5,"117":1,"118":4,"119":4,"120":0,"121":4,"122":0,"123":4,"124":1,"125":3,"126":3,"127":1,"128":2,"129":2,"130":2,"131":2,"132":0,"133":2,"134":3,"135":2,"136":2,"137":0,"138":2,"139":3,"140":3,"141":3,"142":2,"143":2,"144":2,"145":2,"146":2,"147":2,"148":2,"149":2,"150":3,"151":4,"152":2,"153":2,"154":2,"155":2,"156":2,"157":2,"158":2,"159":2,"160":2,"161":2,"162":2,"163":2,"164":1,"165":4,"166":1,"167":1,"168":1,"169":4,"170":4,"171":1,"172":3,"173":3,"174":3,"175":3,"176":3,"177":3,"178":3,"179":3,"180":3,"181":0,"182":3,"183":1,"184":2,"185":2,"186":1,"187":1,"188":1,"189":0,"190":1,"191":1,"192":0,"193":1,"194":0,"195":0,"196":0,"197":0,"198":0,"199":0,"200":0,"201":0,"202":1,"203":0,"204":0,"205":0,"206":1,"207":0,"208":0,"209":0,"210":0,"211":0,"212":0,"213":0,"214":0,"215":1,"216":1},"f":{"0":2,"1":2,"2":1,"3":7,"4":3,"5":2,"6":0,"7":1,"8":2,"9":8,"10":10,"11":2,"12":0,"13":0,"14":0,"15":0,"16":2,"17":6,"18":3,"19":3,"20":2,"21":2,"22":2,"23":2,"24":5,"25":4,"26":2,"27":4,"28":5,"29":2,"30":3,"31":3,"32":2,"33":2,"34":2,"35":3,"36":4,"37":2,"38":2,"39":2,"40":2,"41":2,"42":4,"43":1,"44":4,"45":3,"46":3,"47":3},"b":{"0":[0],"1":[2,0],"2":[7,0],"3":[0,3],"4":[1,1],"5":[0,0],"6":[0,0],"7":[0,0],"8":[1,0],"9":[1,1],"10":[1,0],"11":[1,0],"12":[1,1],"13":[0,1],"14":[8,2],"15":[2,0],"16":[2,0],"17":[2,1],"18":[1,1],"19":[2,1],"20":[0,1],"21":[1,1],"22":[0,1],"23":[1,1],"24":[1,0],"25":[1,0],"26":[2,0,0],"27":[2,0],"28":[2,0],"29":[2,0],"30":[1,1],"31":[2,0],"32":[2,0],"33":[2,1],"34":[2,1],"35":[1,1],"36":[1,0],"37":[1,1],"38":[2,0],"39":[2,0],"40":[2,0],"41":[2,0],"42":[1,1],"43":[2,0],"44":[1,2],"45":[1,1],"46":[2,0],"47":[2,0],"48":[2,0],"49":[2,0],"50":[2,0],"51":[2,0],"52":[1,1],"53":[2,1],"54":[1,1],"55":[2,0],"56":[1,0],"57":[1,1],"58":[3,1],"59":[1],"60":[0],"61":[1,4],"62":[5,4],"63":[0,4],"64":[0,4],"65":[4,3],"66":[1,3],"67":[1,2],"68":[2,0],"69":[1,1],"70":[0,2],"71":[2,0],"72":[0,2],"73":[2,0],"74":[2,0],"75":[2,0],"76":[2,0],"77":[2,0],"78":[2,0],"79":[3,0],"80":[3,0],"81":[2,0],"82":[2,0],"83":[2,0],"84":[2,0],"85":[2,0],"86":[1],"87":[1,3],"88":[3,0],"89":[0,3],"90":[3,3],"91":[1,2],"92":[3,3,2],"93":[2,0],"94":[1,1],"95":[0,1],"96":[0,1],"97":[0,1],"98":[0,0],"99":[0,0],"100":[0,0],"101":[0,1],"102":[0,0],"103":[0,1],"104":[0,0],"105":[0,0],"106":[0,0],"107":[1,0]},"_coverageSchema":"1a1c01bbd47fc00a2c39e90264f33305004495a9","hash":"fb4d2312802bb1710951e2bcb284a67570967c9f"}
,"C:\\Users\\kamog\\Documents\\COMS-3\\COMS300-SD\\Project\\campus-marketplace\\server\\src\\services\\listingService.js": {"path":"C:\\Users\\kamog\\Documents\\COMS-3\\COMS300-SD\\Project\\campus-marketplace\\server\\src\\services\\listingService.js","statementMap":{"0":{"start":{"line":1,"column":21},"end":{"line":1,"column":56}},"1":{"start":{"line":8,"column":26},"end":{"line":31,"column":1}},"2":{"start":{"line":10,"column":26},"end":{"line":28,"column":46}},"3":{"start":{"line":30,"column":2},"end":{"line":30,"column":25}},"4":{"start":{"line":37,"column":30},"end":{"line":61,"column":1}},"5":{"start":{"line":38,"column":26},"end":{"line":58,"column":46}},"6":{"start":{"line":60,"column":2},"end":{"line":60,"column":25}},"7":{"start":{"line":68,"column":22},"end":{"line":111,"column":1}},"8":{"start":{"line":79,"column":35},"end":{"line":92,"column":13}},"9":{"start":{"line":94,"column":2},"end":{"line":94,"column":42}},"10":{"start":{"line":94,"column":13},"end":{"line":94,"column":42}},"11":{"start":{"line":97,"column":2},"end":{"line":108,"column":3}},"12":{"start":{"line":98,"column":22},"end":{"line":102,"column":7}},"13":{"start":{"line":98,"column":51},"end":{"line":102,"column":5}},"14":{"start":{"line":104,"column":34},"end":{"line":106,"column":24}},"15":{"start":{"line":107,"column":4},"end":{"line":107,"column":61}},"16":{"start":{"line":107,"column":20},"end":{"line":107,"column":61}},"17":{"start":{"line":110,"column":2},"end":{"line":110,"column":40}},"18":{"start":{"line":113,"column":0},"end":{"line":113,"column":77}}},"fnMap":{"0":{"name":"(anonymous_0)","decl":{"start":{"line":8,"column":26},"end":{"line":8,"column":27}},"loc":{"start":{"line":8,"column":38},"end":{"line":31,"column":1}},"line":8},"1":{"name":"(anonymous_1)","decl":{"start":{"line":37,"column":30},"end":{"line":37,"column":31}},"loc":{"start":{"line":37,"column":50},"end":{"line":61,"column":1}},"line":37},"2":{"name":"(anonymous_2)","decl":{"start":{"line":68,"column":22},"end":{"line":68,"column":23}},"loc":{"start":{"line":77,"column":6},"end":{"line":111,"column":1}},"line":77},"3":{"name":"(anonymous_3)","decl":{"start":{"line":98,"column":33},"end":{"line":98,"column":34}},"loc":{"start":{"line":98,"column":51},"end":{"line":102,"column":5}},"line":98}},"branchMap":{"0":{"loc":{"start":{"line":76,"column":2},"end":{"line":76,"column":13}},"type":"default-arg","locations":[{"start":{"line":76,"column":11},"end":{"line":76,"column":13}}],"line":76},"1":{"loc":{"start":{"line":94,"column":2},"end":{"line":94,"column":42}},"type":"if","locations":[{"start":{"line":94,"column":2},"end":{"line":94,"column":42}},{"start":{},"end":{}}],"line":94},"2":{"loc":{"start":{"line":97,"column":2},"end":{"line":108,"column":3}},"type":"if","locations":[{"start":{"line":97,"column":2},"end":{"line":108,"column":3}},{"start":{},"end":{}}],"line":97},"3":{"loc":{"start":{"line":107,"column":4},"end":{"line":107,"column":61}},"type":"if","locations":[{"start":{"line":107,"column":4},"end":{"line":107,"column":61}},{"start":{},"end":{}}],"line":107}},"s":{"0":1,"1":1,"2":4,"3":4,"4":1,"5":0,"6":0,"7":1,"8":1,"9":1,"10":0,"11":1,"12":0,"13":0,"14":0,"15":0,"16":0,"17":1,"18":1},"f":{"0":4,"1":0,"2":1,"3":0},"b":{"0":[1],"1":[0,1],"2":[0,1],"3":[0,0]},"_coverageSchema":"1a1c01bbd47fc00a2c39e90264f33305004495a9","hash":"a21b423d5417edb1f1abe0e27b7cb717c24ad01c"}
,"C:\\Users\\kamog\\Documents\\COMS-3\\COMS300-SD\\Project\\campus-marketplace\\server\\src\\services\\listingValidator.js": {"path":"C:\\Users\\kamog\\Documents\\COMS-3\\COMS300-SD\\Project\\campus-marketplace\\server\\src\\services\\listingValidator.js","statementMap":{"0":{"start":{"line":4,"column":25},"end":{"line":4,"column":78}},"1":{"start":{"line":5,"column":25},"end":{"line":5,"column":68}},"2":{"start":{"line":6,"column":28},"end":{"line":6,"column":53}},"3":{"start":{"line":12,"column":29},"end":{"line":46,"column":1}},"4":{"start":{"line":19,"column":17},"end":{"line":19,"column":19}},"5":{"start":{"line":21,"column":2},"end":{"line":23,"column":3}},"6":{"start":{"line":22,"column":4},"end":{"line":22,"column":37}},"7":{"start":{"line":25,"column":2},"end":{"line":27,"column":3}},"8":{"start":{"line":26,"column":4},"end":{"line":26,"column":75}},"9":{"start":{"line":29,"column":2},"end":{"line":31,"column":3}},"10":{"start":{"line":30,"column":4},"end":{"line":30,"column":76}},"11":{"start":{"line":33,"column":2},"end":{"line":37,"column":3}},"12":{"start":{"line":34,"column":4},"end":{"line":34,"column":44}},"13":{"start":{"line":35,"column":9},"end":{"line":37,"column":3}},"14":{"start":{"line":36,"column":4},"end":{"line":36,"column":58}},"15":{"start":{"line":39,"column":2},"end":{"line":43,"column":3}},"16":{"start":{"line":40,"column":4},"end":{"line":42,"column":6}},"17":{"start":{"line":45,"column":2},"end":{"line":45,"column":48}},"18":{"start":{"line":48,"column":0},"end":{"line":53,"column":2}}},"fnMap":{"0":{"name":"(anonymous_0)","decl":{"start":{"line":12,"column":29},"end":{"line":12,"column":30}},"loc":{"start":{"line":18,"column":6},"end":{"line":46,"column":1}},"line":18}},"branchMap":{"0":{"loc":{"start":{"line":21,"column":2},"end":{"line":23,"column":3}},"type":"if","locations":[{"start":{"line":21,"column":2},"end":{"line":23,"column":3}},{"start":{},"end":{}}],"line":21},"1":{"loc":{"start":{"line":21,"column":6},"end":{"line":21,"column":64}},"type":"binary-expr","locations":[{"start":{"line":21,"column":6},"end":{"line":21,"column":12}},{"start":{"line":21,"column":16},"end":{"line":21,"column":41}},{"start":{"line":21,"column":45},"end":{"line":21,"column":64}}],"line":21},"2":{"loc":{"start":{"line":25,"column":2},"end":{"line":27,"column":3}},"type":"if","locations":[{"start":{"line":25,"column":2},"end":{"line":27,"column":3}},{"start":{},"end":{}}],"line":25},"3":{"loc":{"start":{"line":25,"column":6},"end":{"line":25,"column":55}},"type":"binary-expr","locations":[{"start":{"line":25,"column":6},"end":{"line":25,"column":15}},{"start":{"line":25,"column":19},"end":{"line":25,"column":55}}],"line":25},"4":{"loc":{"start":{"line":29,"column":2},"end":{"line":31,"column":3}},"type":"if","locations":[{"start":{"line":29,"column":2},"end":{"line":31,"column":3}},{"start":{},"end":{}}],"line":29},"5":{"loc":{"start":{"line":29,"column":6},"end":{"line":29,"column":57}},"type":"binary-expr","locations":[{"start":{"line":29,"column":6},"end":{"line":29,"column":16}},{"start":{"line":29,"column":20},"end":{"line":29,"column":57}}],"line":29},"6":{"loc":{"start":{"line":33,"column":2},"end":{"line":37,"column":3}},"type":"if","locations":[{"start":{"line":33,"column":2},"end":{"line":37,"column":3}},{"start":{"line":35,"column":9},"end":{"line":37,"column":3}}],"line":33},"7":{"loc":{"start":{"line":33,"column":6},"end":{"line":33,"column":55}},"type":"binary-expr","locations":[{"start":{"line":33,"column":6},"end":{"line":33,"column":31}},{"start":{"line":33,"column":35},"end":{"line":33,"column":55}}],"line":33},"8":{"loc":{"start":{"line":35,"column":9},"end":{"line":37,"column":3}},"type":"if","locations":[{"start":{"line":35,"column":9},"end":{"line":37,"column":3}},{"start":{},"end":{}}],"line":35},"9":{"loc":{"start":{"line":35,"column":13},"end":{"line":35,"column":64}},"type":"binary-expr","locations":[{"start":{"line":35,"column":13},"end":{"line":35,"column":44}},{"start":{"line":35,"column":48},"end":{"line":35,"column":64}}],"line":35},"10":{"loc":{"start":{"line":39,"column":2},"end":{"line":43,"column":3}},"type":"if","locations":[{"start":{"line":39,"column":2},"end":{"line":43,"column":3}},{"start":{},"end":{}}],"line":39},"11":{"loc":{"start":{"line":39,"column":6},"end":{"line":39,"column":64}},"type":"binary-expr","locations":[{"start":{"line":39,"column":6},"end":{"line":39,"column":18}},{"start":{"line":39,"column":22},"end":{"line":39,"column":64}}],"line":39}},"s":{"0":3,"1":3,"2":3,"3":3,"4":15,"5":15,"6":2,"7":15,"8":2,"9":15,"10":1,"11":15,"12":0,"13":15,"14":3,"15":15,"16":1,"17":15,"18":3},"f":{"0":15},"b":{"0":[2,13],"1":[15,13,13],"2":[2,13],"3":[15,15],"4":[1,14],"5":[15,15],"6":[0,15],"7":[15,15],"8":[3,12],"9":[15,15],"10":[1,14],"11":[15,15]},"_coverageSchema":"1a1c01bbd47fc00a2c39e90264f33305004495a9","hash":"20e7752e6221cc14028f92d1653a8cc014d6fa11"}
}
