{"C:\\Users\\Nkosinathi\\Desktop\\campus-marketplace\\server\\src\\config\\supabaseClient.js": {"path":"C:\\Users\\Nkosinathi\\Desktop\\campus-marketplace\\server\\src\\config\\supabaseClient.js","statementMap":{"0":{"start":{"line":2,"column":25},"end":{"line":2,"column":57}},"1":{"start":{"line":4,"column":20},"end":{"line":4,"column":44}},"2":{"start":{"line":5,"column":20},"end":{"line":5,"column":57}},"3":{"start":{"line":7,"column":17},"end":{"line":7,"column":55}},"4":{"start":{"line":9,"column":0},"end":{"line":9,"column":30}}},"fnMap":{},"branchMap":{},"s":{"0":0,"1":0,"2":0,"3":0,"4":0},"f":{},"b":{}}
,"C:\\Users\\Nkosinathi\\Desktop\\campus-marketplace\\server\\src\\middleware\\authMiddleware.js": {"path":"C:\\Users\\Nkosinathi\\Desktop\\campus-marketplace\\server\\src\\middleware\\authMiddleware.js","statementMap":{"0":{"start":{"line":1,"column":21},"end":{"line":1,"column":56}},"1":{"start":{"line":17,"column":22},"end":{"line":43,"column":1}},"2":{"start":{"line":18,"column":2},"end":{"line":42,"column":3}},"3":{"start":{"line":20,"column":23},"end":{"line":20,"column":48}},"4":{"start":{"line":21,"column":4},"end":{"line":23,"column":5}},"5":{"start":{"line":22,"column":6},"end":{"line":22,"column":82}},"6":{"start":{"line":26,"column":18},"end":{"line":26,"column":42}},"7":{"start":{"line":27,"column":4},"end":{"line":29,"column":5}},"8":{"start":{"line":28,"column":6},"end":{"line":28,"column":80}},"9":{"start":{"line":32,"column":28},"end":{"line":32,"column":62}},"10":{"start":{"line":33,"column":4},"end":{"line":35,"column":5}},"11":{"start":{"line":34,"column":6},"end":{"line":34,"column":89}},"12":{"start":{"line":38,"column":4},"end":{"line":38,"column":25}},"13":{"start":{"line":39,"column":4},"end":{"line":39,"column":18}},"14":{"start":{"line":41,"column":4},"end":{"line":41,"column":92}},"15":{"start":{"line":59,"column":20},"end":{"line":94,"column":1}},"16":{"start":{"line":60,"column":2},"end":{"line":93,"column":4}},"17":{"start":{"line":61,"column":4},"end":{"line":92,"column":5}},"18":{"start":{"line":63,"column":6},"end":{"line":65,"column":7}},"19":{"start":{"line":64,"column":8},"end":{"line":64,"column":85}},"20":{"start":{"line":68,"column":30},"end":{"line":72,"column":17}},"21":{"start":{"line":74,"column":6},"end":{"line":76,"column":7}},"22":{"start":{"line":75,"column":8},"end":{"line":75,"column":84}},"23":{"start":{"line":79,"column":6},"end":{"line":83,"column":7}},"24":{"start":{"line":80,"column":8},"end":{"line":82,"column":11}},"25":{"start":{"line":86,"column":6},"end":{"line":86,"column":31}},"26":{"start":{"line":88,"column":6},"end":{"line":88,"column":20}},"27":{"start":{"line":91,"column":6},"end":{"line":91,"column":93}},"28":{"start":{"line":107,"column":22},"end":{"line":131,"column":1}},"29":{"start":{"line":108,"column":2},"end":{"line":130,"column":3}},"30":{"start":{"line":109,"column":4},"end":{"line":111,"column":5}},"31":{"start":{"line":110,"column":6},"end":{"line":110,"column":83}},"32":{"start":{"line":113,"column":28},"end":{"line":117,"column":15}},"33":{"start":{"line":119,"column":4},"end":{"line":121,"column":5}},"34":{"start":{"line":120,"column":6},"end":{"line":120,"column":96}},"35":{"start":{"line":124,"column":4},"end":{"line":124,"column":23}},"36":{"start":{"line":126,"column":4},"end":{"line":126,"column":18}},"37":{"start":{"line":129,"column":4},"end":{"line":129,"column":93}},"38":{"start":{"line":133,"column":0},"end":{"line":133,"column":62}}},"fnMap":{"0":{"name":"(anonymous_0)","decl":{"start":{"line":17,"column":22},"end":{"line":17,"column":23}},"loc":{"start":{"line":17,"column":48},"end":{"line":43,"column":1}},"line":17},"1":{"name":"(anonymous_1)","decl":{"start":{"line":59,"column":20},"end":{"line":59,"column":21}},"loc":{"start":{"line":59,"column":41},"end":{"line":94,"column":1}},"line":59},"2":{"name":"(anonymous_2)","decl":{"start":{"line":60,"column":9},"end":{"line":60,"column":10}},"loc":{"start":{"line":60,"column":35},"end":{"line":93,"column":3}},"line":60},"3":{"name":"(anonymous_3)","decl":{"start":{"line":107,"column":22},"end":{"line":107,"column":23}},"loc":{"start":{"line":107,"column":48},"end":{"line":131,"column":1}},"line":107}},"branchMap":{"0":{"loc":{"start":{"line":21,"column":4},"end":{"line":23,"column":5}},"type":"if","locations":[{"start":{"line":21,"column":4},"end":{"line":23,"column":5}},{"start":{},"end":{}}],"line":21},"1":{"loc":{"start":{"line":21,"column":8},"end":{"line":21,"column":56}},"type":"binary-expr","locations":[{"start":{"line":21,"column":8},"end":{"line":21,"column":19}},{"start":{"line":21,"column":23},"end":{"line":21,"column":56}}],"line":21},"2":{"loc":{"start":{"line":27,"column":4},"end":{"line":29,"column":5}},"type":"if","locations":[{"start":{"line":27,"column":4},"end":{"line":29,"column":5}},{"start":{},"end":{}}],"line":27},"3":{"loc":{"start":{"line":33,"column":4},"end":{"line":35,"column":5}},"type":"if","locations":[{"start":{"line":33,"column":4},"end":{"line":35,"column":5}},{"start":{},"end":{}}],"line":33},"4":{"loc":{"start":{"line":33,"column":8},"end":{"line":33,"column":28}},"type":"binary-expr","locations":[{"start":{"line":33,"column":8},"end":{"line":33,"column":13}},{"start":{"line":33,"column":17},"end":{"line":33,"column":28}}],"line":33},"5":{"loc":{"start":{"line":63,"column":6},"end":{"line":65,"column":7}},"type":"if","locations":[{"start":{"line":63,"column":6},"end":{"line":65,"column":7}},{"start":{},"end":{}}],"line":63},"6":{"loc":{"start":{"line":74,"column":6},"end":{"line":76,"column":7}},"type":"if","locations":[{"start":{"line":74,"column":6},"end":{"line":76,"column":7}},{"start":{},"end":{}}],"line":74},"7":{"loc":{"start":{"line":74,"column":10},"end":{"line":74,"column":24}},"type":"binary-expr","locations":[{"start":{"line":74,"column":10},"end":{"line":74,"column":15}},{"start":{"line":74,"column":19},"end":{"line":74,"column":24}}],"line":74},"8":{"loc":{"start":{"line":79,"column":6},"end":{"line":83,"column":7}},"type":"if","locations":[{"start":{"line":79,"column":6},"end":{"line":83,"column":7}},{"start":{},"end":{}}],"line":79},"9":{"loc":{"start":{"line":109,"column":4},"end":{"line":111,"column":5}},"type":"if","locations":[{"start":{"line":109,"column":4},"end":{"line":111,"column":5}},{"start":{},"end":{}}],"line":109},"10":{"loc":{"start":{"line":119,"column":4},"end":{"line":121,"column":5}},"type":"if","locations":[{"start":{"line":119,"column":4},"end":{"line":121,"column":5}},{"start":{},"end":{}}],"line":119},"11":{"loc":{"start":{"line":119,"column":8},"end":{"line":119,"column":22}},"type":"binary-expr","locations":[{"start":{"line":119,"column":8},"end":{"line":119,"column":13}},{"start":{"line":119,"column":17},"end":{"line":119,"column":22}}],"line":119}},"s":{"0":3,"1":3,"2":7,"3":7,"4":7,"5":2,"6":5,"7":5,"8":1,"9":4,"10":3,"11":2,"12":1,"13":1,"14":1,"15":3,"16":8,"17":8,"18":8,"19":1,"20":7,"21":6,"22":1,"23":5,"24":2,"25":3,"26":3,"27":1,"28":3,"29":5,"30":5,"31":1,"32":4,"33":3,"34":1,"35":2,"36":2,"37":1,"38":3},"f":{"0":7,"1":8,"2":8,"3":5},"b":{"0":[2,5],"1":[7,6],"2":[1,4],"3":[2,1],"4":[3,1],"5":[1,7],"6":[1,5],"7":[6,5],"8":[2,3],"9":[1,4],"10":[1,2],"11":[3,2]},"_coverageSchema":"1a1c01bbd47fc00a2c39e90264f33305004495a9","hash":"651092afb533d9abc0a008b8dbfebb2f605ae3ca"}
,"C:\\Users\\Nkosinathi\\Desktop\\campus-marketplace\\server\\src\\middleware\\validateListing.js": {"path":"C:\\Users\\Nkosinathi\\Desktop\\campus-marketplace\\server\\src\\middleware\\validateListing.js","statementMap":{"0":{"start":{"line":2,"column":33},"end":{"line":2,"column":72}},"1":{"start":{"line":16,"column":24},"end":{"line":50,"column":1}},"2":{"start":{"line":17,"column":2},"end":{"line":49,"column":3}},"3":{"start":{"line":18,"column":82},"end":{"line":18,"column":90}},"4":{"start":{"line":21,"column":30},"end":{"line":27,"column":6}},"5":{"start":{"line":29,"column":4},"end":{"line":31,"column":5}},"6":{"start":{"line":30,"column":6},"end":{"line":30,"column":76}},"7":{"start":{"line":35,"column":4},"end":{"line":43,"column":6}},"8":{"start":{"line":45,"column":4},"end":{"line":45,"column":11}},"9":{"start":{"line":48,"column":4},"end":{"line":48,"column":96}},"10":{"start":{"line":52,"column":0},"end":{"line":52,"column":37}}},"fnMap":{"0":{"name":"(anonymous_0)","decl":{"start":{"line":16,"column":24},"end":{"line":16,"column":25}},"loc":{"start":{"line":16,"column":44},"end":{"line":50,"column":1}},"line":16}},"branchMap":{"0":{"loc":{"start":{"line":29,"column":4},"end":{"line":31,"column":5}},"type":"if","locations":[{"start":{"line":29,"column":4},"end":{"line":31,"column":5}},{"start":{},"end":{}}],"line":29},"1":{"loc":{"start":{"line":38,"column":19},"end":{"line":38,"column":46}},"type":"binary-expr","locations":[{"start":{"line":38,"column":19},"end":{"line":38,"column":38}},{"start":{"line":38,"column":42},"end":{"line":38,"column":46}}],"line":38}},"s":{"0":2,"1":2,"2":8,"3":8,"4":8,"5":8,"6":3,"7":5,"8":5,"9":0,"10":2},"f":{"0":8},"b":{"0":[3,5],"1":[5,4]},"_coverageSchema":"1a1c01bbd47fc00a2c39e90264f33305004495a9","hash":"02f98d985c2d296a321fdd613cd4115c12825d69"}
,"C:\\Users\\Nkosinathi\\Desktop\\campus-marketplace\\server\\src\\routes\\admin.js": {"path":"C:\\Users\\Nkosinathi\\Desktop\\campus-marketplace\\server\\src\\routes\\admin.js","statementMap":{"0":{"start":{"line":1,"column":16},"end":{"line":1,"column":34}},"1":{"start":{"line":2,"column":15},"end":{"line":2,"column":31}},"2":{"start":{"line":7,"column":4},"end":{"line":7,"column":43}},"3":{"start":{"line":18,"column":4},"end":{"line":18,"column":39}},"4":{"start":{"line":21,"column":18},"end":{"line":21,"column":70}},"5":{"start":{"line":24,"column":0},"end":{"line":32,"column":3}},"6":{"start":{"line":25,"column":26},"end":{"line":25,"column":49}},"7":{"start":{"line":26,"column":2},"end":{"line":30,"column":3}},"8":{"start":{"line":27,"column":4},"end":{"line":29,"column":74}},"9":{"start":{"line":31,"column":2},"end":{"line":31,"column":36}},"10":{"start":{"line":35,"column":0},"end":{"line":43,"column":3}},"11":{"start":{"line":36,"column":26},"end":{"line":36,"column":51}},"12":{"start":{"line":37,"column":2},"end":{"line":41,"column":3}},"13":{"start":{"line":38,"column":4},"end":{"line":40,"column":76}},"14":{"start":{"line":42,"column":2},"end":{"line":42,"column":36}},"15":{"start":{"line":46,"column":0},"end":{"line":57,"column":3}},"16":{"start":{"line":47,"column":26},"end":{"line":47,"column":52}},"17":{"start":{"line":48,"column":2},"end":{"line":55,"column":3}},"18":{"start":{"line":49,"column":4},"end":{"line":54,"column":9}},"19":{"start":{"line":56,"column":2},"end":{"line":56,"column":36}},"20":{"start":{"line":59,"column":0},"end":{"line":74,"column":2}},"21":{"start":{"line":63,"column":22},"end":{"line":63,"column":61}},"22":{"start":{"line":64,"column":4},"end":{"line":71,"column":5}},"23":{"start":{"line":65,"column":6},"end":{"line":70,"column":11}},"24":{"start":{"line":72,"column":4},"end":{"line":72,"column":51}},"25":{"start":{"line":76,"column":0},"end":{"line":91,"column":2}},"26":{"start":{"line":80,"column":22},"end":{"line":80,"column":60}},"27":{"start":{"line":81,"column":4},"end":{"line":88,"column":5}},"28":{"start":{"line":82,"column":6},"end":{"line":87,"column":11}},"29":{"start":{"line":89,"column":4},"end":{"line":89,"column":51}},"30":{"start":{"line":94,"column":0},"end":{"line":102,"column":3}},"31":{"start":{"line":95,"column":26},"end":{"line":95,"column":45}},"32":{"start":{"line":96,"column":2},"end":{"line":100,"column":3}},"33":{"start":{"line":97,"column":4},"end":{"line":99,"column":72}},"34":{"start":{"line":101,"column":2},"end":{"line":101,"column":36}},"35":{"start":{"line":104,"column":0},"end":{"line":117,"column":3}},"36":{"start":{"line":105,"column":19},"end":{"line":105,"column":27}},"37":{"start":{"line":106,"column":2},"end":{"line":108,"column":3}},"38":{"start":{"line":107,"column":4},"end":{"line":107,"column":71}},"39":{"start":{"line":110,"column":26},"end":{"line":110,"column":71}},"40":{"start":{"line":111,"column":2},"end":{"line":115,"column":3}},"41":{"start":{"line":112,"column":4},"end":{"line":114,"column":72}},"42":{"start":{"line":116,"column":2},"end":{"line":116,"column":36}},"43":{"start":{"line":120,"column":0},"end":{"line":128,"column":3}},"44":{"start":{"line":121,"column":26},"end":{"line":121,"column":47}},"45":{"start":{"line":122,"column":2},"end":{"line":126,"column":3}},"46":{"start":{"line":123,"column":4},"end":{"line":125,"column":77}},"47":{"start":{"line":127,"column":2},"end":{"line":127,"column":36}},"48":{"start":{"line":130,"column":0},"end":{"line":138,"column":3}},"49":{"start":{"line":131,"column":26},"end":{"line":131,"column":56}},"50":{"start":{"line":132,"column":2},"end":{"line":136,"column":3}},"51":{"start":{"line":133,"column":4},"end":{"line":135,"column":76}},"52":{"start":{"line":137,"column":2},"end":{"line":137,"column":36}},"53":{"start":{"line":140,"column":0},"end":{"line":151,"column":3}},"54":{"start":{"line":141,"column":26},"end":{"line":144,"column":4}},"55":{"start":{"line":145,"column":2},"end":{"line":149,"column":3}},"56":{"start":{"line":146,"column":4},"end":{"line":148,"column":76}},"57":{"start":{"line":150,"column":2},"end":{"line":150,"column":36}},"58":{"start":{"line":153,"column":0},"end":{"line":153,"column":24}}},"fnMap":{"0":{"name":"(anonymous_0)","decl":{"start":{"line":24,"column":37},"end":{"line":24,"column":38}},"loc":{"start":{"line":24,"column":57},"end":{"line":32,"column":1}},"line":24},"1":{"name":"(anonymous_1)","decl":{"start":{"line":35,"column":39},"end":{"line":35,"column":40}},"loc":{"start":{"line":35,"column":59},"end":{"line":43,"column":1}},"line":35},"2":{"name":"(anonymous_2)","decl":{"start":{"line":46,"column":40},"end":{"line":46,"column":41}},"loc":{"start":{"line":46,"column":60},"end":{"line":57,"column":1}},"line":46},"3":{"name":"(anonymous_3)","decl":{"start":{"line":62,"column":2},"end":{"line":62,"column":3}},"loc":{"start":{"line":62,"column":22},"end":{"line":73,"column":3}},"line":62},"4":{"name":"(anonymous_4)","decl":{"start":{"line":79,"column":2},"end":{"line":79,"column":3}},"loc":{"start":{"line":79,"column":22},"end":{"line":90,"column":3}},"line":79},"5":{"name":"(anonymous_5)","decl":{"start":{"line":94,"column":35},"end":{"line":94,"column":36}},"loc":{"start":{"line":94,"column":55},"end":{"line":102,"column":1}},"line":94},"6":{"name":"(anonymous_6)","decl":{"start":{"line":104,"column":50},"end":{"line":104,"column":51}},"loc":{"start":{"line":104,"column":70},"end":{"line":117,"column":1}},"line":104},"7":{"name":"(anonymous_7)","decl":{"start":{"line":120,"column":40},"end":{"line":120,"column":41}},"loc":{"start":{"line":120,"column":60},"end":{"line":128,"column":1}},"line":120},"8":{"name":"(anonymous_8)","decl":{"start":{"line":130,"column":41},"end":{"line":130,"column":42}},"loc":{"start":{"line":130,"column":61},"end":{"line":138,"column":1}},"line":130},"9":{"name":"(anonymous_9)","decl":{"start":{"line":140,"column":46},"end":{"line":140,"column":47}},"loc":{"start":{"line":140,"column":66},"end":{"line":151,"column":1}},"line":140}},"branchMap":{"0":{"loc":{"start":{"line":26,"column":2},"end":{"line":30,"column":3}},"type":"if","locations":[{"start":{"line":26,"column":2},"end":{"line":30,"column":3}},{"start":{},"end":{}}],"line":26},"1":{"loc":{"start":{"line":37,"column":2},"end":{"line":41,"column":3}},"type":"if","locations":[{"start":{"line":37,"column":2},"end":{"line":41,"column":3}},{"start":{},"end":{}}],"line":37},"2":{"loc":{"start":{"line":48,"column":2},"end":{"line":55,"column":3}},"type":"if","locations":[{"start":{"line":48,"column":2},"end":{"line":55,"column":3}},{"start":{},"end":{}}],"line":48},"3":{"loc":{"start":{"line":64,"column":4},"end":{"line":71,"column":5}},"type":"if","locations":[{"start":{"line":64,"column":4},"end":{"line":71,"column":5}},{"start":{},"end":{}}],"line":64},"4":{"loc":{"start":{"line":81,"column":4},"end":{"line":88,"column":5}},"type":"if","locations":[{"start":{"line":81,"column":4},"end":{"line":88,"column":5}},{"start":{},"end":{}}],"line":81},"5":{"loc":{"start":{"line":96,"column":2},"end":{"line":100,"column":3}},"type":"if","locations":[{"start":{"line":96,"column":2},"end":{"line":100,"column":3}},{"start":{},"end":{}}],"line":96},"6":{"loc":{"start":{"line":106,"column":2},"end":{"line":108,"column":3}},"type":"if","locations":[{"start":{"line":106,"column":2},"end":{"line":108,"column":3}},{"start":{},"end":{}}],"line":106},"7":{"loc":{"start":{"line":111,"column":2},"end":{"line":115,"column":3}},"type":"if","locations":[{"start":{"line":111,"column":2},"end":{"line":115,"column":3}},{"start":{},"end":{}}],"line":111},"8":{"loc":{"start":{"line":122,"column":2},"end":{"line":126,"column":3}},"type":"if","locations":[{"start":{"line":122,"column":2},"end":{"line":126,"column":3}},{"start":{},"end":{}}],"line":122},"9":{"loc":{"start":{"line":132,"column":2},"end":{"line":136,"column":3}},"type":"if","locations":[{"start":{"line":132,"column":2},"end":{"line":136,"column":3}},{"start":{},"end":{}}],"line":132},"10":{"loc":{"start":{"line":145,"column":2},"end":{"line":149,"column":3}},"type":"if","locations":[{"start":{"line":145,"column":2},"end":{"line":149,"column":3}},{"start":{},"end":{}}],"line":145}},"s":{"0":0,"1":0,"2":0,"3":0,"4":0,"5":0,"6":0,"7":0,"8":0,"9":0,"10":0,"11":0,"12":0,"13":0,"14":0,"15":0,"16":0,"17":0,"18":0,"19":0,"20":0,"21":0,"22":0,"23":0,"24":0,"25":0,"26":0,"27":0,"28":0,"29":0,"30":0,"31":0,"32":0,"33":0,"34":0,"35":0,"36":0,"37":0,"38":0,"39":0,"40":0,"41":0,"42":0,"43":0,"44":0,"45":0,"46":0,"47":0,"48":0,"49":0,"50":0,"51":0,"52":0,"53":0,"54":0,"55":0,"56":0,"57":0,"58":0},"f":{"0":0,"1":0,"2":0,"3":0,"4":0,"5":0,"6":0,"7":0,"8":0,"9":0},"b":{"0":[0,0],"1":[0,0],"2":[0,0],"3":[0,0],"4":[0,0],"5":[0,0],"6":[0,0],"7":[0,0],"8":[0,0],"9":[0,0],"10":[0,0]}}
,"C:\\Users\\Nkosinathi\\Desktop\\campus-marketplace\\server\\src\\routes\\facilityDashboard.js": {"path":"C:\\Users\\Nkosinathi\\Desktop\\campus-marketplace\\server\\src\\routes\\facilityDashboard.js","statementMap":{"0":{"start":{"line":1,"column":16},"end":{"line":1,"column":34}},"1":{"start":{"line":2,"column":15},"end":{"line":2,"column":31}},"2":{"start":{"line":6,"column":4},"end":{"line":6,"column":51}},"3":{"start":{"line":11,"column":4},"end":{"line":11,"column":43}},"4":{"start":{"line":13,"column":0},"end":{"line":37,"column":2}},"5":{"start":{"line":19,"column":25},"end":{"line":19,"column":39}},"6":{"start":{"line":21,"column":6},"end":{"line":21,"column":79}},"7":{"start":{"line":22,"column":28},"end":{"line":26,"column":5}},"8":{"start":{"line":28,"column":4},"end":{"line":33,"column":5}},"9":{"start":{"line":29,"column":6},"end":{"line":32,"column":9}},"10":{"start":{"line":35,"column":4},"end":{"line":35,"column":38}},"11":{"start":{"line":39,"column":0},"end":{"line":90,"column":2}},"12":{"start":{"line":45,"column":30},"end":{"line":45,"column":40}},"13":{"start":{"line":46,"column":37},"end":{"line":46,"column":45}},"14":{"start":{"line":48,"column":25},"end":{"line":53,"column":5}},"15":{"start":{"line":55,"column":4},"end":{"line":57,"column":5}},"16":{"start":{"line":56,"column":6},"end":{"line":56,"column":76}},"17":{"start":{"line":59,"column":4},"end":{"line":63,"column":5}},"18":{"start":{"line":60,"column":6},"end":{"line":62,"column":9}},"19":{"start":{"line":65,"column":28},"end":{"line":72,"column":6}},"20":{"start":{"line":74,"column":4},"end":{"line":86,"column":5}},"21":{"start":{"line":75,"column":25},"end":{"line":80,"column":16}},"22":{"start":{"line":82,"column":6},"end":{"line":85,"column":9}},"23":{"start":{"line":88,"column":4},"end":{"line":88,"column":38}},"24":{"start":{"line":92,"column":0},"end":{"line":92,"column":24}}},"fnMap":{"0":{"name":"(anonymous_0)","decl":{"start":{"line":18,"column":2},"end":{"line":18,"column":3}},"loc":{"start":{"line":18,"column":22},"end":{"line":36,"column":3}},"line":18},"1":{"name":"(anonymous_1)","decl":{"start":{"line":44,"column":2},"end":{"line":44,"column":3}},"loc":{"start":{"line":44,"column":22},"end":{"line":89,"column":3}},"line":44}},"branchMap":{"0":{"loc":{"start":{"line":21,"column":6},"end":{"line":21,"column":79}},"type":"cond-expr","locations":[{"start":{"line":21,"column":33},"end":{"line":21,"column":53}},{"start":{"line":21,"column":56},"end":{"line":21,"column":79}}],"line":21},"1":{"loc":{"start":{"line":28,"column":4},"end":{"line":33,"column":5}},"type":"if","locations":[{"start":{"line":28,"column":4},"end":{"line":33,"column":5}},{"start":{},"end":{}}],"line":28},"2":{"loc":{"start":{"line":29,"column":24},"end":{"line":29,"column":47}},"type":"binary-expr","locations":[{"start":{"line":29,"column":24},"end":{"line":29,"column":40}},{"start":{"line":29,"column":44},"end":{"line":29,"column":47}}],"line":29},"3":{"loc":{"start":{"line":55,"column":4},"end":{"line":57,"column":5}},"type":"if","locations":[{"start":{"line":55,"column":4},"end":{"line":57,"column":5}},{"start":{},"end":{}}],"line":55},"4":{"loc":{"start":{"line":59,"column":4},"end":{"line":63,"column":5}},"type":"if","locations":[{"start":{"line":59,"column":4},"end":{"line":63,"column":5}},{"start":{},"end":{}}],"line":59},"5":{"loc":{"start":{"line":59,"column":8},"end":{"line":59,"column":49}},"type":"binary-expr","locations":[{"start":{"line":59,"column":8},"end":{"line":59,"column":15}},{"start":{"line":59,"column":19},"end":{"line":59,"column":49}}],"line":59},"6":{"loc":{"start":{"line":69,"column":23},"end":{"line":69,"column":62}},"type":"binary-expr","locations":[{"start":{"line":69,"column":23},"end":{"line":69,"column":44}},{"start":{"line":69,"column":48},"end":{"line":69,"column":62}}],"line":69},"7":{"loc":{"start":{"line":74,"column":4},"end":{"line":86,"column":5}},"type":"if","locations":[{"start":{"line":74,"column":4},"end":{"line":86,"column":5}},{"start":{},"end":{}}],"line":74},"8":{"loc":{"start":{"line":75,"column":25},"end":{"line":80,"column":16}},"type":"binary-expr","locations":[{"start":{"line":75,"column":25},"end":{"line":75,"column":41}},{"start":{"line":76,"column":9},"end":{"line":80,"column":15}}],"line":75},"9":{"loc":{"start":{"line":76,"column":9},"end":{"line":80,"column":15}},"type":"cond-expr","locations":[{"start":{"line":79,"column":12},"end":{"line":79,"column":15}},{"start":{"line":80,"column":12},"end":{"line":80,"column":15}}],"line":76},"10":{"loc":{"start":{"line":76,"column":9},"end":{"line":78,"column":58}},"type":"binary-expr","locations":[{"start":{"line":76,"column":9},"end":{"line":76,"column":22}},{"start":{"line":77,"column":9},"end":{"line":77,"column":54}},{"start":{"line":78,"column":10},"end":{"line":78,"column":57}}],"line":76}},"s":{"0":1,"1":1,"2":1,"3":1,"4":1,"5":2,"6":2,"7":2,"8":2,"9":0,"10":2,"11":1,"12":2,"13":2,"14":2,"15":2,"16":0,"17":2,"18":1,"19":1,"20":1,"21":0,"22":0,"23":1,"24":1},"f":{"0":2,"1":2},"b":{"0":[1,1],"1":[0,2],"2":[0,0],"3":[0,2],"4":[1,1],"5":[2,2],"6":[1,0],"7":[0,1],"8":[0,0],"9":[0,0],"10":[0,0,0]},"_coverageSchema":"1a1c01bbd47fc00a2c39e90264f33305004495a9","hash":"02f0b57782db8af1d73a2a635174c36d5a7f788f"}
,"C:\\Users\\Nkosinathi\\Desktop\\campus-marketplace\\server\\src\\routes\\listing.js": {"path":"C:\\Users\\Nkosinathi\\Desktop\\campus-marketplace\\server\\src\\routes\\listing.js","statementMap":{"0":{"start":{"line":2,"column":16},"end":{"line":2,"column":34}},"1":{"start":{"line":3,"column":15},"end":{"line":3,"column":31}},"2":{"start":{"line":4,"column":21},"end":{"line":4,"column":56}},"3":{"start":{"line":10,"column":4},"end":{"line":10,"column":41}},"4":{"start":{"line":11,"column":35},"end":{"line":11,"column":68}},"5":{"start":{"line":12,"column":33},"end":{"line":12,"column":72}},"6":{"start":{"line":13,"column":26},"end":{"line":13,"column":65}},"7":{"start":{"line":19,"column":0},"end":{"line":29,"column":3}},"8":{"start":{"line":20,"column":26},"end":{"line":20,"column":51}},"9":{"start":{"line":22,"column":2},"end":{"line":26,"column":3}},"10":{"start":{"line":23,"column":4},"end":{"line":25,"column":75}},"11":{"start":{"line":28,"column":2},"end":{"line":28,"column":50}},"12":{"start":{"line":36,"column":0},"end":{"line":66,"column":3}},"13":{"start":{"line":37,"column":23},"end":{"line":37,"column":33}},"14":{"start":{"line":38,"column":34},"end":{"line":38,"column":46}},"15":{"start":{"line":40,"column":2},"end":{"line":42,"column":3}},"16":{"start":{"line":41,"column":4},"end":{"line":41,"column":69}},"17":{"start":{"line":44,"column":2},"end":{"line":46,"column":3}},"18":{"start":{"line":45,"column":4},"end":{"line":45,"column":72}},"19":{"start":{"line":49,"column":4},"end":{"line":49,"column":56}},"20":{"start":{"line":51,"column":2},"end":{"line":55,"column":3}},"21":{"start":{"line":52,"column":4},"end":{"line":54,"column":7}},"22":{"start":{"line":57,"column":26},"end":{"line":57,"column":78}},"23":{"start":{"line":58,"column":2},"end":{"line":63,"column":3}},"24":{"start":{"line":59,"column":4},"end":{"line":62,"column":7}},"25":{"start":{"line":65,"column":2},"end":{"line":65,"column":56}},"26":{"start":{"line":73,"column":0},"end":{"line":99,"column":3}},"27":{"start":{"line":74,"column":36},"end":{"line":74,"column":45}},"28":{"start":{"line":76,"column":2},"end":{"line":80,"column":3}},"29":{"start":{"line":77,"column":4},"end":{"line":79,"column":66}},"30":{"start":{"line":82,"column":16},"end":{"line":82,"column":39}},"31":{"start":{"line":84,"column":2},"end":{"line":88,"column":3}},"32":{"start":{"line":85,"column":4},"end":{"line":87,"column":66}},"33":{"start":{"line":90,"column":21},"end":{"line":90,"column":60}},"34":{"start":{"line":92,"column":2},"end":{"line":96,"column":3}},"35":{"start":{"line":93,"column":4},"end":{"line":95,"column":76}},"36":{"start":{"line":98,"column":2},"end":{"line":98,"column":46}},"37":{"start":{"line":105,"column":0},"end":{"line":143,"column":3}},"38":{"start":{"line":107,"column":4},"end":{"line":107,"column":12}},"39":{"start":{"line":108,"column":19},"end":{"line":108,"column":36}},"40":{"start":{"line":110,"column":2},"end":{"line":112,"column":3}},"41":{"start":{"line":111,"column":4},"end":{"line":111,"column":69}},"42":{"start":{"line":114,"column":28},"end":{"line":120,"column":4}},"43":{"start":{"line":122,"column":2},"end":{"line":124,"column":3}},"44":{"start":{"line":123,"column":4},"end":{"line":123,"column":74}},"45":{"start":{"line":126,"column":26},"end":{"line":134,"column":4}},"46":{"start":{"line":136,"column":2},"end":{"line":140,"column":3}},"47":{"start":{"line":137,"column":4},"end":{"line":139,"column":75}},"48":{"start":{"line":142,"column":2},"end":{"line":142,"column":49}},"49":{"start":{"line":146,"column":0},"end":{"line":187,"column":3}},"50":{"start":{"line":147,"column":17},"end":{"line":147,"column":27}},"51":{"start":{"line":149,"column":2},"end":{"line":186,"column":3}},"52":{"start":{"line":150,"column":28},"end":{"line":171,"column":19}},"53":{"start":{"line":173,"column":4},"end":{"line":176,"column":5}},"54":{"start":{"line":174,"column":6},"end":{"line":174,"column":46}},"55":{"start":{"line":175,"column":6},"end":{"line":175,"column":60}},"56":{"start":{"line":178,"column":4},"end":{"line":180,"column":5}},"57":{"start":{"line":179,"column":6},"end":{"line":179,"column":68}},"58":{"start":{"line":182,"column":4},"end":{"line":182,"column":35}},"59":{"start":{"line":184,"column":4},"end":{"line":184,"column":40}},"60":{"start":{"line":185,"column":4},"end":{"line":185,"column":52}},"61":{"start":{"line":190,"column":0},"end":{"line":200,"column":3}},"62":{"start":{"line":191,"column":17},"end":{"line":191,"column":27}},"63":{"start":{"line":193,"column":20},"end":{"line":193,"column":73}},"64":{"start":{"line":195,"column":2},"end":{"line":197,"column":3}},"65":{"start":{"line":196,"column":4},"end":{"line":196,"column":58}},"66":{"start":{"line":199,"column":2},"end":{"line":199,"column":30}},"67":{"start":{"line":204,"column":0},"end":{"line":239,"column":3}},"68":{"start":{"line":205,"column":17},"end":{"line":205,"column":27}},"69":{"start":{"line":208,"column":4},"end":{"line":208,"column":12}},"70":{"start":{"line":210,"column":28},"end":{"line":216,"column":4}},"71":{"start":{"line":218,"column":2},"end":{"line":220,"column":3}},"72":{"start":{"line":219,"column":4},"end":{"line":219,"column":74}},"73":{"start":{"line":222,"column":26},"end":{"line":234,"column":13}},"74":{"start":{"line":236,"column":2},"end":{"line":236,"column":67}},"75":{"start":{"line":236,"column":13},"end":{"line":236,"column":67}},"76":{"start":{"line":238,"column":2},"end":{"line":238,"column":30}},"77":{"start":{"line":242,"column":0},"end":{"line":260,"column":3}},"78":{"start":{"line":243,"column":17},"end":{"line":243,"column":27}},"79":{"start":{"line":244,"column":27},"end":{"line":244,"column":35}},"80":{"start":{"line":246,"column":26},"end":{"line":253,"column":13}},"81":{"start":{"line":255,"column":2},"end":{"line":257,"column":3}},"82":{"start":{"line":256,"column":4},"end":{"line":256,"column":58}},"83":{"start":{"line":259,"column":2},"end":{"line":259,"column":28}},"84":{"start":{"line":262,"column":0},"end":{"line":262,"column":24}}},"fnMap":{"0":{"name":"(anonymous_0)","decl":{"start":{"line":19,"column":16},"end":{"line":19,"column":17}},"loc":{"start":{"line":19,"column":36},"end":{"line":29,"column":1}},"line":19},"1":{"name":"(anonymous_1)","decl":{"start":{"line":36,"column":43},"end":{"line":36,"column":44}},"loc":{"start":{"line":36,"column":63},"end":{"line":66,"column":1}},"line":36},"2":{"name":"(anonymous_2)","decl":{"start":{"line":73,"column":31},"end":{"line":73,"column":32}},"loc":{"start":{"line":73,"column":45},"end":{"line":99,"column":1}},"line":73},"3":{"name":"(anonymous_3)","decl":{"start":{"line":105,"column":17},"end":{"line":105,"column":18}},"loc":{"start":{"line":105,"column":37},"end":{"line":143,"column":1}},"line":105},"4":{"name":"(anonymous_4)","decl":{"start":{"line":146,"column":19},"end":{"line":146,"column":20}},"loc":{"start":{"line":146,"column":39},"end":{"line":187,"column":1}},"line":146},"5":{"name":"(anonymous_5)","decl":{"start":{"line":190,"column":22},"end":{"line":190,"column":23}},"loc":{"start":{"line":190,"column":42},"end":{"line":200,"column":1}},"line":190},"6":{"name":"(anonymous_6)","decl":{"start":{"line":204,"column":19},"end":{"line":204,"column":20}},"loc":{"start":{"line":204,"column":39},"end":{"line":239,"column":1}},"line":204},"7":{"name":"(anonymous_7)","decl":{"start":{"line":242,"column":27},"end":{"line":242,"column":28}},"loc":{"start":{"line":242,"column":47},"end":{"line":260,"column":1}},"line":242}},"branchMap":{"0":{"loc":{"start":{"line":22,"column":2},"end":{"line":26,"column":3}},"type":"if","locations":[{"start":{"line":22,"column":2},"end":{"line":26,"column":3}},{"start":{},"end":{}}],"line":22},"1":{"loc":{"start":{"line":40,"column":2},"end":{"line":42,"column":3}},"type":"if","locations":[{"start":{"line":40,"column":2},"end":{"line":42,"column":3}},{"start":{},"end":{}}],"line":40},"2":{"loc":{"start":{"line":44,"column":2},"end":{"line":46,"column":3}},"type":"if","locations":[{"start":{"line":44,"column":2},"end":{"line":46,"column":3}},{"start":{},"end":{}}],"line":44},"3":{"loc":{"start":{"line":51,"column":2},"end":{"line":55,"column":3}},"type":"if","locations":[{"start":{"line":51,"column":2},"end":{"line":55,"column":3}},{"start":{},"end":{}}],"line":51},"4":{"loc":{"start":{"line":58,"column":2},"end":{"line":63,"column":3}},"type":"if","locations":[{"start":{"line":58,"column":2},"end":{"line":63,"column":3}},{"start":{},"end":{}}],"line":58},"5":{"loc":{"start":{"line":65,"column":42},"end":{"line":65,"column":52}},"type":"binary-expr","locations":[{"start":{"line":65,"column":42},"end":{"line":65,"column":46}},{"start":{"line":65,"column":50},"end":{"line":65,"column":52}}],"line":65},"6":{"loc":{"start":{"line":76,"column":2},"end":{"line":80,"column":3}},"type":"if","locations":[{"start":{"line":76,"column":2},"end":{"line":80,"column":3}},{"start":{},"end":{}}],"line":76},"7":{"loc":{"start":{"line":76,"column":6},"end":{"line":76,"column":31}},"type":"binary-expr","locations":[{"start":{"line":76,"column":6},"end":{"line":76,"column":15}},{"start":{"line":76,"column":19},"end":{"line":76,"column":31}}],"line":76},"8":{"loc":{"start":{"line":84,"column":2},"end":{"line":88,"column":3}},"type":"if","locations":[{"start":{"line":84,"column":2},"end":{"line":88,"column":3}},{"start":{},"end":{}}],"line":84},"9":{"loc":{"start":{"line":84,"column":6},"end":{"line":84,"column":39}},"type":"binary-expr","locations":[{"start":{"line":84,"column":6},"end":{"line":84,"column":25}},{"start":{"line":84,"column":29},"end":{"line":84,"column":39}}],"line":84},"10":{"loc":{"start":{"line":92,"column":2},"end":{"line":96,"column":3}},"type":"if","locations":[{"start":{"line":92,"column":2},"end":{"line":96,"column":3}},{"start":{},"end":{}}],"line":92},"11":{"loc":{"start":{"line":110,"column":2},"end":{"line":112,"column":3}},"type":"if","locations":[{"start":{"line":110,"column":2},"end":{"line":112,"column":3}},{"start":{},"end":{}}],"line":110},"12":{"loc":{"start":{"line":122,"column":2},"end":{"line":124,"column":3}},"type":"if","locations":[{"start":{"line":122,"column":2},"end":{"line":124,"column":3}},{"start":{},"end":{}}],"line":122},"13":{"loc":{"start":{"line":136,"column":2},"end":{"line":140,"column":3}},"type":"if","locations":[{"start":{"line":136,"column":2},"end":{"line":140,"column":3}},{"start":{},"end":{}}],"line":136},"14":{"loc":{"start":{"line":173,"column":4},"end":{"line":176,"column":5}},"type":"if","locations":[{"start":{"line":173,"column":4},"end":{"line":176,"column":5}},{"start":{},"end":{}}],"line":173},"15":{"loc":{"start":{"line":178,"column":4},"end":{"line":180,"column":5}},"type":"if","locations":[{"start":{"line":178,"column":4},"end":{"line":180,"column":5}},{"start":{},"end":{}}],"line":178},"16":{"loc":{"start":{"line":178,"column":8},"end":{"line":178,"column":34}},"type":"binary-expr","locations":[{"start":{"line":178,"column":8},"end":{"line":178,"column":13}},{"start":{"line":178,"column":17},"end":{"line":178,"column":34}}],"line":178},"17":{"loc":{"start":{"line":195,"column":2},"end":{"line":197,"column":3}},"type":"if","locations":[{"start":{"line":195,"column":2},"end":{"line":197,"column":3}},{"start":{},"end":{}}],"line":195},"18":{"loc":{"start":{"line":218,"column":2},"end":{"line":220,"column":3}},"type":"if","locations":[{"start":{"line":218,"column":2},"end":{"line":220,"column":3}},{"start":{},"end":{}}],"line":218},"19":{"loc":{"start":{"line":236,"column":2},"end":{"line":236,"column":67}},"type":"if","locations":[{"start":{"line":236,"column":2},"end":{"line":236,"column":67}},{"start":{},"end":{}}],"line":236},"20":{"loc":{"start":{"line":255,"column":2},"end":{"line":257,"column":3}},"type":"if","locations":[{"start":{"line":255,"column":2},"end":{"line":257,"column":3}},{"start":{},"end":{}}],"line":255}},"s":{"0":1,"1":1,"2":1,"3":1,"4":1,"5":1,"6":1,"7":1,"8":2,"9":2,"10":1,"11":1,"12":1,"13":4,"14":4,"15":4,"16":1,"17":3,"18":1,"19":2,"20":2,"21":1,"22":1,"23":1,"24":0,"25":1,"26":1,"27":19,"28":19,"29":4,"30":15,"31":15,"32":3,"33":12,"34":12,"35":1,"36":11,"37":1,"38":4,"39":4,"40":4,"41":1,"42":3,"43":3,"44":1,"45":2,"46":2,"47":1,"48":1,"49":1,"50":3,"51":3,"52":3,"53":3,"54":1,"55":1,"56":2,"57":1,"58":1,"59":0,"60":0,"61":1,"62":2,"63":2,"64":2,"65":1,"66":1,"67":1,"68":3,"69":3,"70":3,"71":3,"72":1,"73":2,"74":2,"75":1,"76":1,"77":1,"78":2,"79":2,"80":2,"81":2,"82":1,"83":1,"84":1},"f":{"0":2,"1":4,"2":19,"3":4,"4":3,"5":2,"6":3,"7":2},"b":{"0":[1,1],"1":[1,3],"2":[1,2],"3":[1,1],"4":[0,1],"5":[1,0],"6":[4,15],"7":[19,16],"8":[3,12],"9":[15,14],"10":[1,11],"11":[1,3],"12":[1,2],"13":[1,1],"14":[1,2],"15":[1,1],"16":[2,2],"17":[1,1],"18":[1,2],"19":[1,1],"20":[1,1]},"_coverageSchema":"1a1c01bbd47fc00a2c39e90264f33305004495a9","hash":"bd4acae9efafd639e077def3b3219902a7882528"}
,"C:\\Users\\Nkosinathi\\Desktop\\campus-marketplace\\server\\src\\routes\\listings.js": {"path":"C:\\Users\\Nkosinathi\\Desktop\\campus-marketplace\\server\\src\\routes\\listings.js","statementMap":{"0":{"start":{"line":2,"column":16},"end":{"line":2,"column":34}},"1":{"start":{"line":3,"column":15},"end":{"line":3,"column":31}},"2":{"start":{"line":4,"column":45},"end":{"line":4,"column":82}},"3":{"start":{"line":5,"column":35},"end":{"line":5,"column":68}},"4":{"start":{"line":6,"column":33},"end":{"line":6,"column":72}},"5":{"start":{"line":7,"column":52},"end":{"line":7,"column":91}},"6":{"start":{"line":8,"column":26},"end":{"line":8,"column":66}},"7":{"start":{"line":13,"column":0},"end":{"line":21,"column":3}},"8":{"start":{"line":14,"column":26},"end":{"line":14,"column":51}},"9":{"start":{"line":16,"column":2},"end":{"line":18,"column":3}},"10":{"start":{"line":17,"column":4},"end":{"line":17,"column":95}},"11":{"start":{"line":20,"column":2},"end":{"line":20,"column":50}},"12":{"start":{"line":30,"column":0},"end":{"line":50,"column":3}},"13":{"start":{"line":31,"column":36},"end":{"line":31,"column":45}},"14":{"start":{"line":33,"column":2},"end":{"line":35,"column":3}},"15":{"start":{"line":34,"column":4},"end":{"line":34,"column":86}},"16":{"start":{"line":37,"column":16},"end":{"line":37,"column":39}},"17":{"start":{"line":39,"column":2},"end":{"line":41,"column":3}},"18":{"start":{"line":40,"column":4},"end":{"line":40,"column":86}},"19":{"start":{"line":43,"column":21},"end":{"line":43,"column":60}},"20":{"start":{"line":45,"column":2},"end":{"line":47,"column":3}},"21":{"start":{"line":46,"column":4},"end":{"line":46,"column":96}},"22":{"start":{"line":49,"column":2},"end":{"line":49,"column":46}},"23":{"start":{"line":63,"column":0},"end":{"line":78,"column":2}},"24":{"start":{"line":70,"column":28},"end":{"line":70,"column":69}},"25":{"start":{"line":72,"column":4},"end":{"line":74,"column":5}},"26":{"start":{"line":73,"column":6},"end":{"line":73,"column":97}},"27":{"start":{"line":76,"column":4},"end":{"line":76,"column":51}},"28":{"start":{"line":80,"column":0},"end":{"line":80,"column":24}}},"fnMap":{"0":{"name":"(anonymous_0)","decl":{"start":{"line":13,"column":44},"end":{"line":13,"column":45}},"loc":{"start":{"line":13,"column":64},"end":{"line":21,"column":1}},"line":13},"1":{"name":"(anonymous_1)","decl":{"start":{"line":30,"column":60},"end":{"line":30,"column":61}},"loc":{"start":{"line":30,"column":74},"end":{"line":50,"column":1}},"line":30},"2":{"name":"(anonymous_2)","decl":{"start":{"line":69,"column":2},"end":{"line":69,"column":3}},"loc":{"start":{"line":69,"column":22},"end":{"line":77,"column":3}},"line":69}},"branchMap":{"0":{"loc":{"start":{"line":16,"column":2},"end":{"line":18,"column":3}},"type":"if","locations":[{"start":{"line":16,"column":2},"end":{"line":18,"column":3}},{"start":{},"end":{}}],"line":16},"1":{"loc":{"start":{"line":33,"column":2},"end":{"line":35,"column":3}},"type":"if","locations":[{"start":{"line":33,"column":2},"end":{"line":35,"column":3}},{"start":{},"end":{}}],"line":33},"2":{"loc":{"start":{"line":33,"column":6},"end":{"line":33,"column":31}},"type":"binary-expr","locations":[{"start":{"line":33,"column":6},"end":{"line":33,"column":15}},{"start":{"line":33,"column":19},"end":{"line":33,"column":31}}],"line":33},"3":{"loc":{"start":{"line":39,"column":2},"end":{"line":41,"column":3}},"type":"if","locations":[{"start":{"line":39,"column":2},"end":{"line":41,"column":3}},{"start":{},"end":{}}],"line":39},"4":{"loc":{"start":{"line":39,"column":6},"end":{"line":39,"column":32}},"type":"binary-expr","locations":[{"start":{"line":39,"column":6},"end":{"line":39,"column":18}},{"start":{"line":39,"column":22},"end":{"line":39,"column":32}}],"line":39},"5":{"loc":{"start":{"line":45,"column":2},"end":{"line":47,"column":3}},"type":"if","locations":[{"start":{"line":45,"column":2},"end":{"line":47,"column":3}},{"start":{},"end":{}}],"line":45},"6":{"loc":{"start":{"line":72,"column":4},"end":{"line":74,"column":5}},"type":"if","locations":[{"start":{"line":72,"column":4},"end":{"line":74,"column":5}},{"start":{},"end":{}}],"line":72}},"s":{"0":1,"1":1,"2":1,"3":1,"4":1,"5":1,"6":1,"7":1,"8":2,"9":2,"10":1,"11":1,"12":1,"13":0,"14":0,"15":0,"16":0,"17":0,"18":0,"19":0,"20":0,"21":0,"22":0,"23":1,"24":2,"25":2,"26":1,"27":1,"28":1},"f":{"0":2,"1":0,"2":2},"b":{"0":[1,1],"1":[0,0],"2":[0,0],"3":[0,0],"4":[0,0],"5":[0,0],"6":[1,1]},"_coverageSchema":"1a1c01bbd47fc00a2c39e90264f33305004495a9","hash":"f639b979a12a4da901bbaaba4b6484ae87db5054"}
,"C:\\Users\\Nkosinathi\\Desktop\\campus-marketplace\\server\\src\\routes\\messages.js": {"path":"C:\\Users\\Nkosinathi\\Desktop\\campus-marketplace\\server\\src\\routes\\messages.js","statementMap":{"0":{"start":{"line":1,"column":16},"end":{"line":1,"column":34}},"1":{"start":{"line":2,"column":15},"end":{"line":2,"column":31}},"2":{"start":{"line":3,"column":25},"end":{"line":3,"column":57}},"3":{"start":{"line":5,"column":17},"end":{"line":8,"column":1}},"4":{"start":{"line":11,"column":0},"end":{"line":28,"column":3}},"5":{"start":{"line":12,"column":58},"end":{"line":12,"column":66}},"6":{"start":{"line":14,"column":2},"end":{"line":16,"column":3}},"7":{"start":{"line":15,"column":4},"end":{"line":15,"column":71}},"8":{"start":{"line":18,"column":26},"end":{"line":21,"column":13}},"9":{"start":{"line":23,"column":2},"end":{"line":25,"column":3}},"10":{"start":{"line":24,"column":4},"end":{"line":24,"column":58}},"11":{"start":{"line":27,"column":2},"end":{"line":27,"column":33}},"12":{"start":{"line":31,"column":0},"end":{"line":46,"column":3}},"13":{"start":{"line":32,"column":38},"end":{"line":32,"column":48}},"14":{"start":{"line":34,"column":26},"end":{"line":39,"column":42}},"15":{"start":{"line":41,"column":2},"end":{"line":43,"column":3}},"16":{"start":{"line":42,"column":4},"end":{"line":42,"column":58}},"17":{"start":{"line":45,"column":2},"end":{"line":45,"column":31}},"18":{"start":{"line":49,"column":0},"end":{"line":63,"column":3}},"19":{"start":{"line":50,"column":21},"end":{"line":50,"column":31}},"20":{"start":{"line":52,"column":26},"end":{"line":56,"column":43}},"21":{"start":{"line":58,"column":2},"end":{"line":60,"column":3}},"22":{"start":{"line":59,"column":4},"end":{"line":59,"column":58}},"23":{"start":{"line":62,"column":2},"end":{"line":62,"column":31}},"24":{"start":{"line":65,"column":0},"end":{"line":65,"column":24}}},"fnMap":{"0":{"name":"(anonymous_0)","decl":{"start":{"line":11,"column":17},"end":{"line":11,"column":18}},"loc":{"start":{"line":11,"column":37},"end":{"line":28,"column":1}},"line":11},"1":{"name":"(anonymous_1)","decl":{"start":{"line":31,"column":40},"end":{"line":31,"column":41}},"loc":{"start":{"line":31,"column":60},"end":{"line":46,"column":1}},"line":31},"2":{"name":"(anonymous_2)","decl":{"start":{"line":49,"column":28},"end":{"line":49,"column":29}},"loc":{"start":{"line":49,"column":48},"end":{"line":63,"column":1}},"line":49}},"branchMap":{"0":{"loc":{"start":{"line":14,"column":2},"end":{"line":16,"column":3}},"type":"if","locations":[{"start":{"line":14,"column":2},"end":{"line":16,"column":3}},{"start":{},"end":{}}],"line":14},"1":{"loc":{"start":{"line":23,"column":2},"end":{"line":25,"column":3}},"type":"if","locations":[{"start":{"line":23,"column":2},"end":{"line":25,"column":3}},{"start":{},"end":{}}],"line":23},"2":{"loc":{"start":{"line":41,"column":2},"end":{"line":43,"column":3}},"type":"if","locations":[{"start":{"line":41,"column":2},"end":{"line":43,"column":3}},{"start":{},"end":{}}],"line":41},"3":{"loc":{"start":{"line":58,"column":2},"end":{"line":60,"column":3}},"type":"if","locations":[{"start":{"line":58,"column":2},"end":{"line":60,"column":3}},{"start":{},"end":{}}],"line":58}},"s":{"0":1,"1":1,"2":1,"3":1,"4":1,"5":3,"6":3,"7":1,"8":2,"9":2,"10":1,"11":1,"12":1,"13":2,"14":2,"15":2,"16":1,"17":1,"18":1,"19":2,"20":2,"21":2,"22":1,"23":1,"24":1},"f":{"0":3,"1":2,"2":2},"b":{"0":[1,2],"1":[1,1],"2":[1,1],"3":[1,1]},"_coverageSchema":"1a1c01bbd47fc00a2c39e90264f33305004495a9","hash":"7f5be47dfca6df8a4d948d54e450ac0c4cf842ae"}
,"C:\\Users\\Nkosinathi\\Desktop\\campus-marketplace\\server\\src\\routes\\payments.js": {"path":"C:\\Users\\Nkosinathi\\Desktop\\campus-marketplace\\server\\src\\routes\\payments.js","statementMap":{"0":{"start":{"line":2,"column":16},"end":{"line":2,"column":34}},"1":{"start":{"line":3,"column":25},"end":{"line":3,"column":57}},"2":{"start":{"line":7,"column":4},"end":{"line":7,"column":41}},"3":{"start":{"line":9,"column":15},"end":{"line":9,"column":31}},"4":{"start":{"line":11,"column":17},"end":{"line":14,"column":1}},"5":{"start":{"line":16,"column":19},"end":{"line":16,"column":57}},"6":{"start":{"line":22,"column":0},"end":{"line":122,"column":3}},"7":{"start":{"line":23,"column":47},"end":{"line":23,"column":55}},"8":{"start":{"line":25,"column":2},"end":{"line":29,"column":3}},"9":{"start":{"line":26,"column":4},"end":{"line":28,"column":62}},"10":{"start":{"line":31,"column":2},"end":{"line":121,"column":3}},"11":{"start":{"line":32,"column":51},"end":{"line":36,"column":15}},"12":{"start":{"line":38,"column":4},"end":{"line":40,"column":5}},"13":{"start":{"line":39,"column":6},"end":{"line":39,"column":67}},"14":{"start":{"line":41,"column":4},"end":{"line":45,"column":5}},"15":{"start":{"line":42,"column":6},"end":{"line":44,"column":65}},"16":{"start":{"line":46,"column":4},"end":{"line":50,"column":5}},"17":{"start":{"line":47,"column":6},"end":{"line":49,"column":61}},"18":{"start":{"line":52,"column":47},"end":{"line":56,"column":15}},"19":{"start":{"line":58,"column":4},"end":{"line":60,"column":5}},"20":{"start":{"line":59,"column":6},"end":{"line":59,"column":73}},"21":{"start":{"line":63,"column":23},"end":{"line":63,"column":51}},"22":{"start":{"line":64,"column":22},"end":{"line":66,"column":18}},"23":{"start":{"line":67,"column":26},"end":{"line":67,"column":69}},"24":{"start":{"line":69,"column":4},"end":{"line":73,"column":5}},"25":{"start":{"line":70,"column":6},"end":{"line":72,"column":67}},"26":{"start":{"line":76,"column":50},"end":{"line":88,"column":15}},"27":{"start":{"line":90,"column":4},"end":{"line":90,"column":31}},"28":{"start":{"line":90,"column":17},"end":{"line":90,"column":31}},"29":{"start":{"line":92,"column":36},"end":{"line":97,"column":6}},"30":{"start":{"line":99,"column":4},"end":{"line":99,"column":41}},"31":{"start":{"line":99,"column":22},"end":{"line":99,"column":41}},"32":{"start":{"line":101,"column":33},"end":{"line":101,"column":59}},"33":{"start":{"line":102,"column":21},"end":{"line":102,"column":42}},"34":{"start":{"line":104,"column":20},"end":{"line":111,"column":6}},"35":{"start":{"line":113,"column":4},"end":{"line":117,"column":7}},"36":{"start":{"line":119,"column":4},"end":{"line":119,"column":50}},"37":{"start":{"line":120,"column":4},"end":{"line":120,"column":74}},"38":{"start":{"line":128,"column":0},"end":{"line":147,"column":2}},"39":{"start":{"line":132,"column":4},"end":{"line":132,"column":24}},"40":{"start":{"line":134,"column":20},"end":{"line":134,"column":28}},"41":{"start":{"line":136,"column":4},"end":{"line":145,"column":5}},"42":{"start":{"line":137,"column":6},"end":{"line":140,"column":7}},"43":{"start":{"line":138,"column":8},"end":{"line":138,"column":78}},"44":{"start":{"line":139,"column":8},"end":{"line":139,"column":15}},"45":{"start":{"line":142,"column":6},"end":{"line":142,"column":72}},"46":{"start":{"line":144,"column":6},"end":{"line":144,"column":51}},"47":{"start":{"line":154,"column":0},"end":{"line":171,"column":3}},"48":{"start":{"line":155,"column":2},"end":{"line":157,"column":3}},"49":{"start":{"line":156,"column":4},"end":{"line":156,"column":75}},"50":{"start":{"line":159,"column":28},"end":{"line":159,"column":36}},"51":{"start":{"line":160,"column":2},"end":{"line":162,"column":3}},"52":{"start":{"line":161,"column":4},"end":{"line":161,"column":73}},"53":{"start":{"line":164,"column":2},"end":{"line":170,"column":3}},"54":{"start":{"line":165,"column":4},"end":{"line":165,"column":58}},"55":{"start":{"line":166,"column":4},"end":{"line":166,"column":78}},"56":{"start":{"line":168,"column":4},"end":{"line":168,"column":45}},"57":{"start":{"line":169,"column":4},"end":{"line":169,"column":56}},"58":{"start":{"line":179,"column":44},"end":{"line":190,"column":13}},"59":{"start":{"line":192,"column":2},"end":{"line":192,"column":69}},"60":{"start":{"line":192,"column":27},"end":{"line":192,"column":69}},"61":{"start":{"line":195,"column":2},"end":{"line":202,"column":41}},"62":{"start":{"line":205,"column":2},"end":{"line":208,"column":29}},"63":{"start":{"line":211,"column":2},"end":{"line":214,"column":29}},"64":{"start":{"line":217,"column":28},"end":{"line":222,"column":13}},"65":{"start":{"line":224,"column":25},"end":{"line":226,"column":11}},"66":{"start":{"line":228,"column":4},"end":{"line":228,"column":60}},"67":{"start":{"line":231,"column":2},"end":{"line":238,"column":5}},"68":{"start":{"line":246,"column":0},"end":{"line":257,"column":3}},"69":{"start":{"line":247,"column":26},"end":{"line":251,"column":13}},"70":{"start":{"line":253,"column":2},"end":{"line":255,"column":3}},"71":{"start":{"line":254,"column":4},"end":{"line":254,"column":69}},"72":{"start":{"line":256,"column":2},"end":{"line":256,"column":24}},"73":{"start":{"line":263,"column":0},"end":{"line":272,"column":3}},"74":{"start":{"line":264,"column":26},"end":{"line":268,"column":39}},"75":{"start":{"line":270,"column":2},"end":{"line":270,"column":67}},"76":{"start":{"line":270,"column":13},"end":{"line":270,"column":67}},"77":{"start":{"line":271,"column":2},"end":{"line":271,"column":24}},"78":{"start":{"line":279,"column":0},"end":{"line":331,"column":3}},"79":{"start":{"line":280,"column":34},"end":{"line":280,"column":43}},"80":{"start":{"line":283,"column":16},"end":{"line":283,"column":26}},"81":{"start":{"line":284,"column":19},"end":{"line":284,"column":34}},"82":{"start":{"line":285,"column":2},"end":{"line":285,"column":40}},"83":{"start":{"line":287,"column":4},"end":{"line":289,"column":44}},"84":{"start":{"line":291,"column":26},"end":{"line":298,"column":14}},"85":{"start":{"line":300,"column":2},"end":{"line":300,"column":67}},"86":{"start":{"line":300,"column":13},"end":{"line":300,"column":67}},"87":{"start":{"line":302,"column":16},"end":{"line":302,"column":26}},"88":{"start":{"line":303,"column":2},"end":{"line":303,"column":46}},"89":{"start":{"line":303,"column":26},"end":{"line":303,"column":46}},"90":{"start":{"line":305,"column":18},"end":{"line":305,"column":46}},"91":{"start":{"line":305,"column":38},"end":{"line":305,"column":45}},"92":{"start":{"line":306,"column":54},"end":{"line":309,"column":27}},"93":{"start":{"line":311,"column":2},"end":{"line":312,"column":66}},"94":{"start":{"line":312,"column":4},"end":{"line":312,"column":66}},"95":{"start":{"line":314,"column":23},"end":{"line":317,"column":8}},"96":{"start":{"line":315,"column":4},"end":{"line":315,"column":16}},"97":{"start":{"line":316,"column":4},"end":{"line":316,"column":15}},"98":{"start":{"line":319,"column":2},"end":{"line":321,"column":5}},"99":{"start":{"line":320,"column":4},"end":{"line":320,"column":80}},"100":{"start":{"line":320,"column":49},"end":{"line":320,"column":80}},"101":{"start":{"line":323,"column":20},"end":{"line":328,"column":56}},"102":{"start":{"line":324,"column":20},"end":{"line":327,"column":5}},"103":{"start":{"line":328,"column":22},"end":{"line":328,"column":55}},"104":{"start":{"line":330,"column":2},"end":{"line":330,"column":29}},"105":{"start":{"line":336,"column":0},"end":{"line":419,"column":3}},"106":{"start":{"line":337,"column":60},"end":{"line":337,"column":68}},"107":{"start":{"line":339,"column":2},"end":{"line":341,"column":3}},"108":{"start":{"line":340,"column":4},"end":{"line":340,"column":71}},"109":{"start":{"line":343,"column":2},"end":{"line":418,"column":3}},"110":{"start":{"line":344,"column":25},"end":{"line":348,"column":15}},"111":{"start":{"line":350,"column":4},"end":{"line":354,"column":5}},"112":{"start":{"line":351,"column":6},"end":{"line":353,"column":77}},"113":{"start":{"line":356,"column":4},"end":{"line":360,"column":5}},"114":{"start":{"line":357,"column":6},"end":{"line":359,"column":71}},"115":{"start":{"line":362,"column":4},"end":{"line":366,"column":5}},"116":{"start":{"line":363,"column":6},"end":{"line":365,"column":71}},"117":{"start":{"line":368,"column":38},"end":{"line":373,"column":20}},"118":{"start":{"line":375,"column":4},"end":{"line":381,"column":5}},"119":{"start":{"line":376,"column":6},"end":{"line":380,"column":11}},"120":{"start":{"line":383,"column":27},"end":{"line":387,"column":15}},"121":{"start":{"line":389,"column":41},"end":{"line":392,"column":28}},"122":{"start":{"line":394,"column":4},"end":{"line":394,"column":37}},"123":{"start":{"line":394,"column":20},"end":{"line":394,"column":37}},"124":{"start":{"line":395,"column":4},"end":{"line":397,"column":5}},"125":{"start":{"line":396,"column":6},"end":{"line":396,"column":71}},"126":{"start":{"line":399,"column":51},"end":{"line":409,"column":15}},"127":{"start":{"line":411,"column":4},"end":{"line":411,"column":41}},"128":{"start":{"line":411,"column":22},"end":{"line":411,"column":41}},"129":{"start":{"line":414,"column":4},"end":{"line":414,"column":47}},"130":{"start":{"line":416,"column":4},"end":{"line":416,"column":46}},"131":{"start":{"line":417,"column":4},"end":{"line":417,"column":67}},"132":{"start":{"line":425,"column":0},"end":{"line":445,"column":3}},"133":{"start":{"line":426,"column":26},"end":{"line":441,"column":46}},"134":{"start":{"line":443,"column":2},"end":{"line":443,"column":67}},"135":{"start":{"line":443,"column":13},"end":{"line":443,"column":67}},"136":{"start":{"line":444,"column":2},"end":{"line":444,"column":24}},"137":{"start":{"line":451,"column":0},"end":{"line":472,"column":3}},"138":{"start":{"line":452,"column":26},"end":{"line":468,"column":46}},"139":{"start":{"line":470,"column":2},"end":{"line":470,"column":67}},"140":{"start":{"line":470,"column":13},"end":{"line":470,"column":67}},"141":{"start":{"line":471,"column":2},"end":{"line":471,"column":24}},"142":{"start":{"line":478,"column":0},"end":{"line":606,"column":3}},"143":{"start":{"line":479,"column":46},"end":{"line":479,"column":54}},"144":{"start":{"line":481,"column":2},"end":{"line":485,"column":3}},"145":{"start":{"line":482,"column":4},"end":{"line":484,"column":75}},"146":{"start":{"line":487,"column":2},"end":{"line":605,"column":3}},"147":{"start":{"line":489,"column":25},"end":{"line":493,"column":15}},"148":{"start":{"line":495,"column":4},"end":{"line":501,"column":5}},"149":{"start":{"line":496,"column":6},"end":{"line":500,"column":11}},"150":{"start":{"line":503,"column":4},"end":{"line":509,"column":5}},"151":{"start":{"line":504,"column":6},"end":{"line":508,"column":11}},"152":{"start":{"line":512,"column":31},"end":{"line":517,"column":20}},"153":{"start":{"line":519,"column":4},"end":{"line":525,"column":5}},"154":{"start":{"line":520,"column":6},"end":{"line":524,"column":11}},"155":{"start":{"line":527,"column":33},"end":{"line":532,"column":20}},"156":{"start":{"line":534,"column":33},"end":{"line":534,"column":72}},"157":{"start":{"line":535,"column":4},"end":{"line":539,"column":5}},"158":{"start":{"line":536,"column":6},"end":{"line":538,"column":79}},"159":{"start":{"line":541,"column":27},"end":{"line":545,"column":15}},"160":{"start":{"line":547,"column":4},"end":{"line":552,"column":5}},"161":{"start":{"line":548,"column":6},"end":{"line":551,"column":9}},"162":{"start":{"line":555,"column":51},"end":{"line":565,"column":15}},"163":{"start":{"line":567,"column":4},"end":{"line":567,"column":41}},"164":{"start":{"line":567,"column":22},"end":{"line":567,"column":41}},"165":{"start":{"line":572,"column":29},"end":{"line":582,"column":15}},"166":{"start":{"line":584,"column":4},"end":{"line":599,"column":5}},"167":{"start":{"line":585,"column":29},"end":{"line":589,"column":17}},"168":{"start":{"line":591,"column":6},"end":{"line":598,"column":9}},"169":{"start":{"line":601,"column":4},"end":{"line":601,"column":47}},"170":{"start":{"line":603,"column":4},"end":{"line":603,"column":50}},"171":{"start":{"line":604,"column":4},"end":{"line":604,"column":76}},"172":{"start":{"line":612,"column":0},"end":{"line":624,"column":3}},"173":{"start":{"line":613,"column":26},"end":{"line":620,"column":14}},"174":{"start":{"line":622,"column":2},"end":{"line":622,"column":67}},"175":{"start":{"line":622,"column":13},"end":{"line":622,"column":67}},"176":{"start":{"line":623,"column":2},"end":{"line":623,"column":24}},"177":{"start":{"line":630,"column":0},"end":{"line":638,"column":3}},"178":{"start":{"line":631,"column":20},"end":{"line":634,"column":40}},"179":{"start":{"line":636,"column":2},"end":{"line":636,"column":67}},"180":{"start":{"line":636,"column":13},"end":{"line":636,"column":67}},"181":{"start":{"line":637,"column":2},"end":{"line":637,"column":32}},"182":{"start":{"line":640,"column":0},"end":{"line":640,"column":24}}},"fnMap":{"0":{"name":"(anonymous_0)","decl":{"start":{"line":22,"column":25},"end":{"line":22,"column":26}},"loc":{"start":{"line":22,"column":45},"end":{"line":122,"column":1}},"line":22},"1":{"name":"(anonymous_1)","decl":{"start":{"line":131,"column":2},"end":{"line":131,"column":3}},"loc":{"start":{"line":131,"column":22},"end":{"line":146,"column":3}},"line":131},"2":{"name":"(anonymous_2)","decl":{"start":{"line":154,"column":28},"end":{"line":154,"column":29}},"loc":{"start":{"line":154,"column":48},"end":{"line":171,"column":1}},"line":154},"3":{"name":"confirmPayment","decl":{"start":{"line":177,"column":15},"end":{"line":177,"column":29}},"loc":{"start":{"line":177,"column":57},"end":{"line":241,"column":1}},"line":177},"4":{"name":"(anonymous_4)","decl":{"start":{"line":246,"column":37},"end":{"line":246,"column":38}},"loc":{"start":{"line":246,"column":57},"end":{"line":257,"column":1}},"line":246},"5":{"name":"(anonymous_5)","decl":{"start":{"line":263,"column":26},"end":{"line":263,"column":27}},"loc":{"start":{"line":263,"column":46},"end":{"line":272,"column":1}},"line":263},"6":{"name":"(anonymous_6)","decl":{"start":{"line":279,"column":33},"end":{"line":279,"column":34}},"loc":{"start":{"line":279,"column":53},"end":{"line":331,"column":1}},"line":279},"7":{"name":"(anonymous_7)","decl":{"start":{"line":305,"column":28},"end":{"line":305,"column":29}},"loc":{"start":{"line":305,"column":38},"end":{"line":305,"column":45}},"line":305},"8":{"name":"(anonymous_8)","decl":{"start":{"line":314,"column":38},"end":{"line":314,"column":39}},"loc":{"start":{"line":314,"column":51},"end":{"line":317,"column":3}},"line":314},"9":{"name":"(anonymous_9)","decl":{"start":{"line":319,"column":30},"end":{"line":319,"column":31}},"loc":{"start":{"line":319,"column":39},"end":{"line":321,"column":3}},"line":319},"10":{"name":"(anonymous_10)","decl":{"start":{"line":324,"column":9},"end":{"line":324,"column":10}},"loc":{"start":{"line":324,"column":20},"end":{"line":327,"column":5}},"line":324},"11":{"name":"(anonymous_11)","decl":{"start":{"line":328,"column":12},"end":{"line":328,"column":13}},"loc":{"start":{"line":328,"column":22},"end":{"line":328,"column":55}},"line":328},"12":{"name":"(anonymous_12)","decl":{"start":{"line":336,"column":26},"end":{"line":336,"column":27}},"loc":{"start":{"line":336,"column":46},"end":{"line":419,"column":1}},"line":336},"13":{"name":"(anonymous_13)","decl":{"start":{"line":425,"column":39},"end":{"line":425,"column":40}},"loc":{"start":{"line":425,"column":59},"end":{"line":445,"column":1}},"line":425},"14":{"name":"(anonymous_14)","decl":{"start":{"line":451,"column":35},"end":{"line":451,"column":36}},"loc":{"start":{"line":451,"column":55},"end":{"line":472,"column":1}},"line":451},"15":{"name":"(anonymous_15)","decl":{"start":{"line":478,"column":29},"end":{"line":478,"column":30}},"loc":{"start":{"line":478,"column":49},"end":{"line":606,"column":1}},"line":478},"16":{"name":"(anonymous_16)","decl":{"start":{"line":612,"column":40},"end":{"line":612,"column":41}},"loc":{"start":{"line":612,"column":60},"end":{"line":624,"column":1}},"line":612},"17":{"name":"(anonymous_17)","decl":{"start":{"line":630,"column":52},"end":{"line":630,"column":53}},"loc":{"start":{"line":630,"column":72},"end":{"line":638,"column":1}},"line":630}},"branchMap":{"0":{"loc":{"start":{"line":25,"column":2},"end":{"line":29,"column":3}},"type":"if","locations":[{"start":{"line":25,"column":2},"end":{"line":29,"column":3}},{"start":{},"end":{}}],"line":25},"1":{"loc":{"start":{"line":25,"column":6},"end":{"line":25,"column":28}},"type":"binary-expr","locations":[{"start":{"line":25,"column":6},"end":{"line":25,"column":16}},{"start":{"line":25,"column":20},"end":{"line":25,"column":28}}],"line":25},"2":{"loc":{"start":{"line":38,"column":4},"end":{"line":40,"column":5}},"type":"if","locations":[{"start":{"line":38,"column":4},"end":{"line":40,"column":5}},{"start":{},"end":{}}],"line":38},"3":{"loc":{"start":{"line":38,"column":8},"end":{"line":38,"column":32}},"type":"binary-expr","locations":[{"start":{"line":38,"column":8},"end":{"line":38,"column":20}},{"start":{"line":38,"column":24},"end":{"line":38,"column":32}}],"line":38},"4":{"loc":{"start":{"line":41,"column":4},"end":{"line":45,"column":5}},"type":"if","locations":[{"start":{"line":41,"column":4},"end":{"line":45,"column":5}},{"start":{},"end":{}}],"line":41},"5":{"loc":{"start":{"line":46,"column":4},"end":{"line":50,"column":5}},"type":"if","locations":[{"start":{"line":46,"column":4},"end":{"line":50,"column":5}},{"start":{},"end":{}}],"line":46},"6":{"loc":{"start":{"line":58,"column":4},"end":{"line":60,"column":5}},"type":"if","locations":[{"start":{"line":58,"column":4},"end":{"line":60,"column":5}},{"start":{},"end":{}}],"line":58},"7":{"loc":{"start":{"line":58,"column":8},"end":{"line":58,"column":28}},"type":"binary-expr","locations":[{"start":{"line":58,"column":8},"end":{"line":58,"column":18}},{"start":{"line":58,"column":22},"end":{"line":58,"column":28}}],"line":58},"8":{"loc":{"start":{"line":64,"column":22},"end":{"line":66,"column":18}},"type":"cond-expr","locations":[{"start":{"line":65,"column":8},"end":{"line":65,"column":63}},{"start":{"line":66,"column":8},"end":{"line":66,"column":18}}],"line":64},"9":{"loc":{"start":{"line":69,"column":4},"end":{"line":73,"column":5}},"type":"if","locations":[{"start":{"line":69,"column":4},"end":{"line":73,"column":5}},{"start":{},"end":{}}],"line":69},"10":{"loc":{"start":{"line":90,"column":4},"end":{"line":90,"column":31}},"type":"if","locations":[{"start":{"line":90,"column":4},"end":{"line":90,"column":31}},{"start":{},"end":{}}],"line":90},"11":{"loc":{"start":{"line":99,"column":4},"end":{"line":99,"column":41}},"type":"if","locations":[{"start":{"line":99,"column":4},"end":{"line":99,"column":41}},{"start":{},"end":{}}],"line":99},"12":{"loc":{"start":{"line":102,"column":21},"end":{"line":102,"column":42}},"type":"binary-expr","locations":[{"start":{"line":102,"column":21},"end":{"line":102,"column":35}},{"start":{"line":102,"column":39},"end":{"line":102,"column":42}}],"line":102},"13":{"loc":{"start":{"line":137,"column":6},"end":{"line":140,"column":7}},"type":"if","locations":[{"start":{"line":137,"column":6},"end":{"line":140,"column":7}},{"start":{},"end":{}}],"line":137},"14":{"loc":{"start":{"line":155,"column":2},"end":{"line":157,"column":3}},"type":"if","locations":[{"start":{"line":155,"column":2},"end":{"line":157,"column":3}},{"start":{},"end":{}}],"line":155},"15":{"loc":{"start":{"line":160,"column":2},"end":{"line":162,"column":3}},"type":"if","locations":[{"start":{"line":160,"column":2},"end":{"line":162,"column":3}},{"start":{},"end":{}}],"line":160},"16":{"loc":{"start":{"line":192,"column":2},"end":{"line":192,"column":69}},"type":"if","locations":[{"start":{"line":192,"column":2},"end":{"line":192,"column":69}},{"start":{},"end":{}}],"line":192},"17":{"loc":{"start":{"line":192,"column":6},"end":{"line":192,"column":25}},"type":"binary-expr","locations":[{"start":{"line":192,"column":6},"end":{"line":192,"column":18}},{"start":{"line":192,"column":22},"end":{"line":192,"column":25}}],"line":192},"18":{"loc":{"start":{"line":224,"column":25},"end":{"line":226,"column":11}},"type":"cond-expr","locations":[{"start":{"line":225,"column":6},"end":{"line":225,"column":63}},{"start":{"line":226,"column":6},"end":{"line":226,"column":11}}],"line":224},"19":{"loc":{"start":{"line":228,"column":4},"end":{"line":228,"column":60}},"type":"binary-expr","locations":[{"start":{"line":228,"column":4},"end":{"line":228,"column":51}},{"start":{"line":228,"column":55},"end":{"line":228,"column":60}}],"line":228},"20":{"loc":{"start":{"line":253,"column":2},"end":{"line":255,"column":3}},"type":"if","locations":[{"start":{"line":253,"column":2},"end":{"line":255,"column":3}},{"start":{},"end":{}}],"line":253},"21":{"loc":{"start":{"line":253,"column":6},"end":{"line":253,"column":20}},"type":"binary-expr","locations":[{"start":{"line":253,"column":6},"end":{"line":253,"column":11}},{"start":{"line":253,"column":15},"end":{"line":253,"column":20}}],"line":253},"22":{"loc":{"start":{"line":270,"column":2},"end":{"line":270,"column":67}},"type":"if","locations":[{"start":{"line":270,"column":2},"end":{"line":270,"column":67}},{"start":{},"end":{}}],"line":270},"23":{"loc":{"start":{"line":280,"column":10},"end":{"line":280,"column":29}},"type":"default-arg","locations":[{"start":{"line":280,"column":17},"end":{"line":280,"column":29}}],"line":280},"24":{"loc":{"start":{"line":287,"column":4},"end":{"line":289,"column":44}},"type":"cond-expr","locations":[{"start":{"line":288,"column":8},"end":{"line":288,"column":41}},{"start":{"line":289,"column":8},"end":{"line":289,"column":44}}],"line":287},"25":{"loc":{"start":{"line":300,"column":2},"end":{"line":300,"column":67}},"type":"if","locations":[{"start":{"line":300,"column":2},"end":{"line":300,"column":67}},{"start":{},"end":{}}],"line":300},"26":{"loc":{"start":{"line":302,"column":16},"end":{"line":302,"column":26}},"type":"binary-expr","locations":[{"start":{"line":302,"column":16},"end":{"line":302,"column":20}},{"start":{"line":302,"column":24},"end":{"line":302,"column":26}}],"line":302},"27":{"loc":{"start":{"line":303,"column":2},"end":{"line":303,"column":46}},"type":"if","locations":[{"start":{"line":303,"column":2},"end":{"line":303,"column":46}},{"start":{},"end":{}}],"line":303},"28":{"loc":{"start":{"line":311,"column":2},"end":{"line":312,"column":66}},"type":"if","locations":[{"start":{"line":311,"column":2},"end":{"line":312,"column":66}},{"start":{},"end":{}}],"line":311},"29":{"loc":{"start":{"line":319,"column":3},"end":{"line":319,"column":20}},"type":"binary-expr","locations":[{"start":{"line":319,"column":3},"end":{"line":319,"column":14}},{"start":{"line":319,"column":18},"end":{"line":319,"column":20}}],"line":319},"30":{"loc":{"start":{"line":320,"column":4},"end":{"line":320,"column":80}},"type":"if","locations":[{"start":{"line":320,"column":4},"end":{"line":320,"column":80}},{"start":{},"end":{}}],"line":320},"31":{"loc":{"start":{"line":326,"column":20},"end":{"line":326,"column":46}},"type":"binary-expr","locations":[{"start":{"line":326,"column":20},"end":{"line":326,"column":41}},{"start":{"line":326,"column":45},"end":{"line":326,"column":46}}],"line":326},"32":{"loc":{"start":{"line":339,"column":2},"end":{"line":341,"column":3}},"type":"if","locations":[{"start":{"line":339,"column":2},"end":{"line":341,"column":3}},{"start":{},"end":{}}],"line":339},"33":{"loc":{"start":{"line":339,"column":6},"end":{"line":339,"column":61}},"type":"binary-expr","locations":[{"start":{"line":339,"column":6},"end":{"line":339,"column":20}},{"start":{"line":339,"column":24},"end":{"line":339,"column":31}},{"start":{"line":339,"column":35},"end":{"line":339,"column":45}},{"start":{"line":339,"column":49},"end":{"line":339,"column":61}}],"line":339},"34":{"loc":{"start":{"line":350,"column":4},"end":{"line":354,"column":5}},"type":"if","locations":[{"start":{"line":350,"column":4},"end":{"line":354,"column":5}},{"start":{},"end":{}}],"line":350},"35":{"loc":{"start":{"line":350,"column":8},"end":{"line":350,"column":40}},"type":"binary-expr","locations":[{"start":{"line":350,"column":8},"end":{"line":350,"column":11}},{"start":{"line":350,"column":15},"end":{"line":350,"column":40}}],"line":350},"36":{"loc":{"start":{"line":356,"column":4},"end":{"line":360,"column":5}},"type":"if","locations":[{"start":{"line":356,"column":4},"end":{"line":360,"column":5}},{"start":{},"end":{}}],"line":356},"37":{"loc":{"start":{"line":362,"column":4},"end":{"line":366,"column":5}},"type":"if","locations":[{"start":{"line":362,"column":4},"end":{"line":366,"column":5}},{"start":{},"end":{}}],"line":362},"38":{"loc":{"start":{"line":375,"column":4},"end":{"line":381,"column":5}},"type":"if","locations":[{"start":{"line":375,"column":4},"end":{"line":381,"column":5}},{"start":{},"end":{}}],"line":375},"39":{"loc":{"start":{"line":394,"column":4},"end":{"line":394,"column":37}},"type":"if","locations":[{"start":{"line":394,"column":4},"end":{"line":394,"column":37}},{"start":{},"end":{}}],"line":394},"40":{"loc":{"start":{"line":395,"column":4},"end":{"line":397,"column":5}},"type":"if","locations":[{"start":{"line":395,"column":4},"end":{"line":397,"column":5}},{"start":{},"end":{}}],"line":395},"41":{"loc":{"start":{"line":395,"column":8},"end":{"line":395,"column":64}},"type":"binary-expr","locations":[{"start":{"line":395,"column":8},"end":{"line":395,"column":12}},{"start":{"line":395,"column":16},"end":{"line":395,"column":64}}],"line":395},"42":{"loc":{"start":{"line":395,"column":23},"end":{"line":395,"column":33}},"type":"binary-expr","locations":[{"start":{"line":395,"column":23},"end":{"line":395,"column":28}},{"start":{"line":395,"column":32},"end":{"line":395,"column":33}}],"line":395},"43":{"loc":{"start":{"line":395,"column":45},"end":{"line":395,"column":63}},"type":"binary-expr","locations":[{"start":{"line":395,"column":45},"end":{"line":395,"column":58}},{"start":{"line":395,"column":62},"end":{"line":395,"column":63}}],"line":395},"44":{"loc":{"start":{"line":411,"column":4},"end":{"line":411,"column":41}},"type":"if","locations":[{"start":{"line":411,"column":4},"end":{"line":411,"column":41}},{"start":{},"end":{}}],"line":411},"45":{"loc":{"start":{"line":443,"column":2},"end":{"line":443,"column":67}},"type":"if","locations":[{"start":{"line":443,"column":2},"end":{"line":443,"column":67}},{"start":{},"end":{}}],"line":443},"46":{"loc":{"start":{"line":470,"column":2},"end":{"line":470,"column":67}},"type":"if","locations":[{"start":{"line":470,"column":2},"end":{"line":470,"column":67}},{"start":{},"end":{}}],"line":470},"47":{"loc":{"start":{"line":481,"column":2},"end":{"line":485,"column":3}},"type":"if","locations":[{"start":{"line":481,"column":2},"end":{"line":485,"column":3}},{"start":{},"end":{}}],"line":481},"48":{"loc":{"start":{"line":481,"column":6},"end":{"line":481,"column":44}},"type":"binary-expr","locations":[{"start":{"line":481,"column":6},"end":{"line":481,"column":20}},{"start":{"line":481,"column":24},"end":{"line":481,"column":31}},{"start":{"line":481,"column":35},"end":{"line":481,"column":44}}],"line":481},"49":{"loc":{"start":{"line":495,"column":4},"end":{"line":501,"column":5}},"type":"if","locations":[{"start":{"line":495,"column":4},"end":{"line":501,"column":5}},{"start":{},"end":{}}],"line":495},"50":{"loc":{"start":{"line":495,"column":8},"end":{"line":495,"column":40}},"type":"binary-expr","locations":[{"start":{"line":495,"column":8},"end":{"line":495,"column":11}},{"start":{"line":495,"column":15},"end":{"line":495,"column":40}}],"line":495},"51":{"loc":{"start":{"line":503,"column":4},"end":{"line":509,"column":5}},"type":"if","locations":[{"start":{"line":503,"column":4},"end":{"line":509,"column":5}},{"start":{},"end":{}}],"line":503},"52":{"loc":{"start":{"line":519,"column":4},"end":{"line":525,"column":5}},"type":"if","locations":[{"start":{"line":519,"column":4},"end":{"line":525,"column":5}},{"start":{},"end":{}}],"line":519},"53":{"loc":{"start":{"line":535,"column":4},"end":{"line":539,"column":5}},"type":"if","locations":[{"start":{"line":535,"column":4},"end":{"line":539,"column":5}},{"start":{},"end":{}}],"line":535},"54":{"loc":{"start":{"line":547,"column":4},"end":{"line":552,"column":5}},"type":"if","locations":[{"start":{"line":547,"column":4},"end":{"line":552,"column":5}},{"start":{},"end":{}}],"line":547},"55":{"loc":{"start":{"line":567,"column":4},"end":{"line":567,"column":41}},"type":"if","locations":[{"start":{"line":567,"column":4},"end":{"line":567,"column":41}},{"start":{},"end":{}}],"line":567},"56":{"loc":{"start":{"line":584,"column":4},"end":{"line":599,"column":5}},"type":"if","locations":[{"start":{"line":584,"column":4},"end":{"line":599,"column":5}},{"start":{},"end":{}}],"line":584},"57":{"loc":{"start":{"line":622,"column":2},"end":{"line":622,"column":67}},"type":"if","locations":[{"start":{"line":622,"column":2},"end":{"line":622,"column":67}},{"start":{},"end":{}}],"line":622},"58":{"loc":{"start":{"line":636,"column":2},"end":{"line":636,"column":67}},"type":"if","locations":[{"start":{"line":636,"column":2},"end":{"line":636,"column":67}},{"start":{},"end":{}}],"line":636}},"s":{"0":1,"1":1,"2":1,"3":1,"4":1,"5":1,"6":1,"7":1,"8":1,"9":0,"10":1,"11":1,"12":1,"13":0,"14":1,"15":0,"16":1,"17":0,"18":1,"19":1,"20":0,"21":1,"22":1,"23":1,"24":1,"25":0,"26":1,"27":1,"28":0,"29":1,"30":1,"31":0,"32":1,"33":1,"34":1,"35":1,"36":0,"37":0,"38":1,"39":0,"40":0,"41":0,"42":0,"43":0,"44":0,"45":0,"46":0,"47":1,"48":0,"49":0,"50":0,"51":0,"52":0,"53":0,"54":0,"55":0,"56":0,"57":0,"58":0,"59":0,"60":0,"61":0,"62":0,"63":0,"64":0,"65":0,"66":0,"67":0,"68":1,"69":0,"70":0,"71":0,"72":0,"73":1,"74":0,"75":0,"76":0,"77":0,"78":1,"79":1,"80":1,"81":1,"82":1,"83":1,"84":1,"85":1,"86":0,"87":1,"88":1,"89":0,"90":1,"91":2,"92":1,"93":1,"94":0,"95":1,"96":2,"97":2,"98":1,"99":1,"100":1,"101":1,"102":2,"103":2,"104":1,"105":1,"106":1,"107":1,"108":0,"109":1,"110":1,"111":1,"112":0,"113":1,"114":0,"115":1,"116":0,"117":1,"118":1,"119":0,"120":1,"121":1,"122":1,"123":0,"124":1,"125":0,"126":1,"127":1,"128":0,"129":1,"130":0,"131":0,"132":1,"133":0,"134":0,"135":0,"136":0,"137":1,"138":0,"139":0,"140":0,"141":0,"142":1,"143":1,"144":1,"145":0,"146":1,"147":1,"148":1,"149":0,"150":1,"151":0,"152":1,"153":1,"154":0,"155":1,"156":1,"157":1,"158":0,"159":1,"160":1,"161":1,"162":0,"163":0,"164":0,"165":0,"166":0,"167":0,"168":0,"169":0,"170":0,"171":0,"172":1,"173":0,"174":0,"175":0,"176":0,"177":1,"178":0,"179":0,"180":0,"181":0,"182":1},"f":{"0":1,"1":0,"2":0,"3":0,"4":0,"5":0,"6":1,"7":2,"8":2,"9":1,"10":2,"11":2,"12":1,"13":0,"14":0,"15":1,"16":0,"17":0},"b":{"0":[0,1],"1":[1,1],"2":[0,1],"3":[1,1],"4":[0,1],"5":[0,1],"6":[0,1],"7":[1,1],"8":[1,0],"9":[0,1],"10":[0,1],"11":[0,1],"12":[1,0],"13":[0,0],"14":[0,0],"15":[0,0],"16":[0,0],"17":[0,0],"18":[0,0],"19":[0,0],"20":[0,0],"21":[0,0],"22":[0,0],"23":[1],"24":[0,1],"25":[0,1],"26":[1,0],"27":[0,1],"28":[0,1],"29":[1,0],"30":[1,0],"31":[2,0],"32":[0,1],"33":[1,1,1,1],"34":[0,1],"35":[1,1],"36":[0,1],"37":[0,1],"38":[0,1],"39":[0,1],"40":[0,1],"41":[1,1],"42":[1,1],"43":[1,0],"44":[0,1],"45":[0,0],"46":[0,0],"47":[0,1],"48":[1,1,1],"49":[0,1],"50":[1,1],"51":[0,1],"52":[0,1],"53":[0,1],"54":[1,0],"55":[0,0],"56":[0,0],"57":[0,0],"58":[0,0]},"_coverageSchema":"1a1c01bbd47fc00a2c39e90264f33305004495a9","hash":"d8a44c8a479b810f513ed058b117aab37623526c"}
,"C:\\Users\\Nkosinathi\\Desktop\\campus-marketplace\\server\\src\\services\\adminService.js": {"path":"C:\\Users\\Nkosinathi\\Desktop\\campus-marketplace\\server\\src\\services\\adminService.js","statementMap":{"0":{"start":{"line":1,"column":21},"end":{"line":1,"column":56}},"1":{"start":{"line":5,"column":24},"end":{"line":60,"column":1}},"2":{"start":{"line":6,"column":24},"end":{"line":6,"column":34}},"3":{"start":{"line":7,"column":2},"end":{"line":7,"column":54}},"4":{"start":{"line":15,"column":6},"end":{"line":33,"column":4}},"5":{"start":{"line":35,"column":21},"end":{"line":35,"column":55}},"6":{"start":{"line":36,"column":2},"end":{"line":36,"column":59}},"7":{"start":{"line":36,"column":18},"end":{"line":36,"column":59}},"8":{"start":{"line":38,"column":24},"end":{"line":41,"column":3}},"9":{"start":{"line":39,"column":16},"end":{"line":39,"column":45}},"10":{"start":{"line":42,"column":22},"end":{"line":45,"column":3}},"11":{"start":{"line":43,"column":16},"end":{"line":43,"column":49}},"12":{"start":{"line":47,"column":4},"end":{"line":47,"column":75}},"13":{"start":{"line":49,"column":2},"end":{"line":59,"column":4}},"14":{"start":{"line":64,"column":26},"end":{"line":141,"column":1}},"15":{"start":{"line":71,"column":6},"end":{"line":86,"column":4}},"16":{"start":{"line":88,"column":21},"end":{"line":88,"column":47}},"17":{"start":{"line":89,"column":2},"end":{"line":89,"column":59}},"18":{"start":{"line":89,"column":18},"end":{"line":89,"column":59}},"19":{"start":{"line":92,"column":25},"end":{"line":95,"column":8}},"20":{"start":{"line":93,"column":4},"end":{"line":93,"column":65}},"21":{"start":{"line":93,"column":20},"end":{"line":93,"column":65}},"22":{"start":{"line":94,"column":4},"end":{"line":94,"column":15}},"23":{"start":{"line":96,"column":28},"end":{"line":99,"column":16}},"24":{"start":{"line":97,"column":30},"end":{"line":97,"column":46}},"25":{"start":{"line":98,"column":20},"end":{"line":98,"column":37}},"26":{"start":{"line":102,"column":23},"end":{"line":102,"column":33}},"27":{"start":{"line":103,"column":2},"end":{"line":103,"column":53}},"28":{"start":{"line":104,"column":19},"end":{"line":104,"column":28}},"29":{"start":{"line":105,"column":2},"end":{"line":114,"column":7}},"30":{"start":{"line":106,"column":20},"end":{"line":106,"column":59}},"31":{"start":{"line":108,"column":16},"end":{"line":108,"column":39}},"32":{"start":{"line":109,"column":18},"end":{"line":112,"column":8}},"33":{"start":{"line":113,"column":6},"end":{"line":113,"column":54}},"34":{"start":{"line":115,"column":31},"end":{"line":117,"column":3}},"35":{"start":{"line":116,"column":25},"end":{"line":116,"column":41}},"36":{"start":{"line":119,"column":24},"end":{"line":122,"column":3}},"37":{"start":{"line":120,"column":16},"end":{"line":120,"column":45}},"38":{"start":{"line":123,"column":22},"end":{"line":126,"column":3}},"39":{"start":{"line":124,"column":16},"end":{"line":124,"column":49}},"40":{"start":{"line":128,"column":2},"end":{"line":140,"column":4}},"41":{"start":{"line":145,"column":27},"end":{"line":187,"column":1}},"42":{"start":{"line":149,"column":6},"end":{"line":166,"column":4}},"43":{"start":{"line":168,"column":2},"end":{"line":168,"column":55}},"44":{"start":{"line":168,"column":16},"end":{"line":168,"column":55}},"45":{"start":{"line":170,"column":2},"end":{"line":186,"column":4}},"46":{"start":{"line":172,"column":59},"end":{"line":177,"column":7}},"47":{"start":{"line":178,"column":57},"end":{"line":183,"column":7}},"48":{"start":{"line":189,"column":27},"end":{"line":195,"column":1}},"49":{"start":{"line":190,"column":20},"end":{"line":193,"column":24}},"50":{"start":{"line":194,"column":2},"end":{"line":194,"column":19}},"51":{"start":{"line":197,"column":26},"end":{"line":203,"column":1}},"52":{"start":{"line":198,"column":20},"end":{"line":201,"column":23}},"53":{"start":{"line":202,"column":2},"end":{"line":202,"column":19}},"54":{"start":{"line":207,"column":20},"end":{"line":207,"column":58}},"55":{"start":{
[...]
"loc":{"start":{"line":880,"column":4},"end":{"line":888,"column":5}},"type":"if","locations":[{"start":{"line":880,"column":4},"end":{"line":888,"column":5}},{"start":{},"end":{}}],"line":880},"126":{"loc":{"start":{"line":898,"column":4},"end":{"line":900,"column":5}},"type":"if","locations":[{"start":{"line":898,"column":4},"end":{"line":900,"column":5}},{"start":{},"end":{}}],"line":898},"127":{"loc":{"start":{"line":903,"column":2},"end":{"line":952,"column":3}},"type":"if","locations":[{"start":{"line":903,"column":2},"end":{"line":952,"column":3}},{"start":{},"end":{}}],"line":903},"128":{"loc":{"start":{"line":904,"column":4},"end":{"line":909,"column":5}},"type":"if","locations":[{"start":{"line":904,"column":4},"end":{"line":909,"column":5}},{"start":{},"end":{}}],"line":904},"129":{"loc":{"start":{"line":911,"column":4},"end":{"line":919,"column":5}},"type":"if","locations":[{"start":{"line":911,"column":4},"end":{"line":919,"column":5}},{"start":{},"end":{}}],"line":911},"130":{"loc":{"start":{"line":921,"column":4},"end":{"line":929,"column":5}},"type":"if","locations":[{"start":{"line":921,"column":4},"end":{"line":929,"column":5}},{"start":{},"end":{}}],"line":921},"131":{"loc":{"start":{"line":937,"column":4},"end":{"line":939,"column":5}},"type":"if","locations":[{"start":{"line":937,"column":4},"end":{"line":939,"column":5}},{"start":{},"end":{}}],"line":937},"132":{"loc":{"start":{"line":949,"column":4},"end":{"line":951,"column":5}},"type":"if","locations":[{"start":{"line":949,"column":4},"end":{"line":951,"column":5}},{"start":{},"end":{}}],"line":949},"133":{"loc":{"start":{"line":956,"column":4},"end":{"line":956,"column":39}},"type":"binary-expr","locations":[{"start":{"line":956,"column":4},"end":{"line":956,"column":14}},{"start":{"line":956,"column":18},"end":{"line":956,"column":39}}],"line":956}},"s":{"0":1,"1":1,"2":1,"3":1,"4":1,"5":5,"6":5,"7":5,"8":1,"9":7,"10":1,"11":7,"12":1,"13":23,"14":1,"15":99,"16":99,"17":51,"18":48,"19":1,"20":51,"21":51,"22":0,"23":51,"24":0,"25":51,"26":0,"27":51,"28":1,"29":14,"30":14,"31":0,"32":14,"33":0,"34":14,"35":1,"36":11,"37":0,"38":11,"39":1,"40":6,"41":5,"42":0,"43":1,"44":1,"45":1,"46":0,"47":1,"48":11,"49":0,"50":11,"51":0,"52":11,"53":1,"54":6,"55":9,"56":9,"57":1,"58":28,"59":38,"60":1,"61":7,"62":7,"63":7,"64":7,"65":7,"66":7,"67":7,"68":7,"69":7,"70":2,"71":5,"72":1,"73":4,"74":1,"75":3,"76":2,"77":1,"78":1,"79":0,"80":0,"81":0,"82":1,"83":0,"84":0,"85":0,"86":1,"87":11,"88":17,"89":11,"90":9,"91":11,"92":9,"93":11,"94":11,"95":11,"96":9,"97":9,"98":0,"99":9,"100":11,"101":1,"102":7,"103":7,"104":6,"105":1,"106":1,"107":0,"108":1,"109":7,"110":7,"111":7,"112":7,"113":7,"114":7,"115":1,"116":6,"117":6,"118":7,"119":6,"120":6,"121":12,"122":3,"123":9,"124":9,"125":9,"126":9,"127":9,"128":6,"129":11,"130":11,"131":11,"132":0,"133":0,"134":6,"135":7,"136":2,"137":6,"138":8,"139":11,"140":1,"141":6,"142":0,"143":6,"144":1,"145":8,"146":8,"147":7,"148":1,"149":1,"150":2,"151":1,"152":5,"153":1,"154":6,"155":1,"156":9,"157":1,"158":8,"159":8,"160":0,"161":8,"162":0,"163":8,"164":1,"165":1,"166":7,"167":7,"168":7,"169":7,"170":7,"171":7,"172":2,"173":2,"174":1,"175":1,"176":1,"177":2,"178":1,"179":0,"180":1,"181":5,"182":5,"183":0,"184":5,"185":5,"186":10,"187":5,"188":0,"189":5,"190":5,"191":9,"192":5,"193":6,"194":5,"195":5,"196":10,"197":5,"198":9,"199":5,"200":9,"201":6,"202":12,"203":6,"204":6,"205":0,"206":6,"207":12,"208":12,"209":12,"210":6,"211":7,"212":6,"213":6,"214":6,"215":7,"216":12,"217":17,"218":7,"219":6,"220":7,"221":5,"222":6,"223":12,"224":6,"225":11,"226":6,"227":11,"228":6,"229":11,"230":6,"231":11,"232":6,"233":7,"234":6,"235":7,"236":6,"237":1,"238":10,"239":1,"240":3,"241":1,"242":4,"243":1,"244":10,"245":10,"246":1,"247":9,"248":9,"249":16,"250":9,"251":9,"252":9,"253":9,"254":16,"255":9,"256":9,"257":9,"258":9,"259":0,"260":9,"261":1,"262":8,"263":2,"264":1,"265":1,"266":1,"267":0,"268":1,"269":1,"270":0,"271":7,"272":2,"273":0,"274":2,"275":1,"276":1,"277":1,"278":0,"279":1,"280":1,"281":0,"282":6,"283":2,"284":1,"285":1,"286":1,"287":0,"288":5,"289":2,"290":0,"291":2,"292":0,"293":2,"294":1,"295":1,"296":1,"297":0,"298":1,"299":1,"300":0,"301":4,"302":1},"f":{"0":5,"1":7,"2":7,"3":23,"4":99,"5":51,"6":14,"7":11,"8":6,"9":0,"10":1,"11":11,"12":6,"13":9,"14":28,"15":38,"16":7,"17":0,"18":0,"19":0,"20":0,"21":11,"22":17,"23":9,"24":9,"25":9,"26":7,"27":7,"28":6,"29":7,"30":8,"31":11,"32":6,"33":8,"34":2,"35":5,"36":6,"37":9,"38":2,"39":10,"40":9,"41":6,"42":10,"43":9,"44":9,"45":12,"46":12,"47":7,"48":7,"49":12,"50":17,"51":7,"52":5,"53":12,"54":11,"55":11,"56":11,"57":11,"58":7,"59":7,"60":10,"61":3,"62":4,"63":10,"64":16,"65":9,"66":16},"b":{"0":[0],"1":[7,0],"2":[23,0],"3":[99,0],"4":[51,48],"5":[51,10],"6":[0,51],"7":[0,51],"8":[0,51],"9":[14,0],"10":[0,14],"11":[0,14],"12":[0,11],"13":[5,1],"14":[0,0],"15":[0,0],"16":[0,0],"17":[1,0],"18":[1,1],"19":[1,0],"20":[1,0],"21":[0,11],"22":[0,11],"23":[9,9],"24":[28,4],"25":[7,0],"26":[7,5],"27":[7,2],"28":[2,5],"29":[7,5],"30":[1,4],"31":[5,2,4],"32":[1,3],"33":[4,3],"34":[2,1],"35":[3,3],"36":[11,0],"37":[0,9],"38":[9,0],"39":[0,11],"40":[7,1],"41":[7,2],"42":[6,1],"43":[1,0],"44":[1,1],"45":[7,0],"46":[7,0],"47":[7,0],"48":[7,0],"49":[5,2],"50":[7,0],"51":[3,9],"52":[5,4],"53":[2,7],"54":[9,0],"55":[9,0],"56":[9,0],"57":[2,7],"58":[2,0],"59":[7,0],"60":[11,2],"61":[11,0],"62":[0,11],"63":[11,0],"64":[2,5],"65":[2,0],"66":[0,6],"67":[7,1],"68":[6,0],"69":[0],"70":[1,8],"71":[9,8],"72":[0,8],"73":[0,8],"74":[8,7],"75":[1,7],"76":[1,0],"77":[7,5],"78":[2,5],"79":[1,1],"80":[1,0],"81":[0,1],"82":[1,0],"83":[0,5],"84":[5,0],"85":[0,5],"86":[5,0],"87":[5,0,0],"88":[5,0],"89":[6,0],"90":[0,6],"91":[6,0],"92":[6,0],"93":[6,0],"94":[7,0],"95":[12,0],"96":[12,0],"97":[6,0],"98":[6,0],"99":[11,0],"100":[11,2],"101":[6,0],"102":[6,0],"103":[6,0],"104":[1],"105":[1,9],"106":[9,0],"107":[9,4],"108":[9,6],"109":[9,8],"110":[8,2],"111":[0,9],"112":[9,9],"113":[1,8],"114":[9,9,8],"115":[2,6],"116":[1,1],"117":[0,1],"118":[0,1],"119":[2,5],"120":[0,2],"121":[1,1],"122":[0,1],"123":[0,1],"124":[2,4],"125":[1,1],"126":[0,1],"127":[2,3],"128":[0,2],"129":[0,2],"130":[1,1],"131":[0,1],"132":[0,1],"133":[4,0]},"_coverageSchema":"1a1c01bbd47fc00a2c39e90264f33305004495a9","hash":"f8296a655051bbf766284c4bf9f99aeb6e1c11c2"}
,"C:\\Users\\Nkosinathi\\Desktop\\campus-marketplace\\server\\src\\services\\listingService.js": {"path":"C:\\Users\\Nkosinathi\\Desktop\\campus-marketplace\\server\\src\\services\\listingService.js","statementMap":{"0":{"start":{"line":1,"column":21},"end":{"line":1,"column":56}},"1":{"start":{"line":8,"column":26},"end":{"line":31,"column":1}},"2":{"start":{"line":10,"column":26},"end":{"line":28,"column":46}},"3":{"start":{"line":30,"column":2},"end":{"line":30,"column":25}},"4":{"start":{"line":37,"column":30},"end":{"line":61,"column":1}},"5":{"start":{"line":38,"column":26},"end":{"line":58,"column":46}},"6":{"start":{"line":60,"column":2},"end":{"line":60,"column":25}},"7":{"start":{"line":68,"column":22},"end":{"line":111,"column":1}},"8":{"start":{"line":79,"column":35},"end":{"line":92,"column":13}},"9":{"start":{"line":94,"column":2},"end":{"line":94,"column":42}},"10":{"start":{"line":94,"column":13},"end":{"line":94,"column":42}},"11":{"start":{"line":97,"column":2},"end":{"line":108,"column":3}},"12":{"start":{"line":98,"column":22},"end":{"line":102,"column":7}},"13":{"start":{"line":98,"column":51},"end":{"line":102,"column":5}},"14":{"start":{"line":104,"column":34},"end":{"line":106,"column":24}},"15":{"start":{"line":107,"column":4},"end":{"line":107,"column":61}},"16":{"start":{"line":107,"column":20},"end":{"line":107,"column":61}},"17":{"start":{"line":110,"column":2},"end":{"line":110,"column":40}},"18":{"start":{"line":113,"column":0},"end":{"line":113,"column":77}}},"fnMap":{"0":{"name":"(anonymous_0)","decl":{"start":{"line":8,"column":26},"end":{"line":8,"column":27}},"loc":{"start":{"line":8,"column":38},"end":{"line":31,"column":1}},"line":8},"1":{"name":"(anonymous_1)","decl":{"start":{"line":37,"column":30},"end":{"line":37,"column":31}},"loc":{"start":{"line":37,"column":50},"end":{"line":61,"column":1}},"line":37},"2":{"name":"(anonymous_2)","decl":{"start":{"line":68,"column":22},"end":{"line":68,"column":23}},"loc":{"start":{"line":77,"column":6},"end":{"line":111,"column":1}},"line":77},"3":{"name":"(anonymous_3)","decl":{"start":{"line":98,"column":33},"end":{"line":98,"column":34}},"loc":{"start":{"line":98,"column":51},"end":{"line":102,"column":5}},"line":98}},"branchMap":{"0":{"loc":{"start":{"line":76,"column":2},"end":{"line":76,"column":13}},"type":"default-arg","locations":[{"start":{"line":76,"column":11},"end":{"line":76,"column":13}}],"line":76},"1":{"loc":{"start":{"line":94,"column":2},"end":{"line":94,"column":42}},"type":"if","locations":[{"start":{"line":94,"column":2},"end":{"line":94,"column":42}},{"start":{},"end":{}}],"line":94},"2":{"loc":{"start":{"line":97,"column":2},"end":{"line":108,"column":3}},"type":"if","locations":[{"start":{"line":97,"column":2},"end":{"line":108,"column":3}},{"start":{},"end":{}}],"line":97},"3":{"loc":{"start":{"line":107,"column":4},"end":{"line":107,"column":61}},"type":"if","locations":[{"start":{"line":107,"column":4},"end":{"line":107,"column":61}},{"start":{},"end":{}}],"line":107}},"s":{"0":1,"1":1,"2":4,"3":4,"4":1,"5":0,"6":0,"7":1,"8":1,"9":1,"10":0,"11":1,"12":0,"13":0,"14":0,"15":0,"16":0,"17":1,"18":1},"f":{"0":4,"1":0,"2":1,"3":0},"b":{"0":[1],"1":[0,1],"2":[0,1],"3":[0,0]},"_coverageSchema":"1a1c01bbd47fc00a2c39e90264f33305004495a9","hash":"859efac2087ec7d30c1d1d31829609b39d407caa"}
,"C:\\Users\\Nkosinathi\\Desktop\\campus-marketplace\\server\\src\\services\\listingValidator.js": {"path":"C:\\Users\\Nkosinathi\\Desktop\\campus-marketplace\\server\\src\\services\\listingValidator.js","statementMap":{"0":{"start":{"line":4,"column":25},"end":{"line":4,"column":78}},"1":{"start":{"line":5,"column":25},"end":{"line":5,"column":68}},"2":{"start":{"line":6,"column":28},"end":{"line":6,"column":53}},"3":{"start":{"line":12,"column":29},"end":{"line":46,"column":1}},"4":{"start":{"line":19,"column":17},"end":{"line":19,"column":19}},"5":{"start":{"line":21,"column":2},"end":{"line":23,"column":3}},"6":{"start":{"line":22,"column":4},"end":{"line":22,"column":37}},"7":{"start":{"line":25,"column":2},"end":{"line":27,"column":3}},"8":{"start":{"line":26,"column":4},"end":{"line":26,"column":75}},"9":{"start":{"line":29,"column":2},"end":{"line":31,"column":3}},"10":{"start":{"line":30,"column":4},"end":{"line":30,"column":76}},"11":{"start":{"line":33,"column":2},"end":{"line":37,"column":3}},"12":{"start":{"line":34,"column":4},"end":{"line":34,"column":44}},"13":{"start":{"line":35,"column":9},"end":{"line":37,"column":3}},"14":{"start":{"line":36,"column":4},"end":{"line":36,"column":58}},"15":{"start":{"line":39,"column":2},"end":{"line":43,"column":3}},"16":{"start":{"line":40,"column":4},"end":{"line":42,"column":6}},"17":{"start":{"line":45,"column":2},"end":{"line":45,"column":48}},"18":{"start":{"line":48,"column":0},"end":{"line":53,"column":2}}},"fnMap":{"0":{"name":"(anonymous_0)","decl":{"start":{"line":12,"column":29},"end":{"line":12,"column":30}},"loc":{"start":{"line":18,"column":6},"end":{"line":46,"column":1}},"line":18}},"branchMap":{"0":{"loc":{"start":{"line":21,"column":2},"end":{"line":23,"column":3}},"type":"if","locations":[{"start":{"line":21,"column":2},"end":{"line":23,"column":3}},{"start":{},"end":{}}],"line":21},"1":{"loc":{"start":{"line":21,"column":6},"end":{"line":21,"column":64}},"type":"binary-expr","locations":[{"start":{"line":21,"column":6},"end":{"line":21,"column":12}},{"start":{"line":21,"column":16},"end":{"line":21,"column":41}},{"start":{"line":21,"column":45},"end":{"line":21,"column":64}}],"line":21},"2":{"loc":{"start":{"line":25,"column":2},"end":{"line":27,"column":3}},"type":"if","locations":[{"start":{"line":25,"column":2},"end":{"line":27,"column":3}},{"start":{},"end":{}}],"line":25},"3":{"loc":{"start":{"line":25,"column":6},"end":{"line":25,"column":55}},"type":"binary-expr","locations":[{"start":{"line":25,"column":6},"end":{"line":25,"column":15}},{"start":{"line":25,"column":19},"end":{"line":25,"column":55}}],"line":25},"4":{"loc":{"start":{"line":29,"column":2},"end":{"line":31,"column":3}},"type":"if","locations":[{"start":{"line":29,"column":2},"end":{"line":31,"column":3}},{"start":{},"end":{}}],"line":29},"5":{"loc":{"start":{"line":29,"column":6},"end":{"line":29,"column":57}},"type":"binary-expr","locations":[{"start":{"line":29,"column":6},"end":{"line":29,"column":16}},{"start":{"line":29,"column":20},"end":{"line":29,"column":57}}],"line":29},"6":{"loc":{"start":{"line":33,"column":2},"end":{"line":37,"column":3}},"type":"if","locations":[{"start":{"line":33,"column":2},"end":{"line":37,"column":3}},{"start":{"line":35,"column":9},"end":{"line":37,"column":3}}],"line":33},"7":{"loc":{"start":{"line":33,"column":6},"end":{"line":33,"column":55}},"type":"binary-expr","locations":[{"start":{"line":33,"column":6},"end":{"line":33,"column":31}},{"start":{"line":33,"column":35},"end":{"line":33,"column":55}}],"line":33},"8":{"loc":{"start":{"line":35,"column":9},"end":{"line":37,"column":3}},"type":"if","locations":[{"start":{"line":35,"column":9},"end":{"line":37,"column":3}},{"start":{},"end":{}}],"line":35},"9":{"loc":{"start":{"line":35,"column":13},"end":{"line":35,"column":64}},"type":"binary-expr","locations":[{"start":{"line":35,"column":13},"end":{"line":35,"column":44}},{"start":{"line":35,"column":48},"end":{"line":35,"column":64}}],"line":35},"10":{"loc":{"start":{"line":39,"column":2},"end":{"line":43,"column":3}},"type":"if","locations":[{"start":{"line":39,"column":2},"end":{"line":43,"column":3}},{"start":{},"end":{}}],"line":39},"11":{"loc":{"start":{"line":39,"column":6},"end":{"line":39,"column":64}},"type":"binary-expr","locations":[{"start":{"line":39,"column":6},"end":{"line":39,"column":18}},{"start":{"line":39,"column":22},"end":{"line":39,"column":64}}],"line":39}},"s":{"0":3,"1":3,"2":3,"3":3,"4":15,"5":15,"6":2,"7":15,"8":2,"9":15,"10":1,"11":15,"12":0,"13":15,"14":3,"15":15,"16":1,"17":15,"18":3},"f":{"0":15},"b":{"0":[2,13],"1":[15,13,13],"2":[2,13],"3":[15,15],"4":[1,14],"5":[15,15],"6":[0,15],"7":[15,15],"8":[3,12],"9":[15,15],"10":[1,14],"11":[15,15]},"_coverageSchema":"1a1c01bbd47fc00a2c39e90264f33305004495a9","hash":"1b997bdd339bae88b13a044cdcb39acd9ad60118"}
,"C:\\Users\\Nkosinathi\\Desktop\\campus-marketplace\\server\\src\\services\\payfastService.js": {"path":"C:\\Users\\Nkosinathi\\Desktop\\campus-marketplace\\server\\src\\services\\payfastService.js","statementMap":{"0":{"start":{"line":2,"column":15},"end":{"line":2,"column":32}},"1":{"start":{"line":4,"column":28},"end":{"line":4,"column":71}},"2":{"start":{"line":5,"column":28},"end":{"line":5,"column":67}},"3":{"start":{"line":9,"column":19},"end":{"line":9,"column":57}},"4":{"start":{"line":16,"column":2},"end":{"line":16,"column":71}},"5":{"start":{"line":24,"column":22},"end":{"line":27,"column":14}},"6":{"start":{"line":25,"column":23},"end":{"line":25,"column":64}},"7":{"start":{"line":26,"column":21},"end":{"line":26,"column":46}},"8":{"start":{"line":29,"column":23},"end":{"line":31,"column":17}},"9":{"start":{"line":33,"column":2},"end":{"line":33,"column":69}},"10":{"start":{"line":48,"column":22},"end":{"line":48,"column":53}},"11":{"start":{"line":49,"column":22},"end":{"line":49,"column":54}},"12":{"start":{"line":50,"column":22},"end":{"line":50,"column":52}},"13":{"start":{"line":51,"column":22},"end":{"line":51,"column":72}},"14":{"start":{"line":52,"column":22},"end":{"line":52,"column":72}},"15":{"start":{"line":55,"column":17},"end":{"line":67,"column":3}},"16":{"start":{"line":70,"column":2},"end":{"line":70,"column":43}},"17":{"start":{"line":70,"column":18},"end":{"line":70,"column":43}},"18":{"start":{"line":72,"column":20},"end":{"line":72,"column":57}},"19":{"start":{"line":74,"column":2},"end":{"line":77,"column":4}},"20":{"start":{"line":84,"column":21},"end":{"line":84,"column":51}},"21":{"start":{"line":85,"column":43},"end":{"line":85,"column":50}},"22":{"start":{"line":86,"column":19},"end":{"line":86,"column":54}},"23":{"start":{"line":87,"column":2},"end":{"line":87,"column":72}},"24":{"start":{"line":90,"column":0},"end":{"line":90,"column":52}}},"fnMap":{"0":{"name":"phpUrlencode","decl":{"start":{"line":15,"column":9},"end":{"line":15,"column":21}},"loc":{"start":{"line":15,"column":29},"end":{"line":17,"column":1}},"line":15},"1":{"name":"generateSignature","decl":{"start":{"line":23,"column":9},"end":{"line":23,"column":26}},"loc":{"start":{"line":23,"column":47},"end":{"line":34,"column":1}},"line":23},"2":{"name":"(anonymous_2)","decl":{"start":{"line":25,"column":12},"end":{"line":25,"column":13}},"loc":{"start":{"line":25,"column":23},"end":{"line":25,"column":64}},"line":25},"3":{"name":"(anonymous_3)","decl":{"start":{"line":26,"column":9},"end":{"line":26,"column":10}},"loc":{"start":{"line":26,"column":21},"end":{"line":26,"column":46}},"line":26},"4":{"name":"buildPaymentPayload","decl":{"start":{"line":40,"column":9},"end":{"line":40,"column":28}},"loc":{"start":{"line":47,"column":3},"end":{"line":78,"column":1}},"line":47},"5":{"name":"verifyITN","decl":{"start":{"line":83,"column":9},"end":{"line":83,"column":18}},"loc":{"start":{"line":83,"column":28},"end":{"line":88,"column":1}},"line":83}},"branchMap":{"0":{"loc":{"start":{"line":25,"column":23},"end":{"line":25,"column":64}},"type":"binary-expr","locations":[{"start":{"line":25,"column":23},"end":{"line":25,"column":31}},{"start":{"line":25,"column":35},"end":{"line":25,"column":45}},{"start":{"line":25,"column":49},"end":{"line":25,"column":64}}],"line":25},"1":{"loc":{"start":{"line":29,"column":23},"end":{"line":31,"column":17}},"type":"cond-expr","locations":[{"start":{"line":30,"column":6},"end":{"line":30,"column":61}},{"start":{"line":31,"column":6},"end":{"line":31,"column":17}}],"line":29},"2":{"loc":{"start":{"line":51,"column":22},"end":{"line":51,"column":72}},"type":"binary-expr","locations":[{"start":{"line":51,"column":22},"end":{"line":51,"column":44}},{"start":{"line":51,"column":49},"end":{"line":51,"column":72}}],"line":51},"3":{"loc":{"start":{"line":52,"column":22},"end":{"line":52,"column":72}},"type":"binary-expr","locations":[{"start":{"line":52,"column":22},"end":{"line":52,"column":44}},{"start":{"line":52,"column":49},"end":{"line":52,"column":72}}],"line":52},"4":{"loc":{"start":{"line":60,"column":19},"end":{"line":60,"column":72}},"type":"cond-expr","locations":[{"start":{"line":60,"column":32},"end":{"line":60,"column":34}},{"start":{"line":60,"column":37},"end":{"line":60,"column":72}}],"line":60},"5":{"loc":{"start":{"line":70,"column":2},"end":{"line":70,"column":43}},"type":"if","locations":[{"start":{"line":70,"column":2},"end":{"line":70,"column":43}},{"start":{},"end":{}}],"line":70},"6":{"loc":{"start":{"line":75,"column":12},"end":{"line":75,"column":63}},"type":"cond-expr","locations":[{"start":{"line":75,"column":25},"end":{"line":75,"column":44}},{"start":{"line":75,"column":47},"end":{"line":75,"column":63}}],"line":75},"7":{"loc":{"start":{"line":87,"column":9},"end":{"line":87,"column":71}},"type":"binary-expr","locations":[{"start":{"line":87,"column":9},"end":{"line":87,"column":30}},{"start":{"line":87,"column":34},"end":{"line":87,"column":71}}],"line":87}},"s":{"0":3,"1":3,"2":3,"3":3,"4":38,"5":5,"6":33,"7":33,"8":5,"9":5,"10":2,"11":2,"12":2,"13":2,"14":2,"15":2,"16":2,"17":1,"18":2,"19":2,"20":3,"21":3,"22":3,"23":3,"24":3},"f":{"0":38,"1":5,"2":33,"3":33,"4":2,"5":3},"b":{"0":[33,33,33],"1":[5,0],"2":[2,1],"3":[2,1],"4":[1,1],"5":[1,1],"6":[1,1],"7":[3,1]},"_coverageSchema":"1a1c01bbd47fc00a2c39e90264f33305004495a9","hash":"08b5280c14a013cfea355a03b26136b63c3e7e5f"}
}
