TN:
SF:server\src\middleware\authMiddleware.js
FN:17,(anonymous_0)
FN:59,(anonymous_1)
FN:60,(anonymous_2)
FN:107,(anonymous_3)
FNF:4
FNH:4
FNDA:7,(anonymous_0)
FNDA:8,(anonymous_1)
FNDA:8,(anonymous_2)
FNDA:5,(anonymous_3)
DA:1,3
DA:17,3
DA:18,7
DA:20,7
DA:21,7
DA:22,2
DA:26,5
DA:27,5
DA:28,1
DA:32,4
DA:33,3
DA:34,2
DA:38,1
DA:39,1
DA:41,1
DA:59,3
DA:60,8
DA:61,8
DA:63,8
DA:64,1
DA:68,7
DA:74,6
DA:75,1
DA:79,5
DA:80,2
DA:86,3
DA:88,3
DA:91,1
DA:107,3
DA:108,5
DA:109,5
DA:110,1
DA:113,4
DA:119,3
DA:120,1
DA:124,2
DA:126,2
DA:129,1
DA:133,3
LF:39
LH:39
BRDA:21,0,0,2
BRDA:21,0,1,5
BRDA:21,1,0,7
BRDA:21,1,1,6
BRDA:27,2,0,1
BRDA:27,2,1,4
BRDA:33,3,0,2
BRDA:33,3,1,1
BRDA:33,4,0,3
BRDA:33,4,1,1
BRDA:63,5,0,1
BRDA:63,5,1,7
BRDA:74,6,0,1
BRDA:74,6,1,5
BRDA:74,7,0,6
BRDA:74,7,1,5
BRDA:79,8,0,2
BRDA:79,8,1,3
BRDA:109,9,0,1
BRDA:109,9,1,4
BRDA:119,10,0,1
BRDA:119,10,1,2
BRDA:119,11,0,3
BRDA:119,11,1,2
BRF:24
BRH:24
end_of_record
TN:
SF:server\src\middleware\validateListing.js
FN:16,(anonymous_0)
FNF:1
FNH:1
FNDA:8,(anonymous_0)
DA:2,2
DA:16,2
DA:17,8
DA:18,8
DA:21,8
DA:29,8
DA:30,3
DA:35,5
DA:45,5
DA:48,0
DA:52,2
LF:11
LH:10
BRDA:29,0,0,3
BRDA:29,0,1,5
BRDA:38,1,0,5
BRDA:38,1,1,4
BRF:4
BRH:4
end_of_record
TN:
SF:server\src\routes\facilityDashboard.js
FN:18,(anonymous_0)
FN:44,(anonymous_1)
FNF:2
FNH:2
FNDA:2,(anonymous_0)
FNDA:2,(anonymous_1)
DA:1,1
DA:2,1
DA:6,1
DA:11,1
DA:13,1
DA:19,2
DA:21,2
DA:22,2
DA:28,2
DA:29,0
DA:35,2
DA:39,1
DA:45,2
DA:46,2
DA:48,2
DA:55,2
DA:56,0
DA:59,2
DA:60,1
DA:65,1
DA:73,1
DA:74,0
DA:81,0
DA:87,1
DA:91,1
LF:25
LH:21
BRDA:21,0,0,1
BRDA:21,0,1,1
BRDA:28,1,0,0
BRDA:28,1,1,2
BRDA:29,2,0,0
BRDA:29,2,1,0
BRDA:55,3,0,0
BRDA:55,3,1,2
BRDA:59,4,0,1
BRDA:59,4,1,1
BRDA:59,5,0,2
BRDA:59,5,1,2
BRDA:68,6,0,1
BRDA:68,6,1,0
BRDA:73,7,0,0
BRDA:73,7,1,1
BRDA:74,8,0,0
BRDA:74,8,1,0
BRDA:75,9,0,0
BRDA:75,9,1,0
BRDA:75,10,0,0
BRDA:75,10,1,0
BRDA:75,10,2,0
BRF:23
BRH:10
end_of_record
TN:
SF:server\src\routes\listing.js
FN:19,(anonymous_0)
FN:36,(anonymous_1)
FN:73,(anonymous_2)
FN:105,(anonymous_3)
FN:146,(anonymous_4)
FN:190,(anonymous_5)
FN:204,(anonymous_6)
FN:242,(anonymous_7)
FNF:8
FNH:8
FNDA:2,(anonymous_0)
FNDA:4,(anonymous_1)
FNDA:19,(anonymous_2)
FNDA:4,(anonymous_3)
FNDA:3,(anonymous_4)
FNDA:2,(anonymous_5)
FNDA:3,(anonymous_6)
FNDA:2,(anonymous_7)
DA:2,1
DA:3,1
DA:4,1
DA:10,1
DA:11,1
DA:12,1
DA:13,1
DA:19,1
DA:20,2
DA:22,2
DA:23,1
DA:28,1
DA:36,1
DA:37,4
DA:38,4
DA:40,4
DA:41,1
DA:44,3
DA:45,1
DA:49,2
DA:51,2
DA:52,1
DA:57,1
DA:58,1
DA:59,0
DA:65,1
DA:73,1
DA:74,19
DA:76,19
DA:77,4
DA:82,15
DA:84,15
DA:85,3
DA:90,12
DA:92,12
DA:93,1
DA:98,11
DA:105,1
DA:107,4
DA:108,4
DA:110,4
DA:111,1
DA:114,3
DA:122,3
DA:123,1
DA:126,2
DA:136,2
DA:137,1
DA:142,1
DA:146,1
DA:147,3
DA:149,3
DA:150,3
DA:173,3
DA:174,1
DA:175,1
DA:178,2
DA:179,1
DA:182,1
DA:184,0
DA:185,0
DA:190,1
DA:191,2
DA:193,2
DA:195,2
DA:196,1
DA:199,1
DA:204,1
DA:205,3
DA:208,3
DA:210,3
DA:218,3
DA:219,1
DA:222,2
DA:236,2
DA:238,1
DA:242,1
DA:243,2
DA:244,2
DA:246,2
DA:255,2
DA:256,1
DA:259,1
DA:262,1
LF:84
LH:81
BRDA:22,0,0,1
BRDA:22,0,1,1
BRDA:40,1,0,1
BRDA:40,1,1,3
BRDA:44,2,0,1
BRDA:44,2,1,2
BRDA:51,3,0,1
BRDA:51,3,1,1
BRDA:58,4,0,0
BRDA:58,4,1,1
BRDA:65,5,0,1
BRDA:65,5,1,0
BRDA:76,6,0,4
BRDA:76,6,1,15
BRDA:76,7,0,19
BRDA:76,7,1,16
BRDA:84,8,0,3
BRDA:84,8,1,12
BRDA:84,9,0,15
BRDA:84,9,1,14
BRDA:92,10,0,1
BRDA:92,10,1,11
BRDA:110,11,0,1
BRDA:110,11,1,3
BRDA:122,12,0,1
BRDA:122,12,1,2
BRDA:136,13,0,1
BRDA:136,13,1,1
BRDA:173,14,0,1
BRDA:173,14,1,2
BRDA:178,15,0,1
BRDA:178,15,1,1
BRDA:178,16,0,2
BRDA:178,16,1,2
BRDA:195,17,0,1
BRDA:195,17,1,1
BRDA:218,18,0,1
BRDA:218,18,1,2
BRDA:236,19,0,1
BRDA:236,19,1,1
BRDA:255,20,0,1
BRDA:255,20,1,1
BRF:42
BRH:40
end_of_record
TN:
SF:server\src\routes\listings.js
FN:13,(anonymous_0)
FN:30,(anonymous_1)
FN:69,(anonymous_2)
FNF:3
FNH:2
FNDA:2,(anonymous_0)
FNDA:0,(anonymous_1)
FNDA:2,(anonymous_2)
DA:2,1
DA:3,1
DA:4,1
DA:5,1
DA:6,1
DA:7,1
DA:8,1
DA:13,1
DA:14,2
DA:16,2
DA:17,1
DA:20,1
DA:30,1
DA:31,0
DA:33,0
DA:34,0
DA:37,0
DA:39,0
DA:40,0
DA:43,0
DA:45,0
DA:46,0
DA:49,0
DA:63,1
DA:70,2
DA:72,2
DA:73,1
DA:76,1
DA:80,1
LF:29
LH:19
BRDA:16,0,0,1
BRDA:16,0,1,1
BRDA:33,1,0,0
BRDA:33,1,1,0
BRDA:33,2,0,0
BRDA:33,2,1,0
BRDA:39,3,0,0
BRDA:39,3,1,0
BRDA:39,4,0,0
BRDA:39,4,1,0
BRDA:45,5,0,0
BRDA:45,5,1,0
BRDA:72,6,0,1
BRDA:72,6,1,1
BRF:14
BRH:4
end_of_record
TN:
SF:server\src\routes\messages.js
FN:11,(anonymous_0)
FN:31,(anonymous_1)
FN:49,(anonymous_2)
FNF:3
FNH:3
FNDA:3,(anonymous_0)
FNDA:2,(anonymous_1)
FNDA:2,(anonymous_2)
DA:1,1
DA:2,1
DA:3,1
DA:5,1
DA:11,1
DA:12,3
DA:14,3
DA:15,1
DA:18,2
DA:23,2
DA:24,1
DA:27,1
DA:31,1
DA:32,2
DA:34,2
DA:41,2
DA:42,1
DA:45,1
DA:49,1
DA:50,2
DA:52,2
DA:58,2
DA:59,1
DA:62,1
DA:65,1
LF:25
LH:25
BRDA:14,0,0,1
BRDA:14,0,1,2
BRDA:23,1,0,1
BRDA:23,1,1,1
BRDA:41,2,0,1
BRDA:41,2,1,1
BRDA:58,3,0,1
BRDA:58,3,1,1
BRF:8
BRH:8
end_of_record
TN:
SF:server\src\routes\payments.js
FN:22,(anonymous_0)
FN:131,(anonymous_1)
FN:154,(anonymous_2)
FN:177,confirmPayment
FN:246,(anonymous_4)
FN:263,(anonymous_5)
FN:279,(anonymous_6)
FN:304,(anonymous_7)
FN:319,(anonymous_8)
FN:325,(anonymous_9)
FN:329,(anonymous_10)
FN:337,(anonymous_11)
FN:429,(anonymous_12)
FN:455,(anonymous_13)
FN:482,(anonymous_14)
FN:634,(anonymous_15)
FN:652,(anonymous_16)
FNF:17
FNH:8
FNDA:1,(anonymous_0)
FNDA:0,(anonymous_1)
FNDA:0,(anonymous_2)
FNDA:0,confirmPayment
FNDA:0,(anonymous_4)
FNDA:0,(anonymous_5)
FNDA:1,(anonymous_6)
FNDA:2,(anonymous_7)
FNDA:1,(anonymous_8)
FNDA:2,(anonymous_9)
FNDA:2,(anonymous_10)
FNDA:1,(anonymous_11)
FNDA:0,(anonymous_12)
FNDA:0,(anonymous_13)
FNDA:1,(anonymous_14)
FNDA:0,(anonymous_15)
FNDA:0,(anonymous_16)
DA:2,1
DA:3,1
DA:7,1
DA:9,1
DA:11,1
DA:16,1
DA:22,1
DA:23,1
DA:25,1
DA:26,0
DA:31,1
DA:32,1
DA:38,1
DA:39,0
DA:41,1
DA:42,0
DA:46,1
DA:47,0
DA:52,1
DA:58,1
DA:59,0
DA:63,1
DA:64,1
DA:67,1
DA:69,1
DA:70,0
DA:76,1
DA:90,1
DA:92,1
DA:99,1
DA:101,1
DA:102,1
DA:104,1
DA:113,1
DA:119,0
DA:120,0
DA:128,1
DA:132,0
DA:134,0
DA:136,0
DA:137,0
DA:138,0
DA:139,0
DA:142,0
DA:144,0
DA:154,1
DA:155,0
DA:156,0
DA:159,0
DA:160,0
DA:161,0
DA:164,0
DA:165,0
DA:166,0
DA:168,0
DA:169,0
DA:179,0
DA:192,0
DA:195,0
DA:205,0
DA:211,0
DA:217,0
DA:224,0
DA:228,0
DA:231,0
DA:246,1
DA:247,0
DA:253,0
DA:254,0
DA:256,0
DA:263,1
DA:264,0
DA:270,0
DA:271,0
DA:279,1
DA:280,1
DA:283,1
DA:284,1
DA:285,1
DA:287,1
DA:291,1
DA:300,1
DA:303,1
DA:304,2
DA:306,1
DA:307,0
DA:310,1
DA:315,1
DA:316,0
DA:319,1
DA:320,1
DA:321,1
DA:324,1
DA:325,2
DA:329,2
DA:331,1
DA:337,1
DA:338,1
DA:340,1
DA:341,0
DA:344,1
DA:345,0
DA:348,1
DA:349,1
DA:355,1
DA:356,0
DA:361,1
DA:362,0
DA:367,1
DA:374,1
DA:375,0
DA:382,1
DA:388,1
DA:389,0
DA:392,1
DA:397,1
DA:399,1
DA:400,0
DA:403,1
DA:415,1
DA:418,1
DA:420,0
DA:421,0
DA:429,1
DA:430,0
DA:447,0
DA:448,0
DA:455,1
DA:456,0
DA:474,0
DA:475,0
DA:482,1
DA:483,1
DA:485,1
DA:486,0
DA:491,1
DA:493,1
DA:499,1
DA:500,0
DA:507,1
DA:508,0
DA:516,1
DA:523,1
DA:524,0
DA:531,1
DA:537,1
DA:538,0
DA:541,1
DA:548,1
DA:550,1
DA:551,0
DA:556,1
DA:557,1
DA:565,0
DA:570,0
DA:572,0
DA:573,0
DA:577,0
DA:589,0
DA:594,0
DA:606,0
DA:607,0
DA:613,0
DA:623,0
DA:625,0
DA:626,0
DA:634,1
DA:635,0
DA:644,0
DA:645,0
DA:652,1
DA:653,0
DA:658,0
DA:659,0
DA:662,1
LF:175
LH:91
BRDA:25,0,0,0
BRDA:25,0,1,1
BRDA:25,1,0,1
BRDA:25,1,1,1
BRDA:38,2,0,0
BRDA:38,2,1,1
BRDA:38,3,0,1
BRDA:38,3,1,1
BRDA:41,4,0,0
BRDA:41,4,1,1
BRDA:46,5,0,0
BRDA:46,5,1,1
BRDA:58,6,0,0
BRDA:58,6,1,1
BRDA:58,7,0,1
BRDA:58,7,1,1
BRDA:64,8,0,1
BRDA:64,8,1,0
BRDA:69,9,0,0
BRDA:69,9,1,1
BRDA:90,10,0,0
BRDA:90,10,1,1
BRDA:99,11,0,0
BRDA:99,11,1,1
BRDA:102,12,0,1
BRDA:102,12,1,0
BRDA:137,13,0,0
BRDA:137,13,1,0
BRDA:155,14,0,0
BRDA:155,14,1,0
BRDA:160,15,0,0
BRDA:160,15,1,0
BRDA:192,16,0,0
BRDA:192,16,1,0
BRDA:192,17,0,0
BRDA:192,17,1,0
BRDA:224,18,0,0
BRDA:224,18,1,0
BRDA:228,19,0,0
BRDA:228,19,1,0
BRDA:253,20,0,0
BRDA:253,20,1,0
BRDA:253,21,0,0
BRDA:253,21,1,0
BRDA:270,22,0,0
BRDA:270,22,1,0
BRDA:280,23,0,1
BRDA:287,24,0,0
BRDA:287,24,1,1
BRDA:300,25,0,0
BRDA:300,25,1,1
BRDA:303,26,0,1
BRDA:303,26,1,0
BRDA:306,27,0,0
BRDA:306,27,1,1
BRDA:315,28,0,0
BRDA:315,28,1,1
BRDA:319,29,0,1
BRDA:319,29,1,0
BRDA:320,30,0,1
BRDA:320,30,1,1
BRDA:327,31,0,2
BRDA:327,31,1,1
BRDA:340,32,0,0
BRDA:340,32,1,1
BRDA:340,33,0,1
BRDA:340,33,1,1
BRDA:340,33,2,1
BRDA:340,33,3,1
BRDA:344,34,0,0
BRDA:344,34,1,1
BRDA:355,35,0,0
BRDA:355,35,1,1
BRDA:355,36,0,1
BRDA:355,36,1,1
BRDA:361,37,0,0
BRDA:361,37,1,1
BRDA:374,38,0,0
BRDA:374,38,1,1
BRDA:388,39,0,0
BRDA:388,39,1,1
BRDA:388,40,0,1
BRDA:388,40,1,1
BRDA:397,41,0,0
BRDA:397,41,1,1
BRDA:399,42,0,0
BRDA:399,42,1,1
BRDA:399,43,0,1
BRDA:399,43,1,1
BRDA:415,44,0,0
BRDA:415,44,1,1
BRDA:447,45,0,0
BRDA:447,45,1,0
BRDA:474,46,0,0
BRDA:474,46,1,0
BRDA:485,47,0,0
BRDA:485,47,1,1
BRDA:485,48,0,1
BRDA:485,48,1,1
BRDA:485,48,2,1
BRDA:499,49,0,0
BRDA:499,49,1,1
BRDA:499,50,0,1
BRDA:499,50,1,1
BRDA:507,51,0,0
BRDA:507,51,1,1
BRDA:523,52,0,0
BRDA:523,52,1,1
BRDA:537,53,0,0
BRDA:537,53,1,1
BRDA:537,54,0,1
BRDA:537,54,1,1
BRDA:550,55,0,0
BRDA:550,55,1,1
BRDA:556,56,0,1
BRDA:556,56,1,0
BRDA:570,57,0,0
BRDA:570,57,1,0
BRDA:572,58,0,0
BRDA:572,58,1,0
BRDA:572,59,0,0
BRDA:572,59,1,0
BRDA:589,60,0,0
BRDA:589,60,1,0
BRDA:606,61,0,0
BRDA:606,61,1,0
BRDA:644,62,0,0
BRDA:644,62,1,0
BRDA:658,63,0,0
BRDA:658,63,1,0
BRF:130
BRH:60
end_of_record
TN:
SF:server\src\services\authServices.js
FN:6,(anonymous_0)
FN:23,(anonymous_1)
FNF:2
FNH:2
FNDA:7,(anonymous_0)
FNDA:5,(anonymous_1)
DA:3,2
DA:6,2
DA:8,7
DA:9,2
DA:12,5
DA:13,5
DA:14,1
DA:17,4
DA:19,4
DA:23,2
DA:24,5
DA:31,5
DA:33,2
LF:13
LH:13
BRDA:8,0,0,2
BRDA:8,0,1,5
BRDA:8,1,0,7
BRDA:8,1,1,5
BRDA:13,2,0,1
BRDA:13,2,1,4
BRDA:23,3,0,4
BRDA:26,4,0,1
BRDA:26,4,1,4
BRDA:31,5,0,5
BRDA:31,5,1,2
BRF:11
BRH:11
end_of_record
TN:
SF:server\src\services\cpiService.js
FN:8,(anonymous_0)
FN:36,(anonymous_1)
FNF:2
FNH:2
FNDA:25,(anonymous_0)
FNDA:16,(anonymous_1)
DA:2,3
DA:8,3
DA:9,25
DA:10,1
DA:13,24
DA:15,24
DA:16,3
DA:19,21
DA:36,3
DA:37,16
DA:39,16
DA:40,2
DA:44,14
DA:45,14
DA:46,14
DA:48,14
DA:58,3
LF:17
LH:17
BRDA:9,0,0,1
BRDA:9,0,1,24
BRDA:9,1,0,25
BRDA:9,1,1,24
BRDA:15,2,0,3
BRDA:15,2,1,21
BRDA:39,3,0,2
BRDA:39,3,1,14
BRDA:39,4,0,16
BRDA:39,4,1,14
BRF:10
BRH:10
end_of_record
TN:
SF:server\src\services\facilityDashboardService.js
FN:45,(anonymous_0)
FN:51,(anonymous_1)
FN:58,(anonymous_2)
FN:63,(anonymous_3)
FN:66,(anonymous_4)
FN:76,(anonymous_5)
FN:94,(anonymous_6)
FN:116,(anonymous_7)
FN:129,(anonymous_8)
FN:131,(anonymous_9)
FN:140,(anonymous_10)
FN:151,(anonymous_11)
FN:157,(anonymous_12)
FN:159,(anonymous_13)
FN:162,(anonymous_14)
FN:203,(anonymous_15)
FN:204,(anonymous_16)
FN:209,(anonymous_17)
FN:210,(anonymous_18)
FN:215,(anonymous_19)
FN:216,(anonymous_20)
FN:218,(anonymous_21)
FN:221,(anonymous_22)
FN:249,(anonymous_23)
FN:264,(anonymous_24)
FN:302,(anonymous_25)
FN:304,(anonymous_26)
FN:365,(anonymous_27)
FN:367,(anonymous_28)
FN:370,(anonymous_29)
FN:406,(anonymous_30)
FN:424,(anonymous_31)
FN:432,(anonymous_32)
FN:442,(anonymous_33)
FN:450,(anonymous_34)
FN:525,(anonymous_35)
FN:544,(anonymous_36)
FN:552,(anonymous_37)
FN:555,(anonymous_38)
FN:560,(anonymous_39)
FN:562,(anonymous_40)
FN:563,(anonymous_41)
FN:568,(anonymous_42)
FN:576,(anonymous_43)
FN:583,(anonymous_44)
FN:595,(anonymous_45)
FN:598,(anonymous_46)
FN:600,(anonymous_47)
FN:606,(anonymous_48)
FN:614,(anonymous_49)
FN:618,(anonymous_50)
FN:621,(anonymous_51)
FN:623,(anonymous_52)
FN:626,(anonymous_53)
FN:654,(anonymous_54)
FN:701,(anonymous_55)
FN:711,(anonymous_56)
FN:717,(anonymous_57)
FN:735,(anonymous_58)
FN:741,(anonymous_59)
FN:744,(anonymous_60)
FNF:61
FNH:56
FNDA:5,(anonymous_0)
FNDA:7,(anonymous_1)
FNDA:7,(anonymous_2)
FNDA:25,(anonymous_3)
FNDA:96,(anonymous_4)
FNDA:51,(anonymous_5)
FNDA:14,(anonymous_6)
FNDA:11,(anonymous_7)
FNDA:6,(anonymous_8)
FNDA:0,(anonymous_9)
FNDA:1,(anonymous_10)
FNDA:11,(anonymous_11)
FNDA:28,(anonymous_12)
FNDA:38,(anonymous_13)
FNDA:7,(anonymous_14)
FNDA:0,(anonymous_15)
FNDA:0,(anonymous_16)
FNDA:0,(anonymous_17)
FNDA:0,(anonymous_18)
FNDA:11,(anonymous_19)
FNDA:23,(anonymous_20)
FNDA:12,(anonymous_21)
FNDA:12,(anonymous_22)
FNDA:7,(anonymous_23)
FNDA:7,(anonymous_24)
FNDA:6,(anonymous_25)
FNDA:7,(anonymous_26)
FNDA:10,(anonymous_27)
FNDA:12,(anonymous_28)
FNDA:6,(anonymous_29)
FNDA:8,(anonymous_30)
FNDA:2,(anonymous_31)
FNDA:5,(anonymous_32)
FNDA:6,(anonymous_33)
FNDA:9,(anonymous_34)
FNDA:2,(anonymous_35)
FNDA:10,(anonymous_36)
FNDA:9,(anonymous_37)
FNDA:6,(anonymous_38)
FNDA:10,(anonymous_39)
FNDA:9,(anonymous_40)
FNDA:9,(anonymous_41)
FNDA:12,(anonymous_42)
FNDA:12,(anonymous_43)
FNDA:7,(anonymous_44)
FNDA:11,(anonymous_45)
FNDA:7,(anonymous_46)
FNDA:12,(anonymous_47)
FNDA:17,(anonymous_48)
FNDA:11,(anonymous_49)
FNDA:11,(anonymous_50)
FNDA:11,(anonymous_51)
FNDA:7,(anonymous_52)
FNDA:7,(anonymous_53)
FNDA:10,(anonymous_54)
FNDA:3,(anonymous_55)
FNDA:4,(anonymous_56)
FNDA:10,(anonymous_57)
FNDA:16,(anonymous_58)
FNDA:9,(anonymous_59)
FNDA:16,(anonymous_60)
DA:1,1
DA:3,1
DA:4,1
DA:12,1
DA:45,1
DA:46,5
DA:47,5
DA:48,5
DA:51,1
DA:52,7
DA:58,1
DA:59,7
DA:63,1
DA:64,25
DA:66,1
DA:67,96
DA:69,96
DA:70,49
DA:73,47
DA:76,1
DA:77,51
DA:79,51
DA:80,0
DA:83,51
DA:84,0
DA:87,51
DA:88,0
DA:91,51
DA:94,1
DA:95,14
DA:97,14
DA:106,0
DA:109,14
DA:110,0
DA:113,14
DA:116,1
DA:117,11
DA:118,0
DA:121,11
DA:129,1
DA:130,6
DA:131,5
DA:139,1
DA:140,1
DA:148,0
DA:151,1
DA:152,11
DA:153,10
DA:154,10
DA:157,1
DA:158,28
DA:159,38
DA:162,1
DA:163,7
DA:164,7
DA:165,7
DA:166,7
DA:167,7
DA:168,7
DA:170,7
DA:172,7
DA:174,7
DA:175,2
DA:178,5
DA:182,1
DA:185,4
DA:186,1
DA:189,3
DA:197,2
DA:200,1
DA:203,1
DA:204,0
DA:205,0
DA:206,0
DA:209,1
DA:210,0
DA:211,0
DA:212,0
DA:215,1
DA:216,23
DA:217,11
DA:218,12
DA:220,11
DA:221,12
DA:223,11
DA:224,11
DA:225,11
DA:226,11
DA:230,11
DA:249,1
DA:251,7
DA:253,7
DA:254,6
DA:257,1
DA:258,1
DA:261,0
DA:264,1
DA:265,7
DA:266,7
DA:267,7
DA:268,7
DA:269,7
DA:271,7
DA:302,1
DA:303,6
DA:304,7
DA:306,6
DA:307,12
DA:308,3
DA:311,9
DA:312,9
DA:314,9
DA:318,9
DA:320,9
DA:334,6
DA:335,11
DA:336,11
DA:338,11
DA:339,1
DA:340,1
DA:351,6
DA:352,7
DA:353,2
DA:364,6
DA:365,10
DA:367,12
DA:370,1
DA:371,6
DA:372,0
DA:375,6
DA:406,1
DA:407,8
DA:412,8
DA:413,7
DA:418,1
DA:424,1
DA:425,2
DA:432,1
DA:433,5
DA:442,1
DA:443,6
DA:450,1
DA:455,9
DA:456,1
DA:465,8
DA:469,8
DA:470,0
DA:473,8
DA:474,0
DA:483,8
DA:484,1
DA:486,1
DA:506,7
DA:507,7
DA:508,7
DA:509,7
DA:510,7
DA:512,7
DA:513,2
DA:518,2
DA:519,1
DA:522,1
DA:525,2
DA:527,1
DA:528,0
DA:531,1
DA:533,5
DA:538,5
DA:539,0
DA:542,5
DA:544,10
DA:546,5
DA:547,0
DA:550,5
DA:551,5
DA:552,9
DA:555,6
DA:559,5
DA:560,10
DA:562,9
DA:563,5
DA:564,9
DA:568,12
DA:570,6
DA:572,6
DA:573,0
DA:576,6
DA:577,12
DA:578,12
DA:579,12
DA:582,6
DA:583,7
DA:586,6
DA:594,6
DA:595,6
DA:596,11
DA:598,6
DA:599,7
DA:600,12
DA:606,17
DA:610,7
DA:613,6
DA:614,11
DA:617,6
DA:618,11
DA:621,11
DA:622,6
DA:623,7
DA:625,6
DA:626,7
DA:629,6
DA:654,1
DA:655,10
DA:701,1
DA:702,3
DA:711,1
DA:712,4
DA:717,1
DA:725,10
DA:727,10
DA:728,1
DA:731,9
DA:732,9
DA:735,16
DA:739,9
DA:740,9
DA:741,9
DA:743,9
DA:744,16
DA:747,9
DA:750,9
DA:753,9
DA:756,9
DA:757,0
DA:766,9
DA:771,1
DA:780,8
DA:781,2
DA:782,1
DA:788,1
DA:794,1
DA:795,0
DA:798,1
DA:803,1
DA:804,0
DA:808,7
DA:809,2
DA:810,0
DA:816,2
DA:817,1
DA:826,1
DA:832,1
DA:833,0
DA:836,1
DA:841,1
DA:842,0
DA:846,6
DA:847,2
DA:848,1
DA:857,1
DA:865,1
DA:866,0
DA:870,5
DA:871,2
DA:872,0
DA:878,2
DA:879,0
DA:888,2
DA:889,1
DA:898,1
DA:904,1
DA:905,0
DA:908,1
DA:916,1
DA:917,0
DA:921,4
DA:924,1
LF:277
LH:245
BRDA:45,0,0,0
BRDA:56,1,0,7
BRDA:56,1,1,0
BRDA:64,2,0,25
BRDA:64,2,1,0
BRDA:67,3,0,96
BRDA:67,3,1,0
BRDA:69,4,0,49
BRDA:69,4,1,47
BRDA:77,5,0,51
BRDA:77,5,1,10
BRDA:79,6,0,0
BRDA:79,6,1,51
BRDA:83,7,0,0
BRDA:83,7,1,51
BRDA:87,8,0,0
BRDA:87,8,1,51
BRDA:95,9,0,14
BRDA:95,9,1,0
BRDA:97,10,0,0
BRDA:97,10,1,14
BRDA:109,11,0,0
BRDA:109,11,1,14
BRDA:117,12,0,0
BRDA:117,12,1,11
BRDA:130,13,0,5
BRDA:130,13,1,1
BRDA:132,14,0,0
BRDA:132,14,1,0
BRDA:133,15,0,0
BRDA:133,15,1,0
BRDA:134,16,0,0
BRDA:134,16,1,0
BRDA:139,17,0,1
BRDA:139,17,1,0
BRDA:139,18,0,1
BRDA:139,18,1,1
BRDA:142,19,0,1
BRDA:142,19,1,0
BRDA:143,20,0,1
BRDA:143,20,1,0
BRDA:152,21,0,1
BRDA:152,21,1,10
BRDA:153,22,0,0
BRDA:153,22,1,10
BRDA:158,23,0,28
BRDA:158,23,1,4
BRDA:165,24,0,7
BRDA:165,24,1,0
BRDA:170,25,0,7
BRDA:170,25,1,5
BRDA:172,26,0,7
BRDA:172,26,1,2
BRDA:174,27,0,2
BRDA:174,27,1,5
BRDA:174,28,0,7
BRDA:174,28,1,5
BRDA:178,29,0,1
BRDA:178,29,1,4
BRDA:179,30,0,5
BRDA:179,30,1,2
BRDA:179,30,2,4
BRDA:185,31,0,1
BRDA:185,31,1,3
BRDA:185,32,0,4
BRDA:185,32,1,3
BRDA:189,33,0,2
BRDA:189,33,1,1
BRDA:190,34,0,3
BRDA:190,34,1,3
BRDA:223,35,0,11
BRDA:223,35,1,0
BRDA:223,35,2,0
BRDA:224,36,0,11
BRDA:224,36,1,0
BRDA:225,37,0,11
BRDA:225,37,1,0
BRDA:226,38,0,11
BRDA:226,38,1,0
BRDA:237,39,0,1
BRDA:237,39,1,10
BRDA:242,40,0,11
BRDA:242,40,1,0
BRDA:243,41,0,11
BRDA:243,41,1,0
BRDA:251,42,0,7
BRDA:251,42,1,1
BRDA:251,43,0,7
BRDA:251,43,1,2
BRDA:253,44,0,6
BRDA:253,44,1,1
BRDA:257,45,0,1
BRDA:257,45,1,0
BRDA:257,46,0,1
BRDA:257,46,1,1
BRDA:273,47,0,7
BRDA:273,47,1,0
BRDA:274,48,0,7
BRDA:274,48,1,0
BRDA:275,49,0,7
BRDA:275,49,1,0
BRDA:277,50,0,7
BRDA:277,50,1,0
BRDA:278,51,0,5
BRDA:278,51,1,2
BRDA:283,52,0,7
BRDA:283,52,1,0
BRDA:307,53,0,3
BRDA:307,53,1,9
BRDA:314,54,0,5
BRDA:314,54,1,4
BRDA:318,55,0,2
BRDA:318,55,1,7
BRDA:321,56,0,9
BRDA:321,56,1,0
BRDA:324,57,0,9
BRDA:324,57,1,0
BRDA:325,58,0,9
BRDA:325,58,1,0
BRDA:326,59,0,2
BRDA:326,59,1,7
BRDA:327,60,0,2
BRDA:327,60,1,0
BRDA:328,61,0,7
BRDA:328,61,1,0
BRDA:335,62,0,11
BRDA:335,62,1,0
BRDA:336,63,0,11
BRDA:336,63,1,0
BRDA:338,64,0,1
BRDA:338,64,1,10
BRDA:338,65,0,11
BRDA:338,65,1,1
BRDA:352,66,0,2
BRDA:352,66,1,5
BRDA:358,67,0,2
BRDA:358,67,1,0
BRDA:371,68,0,0
BRDA:371,68,1,6
BRDA:412,69,0,7
BRDA:412,69,1,1
BRDA:443,70,0,6
BRDA:443,70,1,0
BRDA:453,71,0,0
BRDA:455,72,0,1
BRDA:455,72,1,8
BRDA:455,73,0,9
BRDA:455,73,1,8
BRDA:469,74,0,0
BRDA:469,74,1,8
BRDA:473,75,0,0
BRDA:473,75,1,8
BRDA:473,76,0,8
BRDA:473,76,1,7
BRDA:483,77,0,1
BRDA:483,77,1,7
BRDA:484,78,0,1
BRDA:484,78,1,0
BRDA:508,79,0,7
BRDA:508,79,1,5
BRDA:512,80,0,2
BRDA:512,80,1,5
BRDA:518,81,0,1
BRDA:518,81,1,1
BRDA:522,82,0,1
BRDA:522,82,1,0
BRDA:527,83,0,0
BRDA:527,83,1,1
BRDA:531,84,0,1
BRDA:531,84,1,0
BRDA:538,85,0,0
BRDA:538,85,1,5
BRDA:542,86,0,5
BRDA:542,86,1,0
BRDA:546,87,0,0
BRDA:546,87,1,5
BRDA:550,88,0,5
BRDA:550,88,1,0
BRDA:555,89,0,5
BRDA:555,89,1,0
BRDA:555,89,2,0
BRDA:559,90,0,5
BRDA:559,90,1,0
BRDA:568,91,0,6
BRDA:568,91,1,0
BRDA:572,92,0,0
BRDA:572,92,1,6
BRDA:576,93,0,6
BRDA:576,93,1,0
BRDA:583,94,0,6
BRDA:583,94,1,0
BRDA:595,95,0,6
BRDA:595,95,1,0
BRDA:596,96,0,11
BRDA:596,96,1,0
BRDA:598,97,0,6
BRDA:598,97,1,0
BRDA:599,98,0,7
BRDA:599,98,1,0
BRDA:606,99,0,12
BRDA:606,99,1,0
BRDA:606,100,0,12
BRDA:606,100,1,0
BRDA:614,101,0,11
BRDA:614,101,1,0
BRDA:618,102,0,11
BRDA:618,102,1,0
BRDA:636,103,0,6
BRDA:636,103,1,0
BRDA:637,104,0,6
BRDA:637,104,1,0
BRDA:638,105,0,6
BRDA:638,105,1,0
BRDA:722,106,0,1
BRDA:727,107,0,1
BRDA:727,107,1,9
BRDA:731,108,0,9
BRDA:731,108,1,0
BRDA:747,109,0,9
BRDA:747,109,1,4
BRDA:750,110,0,9
BRDA:750,110,1,6
BRDA:753,111,0,9
BRDA:753,111,1,8
BRDA:754,112,0,8
BRDA:754,112,1,2
BRDA:756,113,0,0
BRDA:756,113,1,9
BRDA:756,114,0,9
BRDA:756,114,1,9
BRDA:766,115,0,1
BRDA:766,115,1,8
BRDA:767,116,0,9
BRDA:767,116,1,9
BRDA:767,116,2,8
BRDA:780,117,0,2
BRDA:780,117,1,6
BRDA:781,118,0,1
BRDA:781,118,1,1
BRDA:794,119,0,0
BRDA:794,119,1,1
BRDA:803,120,0,0
BRDA:803,120,1,1
BRDA:808,121,0,2
BRDA:808,121,1,5
BRDA:809,122,0,0
BRDA:809,122,1,2
BRDA:816,123,0,1
BRDA:816,123,1,1
BRDA:832,124,0,0
BRDA:832,124,1,1
BRDA:841,125,0,0
BRDA:841,125,1,1
BRDA:846,126,0,2
BRDA:846,126,1,4
BRDA:847,127,0,1
BRDA:847,127,1,1
BRDA:865,128,0,0
BRDA:865,128,1,1
BRDA:870,129,0,2
BRDA:870,129,1,3
BRDA:871,130,0,0
BRDA:871,130,1,2
BRDA:878,131,0,0
BRDA:878,131,1,2
BRDA:888,132,0,1
BRDA:888,132,1,1
BRDA:904,133,0,0
BRDA:904,133,1,1
BRDA:916,134,0,0
BRDA:916,134,1,1
BRDA:921,135,0,4
BRDA:921,135,1,0
BRF:273
BRH:186
end_of_record
TN:
SF:server\src\services\listingService.js
FN:8,(anonymous_0)
FN:37,(anonymous_1)
FN:68,(anonymous_2)
FN:98,(anonymous_3)
FNF:4
FNH:2
FNDA:4,(anonymous_0)
FNDA:0,(anonymous_1)
FNDA:1,(anonymous_2)
FNDA:0,(anonymous_3)
DA:1,1
DA:8,1
DA:10,4
DA:30,4
DA:37,1
DA:38,0
DA:60,0
DA:68,1
DA:79,1
DA:94,1
DA:97,1
DA:98,0
DA:104,0
DA:107,0
DA:110,1
DA:113,1
LF:16
LH:11
BRDA:76,0,0,1
BRDA:94,1,0,0
BRDA:94,1,1,1
BRDA:97,2,0,0
BRDA:97,2,1,1
BRDA:107,3,0,0
BRDA:107,3,1,0
BRF:7
BRH:3
end_of_record
TN:
SF:server\src\services\listingValidator.js
FN:12,(anonymous_0)
FNF:1
FNH:1
FNDA:15,(anonymous_0)
DA:4,3
DA:5,3
DA:6,3
DA:12,3
DA:19,15
DA:21,15
DA:22,2
DA:25,15
DA:26,2
DA:29,15
DA:30,1
DA:33,15
DA:34,0
DA:35,15
DA:36,3
DA:39,15
DA:40,1
DA:45,15
DA:48,3
LF:19
LH:18
BRDA:21,0,0,2
BRDA:21,0,1,13
BRDA:21,1,0,15
BRDA:21,1,1,13
BRDA:21,1,2,13
BRDA:25,2,0,2
BRDA:25,2,1,13
BRDA:25,3,0,15
BRDA:25,3,1,15
BRDA:29,4,0,1
BRDA:29,4,1,14
BRDA:29,5,0,15
BRDA:29,5,1,15
BRDA:33,6,0,0
BRDA:33,6,1,15
BRDA:33,7,0,15
BRDA:33,7,1,15
BRDA:35,8,0,3
BRDA:35,8,1,12
BRDA:35,9,0,15
BRDA:35,9,1,15
BRDA:39,10,0,1
BRDA:39,10,1,14
BRDA:39,11,0,15
BRDA:39,11,1,15
BRF:25
BRH:24
end_of_record
