TN:
SF:server\src\middleware\authMiddleware.js
FN:17,(anonymous_0)
FN:59,(anonymous_1)
FN:60,(anonymous_2)
FN:107,(anonymous_3)
FNF:4
FNH:4
FNDA:7,(anonymous_0)
FNDA:8,(anonymous_1)
FNDA:8,(anonymous_2)
FNDA:5,(anonymous_3)
DA:1,3
DA:17,3
DA:18,7
DA:20,7
DA:21,7
DA:22,2
DA:26,5
DA:27,5
DA:28,1
DA:32,4
DA:33,3
DA:34,2
DA:38,1
DA:39,1
DA:41,1
DA:59,3
DA:60,8
DA:61,8
DA:63,8
DA:64,1
DA:68,7
DA:74,6
DA:75,1
DA:79,5
DA:80,2
DA:86,3
DA:88,3
DA:91,1
DA:107,3
DA:108,5
DA:109,5
DA:110,1
DA:113,4
DA:119,3
DA:120,1
DA:124,2
DA:126,2
DA:129,1
DA:133,3
LF:39
LH:39
BRDA:21,0,0,2
BRDA:21,0,1,5
BRDA:21,1,0,7
BRDA:21,1,1,6
BRDA:27,2,0,1
BRDA:27,2,1,4
BRDA:33,3,0,2
BRDA:33,3,1,1
BRDA:33,4,0,3
BRDA:33,4,1,1
BRDA:63,5,0,1
BRDA:63,5,1,7
BRDA:74,6,0,1
BRDA:74,6,1,5
BRDA:74,7,0,6
BRDA:74,7,1,5
BRDA:79,8,0,2
BRDA:79,8,1,3
BRDA:109,9,0,1
BRDA:109,9,1,4
BRDA:119,10,0,1
BRDA:119,10,1,2
BRDA:119,11,0,3
BRDA:119,11,1,2
BRF:24
BRH:24
end_of_record
TN:
SF:server\src\middleware\validateListing.js
FN:16,(anonymous_0)
FNF:1
FNH:1
FNDA:8,(anonymous_0)
DA:2,2
DA:16,2
DA:17,8
DA:18,8
DA:21,8
DA:29,8
DA:30,3
DA:35,5
DA:45,5
DA:48,0
DA:52,2
LF:11
LH:10
BRDA:29,0,0,3
BRDA:29,0,1,5
BRDA:38,1,0,5
BRDA:38,1,1,4
BRF:4
BRH:4
end_of_record
TN:
SF:server\src\routes\facilityDashboard.js
FN:18,(anonymous_0)
FN:44,(anonymous_1)
FNF:2
FNH:2
FNDA:2,(anonymous_0)
FNDA:2,(anonymous_1)
DA:1,1
DA:2,1
DA:6,1
DA:11,1
DA:13,1
DA:19,2
DA:21,2
DA:22,2
DA:28,2
DA:29,0
DA:35,2
DA:39,1
DA:45,2
DA:46,2
DA:48,2
DA:55,2
DA:56,0
DA:59,2
DA:60,1
DA:65,1
DA:73,1
DA:74,0
DA:81,0
DA:87,1
DA:91,1
LF:25
LH:21
BRDA:21,0,0,1
BRDA:21,0,1,1
BRDA:28,1,0,0
BRDA:28,1,1,2
BRDA:29,2,0,0
BRDA:29,2,1,0
BRDA:55,3,0,0
BRDA:55,3,1,2
BRDA:59,4,0,1
BRDA:59,4,1,1
BRDA:59,5,0,2
BRDA:59,5,1,2
BRDA:68,6,0,1
BRDA:68,6,1,0
BRDA:73,7,0,0
BRDA:73,7,1,1
BRDA:74,8,0,0
BRDA:74,8,1,0
BRDA:75,9,0,0
BRDA:75,9,1,0
BRDA:75,10,0,0
BRDA:75,10,1,0
BRDA:75,10,2,0
BRF:23
BRH:10
end_of_record
TN:
SF:server\src\routes\listing.js
FN:19,(anonymous_0)
FN:36,(anonymous_1)
FN:73,(anonymous_2)
FN:105,(anonymous_3)
FN:146,(anonymous_4)
FN:190,(anonymous_5)
FN:204,(anonymous_6)
FN:242,(anonymous_7)
FNF:8
FNH:8
FNDA:2,(anonymous_0)
FNDA:4,(anonymous_1)
FNDA:19,(anonymous_2)
FNDA:4,(anonymous_3)
FNDA:3,(anonymous_4)
FNDA:2,(anonymous_5)
FNDA:3,(anonymous_6)
FNDA:2,(anonymous_7)
DA:2,1
DA:3,1
DA:4,1
DA:10,1
DA:11,1
DA:12,1
DA:13,1
DA:19,1
DA:20,2
DA:22,2
DA:23,1
DA:28,1
DA:36,1
DA:37,4
DA:38,4
DA:40,4
DA:41,1
DA:44,3
DA:45,1
DA:49,2
DA:51,2
DA:52,1
DA:57,1
DA:58,1
DA:59,0
DA:65,1
DA:73,1
DA:74,19
DA:76,19
DA:77,4
DA:82,15
DA:84,15
DA:85,3
DA:90,12
DA:92,12
DA:93,1
DA:98,11
DA:105,1
DA:107,4
DA:108,4
DA:110,4
DA:111,1
DA:114,3
DA:122,3
DA:123,1
DA:126,2
DA:136,2
DA:137,1
DA:142,1
DA:146,1
DA:147,3
DA:149,3
DA:150,3
DA:173,3
DA:174,1
DA:175,1
DA:178,2
DA:179,1
DA:182,1
DA:184,0
DA:185,0
DA:190,1
DA:191,2
DA:193,2
DA:195,2
DA:196,1
DA:199,1
DA:204,1
DA:205,3
DA:208,3
DA:210,3
DA:218,3
DA:219,1
DA:222,2
DA:236,2
DA:238,1
DA:242,1
DA:243,2
DA:244,2
DA:246,2
DA:255,2
DA:256,1
DA:259,1
DA:262,1
LF:84
LH:81
BRDA:22,0,0,1
BRDA:22,0,1,1
BRDA:40,1,0,1
BRDA:40,1,1,3
BRDA:44,2,0,1
BRDA:44,2,1,2
BRDA:51,3,0,1
BRDA:51,3,1,1
BRDA:58,4,0,0
BRDA:58,4,1,1
BRDA:65,5,0,1
BRDA:65,5,1,0
BRDA:76,6,0,4
BRDA:76,6,1,15
BRDA:76,7,0,19
BRDA:76,7,1,16
BRDA:84,8,0,3
BRDA:84,8,1,12
BRDA:84,9,0,15
BRDA:84,9,1,14
BRDA:92,10,0,1
BRDA:92,10,1,11
BRDA:110,11,0,1
BRDA:110,11,1,3
BRDA:122,12,0,1
BRDA:122,12,1,2
BRDA:136,13,0,1
BRDA:136,13,1,1
BRDA:173,14,0,1
BRDA:173,14,1,2
BRDA:178,15,0,1
BRDA:178,15,1,1
BRDA:178,16,0,2
BRDA:178,16,1,2
BRDA:195,17,0,1
BRDA:195,17,1,1
BRDA:218,18,0,1
BRDA:218,18,1,2
BRDA:236,19,0,1
BRDA:236,19,1,1
BRDA:255,20,0,1
BRDA:255,20,1,1
BRF:42
BRH:40
end_of_record
TN:
SF:server\src\routes\listings.js
FN:13,(anonymous_0)
FN:30,(anonymous_1)
FN:69,(anonymous_2)
FNF:3
FNH:2
FNDA:2,(anonymous_0)
FNDA:0,(anonymous_1)
FNDA:2,(anonymous_2)
DA:2,1
DA:3,1
DA:4,1
DA:5,1
DA:6,1
DA:7,1
DA:8,1
DA:13,1
DA:14,2
DA:16,2
DA:17,1
DA:20,1
DA:30,1
DA:31,0
DA:33,0
DA:34,0
DA:37,0
DA:39,0
DA:40,0
DA:43,0
DA:45,0
DA:46,0
DA:49,0
DA:63,1
DA:70,2
DA:72,2
DA:73,1
DA:76,1
DA:80,1
LF:29
LH:19
BRDA:16,0,0,1
BRDA:16,0,1,1
BRDA:33,1,0,0
BRDA:33,1,1,0
BRDA:33,2,0,0
BRDA:33,2,1,0
BRDA:39,3,0,0
BRDA:39,3,1,0
BRDA:39,4,0,0
BRDA:39,4,1,0
BRDA:45,5,0,0
BRDA:45,5,1,0
BRDA:72,6,0,1
BRDA:72,6,1,1
BRF:14
BRH:4
end_of_record
TN:
SF:server\src\routes\messages.js
FN:11,(anonymous_0)
FN:31,(anonymous_1)
FN:49,(anonymous_2)
FNF:3
FNH:3
FNDA:3,(anonymous_0)
FNDA:2,(anonymous_1)
FNDA:2,(anonymous_2)
DA:1,1
DA:2,1
DA:3,1
DA:5,1
DA:11,1
DA:12,3
DA:14,3
DA:15,1
DA:18,2
DA:23,2
DA:24,1
DA:27,1
DA:31,1
DA:32,2
DA:34,2
DA:41,2
DA:42,1
DA:45,1
DA:49,1
DA:50,2
DA:52,2
DA:58,2
DA:59,1
DA:62,1
DA:65,1
LF:25
LH:25
BRDA:14,0,0,1
BRDA:14,0,1,2
BRDA:23,1,0,1
BRDA:23,1,1,1
BRDA:41,2,0,1
BRDA:41,2,1,1
BRDA:58,3,0,1
BRDA:58,3,1,1
BRF:8
BRH:8
end_of_record
TN:
SF:server\src\services\authServices.js
FN:6,(anonymous_0)
FN:23,(anonymous_1)
FNF:2
FNH:2
FNDA:7,(anonymous_0)
FNDA:5,(anonymous_1)
DA:3,2
DA:6,2
DA:8,7
DA:9,2
DA:12,5
DA:13,5
DA:14,1
DA:17,4
DA:19,4
DA:23,2
DA:24,5
DA:31,5
DA:33,2
LF:13
LH:13
BRDA:8,0,0,2
BRDA:8,0,1,5
BRDA:8,1,0,7
BRDA:8,1,1,5
BRDA:13,2,0,1
BRDA:13,2,1,4
BRDA:23,3,0,4
BRDA:26,4,0,1
BRDA:26,4,1,4
BRDA:31,5,0,5
BRDA:31,5,1,2
BRF:11
BRH:11
end_of_record
TN:
SF:server\src\services\cpiService.js
FN:8,(anonymous_0)
FN:36,(anonymous_1)
FNF:2
FNH:2
FNDA:25,(anonymous_0)
FNDA:16,(anonymous_1)
DA:2,3
DA:8,3
DA:9,25
DA:10,1
DA:13,24
DA:15,24
DA:16,3
DA:19,21
DA:36,3
DA:37,16
DA:39,16
DA:40,2
DA:44,14
DA:45,14
DA:46,14
DA:48,14
DA:58,3
LF:17
LH:17
BRDA:9,0,0,1
BRDA:9,0,1,24
BRDA:9,1,0,25
BRDA:9,1,1,24
BRDA:15,2,0,3
BRDA:15,2,1,21
BRDA:39,3,0,2
BRDA:39,3,1,14
BRDA:39,4,0,16
BRDA:39,4,1,14
BRF:10
BRH:10
end_of_record
TN:
SF:server\src\services\facilityDashboardService.js
FN:45,(anonymous_0)
FN:51,(anonymous_1)
FN:58,(anonymous_2)
FN:63,(anonymous_3)
FN:66,(anonymous_4)
FN:79,(anonymous_5)
FN:81,(anonymous_6)
FN:90,(anonymous_7)
FN:101,(anonymous_8)
FN:107,(anonymous_9)
FN:108,(anonymous_10)
FN:110,(anonymous_11)
FN:150,(anonymous_12)
FN:151,(anonymous_13)
FN:156,(anonymous_14)
FN:157,(anonymous_15)
FN:162,(anonymous_16)
FN:163,(anonymous_17)
FN:165,(anonymous_18)
FN:168,(anonymous_19)
FN:196,(anonymous_20)
FN:211,(anonymous_21)
FN:249,(anonymous_22)
FN:251,(anonymous_23)
FN:305,(anonymous_24)
FN:307,(anonymous_25)
FN:310,(anonymous_26)
FN:346,(anonymous_27)
FN:364,(anonymous_28)
FN:429,(anonymous_29)
FN:441,(anonymous_30)
FN:449,(anonymous_31)
FN:456,(anonymous_32)
FN:468,(anonymous_33)
FN:471,(anonymous_34)
FN:473,(anonymous_35)
FN:479,(anonymous_36)
FN:487,(anonymous_37)
FN:491,(anonymous_38)
FN:494,(anonymous_39)
FN:496,(anonymous_40)
FN:499,(anonymous_41)
FN:527,(anonymous_42)
FN:574,(anonymous_43)
FN:584,(anonymous_44)
FN:602,(anonymous_45)
FN:608,(anonymous_46)
FN:611,(anonymous_47)
FNF:48
FNH:43
FNDA:2,(anonymous_0)
FNDA:2,(anonymous_1)
FNDA:1,(anonymous_2)
FNDA:7,(anonymous_3)
FNDA:3,(anonymous_4)
FNDA:2,(anonymous_5)
FNDA:0,(anonymous_6)
FNDA:1,(anonymous_7)
FNDA:2,(anonymous_8)
FNDA:8,(anonymous_9)
FNDA:10,(anonymous_10)
FNDA:2,(anonymous_11)
FNDA:0,(anonymous_12)
FNDA:0,(anonymous_13)
FNDA:0,(anonymous_14)
FNDA:0,(anonymous_15)
FNDA:2,(anonymous_16)
FNDA:6,(anonymous_17)
FNDA:3,(anonymous_18)
FNDA:3,(anonymous_19)
FNDA:2,(anonymous_20)
FNDA:2,(anonymous_21)
FNDA:2,(anonymous_22)
FNDA:2,(anonymous_23)
FNDA:5,(anonymous_24)
FNDA:4,(anonymous_25)
FNDA:2,(anonymous_26)
FNDA:4,(anonymous_27)
FNDA:5,(anonymous_28)
FNDA:2,(anonymous_29)
FNDA:3,(anonymous_30)
FNDA:3,(anonymous_31)
FNDA:2,(anonymous_32)
FNDA:2,(anonymous_33)
FNDA:2,(anonymous_34)
FNDA:3,(anonymous_35)
FNDA:4,(anonymous_36)
FNDA:2,(anonymous_37)
FNDA:2,(anonymous_38)
FNDA:2,(anonymous_39)
FNDA:2,(anonymous_40)
FNDA:2,(anonymous_41)
FNDA:4,(anonymous_42)
FNDA:1,(anonymous_43)
FNDA:4,(anonymous_44)
FNDA:3,(anonymous_45)
FNDA:3,(anonymous_46)
FNDA:3,(anonymous_47)
DA:1,1
DA:3,1
DA:4,1
DA:12,1
DA:45,1
DA:46,2
DA:47,2
DA:48,2
DA:51,1
DA:52,2
DA:58,1
DA:59,1
DA:63,1
DA:64,7
DA:66,1
DA:67,3
DA:68,0
DA:71,3
DA:79,1
DA:80,2
DA:81,1
DA:89,1
DA:90,1
DA:98,0
DA:101,1
DA:102,2
DA:103,1
DA:104,1
DA:107,1
DA:108,10
DA:110,1
DA:111,2
DA:112,2
DA:113,2
DA:114,2
DA:115,2
DA:117,2
DA:121,1
DA:124,1
DA:128,0
DA:131,1
DA:135,0
DA:138,1
DA:144,1
DA:147,0
DA:150,1
DA:151,0
DA:152,0
DA:153,0
DA:156,1
DA:157,0
DA:158,0
DA:159,0
DA:162,1
DA:163,6
DA:164,2
DA:165,3
DA:167,2
DA:168,3
DA:170,2
DA:171,2
DA:172,2
DA:173,2
DA:177,2
DA:196,1
DA:198,2
DA:200,2
DA:201,1
DA:204,1
DA:205,1
DA:208,0
DA:211,1
DA:212,2
DA:213,2
DA:214,2
DA:215,2
DA:216,2
DA:218,2
DA:249,1
DA:250,2
DA:251,2
DA:253,2
DA:254,3
DA:255,1
DA:258,2
DA:260,2
DA:262,2
DA:274,2
DA:275,2
DA:276,2
DA:278,2
DA:279,1
DA:280,1
DA:291,2
DA:292,2
DA:293,1
DA:304,2
DA:305,5
DA:307,4
DA:310,1
DA:311,2
DA:312,1
DA:315,1
DA:346,1
DA:347,4
DA:352,4
DA:353,3
DA:358,1
DA:364,1
DA:369,5
DA:370,1
DA:379,4
DA:383,4
DA:384,0
DA:387,4
DA:388,0
DA:397,4
DA:398,1
DA:418,3
DA:425,3
DA:426,1
DA:429,2
DA:430,2
DA:437,2
DA:438,0
DA:441,3
DA:443,2
DA:445,2
DA:446,0
DA:449,2
DA:450,3
DA:451,3
DA:452,3
DA:455,2
DA:456,2
DA:459,2
DA:467,2
DA:468,2
DA:469,2
DA:471,2
DA:472,2
DA:473,3
DA:479,4
DA:483,2
DA:486,2
DA:487,2
DA:490,2
DA:491,2
DA:494,2
DA:495,2
DA:496,2
DA:498,2
DA:499,2
DA:502,2
DA:527,1
DA:528,4
DA:574,1
DA:575,1
DA:584,1
DA:592,4
DA:594,4
DA:595,1
DA:598,3
DA:599,3
DA:602,3
DA:606,3
DA:607,3
DA:608,3
DA:610,3
DA:611,3
DA:614,3
DA:615,0
DA:624,3
DA:629,1
DA:638,2
DA:639,2
DA:640,1
DA:646,1
DA:652,1
DA:653,0
DA:656,1
DA:661,1
DA:662,0
DA:666,1
DA:667,0
DA:668,0
DA:674,0
DA:680,0
DA:681,0
DA:684,0
DA:689,0
DA:690,0
DA:694,1
DA:695,0
DA:703,0
DA:704,0
DA:708,1
DA:709,0
DA:710,0
DA:716,0
DA:722,0
DA:723,0
DA:726,0
DA:733,0
DA:734,0
DA:738,1
DA:741,1
LF:207
LH:169
BRDA:45,0,0,0
BRDA:56,1,0,2
BRDA:56,1,1,0
BRDA:64,2,0,7
BRDA:64,2,1,0
BRDA:67,3,0,0
BRDA:67,3,1,3
BRDA:80,4,0,1
BRDA:80,4,1,1
BRDA:82,5,0,0
BRDA:82,5,1,0
BRDA:83,6,0,0
BRDA:83,6,1,0
BRDA:84,7,0,0
BRDA:84,7,1,0
BRDA:89,8,0,1
BRDA:89,8,1,0
BRDA:89,9,0,1
BRDA:89,9,1,1
BRDA:92,10,0,1
BRDA:92,10,1,0
BRDA:93,11,0,1
BRDA:93,11,1,0
BRDA:102,12,0,1
BRDA:102,12,1,1
BRDA:103,13,0,0
BRDA:103,13,1,1
BRDA:108,14,0,8
BRDA:108,14,1,2
BRDA:113,15,0,2
BRDA:113,15,1,0
BRDA:114,16,0,2
BRDA:114,16,1,0
BRDA:115,17,0,2
BRDA:115,17,1,1
BRDA:117,18,0,1
BRDA:117,18,1,1
BRDA:118,19,0,2
BRDA:118,19,1,1
BRDA:124,20,0,0
BRDA:124,20,1,1
BRDA:125,21,0,1
BRDA:125,21,1,1
BRDA:131,22,0,0
BRDA:131,22,1,1
BRDA:132,23,0,1
BRDA:132,23,1,1
BRDA:138,24,0,1
BRDA:138,24,1,0
BRDA:139,25,0,1
BRDA:139,25,1,0
BRDA:170,26,0,2
BRDA:170,26,1,0
BRDA:170,26,2,0
BRDA:171,27,0,2
BRDA:171,27,1,0
BRDA:172,28,0,2
BRDA:172,28,1,0
BRDA:173,29,0,2
BRDA:173,29,1,0
BRDA:184,30,0,1
BRDA:184,30,1,1
BRDA:189,31,0,2
BRDA:189,31,1,0
BRDA:190,32,0,2
BRDA:190,32,1,0
BRDA:198,33,0,2
BRDA:198,33,1,1
BRDA:198,34,0,2
BRDA:198,34,1,1
BRDA:200,35,0,1
BRDA:200,35,1,1
BRDA:204,36,0,1
BRDA:204,36,1,0
BRDA:204,37,0,1
BRDA:204,37,1,1
BRDA:220,38,0,2
BRDA:220,38,1,0
BRDA:221,39,0,2
BRDA:221,39,1,0
BRDA:222,40,0,2
BRDA:222,40,1,0
BRDA:224,41,0,2
BRDA:224,41,1,0
BRDA:225,42,0,1
BRDA:225,42,1,1
BRDA:230,43,0,2
BRDA:230,43,1,0
BRDA:254,44,0,1
BRDA:254,44,1,2
BRDA:260,45,0,1
BRDA:260,45,1,1
BRDA:263,46,0,2
BRDA:263,46,1,0
BRDA:266,47,0,2
BRDA:266,47,1,0
BRDA:267,48,0,2
BRDA:267,48,1,0
BRDA:268,49,0,2
BRDA:268,49,1,0
BRDA:275,50,0,2
BRDA:275,50,1,0
BRDA:276,51,0,2
BRDA:276,51,1,0
BRDA:278,52,0,1
BRDA:278,52,1,1
BRDA:278,53,0,2
BRDA:278,53,1,1
BRDA:292,54,0,1
BRDA:292,54,1,1
BRDA:292,55,0,2
BRDA:292,55,1,0
BRDA:298,56,0,1
BRDA:298,56,1,0
BRDA:311,57,0,1
BRDA:311,57,1,1
BRDA:352,58,0,3
BRDA:352,58,1,1
BRDA:365,59,0,1
BRDA:367,60,0,0
BRDA:369,61,0,1
BRDA:369,61,1,4
BRDA:369,62,0,5
BRDA:369,62,1,4
BRDA:383,63,0,0
BRDA:383,63,1,4
BRDA:387,64,0,0
BRDA:387,64,1,4
BRDA:387,65,0,4
BRDA:387,65,1,3
BRDA:397,66,0,1
BRDA:397,66,1,3
BRDA:425,67,0,1
BRDA:425,67,1,2
BRDA:429,68,0,2
BRDA:429,68,1,0
BRDA:430,69,0,1
BRDA:430,69,1,1
BRDA:437,70,0,0
BRDA:437,70,1,2
BRDA:441,71,0,2
BRDA:441,71,1,0
BRDA:445,72,0,0
BRDA:445,72,1,2
BRDA:449,73,0,2
BRDA:449,73,1,0
BRDA:456,74,0,2
BRDA:456,74,1,0
BRDA:468,75,0,2
BRDA:468,75,1,0
BRDA:469,76,0,2
BRDA:469,76,1,0
BRDA:471,77,0,2
BRDA:471,77,1,0
BRDA:472,78,0,2
BRDA:472,78,1,0
BRDA:479,79,0,3
BRDA:479,79,1,0
BRDA:479,80,0,3
BRDA:479,80,1,0
BRDA:487,81,0,2
BRDA:487,81,1,0
BRDA:491,82,0,2
BRDA:491,82,1,0
BRDA:509,83,0,2
BRDA:509,83,1,0
BRDA:510,84,0,2
BRDA:510,84,1,0
BRDA:511,85,0,2
BRDA:511,85,1,0
BRDA:589,86,0,1
BRDA:594,87,0,1
BRDA:594,87,1,3
BRDA:598,88,0,3
BRDA:598,88,1,0
BRDA:614,89,0,0
BRDA:614,89,1,3
BRDA:614,90,0,3
BRDA:614,90,1,3
BRDA:624,91,0,1
BRDA:624,91,1,2
BRDA:625,92,0,3
BRDA:625,92,1,3
BRDA:625,92,2,2
BRDA:638,93,0,2
BRDA:638,93,1,0
BRDA:639,94,0,1
BRDA:639,94,1,1
BRDA:652,95,0,0
BRDA:652,95,1,1
BRDA:661,96,0,0
BRDA:661,96,1,1
BRDA:666,97,0,0
BRDA:666,97,1,1
BRDA:667,98,0,0
BRDA:667,98,1,0
BRDA:680,99,0,0
BRDA:680,99,1,0
BRDA:689,100,0,0
BRDA:689,100,1,0
BRDA:694,101,0,0
BRDA:694,101,1,1
BRDA:703,102,0,0
BRDA:703,102,1,0
BRDA:708,103,0,0
BRDA:708,103,1,1
BRDA:709,104,0,0
BRDA:709,104,1,0
BRDA:722,105,0,0
BRDA:722,105,1,0
BRDA:733,106,0,0
BRDA:733,106,1,0
BRDA:738,107,0,1
BRDA:738,107,1,0
BRF:214
BRH:130
end_of_record
TN:
SF:server\src\services\listingService.js
FN:8,(anonymous_0)
FN:37,(anonymous_1)
FN:68,(anonymous_2)
FN:98,(anonymous_3)
FNF:4
FNH:2
FNDA:4,(anonymous_0)
FNDA:0,(anonymous_1)
FNDA:1,(anonymous_2)
FNDA:0,(anonymous_3)
DA:1,1
DA:8,1
DA:10,4
DA:30,4
DA:37,1
DA:38,0
DA:60,0
DA:68,1
DA:79,1
DA:94,1
DA:97,1
DA:98,0
DA:104,0
DA:107,0
DA:110,1
DA:113,1
LF:16
LH:11
BRDA:76,0,0,1
BRDA:94,1,0,0
BRDA:94,1,1,1
BRDA:97,2,0,0
BRDA:97,2,1,1
BRDA:107,3,0,0
BRDA:107,3,1,0
BRF:7
BRH:3
end_of_record
TN:
SF:server\src\services\listingValidator.js
FN:12,(anonymous_0)
FNF:1
FNH:1
FNDA:15,(anonymous_0)
DA:4,3
DA:5,3
DA:6,3
DA:12,3
DA:19,15
DA:21,15
DA:22,2
DA:25,15
DA:26,2
DA:29,15
DA:30,1
DA:33,15
DA:34,0
DA:35,15
DA:36,3
DA:39,15
DA:40,1
DA:45,15
DA:48,3
LF:19
LH:18
BRDA:21,0,0,2
BRDA:21,0,1,13
BRDA:21,1,0,15
BRDA:21,1,1,13
BRDA:21,1,2,13
BRDA:25,2,0,2
BRDA:25,2,1,13
BRDA:25,3,0,15
BRDA:25,3,1,15
BRDA:29,4,0,1
BRDA:29,4,1,14
BRDA:29,5,0,15
BRDA:29,5,1,15
BRDA:33,6,0,0
BRDA:33,6,1,15
BRDA:33,7,0,15
BRDA:33,7,1,15
BRDA:35,8,0,3
BRDA:35,8,1,12
BRDA:35,9,0,15
BRDA:35,9,1,15
BRDA:39,10,0,1
BRDA:39,10,1,14
BRDA:39,11,0,15
BRDA:39,11,1,15
BRF:25
BRH:24
end_of_record
